[0.032s] Invoking command in '/workspace/repo/build_container/lidar_processor_cpp': CMAKE_PREFIX_PATH=/opt/ros/humble /usr/bin/cmake /workspace/repo/community_sdk/go2_ros2_sdk-master/lidar_processor_cpp -DCMAKE_INSTALL_PREFIX=/workspace/repo/install_container/lidar_processor_cpp
[0.095s] -- Found ament_cmake: 1.3.12 (/opt/ros/humble/share/ament_cmake/cmake)
[0.984s] -- Found rclcpp: 16.0.17 (/opt/ros/humble/share/rclcpp/cmake)
[0.985s] -- Found rosidl_generator_c: 3.1.8 (/opt/ros/humble/share/rosidl_generator_c/cmake)
[0.985s] -- Found rosidl_adapter: 3.1.8 (/opt/ros/humble/share/rosidl_adapter/cmake)
[0.985s] -- Found rosidl_generator_cpp: 3.1.8 (/opt/ros/humble/share/rosidl_generator_cpp/cmake)
[0.985s] -- Using all available rosidl_typesupport_c: rosidl_typesupport_fastrtps_c;rosidl_typesupport_introspection_c
[0.985s] -- Using all available rosidl_typesupport_cpp: rosidl_typesupport_fastrtps_cpp;rosidl_typesupport_introspection_cpp
[1.084s] -- Found rmw_implementation_cmake: 6.1.2 (/opt/ros/humble/share/rmw_implementation_cmake/cmake)
[1.085s] -- Found rmw_fastrtps_cpp: 6.2.9 (/opt/ros/humble/share/rmw_fastrtps_cpp/cmake)
[1.602s] -- Using RMW implementation 'rmw_fastrtps_cpp' as default
[2.283s] -- Found sensor_msgs: 4.9.0 (/opt/ros/humble/share/sensor_msgs/cmake)
[2.285s] -- Configuring incomplete, errors occurred!
[2.285s] See also "/workspace/repo/build_container/lidar_processor_cpp/CMakeFiles/CMakeOutput.log".
[2.288s] CMake Error at CMakeLists.txt:23 (find_package):
[2.288s]   By not providing "Findpcl_ros.cmake" in CMAKE_MODULE_PATH this project has
[2.288s]   asked CMake to find a package configuration file provided by "pcl_ros", but
[2.289s]   CMake did not find one.
[2.289s] 
[2.289s]   Could not find a package configuration file provided by "pcl_ros" with any
[2.289s]   of the following names:
[2.289s] 
[2.289s]     pcl_rosConfig.cmake
[2.289s]     pcl_ros-config.cmake
[2.289s] 
[2.290s]   Add the installation prefix of "pcl_ros" to CMAKE_PREFIX_PATH or set
[2.290s]   "pcl_ros_DIR" to a directory containing one of the above files.  If
[2.291s]   "pcl_ros" provides a separate development package or SDK, be sure it has
[2.291s]   been installed.
[2.291s] 
[2.291s] 
[2.343s] Invoked command in '/workspace/repo/build_container/lidar_processor_cpp' returned '1': CMAKE_PREFIX_PATH=/opt/ros/humble /usr/bin/cmake /workspace/repo/community_sdk/go2_ros2_sdk-master/lidar_processor_cpp -DCMAKE_INSTALL_PREFIX=/workspace/repo/install_container/lidar_processor_cpp
