[1.606s] Invoking command in '/workspace/repo/src/go2_apportation_orchestrator': CMAKE_PREFIX_PATH=/workspace/repo/install_container/go2_apportation_msgs LD_LIBRARY_PATH=/workspace/repo/install_container/go2_apportation_msgs/lib:${LD_LIBRARY_PATH} PKG_CONFIG_PATH=/workspace/repo/install_container/go2_apportation_msgs/lib/aarch64-linux-gnu/pkgconfig:/workspace/repo/install_container/go2_apportation_msgs/lib/pkgconfig PYTHONPATH=/workspace/repo/build_container/go2_apportation_orchestrator/prefix_override:/usr/lib/python3/dist-packages/colcon_core/task/python/colcon_distutils_commands:/workspace/repo/install_container/go2_apportation_orchestrator/lib/python3.10/site-packages:/workspace/repo/install_container/go2_apportation_msgs/local/lib/python3.10/dist-packages:${PYTHONPATH} ROS_PACKAGE_PATH=/workspace/repo/install_container/go2_apportation_msgs/share /usr/bin/python3 -W ignore:setup.py install is deprecated -W ignore:easy_install command is deprecated setup.py egg_info --egg-base ../../build_container/go2_apportation_orchestrator build --build-base /workspace/repo/build_container/go2_apportation_orchestrator/build install --record /workspace/repo/build_container/go2_apportation_orchestrator/install.log --single-version-externally-managed install_data
[2.003s] running egg_info
[2.005s] writing ../../build_container/go2_apportation_orchestrator/go2_apportation_orchestrator.egg-info/PKG-INFO
[2.005s] writing dependency_links to ../../build_container/go2_apportation_orchestrator/go2_apportation_orchestrator.egg-info/dependency_links.txt
[2.006s] writing entry points to ../../build_container/go2_apportation_orchestrator/go2_apportation_orchestrator.egg-info/entry_points.txt
[2.006s] writing requirements to ../../build_container/go2_apportation_orchestrator/go2_apportation_orchestrator.egg-info/requires.txt
[2.007s] writing top-level names to ../../build_container/go2_apportation_orchestrator/go2_apportation_orchestrator.egg-info/top_level.txt
[2.012s] reading manifest file '../../build_container/go2_apportation_orchestrator/go2_apportation_orchestrator.egg-info/SOURCES.txt'
[2.014s] writing manifest file '../../build_container/go2_apportation_orchestrator/go2_apportation_orchestrator.egg-info/SOURCES.txt'
[2.015s] running build
[2.015s] running build_py
[2.018s] running install
[2.019s] running install_lib
[2.024s] running install_data
[2.024s] running install_egg_info
[2.028s] removing '/workspace/repo/install_container/go2_apportation_orchestrator/lib/python3.10/site-packages/go2_apportation_orchestrator-0.0.0-py3.10.egg-info' (and everything under it)
[2.029s] Copying ../../build_container/go2_apportation_orchestrator/go2_apportation_orchestrator.egg-info to /workspace/repo/install_container/go2_apportation_orchestrator/lib/python3.10/site-packages/go2_apportation_orchestrator-0.0.0-py3.10.egg-info
[2.031s] running install_scripts
[2.079s] Installing orchestrator_runtime script to /workspace/repo/install_container/go2_apportation_orchestrator/lib/go2_apportation_orchestrator
[2.079s] Installing orchestrator_stub script to /workspace/repo/install_container/go2_apportation_orchestrator/lib/go2_apportation_orchestrator
[2.081s] writing list of installed files to '/workspace/repo/build_container/go2_apportation_orchestrator/install.log'
[2.148s] Invoked command in '/workspace/repo/src/go2_apportation_orchestrator' returned '0': CMAKE_PREFIX_PATH=/workspace/repo/install_container/go2_apportation_msgs LD_LIBRARY_PATH=/workspace/repo/install_container/go2_apportation_msgs/lib:${LD_LIBRARY_PATH} PKG_CONFIG_PATH=/workspace/repo/install_container/go2_apportation_msgs/lib/aarch64-linux-gnu/pkgconfig:/workspace/repo/install_container/go2_apportation_msgs/lib/pkgconfig PYTHONPATH=/workspace/repo/build_container/go2_apportation_orchestrator/prefix_override:/usr/lib/python3/dist-packages/colcon_core/task/python/colcon_distutils_commands:/workspace/repo/install_container/go2_apportation_orchestrator/lib/python3.10/site-packages:/workspace/repo/install_container/go2_apportation_msgs/local/lib/python3.10/dist-packages:${PYTHONPATH} ROS_PACKAGE_PATH=/workspace/repo/install_container/go2_apportation_msgs/share /usr/bin/python3 -W ignore:setup.py install is deprecated -W ignore:easy_install command is deprecated setup.py egg_info --egg-base ../../build_container/go2_apportation_orchestrator build --build-base /workspace/repo/build_container/go2_apportation_orchestrator/build install --record /workspace/repo/build_container/go2_apportation_orchestrator/install.log --single-version-externally-managed install_data
