/workspace/repo/install_container/go2_apportation_orchestrator/lib/python3.10/site-packages/go2_apportation_orchestrator/transition_engine_pure.py
/workspace/repo/install_container/go2_apportation_orchestrator/lib/python3.10/site-packages/go2_apportation_orchestrator/state_contracts.py
/workspace/repo/install_container/go2_apportation_orchestrator/lib/python3.10/site-packages/go2_apportation_orchestrator/__init__.py
/workspace/repo/install_container/go2_apportation_orchestrator/lib/python3.10/site-packages/go2_apportation_orchestrator/transition_resolver.py
/workspace/repo/install_container/go2_apportation_orchestrator/lib/python3.10/site-packages/go2_apportation_orchestrator/orchestrator_runtime_core.py
/workspace/repo/install_container/go2_apportation_orchestrator/lib/python3.10/site-packages/go2_apportation_orchestrator/transition_spec.py
/workspace/repo/install_container/go2_apportation_orchestrator/lib/python3.10/site-packages/go2_apportation_orchestrator/transition_context.py
/workspace/repo/install_container/go2_apportation_orchestrator/lib/python3.10/site-packages/go2_apportation_orchestrator/orchestrator_node.py
/workspace/repo/install_container/go2_apportation_orchestrator/lib/python3.10/site-packages/go2_apportation_orchestrator/action_token_dispatcher.py
/workspace/repo/install_container/go2_apportation_orchestrator/lib/python3.10/site-packages/go2_apportation_orchestrator/orchestrator_runtime_node.py
/workspace/repo/install_container/go2_apportation_orchestrator/lib/python3.10/site-packages/go2_apportation_orchestrator/skills/nav2_skill_ros_client.py
/workspace/repo/install_container/go2_apportation_orchestrator/lib/python3.10/site-packages/go2_apportation_orchestrator/skills/nav2_skill_real_client.py
/workspace/repo/install_container/go2_apportation_orchestrator/lib/python3.10/site-packages/go2_apportation_orchestrator/skills/release_mode_constants.py
/workspace/repo/install_container/go2_apportation_orchestrator/lib/python3.10/site-packages/go2_apportation_orchestrator/skills/nav2_skill_stub.py
/workspace/repo/install_container/go2_apportation_orchestrator/lib/python3.10/site-packages/go2_apportation_orchestrator/skills/real_backend_placeholder.py
/workspace/repo/install_container/go2_apportation_orchestrator/lib/python3.10/site-packages/go2_apportation_orchestrator/skills/__init__.py
/workspace/repo/install_container/go2_apportation_orchestrator/lib/python3.10/site-packages/go2_apportation_orchestrator/skills/manipulation_skill_stub.py
/workspace/repo/install_container/go2_apportation_orchestrator/lib/python3.10/site-packages/go2_apportation_orchestrator/skills/manipulation_skill_ros_client.py
/workspace/repo/install_container/go2_apportation_orchestrator/lib/python3.10/site-packages/go2_apportation_orchestrator/skills/skill_bundle.py
/workspace/repo/install_container/go2_apportation_orchestrator/lib/python3.10/site-packages/go2_apportation_orchestrator/skills/interfaces.py
/workspace/repo/install_container/go2_apportation_orchestrator/lib/python3.10/site-packages/go2_apportation_orchestrator/__pycache__/transition_engine_pure.cpython-310.pyc
/workspace/repo/install_container/go2_apportation_orchestrator/lib/python3.10/site-packages/go2_apportation_orchestrator/__pycache__/state_contracts.cpython-310.pyc
/workspace/repo/install_container/go2_apportation_orchestrator/lib/python3.10/site-packages/go2_apportation_orchestrator/__pycache__/__init__.cpython-310.pyc
/workspace/repo/install_container/go2_apportation_orchestrator/lib/python3.10/site-packages/go2_apportation_orchestrator/__pycache__/transition_resolver.cpython-310.pyc
/workspace/repo/install_container/go2_apportation_orchestrator/lib/python3.10/site-packages/go2_apportation_orchestrator/__pycache__/orchestrator_runtime_core.cpython-310.pyc
/workspace/repo/install_container/go2_apportation_orchestrator/lib/python3.10/site-packages/go2_apportation_orchestrator/__pycache__/transition_spec.cpython-310.pyc
/workspace/repo/install_container/go2_apportation_orchestrator/lib/python3.10/site-packages/go2_apportation_orchestrator/__pycache__/transition_context.cpython-310.pyc
/workspace/repo/install_container/go2_apportation_orchestrator/lib/python3.10/site-packages/go2_apportation_orchestrator/__pycache__/orchestrator_node.cpython-310.pyc
/workspace/repo/install_container/go2_apportation_orchestrator/lib/python3.10/site-packages/go2_apportation_orchestrator/__pycache__/action_token_dispatcher.cpython-310.pyc
/workspace/repo/install_container/go2_apportation_orchestrator/lib/python3.10/site-packages/go2_apportation_orchestrator/__pycache__/orchestrator_runtime_node.cpython-310.pyc
/workspace/repo/install_container/go2_apportation_orchestrator/lib/python3.10/site-packages/go2_apportation_orchestrator/skills/__pycache__/nav2_skill_ros_client.cpython-310.pyc
/workspace/repo/install_container/go2_apportation_orchestrator/lib/python3.10/site-packages/go2_apportation_orchestrator/skills/__pycache__/nav2_skill_real_client.cpython-310.pyc
/workspace/repo/install_container/go2_apportation_orchestrator/lib/python3.10/site-packages/go2_apportation_orchestrator/skills/__pycache__/release_mode_constants.cpython-310.pyc
/workspace/repo/install_container/go2_apportation_orchestrator/lib/python3.10/site-packages/go2_apportation_orchestrator/skills/__pycache__/nav2_skill_stub.cpython-310.pyc
/workspace/repo/install_container/go2_apportation_orchestrator/lib/python3.10/site-packages/go2_apportation_orchestrator/skills/__pycache__/real_backend_placeholder.cpython-310.pyc
/workspace/repo/install_container/go2_apportation_orchestrator/lib/python3.10/site-packages/go2_apportation_orchestrator/skills/__pycache__/__init__.cpython-310.pyc
/workspace/repo/install_container/go2_apportation_orchestrator/lib/python3.10/site-packages/go2_apportation_orchestrator/skills/__pycache__/manipulation_skill_stub.cpython-310.pyc
/workspace/repo/install_container/go2_apportation_orchestrator/lib/python3.10/site-packages/go2_apportation_orchestrator/skills/__pycache__/manipulation_skill_ros_client.cpython-310.pyc
/workspace/repo/install_container/go2_apportation_orchestrator/lib/python3.10/site-packages/go2_apportation_orchestrator/skills/__pycache__/skill_bundle.cpython-310.pyc
/workspace/repo/install_container/go2_apportation_orchestrator/lib/python3.10/site-packages/go2_apportation_orchestrator/skills/__pycache__/interfaces.cpython-310.pyc
/workspace/repo/install_container/go2_apportation_orchestrator/share/ament_index/resource_index/packages/go2_apportation_orchestrator
/workspace/repo/install_container/go2_apportation_orchestrator/share/go2_apportation_orchestrator/package.xml
/workspace/repo/install_container/go2_apportation_orchestrator/share/go2_apportation_orchestrator/behavior_trees/mission_flow_stub.xml
/workspace/repo/install_container/go2_apportation_orchestrator/lib/python3.10/site-packages/go2_apportation_orchestrator-0.0.0-py3.10.egg-info/top_level.txt
/workspace/repo/install_container/go2_apportation_orchestrator/lib/python3.10/site-packages/go2_apportation_orchestrator-0.0.0-py3.10.egg-info/PKG-INFO
/workspace/repo/install_container/go2_apportation_orchestrator/lib/python3.10/site-packages/go2_apportation_orchestrator-0.0.0-py3.10.egg-info/dependency_links.txt
/workspace/repo/install_container/go2_apportation_orchestrator/lib/python3.10/site-packages/go2_apportation_orchestrator-0.0.0-py3.10.egg-info/SOURCES.txt
/workspace/repo/install_container/go2_apportation_orchestrator/lib/python3.10/site-packages/go2_apportation_orchestrator-0.0.0-py3.10.egg-info/zip-safe
/workspace/repo/install_container/go2_apportation_orchestrator/lib/python3.10/site-packages/go2_apportation_orchestrator-0.0.0-py3.10.egg-info/entry_points.txt
/workspace/repo/install_container/go2_apportation_orchestrator/lib/python3.10/site-packages/go2_apportation_orchestrator-0.0.0-py3.10.egg-info/requires.txt
/workspace/repo/install_container/go2_apportation_orchestrator/lib/go2_apportation_orchestrator/orchestrator_runtime
/workspace/repo/install_container/go2_apportation_orchestrator/lib/go2_apportation_orchestrator/orchestrator_stub
