[1.862s] Invoking command in '/workspace/repo/src/go2_tf_tools': PYTHONPATH=/workspace/repo/build_container/go2_tf_tools/prefix_override:/usr/lib/python3/dist-packages/colcon_core/task/python/colcon_distutils_commands:/workspace/repo/install_container/go2_tf_tools/lib/python3.10/site-packages:${PYTHONPATH} /usr/bin/python3 -W ignore:setup.py install is deprecated -W ignore:easy_install command is deprecated setup.py egg_info --egg-base ../../build_container/go2_tf_tools build --build-base /workspace/repo/build_container/go2_tf_tools/build install --record /workspace/repo/build_container/go2_tf_tools/install.log --single-version-externally-managed install_data
[2.303s] running egg_info
[2.305s] writing ../../build_container/go2_tf_tools/go2_tf_tools.egg-info/PKG-INFO
[2.307s] writing dependency_links to ../../build_container/go2_tf_tools/go2_tf_tools.egg-info/dependency_links.txt
[2.307s] writing entry points to ../../build_container/go2_tf_tools/go2_tf_tools.egg-info/entry_points.txt
[2.307s] writing requirements to ../../build_container/go2_tf_tools/go2_tf_tools.egg-info/requires.txt
[2.307s] writing top-level names to ../../build_container/go2_tf_tools/go2_tf_tools.egg-info/top_level.txt
[2.312s] reading manifest file '../../build_container/go2_tf_tools/go2_tf_tools.egg-info/SOURCES.txt'
[2.315s] writing manifest file '../../build_container/go2_tf_tools/go2_tf_tools.egg-info/SOURCES.txt'
[2.315s] running build
[2.316s] running build_py
[2.317s] copying go2_tf_tools/odom_to_tf_broadcaster.py -> /workspace/repo/build_container/go2_tf_tools/build/lib/go2_tf_tools
[2.318s] running install
[2.318s] running install_lib
[2.319s] copying /workspace/repo/build_container/go2_tf_tools/build/lib/go2_tf_tools/odom_to_tf_broadcaster.py -> /workspace/repo/install_container/go2_tf_tools/lib/python3.10/site-packages/go2_tf_tools
[2.322s] byte-compiling /workspace/repo/install_container/go2_tf_tools/lib/python3.10/site-packages/go2_tf_tools/odom_to_tf_broadcaster.py to odom_to_tf_broadcaster.cpython-310.pyc
[2.325s] running install_data
[2.325s] running install_egg_info
[2.330s] removing '/workspace/repo/install_container/go2_tf_tools/lib/python3.10/site-packages/go2_tf_tools-0.0.0-py3.10.egg-info' (and everything under it)
[2.330s] Copying ../../build_container/go2_tf_tools/go2_tf_tools.egg-info to /workspace/repo/install_container/go2_tf_tools/lib/python3.10/site-packages/go2_tf_tools-0.0.0-py3.10.egg-info
[2.332s] running install_scripts
[2.383s] Installing odom_to_tf_broadcaster script to /workspace/repo/install_container/go2_tf_tools/lib/go2_tf_tools
[2.384s] writing list of installed files to '/workspace/repo/build_container/go2_tf_tools/install.log'
[2.488s] Invoked command in '/workspace/repo/src/go2_tf_tools' returned '0': PYTHONPATH=/workspace/repo/build_container/go2_tf_tools/prefix_override:/usr/lib/python3/dist-packages/colcon_core/task/python/colcon_distutils_commands:/workspace/repo/install_container/go2_tf_tools/lib/python3.10/site-packages:${PYTHONPATH} /usr/bin/python3 -W ignore:setup.py install is deprecated -W ignore:easy_install command is deprecated setup.py egg_info --egg-base ../../build_container/go2_tf_tools build --build-base /workspace/repo/build_container/go2_tf_tools/build install --record /workspace/repo/build_container/go2_tf_tools/install.log --single-version-externally-managed install_data
