running egg_info
creating ../../../build_container/lidar_processor/lidar_processor.egg-info
writing ../../../build_container/lidar_processor/lidar_processor.egg-info/PKG-INFO
writing dependency_links to ../../../build_container/lidar_processor/lidar_processor.egg-info/dependency_links.txt
writing entry points to ../../../build_container/lidar_processor/lidar_processor.egg-info/entry_points.txt
writing requirements to ../../../build_container/lidar_processor/lidar_processor.egg-info/requires.txt
writing top-level names to ../../../build_container/lidar_processor/lidar_processor.egg-info/top_level.txt
writing manifest file '../../../build_container/lidar_processor/lidar_processor.egg-info/SOURCES.txt'
reading manifest file '../../../build_container/lidar_processor/lidar_processor.egg-info/SOURCES.txt'
writing manifest file '../../../build_container/lidar_processor/lidar_processor.egg-info/SOURCES.txt'
running build
running build_py
creating /workspace/repo/build_container/lidar_processor/build
creating /workspace/repo/build_container/lidar_processor/build/lib
creating /workspace/repo/build_container/lidar_processor/build/lib/lidar_processor
copying lidar_processor/lidar_to_pointcloud_node.py -> /workspace/repo/build_container/lidar_processor/build/lib/lidar_processor
copying lidar_processor/__init__.py -> /workspace/repo/build_container/lidar_processor/build/lib/lidar_processor
copying lidar_processor/pointcloud_aggregator_node.py -> /workspace/repo/build_container/lidar_processor/build/lib/lidar_processor
running install
running install_lib
creating /workspace/repo/install_container/lidar_processor/lib/python3.10/site-packages/lidar_processor
copying /workspace/repo/build_container/lidar_processor/build/lib/lidar_processor/lidar_to_pointcloud_node.py -> /workspace/repo/install_container/lidar_processor/lib/python3.10/site-packages/lidar_processor
copying /workspace/repo/build_container/lidar_processor/build/lib/lidar_processor/__init__.py -> /workspace/repo/install_container/lidar_processor/lib/python3.10/site-packages/lidar_processor
copying /workspace/repo/build_container/lidar_processor/build/lib/lidar_processor/pointcloud_aggregator_node.py -> /workspace/repo/install_container/lidar_processor/lib/python3.10/site-packages/lidar_processor
byte-compiling /workspace/repo/install_container/lidar_processor/lib/python3.10/site-packages/lidar_processor/lidar_to_pointcloud_node.py to lidar_to_pointcloud_node.cpython-310.pyc
byte-compiling /workspace/repo/install_container/lidar_processor/lib/python3.10/site-packages/lidar_processor/__init__.py to __init__.cpython-310.pyc
byte-compiling /workspace/repo/install_container/lidar_processor/lib/python3.10/site-packages/lidar_processor/pointcloud_aggregator_node.py to pointcloud_aggregator_node.cpython-310.pyc
running install_data
creating /workspace/repo/install_container/lidar_processor/share/ament_index
creating /workspace/repo/install_container/lidar_processor/share/ament_index/resource_index
creating /workspace/repo/install_container/lidar_processor/share/ament_index/resource_index/packages
copying resource/lidar_processor -> /workspace/repo/install_container/lidar_processor/share/ament_index/resource_index/packages
copying package.xml -> /workspace/repo/install_container/lidar_processor/share/lidar_processor
running install_egg_info
Copying ../../../build_container/lidar_processor/lidar_processor.egg-info to /workspace/repo/install_container/lidar_processor/lib/python3.10/site-packages/lidar_processor-1.0.0-py3.10.egg-info
running install_scripts
Installing lidar_to_pointcloud script to /workspace/repo/install_container/lidar_processor/lib/lidar_processor
Installing pointcloud_aggregator script to /workspace/repo/install_container/lidar_processor/lib/lidar_processor
writing list of installed files to '/workspace/repo/build_container/lidar_processor/install.log'
