[2.667s] Invoking command in '/workspace/repo/community_sdk/go2_ros2_sdk-master/lidar_processor': PYTHONPATH=/workspace/repo/build_container/lidar_processor/prefix_override:/usr/lib/python3/dist-packages/colcon_core/task/python/colcon_distutils_commands:/workspace/repo/install_container/lidar_processor/lib/python3.10/site-packages:${PYTHONPATH} /usr/bin/python3 -W ignore:setup.py install is deprecated -W ignore:easy_install command is deprecated setup.py egg_info --egg-base ../../../build_container/lidar_processor build --build-base /workspace/repo/build_container/lidar_processor/build install --record /workspace/repo/build_container/lidar_processor/install.log --single-version-externally-managed install_data
[3.404s] running egg_info
[3.410s] creating ../../../build_container/lidar_processor/lidar_processor.egg-info
[3.417s] writing ../../../build_container/lidar_processor/lidar_processor.egg-info/PKG-INFO
[3.420s] writing dependency_links to ../../../build_container/lidar_processor/lidar_processor.egg-info/dependency_links.txt
[3.421s] writing entry points to ../../../build_container/lidar_processor/lidar_processor.egg-info/entry_points.txt
[3.421s] writing requirements to ../../../build_container/lidar_processor/lidar_processor.egg-info/requires.txt
[3.422s] writing top-level names to ../../../build_container/lidar_processor/lidar_processor.egg-info/top_level.txt
[3.423s] writing manifest file '../../../build_container/lidar_processor/lidar_processor.egg-info/SOURCES.txt'
[3.433s] reading manifest file '../../../build_container/lidar_processor/lidar_processor.egg-info/SOURCES.txt'
[3.435s] writing manifest file '../../../build_container/lidar_processor/lidar_processor.egg-info/SOURCES.txt'
[3.440s] running build
[3.441s] running build_py
[3.442s] creating /workspace/repo/build_container/lidar_processor/build
[3.442s] creating /workspace/repo/build_container/lidar_processor/build/lib
[3.443s] creating /workspace/repo/build_container/lidar_processor/build/lib/lidar_processor
[3.444s] copying lidar_processor/lidar_to_pointcloud_node.py -> /workspace/repo/build_container/lidar_processor/build/lib/lidar_processor
[3.445s] copying lidar_processor/__init__.py -> /workspace/repo/build_container/lidar_processor/build/lib/lidar_processor
[3.446s] copying lidar_processor/pointcloud_aggregator_node.py -> /workspace/repo/build_container/lidar_processor/build/lib/lidar_processor
[3.447s] running install
[3.451s] running install_lib
[3.454s] creating /workspace/repo/install_container/lidar_processor/lib/python3.10/site-packages/lidar_processor
[3.455s] copying /workspace/repo/build_container/lidar_processor/build/lib/lidar_processor/lidar_to_pointcloud_node.py -> /workspace/repo/install_container/lidar_processor/lib/python3.10/site-packages/lidar_processor
[3.456s] copying /workspace/repo/build_container/lidar_processor/build/lib/lidar_processor/__init__.py -> /workspace/repo/install_container/lidar_processor/lib/python3.10/site-packages/lidar_processor
[3.457s] copying /workspace/repo/build_container/lidar_processor/build/lib/lidar_processor/pointcloud_aggregator_node.py -> /workspace/repo/install_container/lidar_processor/lib/python3.10/site-packages/lidar_processor
[3.459s] byte-compiling /workspace/repo/install_container/lidar_processor/lib/python3.10/site-packages/lidar_processor/lidar_to_pointcloud_node.py to lidar_to_pointcloud_node.cpython-310.pyc
[3.464s] byte-compiling /workspace/repo/install_container/lidar_processor/lib/python3.10/site-packages/lidar_processor/__init__.py to __init__.cpython-310.pyc
[3.465s] byte-compiling /workspace/repo/install_container/lidar_processor/lib/python3.10/site-packages/lidar_processor/pointcloud_aggregator_node.py to pointcloud_aggregator_node.cpython-310.pyc
[3.469s] running install_data
[3.470s] creating /workspace/repo/install_container/lidar_processor/share/ament_index
[3.478s] creating /workspace/repo/install_container/lidar_processor/share/ament_index/resource_index
[3.479s] creating /workspace/repo/install_container/lidar_processor/share/ament_index/resource_index/packages
[3.480s] copying resource/lidar_processor -> /workspace/repo/install_container/lidar_processor/share/ament_index/resource_index/packages
[3.481s] copying package.xml -> /workspace/repo/install_container/lidar_processor/share/lidar_processor
[3.481s] running install_egg_info
[3.486s] Copying ../../../build_container/lidar_processor/lidar_processor.egg-info to /workspace/repo/install_container/lidar_processor/lib/python3.10/site-packages/lidar_processor-1.0.0-py3.10.egg-info
[3.494s] running install_scripts
[3.641s] Installing lidar_to_pointcloud script to /workspace/repo/install_container/lidar_processor/lib/lidar_processor
[3.641s] Installing pointcloud_aggregator script to /workspace/repo/install_container/lidar_processor/lib/lidar_processor
[3.642s] writing list of installed files to '/workspace/repo/build_container/lidar_processor/install.log'
[3.844s] Invoked command in '/workspace/repo/community_sdk/go2_ros2_sdk-master/lidar_processor' returned '0': PYTHONPATH=/workspace/repo/build_container/lidar_processor/prefix_override:/usr/lib/python3/dist-packages/colcon_core/task/python/colcon_distutils_commands:/workspace/repo/install_container/lidar_processor/lib/python3.10/site-packages:${PYTHONPATH} /usr/bin/python3 -W ignore:setup.py install is deprecated -W ignore:easy_install command is deprecated setup.py egg_info --egg-base ../../../build_container/lidar_processor build --build-base /workspace/repo/build_container/lidar_processor/build install --record /workspace/repo/build_container/lidar_processor/install.log --single-version-externally-managed install_data
