[0.033s] Invoking command in '/workspace/repo/build_container/go2_description': CMAKE_PREFIX_PATH=/opt/ros/humble /usr/bin/cmake /workspace/repo/src/go2_description -DCMAKE_INSTALL_PREFIX=/workspace/repo/install_container/go2_description
[0.526s] -- The C compiler identification is GNU 11.4.0
[0.527s] -- The CXX compiler identification is GNU 11.4.0
[0.527s] -- Detecting C compiler ABI info
[0.597s] -- Detecting C compiler ABI info - done
[0.610s] -- Check for working C compiler: /usr/bin/cc - skipped
[0.613s] -- Detecting C compile features
[0.615s] -- Detecting C compile features - done
[0.622s] -- Detecting CXX compiler ABI info
[0.784s] -- Detecting CXX compiler ABI info - done
[0.810s] -- Check for working CXX compiler: /usr/bin/c++ - skipped
[0.810s] -- Detecting CXX compile features
[0.810s] -- Detecting CXX compile features - done
[0.815s] -- Found ament_cmake: 1.3.12 (/opt/ros/humble/share/ament_cmake/cmake)
[1.425s] -- Found Python3: /usr/bin/python3 (found version "3.10.12") found components: Interpreter 
[1.426s] -- Configuring done
[1.883s] -- Generating done
[1.883s] -- Build files have been written to: /workspace/repo/build_container/go2_description
[1.883s] Invoked command in '/workspace/repo/build_container/go2_description' returned '0': CMAKE_PREFIX_PATH=/opt/ros/humble /usr/bin/cmake /workspace/repo/src/go2_description -DCMAKE_INSTALL_PREFIX=/workspace/repo/install_container/go2_description
[1.884s] Invoking command in '/workspace/repo/build_container/go2_description': CMAKE_PREFIX_PATH=/opt/ros/humble /usr/bin/cmake --build /workspace/repo/build_container/go2_description -- -j6 -l6
[1.959s] Invoked command in '/workspace/repo/build_container/go2_description' returned '0': CMAKE_PREFIX_PATH=/opt/ros/humble /usr/bin/cmake --build /workspace/repo/build_container/go2_description -- -j6 -l6
[1.962s] Invoking command in '/workspace/repo/build_container/go2_description': CMAKE_PREFIX_PATH=/opt/ros/humble /usr/bin/cmake --install /workspace/repo/build_container/go2_description
[1.975s] -- Install configuration: ""
[1.976s] -- Installing: /workspace/repo/install_container/go2_description/share/go2_description/urdf
[1.976s] -- Installing: /workspace/repo/install_container/go2_description/share/go2_description/urdf/go2.urdf
[1.976s] -- Installing: /workspace/repo/install_container/go2_description/share/go2_description/meshes
[1.976s] -- Installing: /workspace/repo/install_container/go2_description/share/go2_description/meshes/hip.dae
[1.986s] -- Installing: /workspace/repo/install_container/go2_description/share/go2_description/meshes/calf_mirror.dae
[1.988s] -- Installing: /workspace/repo/install_container/go2_description/share/go2_description/meshes/thigh.dae
[1.996s] -- Installing: /workspace/repo/install_container/go2_description/share/go2_description/meshes/trunk.dae
[2.017s] -- Installing: /workspace/repo/install_container/go2_description/share/go2_description/meshes/foot.dae
[2.018s] -- Installing: /workspace/repo/install_container/go2_description/share/go2_description/meshes/calf.dae
[2.020s] -- Installing: /workspace/repo/install_container/go2_description/share/go2_description/meshes/thigh_mirror.dae
[2.028s] -- Installing: /workspace/repo/install_container/go2_description/share/go2_description/dae
[2.029s] -- Installing: /workspace/repo/install_container/go2_description/share/go2_description/dae/hip.dae
[2.038s] -- Installing: /workspace/repo/install_container/go2_description/share/go2_description/dae/calf_mirror.dae
[2.040s] -- Installing: /workspace/repo/install_container/go2_description/share/go2_description/dae/base.dae
[2.061s] -- Installing: /workspace/repo/install_container/go2_description/share/go2_description/dae/thigh.dae
[2.069s] -- Installing: /workspace/repo/install_container/go2_description/share/go2_description/dae/foot.dae
[2.070s] -- Installing: /workspace/repo/install_container/go2_description/share/go2_description/dae/calf.dae
[2.074s] -- Installing: /workspace/repo/install_container/go2_description/share/go2_description/dae/thigh_mirror.dae
[2.083s] -- Installing: /workspace/repo/install_container/go2_description/share/go2_description/xacro
[2.083s] -- Installing: /workspace/repo/install_container/go2_description/share/go2_description/xacro/materials.xacro
[2.083s] -- Installing: /workspace/repo/install_container/go2_description/share/go2_description/xacro/robot.xacro
[2.084s] -- Installing: /workspace/repo/install_container/go2_description/share/go2_description/xacro/transmission.xacro
[2.084s] -- Installing: /workspace/repo/install_container/go2_description/share/go2_description/xacro/const.xacro
[2.085s] -- Installing: /workspace/repo/install_container/go2_description/share/go2_description/xacro/gazebo.xacro
[2.085s] -- Installing: /workspace/repo/install_container/go2_description/share/go2_description/xacro/leg.xacro
[2.085s] -- Installing: /workspace/repo/install_container/go2_description/share/go2_description/launch
[2.085s] -- Installing: /workspace/repo/install_container/go2_description/share/go2_description/launch/__pycache__
[2.085s] -- Installing: /workspace/repo/install_container/go2_description/share/go2_description/launch/__pycache__/robot_state_publisher.launch.cpython-38.pyc
[2.085s] -- Installing: /workspace/repo/install_container/go2_description/share/go2_description/launch/robot_state_publisher.launch.py
[2.086s] -- Installing: /workspace/repo/install_container/go2_description/share/ament_index/resource_index/package_run_dependencies/go2_description
[2.086s] -- Installing: /workspace/repo/install_container/go2_description/share/ament_index/resource_index/parent_prefix_path/go2_description
[2.087s] -- Installing: /workspace/repo/install_container/go2_description/share/go2_description/environment/ament_prefix_path.sh
[2.087s] -- Installing: /workspace/repo/install_container/go2_description/share/go2_description/environment/ament_prefix_path.dsv
[2.088s] -- Installing: /workspace/repo/install_container/go2_description/share/go2_description/environment/path.sh
[2.088s] -- Installing: /workspace/repo/install_container/go2_description/share/go2_description/environment/path.dsv
[2.092s] -- Installing: /workspace/repo/install_container/go2_description/share/go2_description/local_setup.bash
[2.092s] -- Installing: /workspace/repo/install_container/go2_description/share/go2_description/local_setup.sh
[2.092s] -- Installing: /workspace/repo/install_container/go2_description/share/go2_description/local_setup.zsh
[2.093s] -- Installing: /workspace/repo/install_container/go2_description/share/go2_description/local_setup.dsv
[2.093s] -- Installing: /workspace/repo/install_container/go2_description/share/go2_description/package.dsv
[2.093s] -- Installing: /workspace/repo/install_container/go2_description/share/ament_index/resource_index/packages/go2_description
[2.093s] -- Installing: /workspace/repo/install_container/go2_description/share/go2_description/cmake/go2_descriptionConfig.cmake
[2.093s] -- Installing: /workspace/repo/install_container/go2_description/share/go2_description/cmake/go2_descriptionConfig-version.cmake
[2.093s] -- Installing: /workspace/repo/install_container/go2_description/share/go2_description/package.xml
[2.104s] Invoked command in '/workspace/repo/build_container/go2_description' returned '0': CMAKE_PREFIX_PATH=/opt/ros/humble /usr/bin/cmake --install /workspace/repo/build_container/go2_description
