[0.050s] Invoking command in '/workspace/repo/build_container/go2_apportation_msgs': /usr/bin/cmake --build /workspace/repo/build_container/go2_apportation_msgs -- -j6 -l6
[0.543s] [  1%] Built target go2_apportation_msgs__cpp
[0.543s] [ 12%] Built target go2_apportation_msgs__rosidl_generator_c
[0.543s] [ 12%] Built target ament_cmake_python_copy_go2_apportation_msgs
[0.543s] [ 23%] Built target go2_apportation_msgs__rosidl_typesupport_cpp
[0.543s] [ 35%] Built target go2_apportation_msgs__rosidl_typesupport_introspection_cpp
[0.544s] [ 46%] Built target go2_apportation_msgs__rosidl_typesupport_fastrtps_cpp
[0.544s] [ 57%] Built target go2_apportation_msgs__rosidl_typesupport_introspection_c
[0.544s] [ 69%] Built target go2_apportation_msgs__rosidl_typesupport_c
[0.544s] [ 80%] Built target go2_apportation_msgs__rosidl_typesupport_fastrtps_c
[0.544s] [ 80%] Built target go2_apportation_msgs
[0.544s] [ 81%] Built target go2_apportation_msgs__py
[0.544s] [ 91%] Built target go2_apportation_msgs__rosidl_generator_py
[0.573s] [ 94%] Built target go2_apportation_msgs__rosidl_typesupport_c__pyext
[0.573s] [ 97%] Built target go2_apportation_msgs__rosidl_typesupport_fastrtps_c__pyext
[0.575s] [100%] Built target go2_apportation_msgs__rosidl_typesupport_introspection_c__pyext
[0.746s] running egg_info
[0.750s] writing go2_apportation_msgs.egg-info/PKG-INFO
[0.750s] writing dependency_links to go2_apportation_msgs.egg-info/dependency_links.txt
[0.750s] writing top-level names to go2_apportation_msgs.egg-info/top_level.txt
[0.755s] reading manifest file 'go2_apportation_msgs.egg-info/SOURCES.txt'
[0.757s] writing manifest file 'go2_apportation_msgs.egg-info/SOURCES.txt'
[0.834s] [100%] Built target ament_cmake_python_build_go2_apportation_msgs_egg
[0.860s] Invoked command in '/workspace/repo/build_container/go2_apportation_msgs' returned '0': /usr/bin/cmake --build /workspace/repo/build_container/go2_apportation_msgs -- -j6 -l6
[0.864s] Invoking command in '/workspace/repo/build_container/go2_apportation_msgs': /usr/bin/cmake --install /workspace/repo/build_container/go2_apportation_msgs
[0.882s] -- Install configuration: ""
[0.884s] -- Up-to-date: /workspace/repo/install_container/go2_apportation_msgs/share/ament_index/resource_index/rosidl_interfaces/go2_apportation_msgs
[0.884s] -- Up-to-date: /workspace/repo/install_container/go2_apportation_msgs/include/go2_apportation_msgs/go2_apportation_msgs
[0.884s] -- Up-to-date: /workspace/repo/install_container/go2_apportation_msgs/include/go2_apportation_msgs/go2_apportation_msgs/msg
[0.884s] -- Up-to-date: /workspace/repo/install_container/go2_apportation_msgs/include/go2_apportation_msgs/go2_apportation_msgs/msg/detection3_d_array.h
[0.885s] -- Up-to-date: /workspace/repo/install_container/go2_apportation_msgs/include/go2_apportation_msgs/go2_apportation_msgs/msg/rosidl_generator_c__visibility_control.h
[0.885s] -- Up-to-date: /workspace/repo/install_container/go2_apportation_msgs/include/go2_apportation_msgs/go2_apportation_msgs/msg/detail
[0.885s] -- Up-to-date: /workspace/repo/install_container/go2_apportation_msgs/include/go2_apportation_msgs/go2_apportation_msgs/msg/detail/detection3_d_array__functions.h
[0.885s] -- Up-to-date: /workspace/repo/install_container/go2_apportation_msgs/include/go2_apportation_msgs/go2_apportation_msgs/msg/detail/detection3_d_array__functions.c
[0.886s] -- Up-to-date: /workspace/repo/install_container/go2_apportation_msgs/include/go2_apportation_msgs/go2_apportation_msgs/msg/detail/detection3_d_array__type_support.h
[0.886s] -- Up-to-date: /workspace/repo/install_container/go2_apportation_msgs/include/go2_apportation_msgs/go2_apportation_msgs/msg/detail/object_state__type_support.h
[0.886s] -- Up-to-date: /workspace/repo/install_container/go2_apportation_msgs/include/go2_apportation_msgs/go2_apportation_msgs/msg/detail/throw_status__struct.h
[0.886s] -- Up-to-date: /workspace/repo/install_container/go2_apportation_msgs/include/go2_apportation_msgs/go2_apportation_msgs/msg/detail/object_state__struct.h
[0.886s] -- Up-to-date: /workspace/repo/install_container/go2_apportation_msgs/include/go2_apportation_msgs/go2_apportation_msgs/msg/detail/throw_status__functions.h
[0.887s] -- Up-to-date: /workspace/repo/install_container/go2_apportation_msgs/include/go2_apportation_msgs/go2_apportation_msgs/msg/detail/throw_status__functions.c
[0.887s] -- Up-to-date: /workspace/repo/install_container/go2_apportation_msgs/include/go2_apportation_msgs/go2_apportation_msgs/msg/detail/object_state__functions.h
[0.887s] -- Up-to-date: /workspace/repo/install_container/go2_apportation_msgs/include/go2_apportation_msgs/go2_apportation_msgs/msg/detail/throw_status__type_support.h
[0.887s] -- Up-to-date: /workspace/repo/install_container/go2_apportation_msgs/include/go2_apportation_msgs/go2_apportation_msgs/msg/detail/detection3_d__struct.h
[0.887s] -- Up-to-date: /workspace/repo/install_container/go2_apportation_msgs/include/go2_apportation_msgs/go2_apportation_msgs/msg/detail/detection3_d__functions.h
[0.888s] -- Up-to-date: /workspace/repo/install_container/go2_apportation_msgs/include/go2_apportation_msgs/go2_apportation_msgs/msg/detail/object_state__functions.c
[0.888s] -- Up-to-date: /workspace/repo/install_container/go2_apportation_msgs/include/go2_apportation_msgs/go2_apportation_msgs/msg/detail/detection3_d__type_support.h
[0.889s] -- Up-to-date: /workspace/repo/install_container/go2_apportation_msgs/include/go2_apportation_msgs/go2_apportation_msgs/msg/detail/detection3_d_array__struct.h
[0.889s] -- Up-to-date: /workspace/repo/install_container/go2_apportation_msgs/include/go2_apportation_msgs/go2_apportation_msgs/msg/detail/detection3_d__functions.c
[0.889s] -- Up-to-date: /workspace/repo/install_container/go2_apportation_msgs/include/go2_apportation_msgs/go2_apportation_msgs/msg/throw_status.h
[0.889s] -- Up-to-date: /workspace/repo/install_container/go2_apportation_msgs/include/go2_apportation_msgs/go2_apportation_msgs/msg/detection3_d.h
[0.890s] -- Up-to-date: /workspace/repo/install_container/go2_apportation_msgs/include/go2_apportation_msgs/go2_apportation_msgs/msg/object_state.h
[0.890s] -- Up-to-date: /workspace/repo/install_container/go2_apportation_msgs/include/go2_apportation_msgs/go2_apportation_msgs/srv
[0.890s] -- Up-to-date: /workspace/repo/install_container/go2_apportation_msgs/include/go2_apportation_msgs/go2_apportation_msgs/srv/release_object.h
[0.890s] -- Up-to-date: /workspace/repo/install_container/go2_apportation_msgs/include/go2_apportation_msgs/go2_apportation_msgs/srv/detail
[0.890s] -- Up-to-date: /workspace/repo/install_container/go2_apportation_msgs/include/go2_apportation_msgs/go2_apportation_msgs/srv/detail/release_object__functions.c
[0.890s] -- Up-to-date: /workspace/repo/install_container/go2_apportation_msgs/include/go2_apportation_msgs/go2_apportation_msgs/srv/detail/release_object__functions.h
[0.890s] -- Up-to-date: /workspace/repo/install_container/go2_apportation_msgs/include/go2_apportation_msgs/go2_apportation_msgs/srv/detail/release_object__struct.h
[0.891s] -- Up-to-date: /workspace/repo/install_container/go2_apportation_msgs/include/go2_apportation_msgs/go2_apportation_msgs/srv/detail/release_object__type_support.h
[0.891s] -- Up-to-date: /workspace/repo/install_container/go2_apportation_msgs/include/go2_apportation_msgs/go2_apportation_msgs/action
[0.891s] -- Up-to-date: /workspace/repo/install_container/go2_apportation_msgs/include/go2_apportation_msgs/go2_apportation_msgs/action/pick_object.h
[0.891s] -- Up-to-date: /workspace/repo/install_container/go2_apportation_msgs/include/go2_apportation_msgs/go2_apportation_msgs/action/detail
[0.891s] -- Up-to-date: /workspace/repo/install_container/go2_apportation_msgs/include/go2_apportation_msgs/go2_apportation_msgs/action/detail/pick_object__type_support.h
[0.891s] -- Up-to-date: /workspace/repo/install_container/go2_apportation_msgs/include/go2_apportation_msgs/go2_apportation_msgs/action/detail/pick_object__functions.h
[0.891s] -- Up-to-date: /workspace/repo/install_container/go2_apportation_msgs/include/go2_apportation_msgs/go2_apportation_msgs/action/detail/pick_object__struct.h
[0.891s] -- Up-to-date: /workspace/repo/install_container/go2_apportation_msgs/include/go2_apportation_msgs/go2_apportation_msgs/action/detail/pick_object__functions.c
[0.892s] -- Up-to-date: /workspace/repo/install_container/go2_apportation_msgs/share/go2_apportation_msgs/environment/library_path.sh
[0.892s] -- Up-to-date: /workspace/repo/install_container/go2_apportation_msgs/share/go2_apportation_msgs/environment/library_path.dsv
[0.892s] -- Up-to-date: /workspace/repo/install_container/go2_apportation_msgs/lib/libgo2_apportation_msgs__rosidl_generator_c.so
[0.892s] -- Up-to-date: /workspace/repo/install_container/go2_apportation_msgs/include/go2_apportation_msgs/go2_apportation_msgs
[0.892s] -- Up-to-date: /workspace/repo/install_container/go2_apportation_msgs/include/go2_apportation_msgs/go2_apportation_msgs/msg
[0.892s] -- Up-to-date: /workspace/repo/install_container/go2_apportation_msgs/include/go2_apportation_msgs/go2_apportation_msgs/msg/rosidl_typesupport_fastrtps_c__visibility_control.h
[0.892s] -- Up-to-date: /workspace/repo/install_container/go2_apportation_msgs/include/go2_apportation_msgs/go2_apportation_msgs/msg/detail
[0.893s] -- Up-to-date: /workspace/repo/install_container/go2_apportation_msgs/include/go2_apportation_msgs/go2_apportation_msgs/msg/detail/object_state__rosidl_typesupport_fastrtps_c.h
[0.893s] -- Up-to-date: /workspace/repo/install_container/go2_apportation_msgs/include/go2_apportation_msgs/go2_apportation_msgs/msg/detail/detection3_d__rosidl_typesupport_fastrtps_c.h
[0.893s] -- Up-to-date: /workspace/repo/install_container/go2_apportation_msgs/include/go2_apportation_msgs/go2_apportation_msgs/msg/detail/throw_status__rosidl_typesupport_fastrtps_c.h
[0.893s] -- Up-to-date: /workspace/repo/install_container/go2_apportation_msgs/include/go2_apportation_msgs/go2_apportation_msgs/msg/detail/detection3_d_array__rosidl_typesupport_fastrtps_c.h
[0.893s] -- Up-to-date: /workspace/repo/install_container/go2_apportation_msgs/include/go2_apportation_msgs/go2_apportation_msgs/srv
[0.893s] -- Up-to-date: /workspace/repo/install_container/go2_apportation_msgs/include/go2_apportation_msgs/go2_apportation_msgs/srv/detail
[0.893s] -- Up-to-date: /workspace/repo/install_container/go2_apportation_msgs/include/go2_apportation_msgs/go2_apportation_msgs/srv/detail/release_object__rosidl_typesupport_fastrtps_c.h
[0.893s] -- Up-to-date: /workspace/repo/install_container/go2_apportation_msgs/include/go2_apportation_msgs/go2_apportation_msgs/action
[0.894s] -- Up-to-date: /workspace/repo/install_container/go2_apportation_msgs/include/go2_apportation_msgs/go2_apportation_msgs/action/detail
[0.894s] -- Up-to-date: /workspace/repo/install_container/go2_apportation_msgs/include/go2_apportation_msgs/go2_apportation_msgs/action/detail/pick_object__rosidl_typesupport_fastrtps_c.h
[0.895s] -- Up-to-date: /workspace/repo/install_container/go2_apportation_msgs/lib/libgo2_apportation_msgs__rosidl_typesupport_fastrtps_c.so
[0.895s] -- Up-to-date: /workspace/repo/install_container/go2_apportation_msgs/include/go2_apportation_msgs/go2_apportation_msgs
[0.895s] -- Up-to-date: /workspace/repo/install_container/go2_apportation_msgs/include/go2_apportation_msgs/go2_apportation_msgs/msg
[0.896s] -- Up-to-date: /workspace/repo/install_container/go2_apportation_msgs/include/go2_apportation_msgs/go2_apportation_msgs/msg/detail
[0.896s] -- Up-to-date: /workspace/repo/install_container/go2_apportation_msgs/include/go2_apportation_msgs/go2_apportation_msgs/msg/detail/object_state__rosidl_typesupport_introspection_c.h
[0.896s] -- Up-to-date: /workspace/repo/install_container/go2_apportation_msgs/include/go2_apportation_msgs/go2_apportation_msgs/msg/detail/detection3_d_array__rosidl_typesupport_introspection_c.h
[0.897s] -- Up-to-date: /workspace/repo/install_container/go2_apportation_msgs/include/go2_apportation_msgs/go2_apportation_msgs/msg/detail/throw_status__type_support.c
[0.897s] -- Up-to-date: /workspace/repo/install_container/go2_apportation_msgs/include/go2_apportation_msgs/go2_apportation_msgs/msg/detail/throw_status__rosidl_typesupport_introspection_c.h
[0.897s] -- Up-to-date: /workspace/repo/install_container/go2_apportation_msgs/include/go2_apportation_msgs/go2_apportation_msgs/msg/detail/detection3_d__type_support.c
[0.897s] -- Up-to-date: /workspace/repo/install_container/go2_apportation_msgs/include/go2_apportation_msgs/go2_apportation_msgs/msg/detail/detection3_d__rosidl_typesupport_introspection_c.h
[0.897s] -- Up-to-date: /workspace/repo/install_container/go2_apportation_msgs/include/go2_apportation_msgs/go2_apportation_msgs/msg/detail/detection3_d_array__type_support.c
[0.897s] -- Up-to-date: /workspace/repo/install_container/go2_apportation_msgs/include/go2_apportation_msgs/go2_apportation_msgs/msg/detail/object_state__type_support.c
[0.898s] -- Up-to-date: /workspace/repo/install_container/go2_apportation_msgs/include/go2_apportation_msgs/go2_apportation_msgs/msg/rosidl_typesupport_introspection_c__visibility_control.h
[0.898s] -- Up-to-date: /workspace/repo/install_container/go2_apportation_msgs/include/go2_apportation_msgs/go2_apportation_msgs/srv
[0.898s] -- Up-to-date: /workspace/repo/install_container/go2_apportation_msgs/include/go2_apportation_msgs/go2_apportation_msgs/srv/detail
[0.898s] -- Up-to-date: /workspace/repo/install_container/go2_apportation_msgs/include/go2_apportation_msgs/go2_apportation_msgs/srv/detail/release_object__rosidl_typesupport_introspection_c.h
[0.898s] -- Up-to-date: /workspace/repo/install_container/go2_apportation_msgs/include/go2_apportation_msgs/go2_apportation_msgs/srv/detail/release_object__type_support.c
[0.898s] -- Up-to-date: /workspace/repo/install_container/go2_apportation_msgs/include/go2_apportation_msgs/go2_apportation_msgs/action
[0.898s] -- Up-to-date: /workspace/repo/install_container/go2_apportation_msgs/include/go2_apportation_msgs/go2_apportation_msgs/action/detail
[0.899s] -- Up-to-date: /workspace/repo/install_container/go2_apportation_msgs/include/go2_apportation_msgs/go2_apportation_msgs/action/detail/pick_object__rosidl_typesupport_introspection_c.h
[0.899s] -- Up-to-date: /workspace/repo/install_container/go2_apportation_msgs/include/go2_apportation_msgs/go2_apportation_msgs/action/detail/pick_object__type_support.c
[0.899s] -- Up-to-date: /workspace/repo/install_container/go2_apportation_msgs/lib/libgo2_apportation_msgs__rosidl_typesupport_introspection_c.so
[0.899s] -- Up-to-date: /workspace/repo/install_container/go2_apportation_msgs/lib/libgo2_apportation_msgs__rosidl_typesupport_c.so
[0.899s] -- Up-to-date: /workspace/repo/install_container/go2_apportation_msgs/include/go2_apportation_msgs/go2_apportation_msgs
[0.899s] -- Up-to-date: /workspace/repo/install_container/go2_apportation_msgs/include/go2_apportation_msgs/go2_apportation_msgs/msg
[0.899s] -- Up-to-date: /workspace/repo/install_container/go2_apportation_msgs/include/go2_apportation_msgs/go2_apportation_msgs/msg/detection3_d.hpp
[0.900s] -- Up-to-date: /workspace/repo/install_container/go2_apportation_msgs/include/go2_apportation_msgs/go2_apportation_msgs/msg/detection3_d_array.hpp
[0.900s] -- Up-to-date: /workspace/repo/install_container/go2_apportation_msgs/include/go2_apportation_msgs/go2_apportation_msgs/msg/detail
[0.900s] -- Up-to-date: /workspace/repo/install_container/go2_apportation_msgs/include/go2_apportation_msgs/go2_apportation_msgs/msg/detail/detection3_d_array__type_support.hpp
[0.900s] -- Up-to-date: /workspace/repo/install_container/go2_apportation_msgs/include/go2_apportation_msgs/go2_apportation_msgs/msg/detail/detection3_d__type_support.hpp
[0.900s] -- Up-to-date: /workspace/repo/install_container/go2_apportation_msgs/include/go2_apportation_msgs/go2_apportation_msgs/msg/detail/throw_status__type_support.hpp
[0.900s] -- Up-to-date: /workspace/repo/install_container/go2_apportation_msgs/include/go2_apportation_msgs/go2_apportation_msgs/msg/detail/detection3_d_array__builder.hpp
[0.900s] -- Up-to-date: /workspace/repo/install_container/go2_apportation_msgs/include/go2_apportation_msgs/go2_apportation_msgs/msg/detail/throw_status__struct.hpp
[0.900s] -- Up-to-date: /workspace/repo/install_container/go2_apportation_msgs/include/go2_apportation_msgs/go2_apportation_msgs/msg/detail/detection3_d__builder.hpp
[0.901s] -- Up-to-date: /workspace/repo/install_container/go2_apportation_msgs/include/go2_apportation_msgs/go2_apportation_msgs/msg/detail/object_state__type_support.hpp
[0.901s] -- Up-to-date: /workspace/repo/install_container/go2_apportation_msgs/include/go2_apportation_msgs/go2_apportation_msgs/msg/detail/detection3_d__struct.hpp
[0.901s] -- Up-to-date: /workspace/repo/install_container/go2_apportation_msgs/include/go2_apportation_msgs/go2_apportation_msgs/msg/detail/detection3_d_array__traits.hpp
[0.901s] -- Up-to-date: /workspace/repo/install_container/go2_apportation_msgs/include/go2_apportation_msgs/go2_apportation_msgs/msg/detail/throw_status__traits.hpp
[0.901s] -- Up-to-date: /workspace/repo/install_container/go2_apportation_msgs/include/go2_apportation_msgs/go2_apportation_msgs/msg/detail/object_state__builder.hpp
[0.901s] -- Up-to-date: /workspace/repo/install_container/go2_apportation_msgs/include/go2_apportation_msgs/go2_apportation_msgs/msg/detail/detection3_d_array__struct.hpp
[0.902s] -- Up-to-date: /workspace/repo/install_container/go2_apportation_msgs/include/go2_apportation_msgs/go2_apportation_msgs/msg/detail/object_state__struct.hpp
[0.902s] -- Up-to-date: /workspace/repo/install_container/go2_apportation_msgs/include/go2_apportation_msgs/go2_apportation_msgs/msg/detail/detection3_d__traits.hpp
[0.902s] -- Up-to-date: /workspace/repo/install_container/go2_apportation_msgs/include/go2_apportation_msgs/go2_apportation_msgs/msg/detail/throw_status__builder.hpp
[0.902s] -- Up-to-date: /workspace/repo/install_container/go2_apportation_msgs/include/go2_apportation_msgs/go2_apportation_msgs/msg/detail/object_state__traits.hpp
[0.902s] -- Up-to-date: /workspace/repo/install_container/go2_apportation_msgs/include/go2_apportation_msgs/go2_apportation_msgs/msg/object_state.hpp
[0.903s] -- Up-to-date: /workspace/repo/install_container/go2_apportation_msgs/include/go2_apportation_msgs/go2_apportation_msgs/msg/throw_status.hpp
[0.903s] -- Up-to-date: /workspace/repo/install_container/go2_apportation_msgs/include/go2_apportation_msgs/go2_apportation_msgs/msg/rosidl_generator_cpp__visibility_control.hpp
[0.904s] -- Up-to-date: /workspace/repo/install_container/go2_apportation_msgs/include/go2_apportation_msgs/go2_apportation_msgs/srv
[0.904s] -- Up-to-date: /workspace/repo/install_container/go2_apportation_msgs/include/go2_apportation_msgs/go2_apportation_msgs/srv/release_object.hpp
[0.904s] -- Up-to-date: /workspace/repo/install_container/go2_apportation_msgs/include/go2_apportation_msgs/go2_apportation_msgs/srv/detail
[0.905s] -- Up-to-date: /workspace/repo/install_container/go2_apportation_msgs/include/go2_apportation_msgs/go2_apportation_msgs/srv/detail/release_object__builder.hpp
[0.905s] -- Up-to-date: /workspace/repo/install_container/go2_apportation_msgs/include/go2_apportation_msgs/go2_apportation_msgs/srv/detail/release_object__type_support.hpp
[0.907s] -- Up-to-date: /workspace/repo/install_container/go2_apportation_msgs/include/go2_apportation_msgs/go2_apportation_msgs/srv/detail/release_object__traits.hpp
[0.907s] -- Up-to-date: /workspace/repo/install_container/go2_apportation_msgs/include/go2_apportation_msgs/go2_apportation_msgs/srv/detail/release_object__struct.hpp
[0.907s] -- Up-to-date: /workspace/repo/install_container/go2_apportation_msgs/include/go2_apportation_msgs/go2_apportation_msgs/action
[0.907s] -- Up-to-date: /workspace/repo/install_container/go2_apportation_msgs/include/go2_apportation_msgs/go2_apportation_msgs/action/detail
[0.907s] -- Up-to-date: /workspace/repo/install_container/go2_apportation_msgs/include/go2_apportation_msgs/go2_apportation_msgs/action/detail/pick_object__traits.hpp
[0.908s] -- Up-to-date: /workspace/repo/install_container/go2_apportation_msgs/include/go2_apportation_msgs/go2_apportation_msgs/action/detail/pick_object__builder.hpp
[0.908s] -- Up-to-date: /workspace/repo/install_container/go2_apportation_msgs/include/go2_apportation_msgs/go2_apportation_msgs/action/detail/pick_object__struct.hpp
[0.908s] -- Up-to-date: /workspace/repo/install_container/go2_apportation_msgs/include/go2_apportation_msgs/go2_apportation_msgs/action/detail/pick_object__type_support.hpp
[0.908s] -- Up-to-date: /workspace/repo/install_container/go2_apportation_msgs/include/go2_apportation_msgs/go2_apportation_msgs/action/pick_object.hpp
[0.908s] -- Up-to-date: /workspace/repo/install_container/go2_apportation_msgs/include/go2_apportation_msgs/go2_apportation_msgs
[0.908s] -- Up-to-date: /workspace/repo/install_container/go2_apportation_msgs/include/go2_apportation_msgs/go2_apportation_msgs/msg
[0.908s] -- Up-to-date: /workspace/repo/install_container/go2_apportation_msgs/include/go2_apportation_msgs/go2_apportation_msgs/msg/rosidl_typesupport_fastrtps_cpp__visibility_control.h
[0.909s] -- Up-to-date: /workspace/repo/install_container/go2_apportation_msgs/include/go2_apportation_msgs/go2_apportation_msgs/msg/detail
[0.909s] -- Up-to-date: /workspace/repo/install_container/go2_apportation_msgs/include/go2_apportation_msgs/go2_apportation_msgs/msg/detail/detection3_d__rosidl_typesupport_fastrtps_cpp.hpp
[0.909s] -- Up-to-date: /workspace/repo/install_container/go2_apportation_msgs/include/go2_apportation_msgs/go2_apportation_msgs/msg/detail/object_state__rosidl_typesupport_fastrtps_cpp.hpp
[0.909s] -- Up-to-date: /workspace/repo/install_container/go2_apportation_msgs/include/go2_apportation_msgs/go2_apportation_msgs/msg/detail/dds_fastrtps
[0.909s] -- Up-to-date: /workspace/repo/install_container/go2_apportation_msgs/include/go2_apportation_msgs/go2_apportation_msgs/msg/detail/throw_status__rosidl_typesupport_fastrtps_cpp.hpp
[0.909s] -- Up-to-date: /workspace/repo/install_container/go2_apportation_msgs/include/go2_apportation_msgs/go2_apportation_msgs/msg/detail/detection3_d_array__rosidl_typesupport_fastrtps_cpp.hpp
[0.909s] -- Up-to-date: /workspace/repo/install_container/go2_apportation_msgs/include/go2_apportation_msgs/go2_apportation_msgs/srv
[0.909s] -- Up-to-date: /workspace/repo/install_container/go2_apportation_msgs/include/go2_apportation_msgs/go2_apportation_msgs/srv/detail
[0.909s] -- Up-to-date: /workspace/repo/install_container/go2_apportation_msgs/include/go2_apportation_msgs/go2_apportation_msgs/srv/detail/release_object__rosidl_typesupport_fastrtps_cpp.hpp
[0.910s] -- Up-to-date: /workspace/repo/install_container/go2_apportation_msgs/include/go2_apportation_msgs/go2_apportation_msgs/srv/detail/dds_fastrtps
[0.910s] -- Up-to-date: /workspace/repo/install_container/go2_apportation_msgs/include/go2_apportation_msgs/go2_apportation_msgs/action
[0.910s] -- Up-to-date: /workspace/repo/install_container/go2_apportation_msgs/include/go2_apportation_msgs/go2_apportation_msgs/action/detail
[0.910s] -- Up-to-date: /workspace/repo/install_container/go2_apportation_msgs/include/go2_apportation_msgs/go2_apportation_msgs/action/detail/dds_fastrtps
[0.910s] -- Up-to-date: /workspace/repo/install_container/go2_apportation_msgs/include/go2_apportation_msgs/go2_apportation_msgs/action/detail/pick_object__rosidl_typesupport_fastrtps_cpp.hpp
[0.910s] -- Up-to-date: /workspace/repo/install_container/go2_apportation_msgs/lib/libgo2_apportation_msgs__rosidl_typesupport_fastrtps_cpp.so
[0.911s] -- Up-to-date: /workspace/repo/install_container/go2_apportation_msgs/include/go2_apportation_msgs/go2_apportation_msgs
[0.911s] -- Up-to-date: /workspace/repo/install_container/go2_apportation_msgs/include/go2_apportation_msgs/go2_apportation_msgs/msg
[0.911s] -- Up-to-date: /workspace/repo/install_container/go2_apportation_msgs/include/go2_apportation_msgs/go2_apportation_msgs/msg/detail
[0.911s] -- Up-to-date: /workspace/repo/install_container/go2_apportation_msgs/include/go2_apportation_msgs/go2_apportation_msgs/msg/detail/throw_status__type_support.cpp
[0.911s] -- Up-to-date: /workspace/repo/install_container/go2_apportation_msgs/include/go2_apportation_msgs/go2_apportation_msgs/msg/detail/detection3_d__rosidl_typesupport_introspection_cpp.hpp
[0.911s] -- Up-to-date: /workspace/repo/install_container/go2_apportation_msgs/include/go2_apportation_msgs/go2_apportation_msgs/msg/detail/object_state__type_support.cpp
[0.911s] -- Up-to-date: /workspace/repo/install_container/go2_apportation_msgs/include/go2_apportation_msgs/go2_apportation_msgs/msg/detail/object_state__rosidl_typesupport_introspection_cpp.hpp
[0.911s] -- Up-to-date: /workspace/repo/install_container/go2_apportation_msgs/include/go2_apportation_msgs/go2_apportation_msgs/msg/detail/detection3_d_array__type_support.cpp
[0.912s] -- Up-to-date: /workspace/repo/install_container/go2_apportation_msgs/include/go2_apportation_msgs/go2_apportation_msgs/msg/detail/detection3_d__type_support.cpp
[0.912s] -- Up-to-date: /workspace/repo/install_container/go2_apportation_msgs/include/go2_apportation_msgs/go2_apportation_msgs/msg/detail/throw_status__rosidl_typesupport_introspection_cpp.hpp
[0.912s] -- Up-to-date: /workspace/repo/install_container/go2_apportation_msgs/include/go2_apportation_msgs/go2_apportation_msgs/msg/detail/detection3_d_array__rosidl_typesupport_introspection_cpp.hpp
[0.912s] -- Up-to-date: /workspace/repo/install_container/go2_apportation_msgs/include/go2_apportation_msgs/go2_apportation_msgs/srv
[0.912s] -- Up-to-date: /workspace/repo/install_container/go2_apportation_msgs/include/go2_apportation_msgs/go2_apportation_msgs/srv/detail
[0.912s] -- Up-to-date: /workspace/repo/install_container/go2_apportation_msgs/include/go2_apportation_msgs/go2_apportation_msgs/srv/detail/release_object__type_support.cpp
[0.912s] -- Up-to-date: /workspace/repo/install_container/go2_apportation_msgs/include/go2_apportation_msgs/go2_apportation_msgs/srv/detail/release_object__rosidl_typesupport_introspection_cpp.hpp
[0.912s] -- Up-to-date: /workspace/repo/install_container/go2_apportation_msgs/include/go2_apportation_msgs/go2_apportation_msgs/action
[0.912s] -- Up-to-date: /workspace/repo/install_container/go2_apportation_msgs/include/go2_apportation_msgs/go2_apportation_msgs/action/detail
[0.913s] -- Up-to-date: /workspace/repo/install_container/go2_apportation_msgs/include/go2_apportation_msgs/go2_apportation_msgs/action/detail/pick_object__rosidl_typesupport_introspection_cpp.hpp
[0.913s] -- Up-to-date: /workspace/repo/install_container/go2_apportation_msgs/include/go2_apportation_msgs/go2_apportation_msgs/action/detail/pick_object__type_support.cpp
[0.913s] -- Up-to-date: /workspace/repo/install_container/go2_apportation_msgs/lib/libgo2_apportation_msgs__rosidl_typesupport_introspection_cpp.so
[0.913s] -- Up-to-date: /workspace/repo/install_container/go2_apportation_msgs/lib/libgo2_apportation_msgs__rosidl_typesupport_cpp.so
[0.913s] -- Up-to-date: /workspace/repo/install_container/go2_apportation_msgs/share/go2_apportation_msgs/environment/pythonpath.sh
[0.913s] -- Up-to-date: /workspace/repo/install_container/go2_apportation_msgs/share/go2_apportation_msgs/environment/pythonpath.dsv
[0.913s] -- Up-to-date: /workspace/repo/install_container/go2_apportation_msgs/local/lib/python3.10/dist-packages/go2_apportation_msgs-0.0.0-py3.10.egg-info
[0.913s] -- Installing: /workspace/repo/install_container/go2_apportation_msgs/local/lib/python3.10/dist-packages/go2_apportation_msgs-0.0.0-py3.10.egg-info/top_level.txt
[0.914s] -- Installing: /workspace/repo/install_container/go2_apportation_msgs/local/lib/python3.10/dist-packages/go2_apportation_msgs-0.0.0-py3.10.egg-info/PKG-INFO
[0.914s] -- Installing: /workspace/repo/install_container/go2_apportation_msgs/local/lib/python3.10/dist-packages/go2_apportation_msgs-0.0.0-py3.10.egg-info/dependency_links.txt
[0.914s] -- Installing: /workspace/repo/install_container/go2_apportation_msgs/local/lib/python3.10/dist-packages/go2_apportation_msgs-0.0.0-py3.10.egg-info/SOURCES.txt
[0.914s] -- Up-to-date: /workspace/repo/install_container/go2_apportation_msgs/local/lib/python3.10/dist-packages/go2_apportation_msgs
[0.914s] -- Up-to-date: /workspace/repo/install_container/go2_apportation_msgs/local/lib/python3.10/dist-packages/go2_apportation_msgs/_go2_apportation_msgs_s.ep.rosidl_typesupport_c.c
[0.914s] -- Up-to-date: /workspace/repo/install_container/go2_apportation_msgs/local/lib/python3.10/dist-packages/go2_apportation_msgs/go2_apportation_msgs_s__rosidl_typesupport_c.cpython-310-aarch64-linux-gnu.so
[0.914s] -- Up-to-date: /workspace/repo/install_container/go2_apportation_msgs/local/lib/python3.10/dist-packages/go2_apportation_msgs/_go2_apportation_msgs_s.ep.rosidl_typesupport_fastrtps_c.c
[0.915s] -- Up-to-date: /workspace/repo/install_container/go2_apportation_msgs/local/lib/python3.10/dist-packages/go2_apportation_msgs/__init__.py
[0.915s] -- Up-to-date: /workspace/repo/install_container/go2_apportation_msgs/local/lib/python3.10/dist-packages/go2_apportation_msgs/msg
[0.915s] -- Up-to-date: /workspace/repo/install_container/go2_apportation_msgs/local/lib/python3.10/dist-packages/go2_apportation_msgs/msg/_throw_status_s.c
[0.915s] -- Up-to-date: /workspace/repo/install_container/go2_apportation_msgs/local/lib/python3.10/dist-packages/go2_apportation_msgs/msg/_detection3_d_array.py
[0.915s] -- Up-to-date: /workspace/repo/install_container/go2_apportation_msgs/local/lib/python3.10/dist-packages/go2_apportation_msgs/msg/_detection3_d_array_s.c
[0.915s] -- Up-to-date: /workspace/repo/install_container/go2_apportation_msgs/local/lib/python3.10/dist-packages/go2_apportation_msgs/msg/_throw_status.py
[0.915s] -- Up-to-date: /workspace/repo/install_container/go2_apportation_msgs/local/lib/python3.10/dist-packages/go2_apportation_msgs/msg/__init__.py
[0.915s] -- Up-to-date: /workspace/repo/install_container/go2_apportation_msgs/local/lib/python3.10/dist-packages/go2_apportation_msgs/msg/_detection3_d.py
[0.915s] -- Up-to-date: /workspace/repo/install_container/go2_apportation_msgs/local/lib/python3.10/dist-packages/go2_apportation_msgs/msg/_object_state.py
[0.916s] -- Up-to-date: /workspace/repo/install_container/go2_apportation_msgs/local/lib/python3.10/dist-packages/go2_apportation_msgs/msg/_detection3_d_s.c
[0.916s] -- Up-to-date: /workspace/repo/install_container/go2_apportation_msgs/local/lib/python3.10/dist-packages/go2_apportation_msgs/msg/_object_state_s.c
[0.916s] -- Up-to-date: /workspace/repo/install_container/go2_apportation_msgs/local/lib/python3.10/dist-packages/go2_apportation_msgs/go2_apportation_msgs_s__rosidl_typesupport_fastrtps_c.cpython-310-aarch64-linux-gnu.so
[0.916s] -- Up-to-date: /workspace/repo/install_container/go2_apportation_msgs/local/lib/python3.10/dist-packages/go2_apportation_msgs/srv
[0.916s] -- Up-to-date: /workspace/repo/install_container/go2_apportation_msgs/local/lib/python3.10/dist-packages/go2_apportation_msgs/srv/_release_object_s.c
[0.916s] -- Up-to-date: /workspace/repo/install_container/go2_apportation_msgs/local/lib/python3.10/dist-packages/go2_apportation_msgs/srv/_release_object.py
[0.916s] -- Up-to-date: /workspace/repo/install_container/go2_apportation_msgs/local/lib/python3.10/dist-packages/go2_apportation_msgs/srv/__init__.py
[0.916s] -- Up-to-date: /workspace/repo/install_container/go2_apportation_msgs/local/lib/python3.10/dist-packages/go2_apportation_msgs/libgo2_apportation_msgs__rosidl_generator_py.so
[0.917s] -- Up-to-date: /workspace/repo/install_container/go2_apportation_msgs/local/lib/python3.10/dist-packages/go2_apportation_msgs/_go2_apportation_msgs_s.ep.rosidl_typesupport_introspection_c.c
[0.917s] -- Up-to-date: /workspace/repo/install_container/go2_apportation_msgs/local/lib/python3.10/dist-packages/go2_apportation_msgs/go2_apportation_msgs_s__rosidl_typesupport_introspection_c.cpython-310-aarch64-linux-gnu.so
[0.917s] -- Up-to-date: /workspace/repo/install_container/go2_apportation_msgs/local/lib/python3.10/dist-packages/go2_apportation_msgs/action
[0.917s] -- Up-to-date: /workspace/repo/install_container/go2_apportation_msgs/local/lib/python3.10/dist-packages/go2_apportation_msgs/action/_pick_object.py
[0.917s] -- Up-to-date: /workspace/repo/install_container/go2_apportation_msgs/local/lib/python3.10/dist-packages/go2_apportation_msgs/action/__init__.py
[0.917s] -- Up-to-date: /workspace/repo/install_container/go2_apportation_msgs/local/lib/python3.10/dist-packages/go2_apportation_msgs/action/_pick_object_s.c
[0.977s] Listing '/workspace/repo/install_container/go2_apportation_msgs/local/lib/python3.10/dist-packages/go2_apportation_msgs'...
[0.977s] Listing '/workspace/repo/install_container/go2_apportation_msgs/local/lib/python3.10/dist-packages/go2_apportation_msgs/action'...
[0.977s] Listing '/workspace/repo/install_container/go2_apportation_msgs/local/lib/python3.10/dist-packages/go2_apportation_msgs/msg'...
[0.978s] Listing '/workspace/repo/install_container/go2_apportation_msgs/local/lib/python3.10/dist-packages/go2_apportation_msgs/srv'...
[0.991s] -- Up-to-date: /workspace/repo/install_container/go2_apportation_msgs/local/lib/python3.10/dist-packages/go2_apportation_msgs/go2_apportation_msgs_s__rosidl_typesupport_fastrtps_c.cpython-310-aarch64-linux-gnu.so
[0.991s] -- Up-to-date: /workspace/repo/install_container/go2_apportation_msgs/local/lib/python3.10/dist-packages/go2_apportation_msgs/go2_apportation_msgs_s__rosidl_typesupport_introspection_c.cpython-310-aarch64-linux-gnu.so
[0.993s] -- Up-to-date: /workspace/repo/install_container/go2_apportation_msgs/local/lib/python3.10/dist-packages/go2_apportation_msgs/go2_apportation_msgs_s__rosidl_typesupport_c.cpython-310-aarch64-linux-gnu.so
[0.995s] -- Up-to-date: /workspace/repo/install_container/go2_apportation_msgs/lib/libgo2_apportation_msgs__rosidl_generator_py.so
[0.996s] -- Up-to-date: /workspace/repo/install_container/go2_apportation_msgs/share/go2_apportation_msgs/msg/Detection3D.idl
[0.996s] -- Up-to-date: /workspace/repo/install_container/go2_apportation_msgs/share/go2_apportation_msgs/msg/Detection3DArray.idl
[0.997s] -- Up-to-date: /workspace/repo/install_container/go2_apportation_msgs/share/go2_apportation_msgs/msg/ObjectState.idl
[0.998s] -- Up-to-date: /workspace/repo/install_container/go2_apportation_msgs/share/go2_apportation_msgs/msg/ThrowStatus.idl
[0.999s] -- Up-to-date: /workspace/repo/install_container/go2_apportation_msgs/share/go2_apportation_msgs/action/PickObject.idl
[0.999s] -- Up-to-date: /workspace/repo/install_container/go2_apportation_msgs/share/go2_apportation_msgs/srv/ReleaseObject.idl
[1.000s] -- Up-to-date: /workspace/repo/install_container/go2_apportation_msgs/share/go2_apportation_msgs/msg/Detection3D.msg
[1.001s] -- Up-to-date: /workspace/repo/install_container/go2_apportation_msgs/share/go2_apportation_msgs/msg/Detection3DArray.msg
[1.001s] -- Up-to-date: /workspace/repo/install_container/go2_apportation_msgs/share/go2_apportation_msgs/msg/ObjectState.msg
[1.002s] -- Up-to-date: /workspace/repo/install_container/go2_apportation_msgs/share/go2_apportation_msgs/msg/ThrowStatus.msg
[1.002s] -- Up-to-date: /workspace/repo/install_container/go2_apportation_msgs/share/go2_apportation_msgs/action/PickObject.action
[1.003s] -- Up-to-date: /workspace/repo/install_container/go2_apportation_msgs/share/go2_apportation_msgs/srv/ReleaseObject.srv
[1.003s] -- Up-to-date: /workspace/repo/install_container/go2_apportation_msgs/share/go2_apportation_msgs/srv/ReleaseObject_Request.msg
[1.004s] -- Up-to-date: /workspace/repo/install_container/go2_apportation_msgs/share/go2_apportation_msgs/srv/ReleaseObject_Response.msg
[1.005s] -- Up-to-date: /workspace/repo/install_container/go2_apportation_msgs/share/ament_index/resource_index/package_run_dependencies/go2_apportation_msgs
[1.006s] -- Up-to-date: /workspace/repo/install_container/go2_apportation_msgs/share/ament_index/resource_index/parent_prefix_path/go2_apportation_msgs
[1.006s] -- Up-to-date: /workspace/repo/install_container/go2_apportation_msgs/share/go2_apportation_msgs/environment/ament_prefix_path.sh
[1.007s] -- Up-to-date: /workspace/repo/install_container/go2_apportation_msgs/share/go2_apportation_msgs/environment/ament_prefix_path.dsv
[1.008s] -- Up-to-date: /workspace/repo/install_container/go2_apportation_msgs/share/go2_apportation_msgs/environment/path.sh
[1.008s] -- Up-to-date: /workspace/repo/install_container/go2_apportation_msgs/share/go2_apportation_msgs/environment/path.dsv
[1.009s] -- Up-to-date: /workspace/repo/install_container/go2_apportation_msgs/share/go2_apportation_msgs/local_setup.bash
[1.009s] -- Up-to-date: /workspace/repo/install_container/go2_apportation_msgs/share/go2_apportation_msgs/local_setup.sh
[1.010s] -- Up-to-date: /workspace/repo/install_container/go2_apportation_msgs/share/go2_apportation_msgs/local_setup.zsh
[1.011s] -- Up-to-date: /workspace/repo/install_container/go2_apportation_msgs/share/go2_apportation_msgs/local_setup.dsv
[1.011s] -- Installing: /workspace/repo/install_container/go2_apportation_msgs/share/go2_apportation_msgs/package.dsv
[1.012s] -- Up-to-date: /workspace/repo/install_container/go2_apportation_msgs/share/ament_index/resource_index/packages/go2_apportation_msgs
[1.013s] -- Up-to-date: /workspace/repo/install_container/go2_apportation_msgs/share/go2_apportation_msgs/cmake/export_go2_apportation_msgs__rosidl_generator_cExport.cmake
[1.013s] -- Up-to-date: /workspace/repo/install_container/go2_apportation_msgs/share/go2_apportation_msgs/cmake/export_go2_apportation_msgs__rosidl_generator_cExport-noconfig.cmake
[1.015s] -- Up-to-date: /workspace/repo/install_container/go2_apportation_msgs/share/go2_apportation_msgs/cmake/export_go2_apportation_msgs__rosidl_typesupport_fastrtps_cExport.cmake
[1.015s] -- Up-to-date: /workspace/repo/install_container/go2_apportation_msgs/share/go2_apportation_msgs/cmake/export_go2_apportation_msgs__rosidl_typesupport_fastrtps_cExport-noconfig.cmake
[1.016s] -- Up-to-date: /workspace/repo/install_container/go2_apportation_msgs/share/go2_apportation_msgs/cmake/go2_apportation_msgs__rosidl_typesupport_introspection_cExport.cmake
[1.017s] -- Up-to-date: /workspace/repo/install_container/go2_apportation_msgs/share/go2_apportation_msgs/cmake/go2_apportation_msgs__rosidl_typesupport_introspection_cExport-noconfig.cmake
[1.017s] -- Up-to-date: /workspace/repo/install_container/go2_apportation_msgs/share/go2_apportation_msgs/cmake/go2_apportation_msgs__rosidl_typesupport_cExport.cmake
[1.017s] -- Up-to-date: /workspace/repo/install_container/go2_apportation_msgs/share/go2_apportation_msgs/cmake/go2_apportation_msgs__rosidl_typesupport_cExport-noconfig.cmake
[1.018s] -- Up-to-date: /workspace/repo/install_container/go2_apportation_msgs/share/go2_apportation_msgs/cmake/export_go2_apportation_msgs__rosidl_generator_cppExport.cmake
[1.018s] -- Up-to-date: /workspace/repo/install_container/go2_apportation_msgs/share/go2_apportation_msgs/cmake/export_go2_apportation_msgs__rosidl_typesupport_fastrtps_cppExport.cmake
[1.019s] -- Up-to-date: /workspace/repo/install_container/go2_apportation_msgs/share/go2_apportation_msgs/cmake/export_go2_apportation_msgs__rosidl_typesupport_fastrtps_cppExport-noconfig.cmake
[1.020s] -- Up-to-date: /workspace/repo/install_container/go2_apportation_msgs/share/go2_apportation_msgs/cmake/go2_apportation_msgs__rosidl_typesupport_introspection_cppExport.cmake
[1.020s] -- Up-to-date: /workspace/repo/install_container/go2_apportation_msgs/share/go2_apportation_msgs/cmake/go2_apportation_msgs__rosidl_typesupport_introspection_cppExport-noconfig.cmake
[1.022s] -- Up-to-date: /workspace/repo/install_container/go2_apportation_msgs/share/go2_apportation_msgs/cmake/go2_apportation_msgs__rosidl_typesupport_cppExport.cmake
[1.022s] -- Up-to-date: /workspace/repo/install_container/go2_apportation_msgs/share/go2_apportation_msgs/cmake/go2_apportation_msgs__rosidl_typesupport_cppExport-noconfig.cmake
[1.024s] -- Up-to-date: /workspace/repo/install_container/go2_apportation_msgs/share/go2_apportation_msgs/cmake/export_go2_apportation_msgs__rosidl_generator_pyExport.cmake
[1.024s] -- Up-to-date: /workspace/repo/install_container/go2_apportation_msgs/share/go2_apportation_msgs/cmake/export_go2_apportation_msgs__rosidl_generator_pyExport-noconfig.cmake
[1.025s] -- Up-to-date: /workspace/repo/install_container/go2_apportation_msgs/share/go2_apportation_msgs/cmake/rosidl_cmake-extras.cmake
[1.025s] -- Up-to-date: /workspace/repo/install_container/go2_apportation_msgs/share/go2_apportation_msgs/cmake/ament_cmake_export_dependencies-extras.cmake
[1.025s] -- Up-to-date: /workspace/repo/install_container/go2_apportation_msgs/share/go2_apportation_msgs/cmake/ament_cmake_export_include_directories-extras.cmake
[1.025s] -- Up-to-date: /workspace/repo/install_container/go2_apportation_msgs/share/go2_apportation_msgs/cmake/ament_cmake_export_libraries-extras.cmake
[1.025s] -- Up-to-date: /workspace/repo/install_container/go2_apportation_msgs/share/go2_apportation_msgs/cmake/ament_cmake_export_targets-extras.cmake
[1.025s] -- Up-to-date: /workspace/repo/install_container/go2_apportation_msgs/share/go2_apportation_msgs/cmake/rosidl_cmake_export_typesupport_targets-extras.cmake
[1.025s] -- Up-to-date: /workspace/repo/install_container/go2_apportation_msgs/share/go2_apportation_msgs/cmake/rosidl_cmake_export_typesupport_libraries-extras.cmake
[1.025s] -- Up-to-date: /workspace/repo/install_container/go2_apportation_msgs/share/go2_apportation_msgs/cmake/go2_apportation_msgsConfig.cmake
[1.026s] -- Up-to-date: /workspace/repo/install_container/go2_apportation_msgs/share/go2_apportation_msgs/cmake/go2_apportation_msgsConfig-version.cmake
[1.026s] -- Up-to-date: /workspace/repo/install_container/go2_apportation_msgs/share/go2_apportation_msgs/package.xml
[1.030s] Invoked command in '/workspace/repo/build_container/go2_apportation_msgs' returned '0': /usr/bin/cmake --install /workspace/repo/build_container/go2_apportation_msgs
