[0.000000] (-) TimerEvent: {}
[0.000416] (go2_apportation_msgs) JobQueued: {'identifier': 'go2_apportation_msgs', 'dependencies': OrderedDict()}
[0.001095] (go2_description) JobQueued: {'identifier': 'go2_description', 'dependencies': OrderedDict()}
[0.001408] (go2_tf_tools) JobQueued: {'identifier': 'go2_tf_tools', 'dependencies': OrderedDict()}
[0.001636] (go2_apportation_mocks) JobQueued: {'identifier': 'go2_apportation_mocks', 'dependencies': OrderedDict([('go2_apportation_msgs', '/workspace/repo/install_container/go2_apportation_msgs')])}
[0.001750] (go2_apportation_orchestrator) JobQueued: {'identifier': 'go2_apportation_orchestrator', 'dependencies': OrderedDict([('go2_apportation_msgs', '/workspace/repo/install_container/go2_apportation_msgs')])}
[0.001907] (go2_apportation_msgs) JobStarted: {'identifier': 'go2_apportation_msgs'}
[0.022014] (go2_description) JobStarted: {'identifier': 'go2_description'}
[0.027613] (go2_tf_tools) JobStarted: {'identifier': 'go2_tf_tools'}
[0.042578] (go2_apportation_msgs) JobProgress: {'identifier': 'go2_apportation_msgs', 'progress': 'cmake'}
[0.044252] (go2_apportation_msgs) JobProgress: {'identifier': 'go2_apportation_msgs', 'progress': 'build'}
[0.045792] (go2_apportation_msgs) Command: {'cmd': ['/usr/bin/cmake', '--build', '/workspace/repo/build_container/go2_apportation_msgs', '--', '-j6', '-l6'], 'cwd': '/workspace/repo/build_container/go2_apportation_msgs', 'env': OrderedDict([('HOSTNAME', 'ubuntu'), ('SHLVL', '0'), ('LD_LIBRARY_PATH', '/opt/ros/humble/lib/aarch64-linux-gnu:/opt/ros/humble/lib'), ('HOME', '/tmp'), ('ROS_PYTHON_VERSION', '3'), ('ROS_DISTRO', 'humble'), ('_', '/usr/bin/colcon'), ('ROS_VERSION', '2'), ('ROS_LOCALHOST_ONLY', '0'), ('PATH', '/opt/ros/humble/bin:/usr/local/sbin:/usr/local/bin:/usr/sbin:/usr/bin:/sbin:/bin'), ('LANG', 'C.UTF-8'), ('AMENT_PREFIX_PATH', '/opt/ros/humble'), ('PWD', '/workspace/repo/build_container/go2_apportation_msgs'), ('LC_ALL', 'C.UTF-8'), ('PYTHONPATH', '/opt/ros/humble/lib/python3.10/site-packages:/opt/ros/humble/local/lib/python3.10/dist-packages'), ('COLCON', '1')]), 'shell': False}
[0.049125] (go2_description) JobProgress: {'identifier': 'go2_description', 'progress': 'cmake'}
[0.049793] (go2_description) JobProgress: {'identifier': 'go2_description', 'progress': 'build'}
[0.050268] (go2_description) Command: {'cmd': ['/usr/bin/cmake', '--build', '/workspace/repo/build_container/go2_description', '--', '-j6', '-l6'], 'cwd': '/workspace/repo/build_container/go2_description', 'env': OrderedDict([('HOSTNAME', 'ubuntu'), ('SHLVL', '0'), ('LD_LIBRARY_PATH', '/opt/ros/humble/lib/aarch64-linux-gnu:/opt/ros/humble/lib'), ('HOME', '/tmp'), ('ROS_PYTHON_VERSION', '3'), ('ROS_DISTRO', 'humble'), ('_', '/usr/bin/colcon'), ('ROS_VERSION', '2'), ('ROS_LOCALHOST_ONLY', '0'), ('PATH', '/opt/ros/humble/bin:/usr/local/sbin:/usr/local/bin:/usr/sbin:/usr/bin:/sbin:/bin'), ('LANG', 'C.UTF-8'), ('AMENT_PREFIX_PATH', '/opt/ros/humble'), ('PWD', '/workspace/repo/build_container/go2_description'), ('LC_ALL', 'C.UTF-8'), ('PYTHONPATH', '/opt/ros/humble/lib/python3.10/site-packages:/opt/ros/humble/local/lib/python3.10/dist-packages'), ('COLCON', '1'), ('CMAKE_PREFIX_PATH', '/opt/ros/humble')]), 'shell': False}
[0.099161] (-) TimerEvent: {}
[0.199553] (-) TimerEvent: {}
[0.299905] (-) TimerEvent: {}
[0.400288] (-) TimerEvent: {}
[0.500660] (-) TimerEvent: {}
[0.517021] (go2_apportation_msgs) StdoutLine: {'line': b'[  1%] Built target go2_apportation_msgs__cpp\n'}
[0.517546] (go2_apportation_msgs) StdoutLine: {'line': b'[ 12%] Built target ament_cmake_python_copy_go2_apportation_msgs\n'}
[0.518049] (go2_apportation_msgs) StdoutLine: {'line': b'[ 12%] Built target go2_apportation_msgs__rosidl_generator_c\n'}
[0.518572] (go2_apportation_msgs) StdoutLine: {'line': b'[ 23%] Built target go2_apportation_msgs__rosidl_typesupport_introspection_cpp\n'}
[0.519350] (go2_apportation_msgs) StdoutLine: {'line': b'[ 35%] Built target go2_apportation_msgs__rosidl_typesupport_fastrtps_cpp\n'}
[0.519598] (go2_apportation_msgs) StdoutLine: {'line': b'[ 46%] Built target go2_apportation_msgs__rosidl_typesupport_introspection_c\n'}
[0.519773] (go2_apportation_msgs) StdoutLine: {'line': b'[ 57%] Built target go2_apportation_msgs__rosidl_typesupport_cpp\n'}
[0.519911] (go2_apportation_msgs) StdoutLine: {'line': b'[ 69%] Built target go2_apportation_msgs__rosidl_typesupport_c\n'}
[0.520039] (go2_apportation_msgs) StdoutLine: {'line': b'[ 80%] Built target go2_apportation_msgs__rosidl_typesupport_fastrtps_c\n'}
[0.520160] (go2_apportation_msgs) StdoutLine: {'line': b'[ 80%] Built target go2_apportation_msgs\n'}
[0.520275] (go2_apportation_msgs) StdoutLine: {'line': b'[ 81%] Built target go2_apportation_msgs__py\n'}
[0.520387] (go2_apportation_msgs) StdoutLine: {'line': b'[ 91%] Built target go2_apportation_msgs__rosidl_generator_py\n'}
[0.520497] (go2_apportation_msgs) StdoutLine: {'line': b'[ 94%] Built target go2_apportation_msgs__rosidl_typesupport_introspection_c__pyext\n'}
[0.520608] (go2_apportation_msgs) StdoutLine: {'line': b'[ 97%] Built target go2_apportation_msgs__rosidl_typesupport_fastrtps_c__pyext\n'}
[0.520719] (go2_apportation_msgs) StdoutLine: {'line': b'[100%] Built target go2_apportation_msgs__rosidl_typesupport_c__pyext\n'}
[0.520836] (go2_description) CommandEnded: {'returncode': 0}
[0.521300] (go2_description) JobProgress: {'identifier': 'go2_description', 'progress': 'install'}
[0.534716] (go2_description) Command: {'cmd': ['/usr/bin/cmake', '--install', '/workspace/repo/build_container/go2_description'], 'cwd': '/workspace/repo/build_container/go2_description', 'env': OrderedDict([('HOSTNAME', 'ubuntu'), ('SHLVL', '0'), ('LD_LIBRARY_PATH', '/opt/ros/humble/lib/aarch64-linux-gnu:/opt/ros/humble/lib'), ('HOME', '/tmp'), ('ROS_PYTHON_VERSION', '3'), ('ROS_DISTRO', 'humble'), ('_', '/usr/bin/colcon'), ('ROS_VERSION', '2'), ('ROS_LOCALHOST_ONLY', '0'), ('PATH', '/opt/ros/humble/bin:/usr/local/sbin:/usr/local/bin:/usr/sbin:/usr/bin:/sbin:/bin'), ('LANG', 'C.UTF-8'), ('AMENT_PREFIX_PATH', '/opt/ros/humble'), ('PWD', '/workspace/repo/build_container/go2_description'), ('LC_ALL', 'C.UTF-8'), ('PYTHONPATH', '/opt/ros/humble/lib/python3.10/site-packages:/opt/ros/humble/local/lib/python3.10/dist-packages'), ('COLCON', '1'), ('CMAKE_PREFIX_PATH', '/opt/ros/humble')]), 'shell': False}
[0.550933] (go2_description) StdoutLine: {'line': b'-- Install configuration: ""\n'}
[0.553293] (go2_description) StdoutLine: {'line': b'-- Up-to-date: /workspace/repo/install_container/go2_description/share/go2_description/urdf\n'}
[0.553585] (go2_description) StdoutLine: {'line': b'-- Up-to-date: /workspace/repo/install_container/go2_description/share/go2_description/urdf/go2.urdf\n'}
[0.553752] (go2_description) StdoutLine: {'line': b'-- Up-to-date: /workspace/repo/install_container/go2_description/share/go2_description/meshes\n'}
[0.553893] (go2_description) StdoutLine: {'line': b'-- Up-to-date: /workspace/repo/install_container/go2_description/share/go2_description/meshes/hip.dae\n'}
[0.554024] (go2_description) StdoutLine: {'line': b'-- Up-to-date: /workspace/repo/install_container/go2_description/share/go2_description/meshes/calf_mirror.dae\n'}
[0.554152] (go2_description) StdoutLine: {'line': b'-- Up-to-date: /workspace/repo/install_container/go2_description/share/go2_description/meshes/thigh.dae\n'}
[0.554276] (go2_description) StdoutLine: {'line': b'-- Up-to-date: /workspace/repo/install_container/go2_description/share/go2_description/meshes/trunk.dae\n'}
[0.554397] (go2_description) StdoutLine: {'line': b'-- Up-to-date: /workspace/repo/install_container/go2_description/share/go2_description/meshes/foot.dae\n'}
[0.554518] (go2_description) StdoutLine: {'line': b'-- Up-to-date: /workspace/repo/install_container/go2_description/share/go2_description/meshes/calf.dae\n'}
[0.554638] (go2_description) StdoutLine: {'line': b'-- Up-to-date: /workspace/repo/install_container/go2_description/share/go2_description/meshes/thigh_mirror.dae\n'}
[0.554762] (go2_description) StdoutLine: {'line': b'-- Up-to-date: /workspace/repo/install_container/go2_description/share/go2_description/dae\n'}
[0.554881] (go2_description) StdoutLine: {'line': b'-- Up-to-date: /workspace/repo/install_container/go2_description/share/go2_description/dae/hip.dae\n'}
[0.555255] (go2_description) StdoutLine: {'line': b'-- Up-to-date: /workspace/repo/install_container/go2_description/share/go2_description/dae/calf_mirror.dae\n'}
[0.555394] (go2_description) StdoutLine: {'line': b'-- Up-to-date: /workspace/repo/install_container/go2_description/share/go2_description/dae/base.dae\n'}
[0.555523] (go2_description) StdoutLine: {'line': b'-- Up-to-date: /workspace/repo/install_container/go2_description/share/go2_description/dae/thigh.dae\n'}
[0.555644] (go2_description) StdoutLine: {'line': b'-- Up-to-date: /workspace/repo/install_container/go2_description/share/go2_description/dae/foot.dae\n'}
[0.555762] (go2_description) StdoutLine: {'line': b'-- Up-to-date: /workspace/repo/install_container/go2_description/share/go2_description/dae/calf.dae\n'}
[0.555878] (go2_description) StdoutLine: {'line': b'-- Up-to-date: /workspace/repo/install_container/go2_description/share/go2_description/dae/thigh_mirror.dae\n'}
[0.555995] (go2_description) StdoutLine: {'line': b'-- Up-to-date: /workspace/repo/install_container/go2_description/share/go2_description/xacro\n'}
[0.556112] (go2_description) StdoutLine: {'line': b'-- Up-to-date: /workspace/repo/install_container/go2_description/share/go2_description/xacro/materials.xacro\n'}
[0.556230] (go2_description) StdoutLine: {'line': b'-- Up-to-date: /workspace/repo/install_container/go2_description/share/go2_description/xacro/robot.xacro\n'}
[0.556352] (go2_description) StdoutLine: {'line': b'-- Up-to-date: /workspace/repo/install_container/go2_description/share/go2_description/xacro/transmission.xacro\n'}
[0.556473] (go2_description) StdoutLine: {'line': b'-- Up-to-date: /workspace/repo/install_container/go2_description/share/go2_description/xacro/const.xacro\n'}
[0.556590] (go2_description) StdoutLine: {'line': b'-- Up-to-date: /workspace/repo/install_container/go2_description/share/go2_description/xacro/gazebo.xacro\n'}
[0.556705] (go2_description) StdoutLine: {'line': b'-- Up-to-date: /workspace/repo/install_container/go2_description/share/go2_description/xacro/leg.xacro\n'}
[0.556823] (go2_description) StdoutLine: {'line': b'-- Up-to-date: /workspace/repo/install_container/go2_description/share/go2_description/launch\n'}
[0.556941] (go2_description) StdoutLine: {'line': b'-- Up-to-date: /workspace/repo/install_container/go2_description/share/go2_description/launch/base_link_bridge.launch.py\n'}
[0.557063] (go2_description) StdoutLine: {'line': b'-- Up-to-date: /workspace/repo/install_container/go2_description/share/go2_description/launch/__pycache__\n'}
[0.557179] (go2_description) StdoutLine: {'line': b'-- Up-to-date: /workspace/repo/install_container/go2_description/share/go2_description/launch/__pycache__/robot_state_publisher.launch.cpython-38.pyc\n'}
[0.557300] (go2_description) StdoutLine: {'line': b'-- Up-to-date: /workspace/repo/install_container/go2_description/share/go2_description/launch/__pycache__/base_link_bridge.launch.cpython-38.pyc\n'}
[0.557420] (go2_description) StdoutLine: {'line': b'-- Up-to-date: /workspace/repo/install_container/go2_description/share/go2_description/launch/robot_state_publisher.launch.py\n'}
[0.557949] (go2_description) StdoutLine: {'line': b'-- Up-to-date: /workspace/repo/install_container/go2_description/share/ament_index/resource_index/package_run_dependencies/go2_description\n'}
[0.558236] (go2_description) StdoutLine: {'line': b'-- Up-to-date: /workspace/repo/install_container/go2_description/share/ament_index/resource_index/parent_prefix_path/go2_description\n'}
[0.558618] (go2_description) StdoutLine: {'line': b'-- Up-to-date: /workspace/repo/install_container/go2_description/share/go2_description/environment/ament_prefix_path.sh\n'}
[0.559168] (go2_description) StdoutLine: {'line': b'-- Up-to-date: /workspace/repo/install_container/go2_description/share/go2_description/environment/ament_prefix_path.dsv\n'}
[0.560358] (go2_description) StdoutLine: {'line': b'-- Up-to-date: /workspace/repo/install_container/go2_description/share/go2_description/environment/path.sh\n'}
[0.560546] (go2_description) StdoutLine: {'line': b'-- Up-to-date: /workspace/repo/install_container/go2_description/share/go2_description/environment/path.dsv\n'}
[0.560791] (go2_description) StdoutLine: {'line': b'-- Up-to-date: /workspace/repo/install_container/go2_description/share/go2_description/local_setup.bash\n'}
[0.561144] (go2_description) StdoutLine: {'line': b'-- Up-to-date: /workspace/repo/install_container/go2_description/share/go2_description/local_setup.sh\n'}
[0.561336] (go2_description) StdoutLine: {'line': b'-- Up-to-date: /workspace/repo/install_container/go2_description/share/go2_description/local_setup.zsh\n'}
[0.561735] (go2_description) StdoutLine: {'line': b'-- Up-to-date: /workspace/repo/install_container/go2_description/share/go2_description/local_setup.dsv\n'}
[0.561902] (go2_description) StdoutLine: {'line': b'-- Installing: /workspace/repo/install_container/go2_description/share/go2_description/package.dsv\n'}
[0.562251] (go2_description) StdoutLine: {'line': b'-- Up-to-date: /workspace/repo/install_container/go2_description/share/ament_index/resource_index/packages/go2_description\n'}
[0.562846] (go2_description) StdoutLine: {'line': b'-- Up-to-date: /workspace/repo/install_container/go2_description/share/go2_description/cmake/go2_descriptionConfig.cmake\n'}
[0.563074] (go2_description) StdoutLine: {'line': b'-- Up-to-date: /workspace/repo/install_container/go2_description/share/go2_description/cmake/go2_descriptionConfig-version.cmake\n'}
[0.563800] (go2_description) StdoutLine: {'line': b'-- Up-to-date: /workspace/repo/install_container/go2_description/share/go2_description/package.xml\n'}
[0.564097] (go2_description) CommandEnded: {'returncode': 0}
[0.600855] (-) TimerEvent: {}
[0.612749] (go2_description) JobEnded: {'identifier': 'go2_description', 'rc': 0}
[0.682806] (go2_apportation_msgs) StdoutLine: {'line': b'running egg_info\n'}
[0.684355] (go2_apportation_msgs) StdoutLine: {'line': b'writing go2_apportation_msgs.egg-info/PKG-INFO\n'}
[0.684855] (go2_apportation_msgs) StdoutLine: {'line': b'writing dependency_links to go2_apportation_msgs.egg-info/dependency_links.txt\n'}
[0.685308] (go2_apportation_msgs) StdoutLine: {'line': b'writing top-level names to go2_apportation_msgs.egg-info/top_level.txt\n'}
[0.690834] (go2_apportation_msgs) StdoutLine: {'line': b"reading manifest file 'go2_apportation_msgs.egg-info/SOURCES.txt'\n"}
[0.692124] (go2_apportation_msgs) StdoutLine: {'line': b"writing manifest file 'go2_apportation_msgs.egg-info/SOURCES.txt'\n"}
[0.701026] (-) TimerEvent: {}
[0.762512] (go2_apportation_msgs) StdoutLine: {'line': b'[100%] Built target ament_cmake_python_build_go2_apportation_msgs_egg\n'}
[0.785664] (go2_apportation_msgs) CommandEnded: {'returncode': 0}
[0.787820] (go2_apportation_msgs) JobProgress: {'identifier': 'go2_apportation_msgs', 'progress': 'install'}
[0.788540] (go2_apportation_msgs) Command: {'cmd': ['/usr/bin/cmake', '--install', '/workspace/repo/build_container/go2_apportation_msgs'], 'cwd': '/workspace/repo/build_container/go2_apportation_msgs', 'env': OrderedDict([('HOSTNAME', 'ubuntu'), ('SHLVL', '0'), ('LD_LIBRARY_PATH', '/opt/ros/humble/lib/aarch64-linux-gnu:/opt/ros/humble/lib'), ('HOME', '/tmp'), ('ROS_PYTHON_VERSION', '3'), ('ROS_DISTRO', 'humble'), ('_', '/usr/bin/colcon'), ('ROS_VERSION', '2'), ('ROS_LOCALHOST_ONLY', '0'), ('PATH', '/opt/ros/humble/bin:/usr/local/sbin:/usr/local/bin:/usr/sbin:/usr/bin:/sbin:/bin'), ('LANG', 'C.UTF-8'), ('AMENT_PREFIX_PATH', '/opt/ros/humble'), ('PWD', '/workspace/repo/build_container/go2_apportation_msgs'), ('LC_ALL', 'C.UTF-8'), ('PYTHONPATH', '/opt/ros/humble/lib/python3.10/site-packages:/opt/ros/humble/local/lib/python3.10/dist-packages'), ('COLCON', '1')]), 'shell': False}
[0.801118] (-) TimerEvent: {}
[0.815040] (go2_apportation_msgs) StdoutLine: {'line': b'-- Install configuration: ""\n'}
[0.815479] (go2_apportation_msgs) StdoutLine: {'line': b'-- Up-to-date: /workspace/repo/install_container/go2_apportation_msgs/share/ament_index/resource_index/rosidl_interfaces/go2_apportation_msgs\n'}
[0.815763] (go2_apportation_msgs) StdoutLine: {'line': b'-- Up-to-date: /workspace/repo/install_container/go2_apportation_msgs/include/go2_apportation_msgs/go2_apportation_msgs\n'}
[0.815932] (go2_apportation_msgs) StdoutLine: {'line': b'-- Up-to-date: /workspace/repo/install_container/go2_apportation_msgs/include/go2_apportation_msgs/go2_apportation_msgs/msg\n'}
[0.816067] (go2_apportation_msgs) StdoutLine: {'line': b'-- Up-to-date: /workspace/repo/install_container/go2_apportation_msgs/include/go2_apportation_msgs/go2_apportation_msgs/msg/detection3_d_array.h\n'}
[0.816195] (go2_apportation_msgs) StdoutLine: {'line': b'-- Up-to-date: /workspace/repo/install_container/go2_apportation_msgs/include/go2_apportation_msgs/go2_apportation_msgs/msg/rosidl_generator_c__visibility_control.h\n'}
[0.816322] (go2_apportation_msgs) StdoutLine: {'line': b'-- Up-to-date: /workspace/repo/install_container/go2_apportation_msgs/include/go2_apportation_msgs/go2_apportation_msgs/msg/detail\n'}
[0.816444] (go2_apportation_msgs) StdoutLine: {'line': b'-- Up-to-date: /workspace/repo/install_container/go2_apportation_msgs/include/go2_apportation_msgs/go2_apportation_msgs/msg/detail/detection3_d_array__functions.h\n'}
[0.816563] (go2_apportation_msgs) StdoutLine: {'line': b'-- Up-to-date: /workspace/repo/install_container/go2_apportation_msgs/include/go2_apportation_msgs/go2_apportation_msgs/msg/detail/detection3_d_array__functions.c\n'}
[0.816680] (go2_apportation_msgs) StdoutLine: {'line': b'-- Up-to-date: /workspace/repo/install_container/go2_apportation_msgs/include/go2_apportation_msgs/go2_apportation_msgs/msg/detail/detection3_d_array__type_support.h\n'}
[0.816794] (go2_apportation_msgs) StdoutLine: {'line': b'-- Up-to-date: /workspace/repo/install_container/go2_apportation_msgs/include/go2_apportation_msgs/go2_apportation_msgs/msg/detail/object_state__type_support.h\n'}
[0.816907] (go2_apportation_msgs) StdoutLine: {'line': b'-- Up-to-date: /workspace/repo/install_container/go2_apportation_msgs/include/go2_apportation_msgs/go2_apportation_msgs/msg/detail/throw_status__struct.h\n'}
[0.817020] (go2_apportation_msgs) StdoutLine: {'line': b'-- Up-to-date: /workspace/repo/install_container/go2_apportation_msgs/include/go2_apportation_msgs/go2_apportation_msgs/msg/detail/object_state__struct.h\n'}
[0.817132] (go2_apportation_msgs) StdoutLine: {'line': b'-- Up-to-date: /workspace/repo/install_container/go2_apportation_msgs/include/go2_apportation_msgs/go2_apportation_msgs/msg/detail/throw_status__functions.h\n'}
[0.817273] (go2_apportation_msgs) StdoutLine: {'line': b'-- Up-to-date: /workspace/repo/install_container/go2_apportation_msgs/include/go2_apportation_msgs/go2_apportation_msgs/msg/detail/throw_status__functions.c\n'}
[0.817394] (go2_apportation_msgs) StdoutLine: {'line': b'-- Up-to-date: /workspace/repo/install_container/go2_apportation_msgs/include/go2_apportation_msgs/go2_apportation_msgs/msg/detail/object_state__functions.h\n'}
[0.817510] (go2_apportation_msgs) StdoutLine: {'line': b'-- Up-to-date: /workspace/repo/install_container/go2_apportation_msgs/include/go2_apportation_msgs/go2_apportation_msgs/msg/detail/throw_status__type_support.h\n'}
[0.817629] (go2_apportation_msgs) StdoutLine: {'line': b'-- Up-to-date: /workspace/repo/install_container/go2_apportation_msgs/include/go2_apportation_msgs/go2_apportation_msgs/msg/detail/detection3_d__struct.h\n'}
[0.817744] (go2_apportation_msgs) StdoutLine: {'line': b'-- Up-to-date: /workspace/repo/install_container/go2_apportation_msgs/include/go2_apportation_msgs/go2_apportation_msgs/msg/detail/detection3_d__functions.h\n'}
[0.817911] (go2_apportation_msgs) StdoutLine: {'line': b'-- Up-to-date: /workspace/repo/install_container/go2_apportation_msgs/include/go2_apportation_msgs/go2_apportation_msgs/msg/detail/object_state__functions.c\n'}
[0.818026] (go2_apportation_msgs) StdoutLine: {'line': b'-- Up-to-date: /workspace/repo/install_container/go2_apportation_msgs/include/go2_apportation_msgs/go2_apportation_msgs/msg/detail/detection3_d__type_support.h\n'}
[0.818168] (go2_apportation_msgs) StdoutLine: {'line': b'-- Up-to-date: /workspace/repo/install_container/go2_apportation_msgs/include/go2_apportation_msgs/go2_apportation_msgs/msg/detail/detection3_d_array__struct.h\n'}
[0.818287] (go2_apportation_msgs) StdoutLine: {'line': b'-- Up-to-date: /workspace/repo/install_container/go2_apportation_msgs/include/go2_apportation_msgs/go2_apportation_msgs/msg/detail/detection3_d__functions.c\n'}
[0.818405] (go2_apportation_msgs) StdoutLine: {'line': b'-- Up-to-date: /workspace/repo/install_container/go2_apportation_msgs/include/go2_apportation_msgs/go2_apportation_msgs/msg/throw_status.h\n'}
[0.818560] (go2_apportation_msgs) StdoutLine: {'line': b'-- Up-to-date: /workspace/repo/install_container/go2_apportation_msgs/include/go2_apportation_msgs/go2_apportation_msgs/msg/detection3_d.h\n'}
[0.818693] (go2_apportation_msgs) StdoutLine: {'line': b'-- Up-to-date: /workspace/repo/install_container/go2_apportation_msgs/include/go2_apportation_msgs/go2_apportation_msgs/msg/object_state.h\n'}
[0.818813] (go2_apportation_msgs) StdoutLine: {'line': b'-- Up-to-date: /workspace/repo/install_container/go2_apportation_msgs/include/go2_apportation_msgs/go2_apportation_msgs/srv\n'}
[0.818942] (go2_apportation_msgs) StdoutLine: {'line': b'-- Up-to-date: /workspace/repo/install_container/go2_apportation_msgs/include/go2_apportation_msgs/go2_apportation_msgs/srv/release_object.h\n'}
[0.819066] (go2_apportation_msgs) StdoutLine: {'line': b'-- Up-to-date: /workspace/repo/install_container/go2_apportation_msgs/include/go2_apportation_msgs/go2_apportation_msgs/srv/detail\n'}
[0.819223] (go2_apportation_msgs) StdoutLine: {'line': b'-- Up-to-date: /workspace/repo/install_container/go2_apportation_msgs/include/go2_apportation_msgs/go2_apportation_msgs/srv/detail/release_object__functions.c\n'}
[0.819344] (go2_apportation_msgs) StdoutLine: {'line': b'-- Up-to-date: /workspace/repo/install_container/go2_apportation_msgs/include/go2_apportation_msgs/go2_apportation_msgs/srv/detail/release_object__functions.h\n'}
[0.819462] (go2_apportation_msgs) StdoutLine: {'line': b'-- Up-to-date: /workspace/repo/install_container/go2_apportation_msgs/include/go2_apportation_msgs/go2_apportation_msgs/srv/detail/release_object__struct.h\n'}
[0.819580] (go2_apportation_msgs) StdoutLine: {'line': b'-- Up-to-date: /workspace/repo/install_container/go2_apportation_msgs/include/go2_apportation_msgs/go2_apportation_msgs/srv/detail/release_object__type_support.h\n'}
[0.819697] (go2_apportation_msgs) StdoutLine: {'line': b'-- Up-to-date: /workspace/repo/install_container/go2_apportation_msgs/include/go2_apportation_msgs/go2_apportation_msgs/action\n'}
[0.819816] (go2_apportation_msgs) StdoutLine: {'line': b'-- Up-to-date: /workspace/repo/install_container/go2_apportation_msgs/include/go2_apportation_msgs/go2_apportation_msgs/action/pick_object.h\n'}
[0.819931] (go2_apportation_msgs) StdoutLine: {'line': b'-- Up-to-date: /workspace/repo/install_container/go2_apportation_msgs/include/go2_apportation_msgs/go2_apportation_msgs/action/detail\n'}
[0.820077] (go2_apportation_msgs) StdoutLine: {'line': b'-- Up-to-date: /workspace/repo/install_container/go2_apportation_msgs/include/go2_apportation_msgs/go2_apportation_msgs/action/detail/pick_object__type_support.h\n'}
[0.820196] (go2_apportation_msgs) StdoutLine: {'line': b'-- Up-to-date: /workspace/repo/install_container/go2_apportation_msgs/include/go2_apportation_msgs/go2_apportation_msgs/action/detail/pick_object__functions.h\n'}
[0.820308] (go2_apportation_msgs) StdoutLine: {'line': b'-- Up-to-date: /workspace/repo/install_container/go2_apportation_msgs/include/go2_apportation_msgs/go2_apportation_msgs/action/detail/pick_object__struct.h\n'}
[0.820421] (go2_apportation_msgs) StdoutLine: {'line': b'-- Up-to-date: /workspace/repo/install_container/go2_apportation_msgs/include/go2_apportation_msgs/go2_apportation_msgs/action/detail/pick_object__functions.c\n'}
[0.820553] (go2_apportation_msgs) StdoutLine: {'line': b'-- Up-to-date: /workspace/repo/install_container/go2_apportation_msgs/share/go2_apportation_msgs/environment/library_path.sh\n'}
[0.820732] (go2_apportation_msgs) StdoutLine: {'line': b'-- Up-to-date: /workspace/repo/install_container/go2_apportation_msgs/share/go2_apportation_msgs/environment/library_path.dsv\n'}
[0.820856] (go2_apportation_msgs) StdoutLine: {'line': b'-- Up-to-date: /workspace/repo/install_container/go2_apportation_msgs/lib/libgo2_apportation_msgs__rosidl_generator_c.so\n'}
[0.820976] (go2_apportation_msgs) StdoutLine: {'line': b'-- Up-to-date: /workspace/repo/install_container/go2_apportation_msgs/include/go2_apportation_msgs/go2_apportation_msgs\n'}
[0.821096] (go2_apportation_msgs) StdoutLine: {'line': b'-- Up-to-date: /workspace/repo/install_container/go2_apportation_msgs/include/go2_apportation_msgs/go2_apportation_msgs/msg\n'}
[0.821209] (go2_apportation_msgs) StdoutLine: {'line': b'-- Up-to-date: /workspace/repo/install_container/go2_apportation_msgs/include/go2_apportation_msgs/go2_apportation_msgs/msg/rosidl_typesupport_fastrtps_c__visibility_control.h\n'}
[0.821324] (go2_apportation_msgs) StdoutLine: {'line': b'-- Up-to-date: /workspace/repo/install_container/go2_apportation_msgs/include/go2_apportation_msgs/go2_apportation_msgs/msg/detail\n'}
[0.821476] (go2_apportation_msgs) StdoutLine: {'line': b'-- Up-to-date: /workspace/repo/install_container/go2_apportation_msgs/include/go2_apportation_msgs/go2_apportation_msgs/msg/detail/object_state__rosidl_typesupport_fastrtps_c.h\n'}
[0.821598] (go2_apportation_msgs) StdoutLine: {'line': b'-- Up-to-date: /workspace/repo/install_container/go2_apportation_msgs/include/go2_apportation_msgs/go2_apportation_msgs/msg/detail/detection3_d__rosidl_typesupport_fastrtps_c.h\n'}
[0.821712] (go2_apportation_msgs) StdoutLine: {'line': b'-- Up-to-date: /workspace/repo/install_container/go2_apportation_msgs/include/go2_apportation_msgs/go2_apportation_msgs/msg/detail/throw_status__rosidl_typesupport_fastrtps_c.h\n'}
[0.821826] (go2_apportation_msgs) StdoutLine: {'line': b'-- Up-to-date: /workspace/repo/install_container/go2_apportation_msgs/include/go2_apportation_msgs/go2_apportation_msgs/msg/detail/detection3_d_array__rosidl_typesupport_fastrtps_c.h\n'}
[0.821941] (go2_apportation_msgs) StdoutLine: {'line': b'-- Up-to-date: /workspace/repo/install_container/go2_apportation_msgs/include/go2_apportation_msgs/go2_apportation_msgs/srv\n'}
[0.822089] (go2_apportation_msgs) StdoutLine: {'line': b'-- Up-to-date: /workspace/repo/install_container/go2_apportation_msgs/include/go2_apportation_msgs/go2_apportation_msgs/srv/detail\n'}
[0.822204] (go2_apportation_msgs) StdoutLine: {'line': b'-- Up-to-date: /workspace/repo/install_container/go2_apportation_msgs/include/go2_apportation_msgs/go2_apportation_msgs/srv/detail/release_object__rosidl_typesupport_fastrtps_c.h\n'}
[0.822319] (go2_apportation_msgs) StdoutLine: {'line': b'-- Up-to-date: /workspace/repo/install_container/go2_apportation_msgs/include/go2_apportation_msgs/go2_apportation_msgs/action\n'}
[0.822434] (go2_apportation_msgs) StdoutLine: {'line': b'-- Up-to-date: /workspace/repo/install_container/go2_apportation_msgs/include/go2_apportation_msgs/go2_apportation_msgs/action/detail\n'}
[0.822547] (go2_apportation_msgs) StdoutLine: {'line': b'-- Up-to-date: /workspace/repo/install_container/go2_apportation_msgs/include/go2_apportation_msgs/go2_apportation_msgs/action/detail/pick_object__rosidl_typesupport_fastrtps_c.h\n'}
[0.822659] (go2_apportation_msgs) StdoutLine: {'line': b'-- Up-to-date: /workspace/repo/install_container/go2_apportation_msgs/lib/libgo2_apportation_msgs__rosidl_typesupport_fastrtps_c.so\n'}
[0.822771] (go2_apportation_msgs) StdoutLine: {'line': b'-- Up-to-date: /workspace/repo/install_container/go2_apportation_msgs/include/go2_apportation_msgs/go2_apportation_msgs\n'}
[0.822880] (go2_apportation_msgs) StdoutLine: {'line': b'-- Up-to-date: /workspace/repo/install_container/go2_apportation_msgs/include/go2_apportation_msgs/go2_apportation_msgs/msg\n'}
[0.823025] (go2_apportation_msgs) StdoutLine: {'line': b'-- Up-to-date: /workspace/repo/install_container/go2_apportation_msgs/include/go2_apportation_msgs/go2_apportation_msgs/msg/detail\n'}
[0.823159] (go2_apportation_msgs) StdoutLine: {'line': b'-- Up-to-date: /workspace/repo/install_container/go2_apportation_msgs/include/go2_apportation_msgs/go2_apportation_msgs/msg/detail/object_state__rosidl_typesupport_introspection_c.h\n'}
[0.823275] (go2_apportation_msgs) StdoutLine: {'line': b'-- Up-to-date: /workspace/repo/install_container/go2_apportation_msgs/include/go2_apportation_msgs/go2_apportation_msgs/msg/detail/detection3_d_array__rosidl_typesupport_introspection_c.h\n'}
[0.823388] (go2_apportation_msgs) StdoutLine: {'line': b'-- Up-to-date: /workspace/repo/install_container/go2_apportation_msgs/include/go2_apportation_msgs/go2_apportation_msgs/msg/detail/throw_status__type_support.c\n'}
[0.823502] (go2_apportation_msgs) StdoutLine: {'line': b'-- Up-to-date: /workspace/repo/install_container/go2_apportation_msgs/include/go2_apportation_msgs/go2_apportation_msgs/msg/detail/throw_status__rosidl_typesupport_introspection_c.h\n'}
[0.823630] (go2_apportation_msgs) StdoutLine: {'line': b'-- Up-to-date: /workspace/repo/install_container/go2_apportation_msgs/include/go2_apportation_msgs/go2_apportation_msgs/msg/detail/detection3_d__type_support.c\n'}
[0.823751] (go2_apportation_msgs) StdoutLine: {'line': b'-- Up-to-date: /workspace/repo/install_container/go2_apportation_msgs/include/go2_apportation_msgs/go2_apportation_msgs/msg/detail/detection3_d__rosidl_typesupport_introspection_c.h\n'}
[0.823867] (go2_apportation_msgs) StdoutLine: {'line': b'-- Up-to-date: /workspace/repo/install_container/go2_apportation_msgs/include/go2_apportation_msgs/go2_apportation_msgs/msg/detail/detection3_d_array__type_support.c\n'}
[0.823983] (go2_apportation_msgs) StdoutLine: {'line': b'-- Up-to-date: /workspace/repo/install_container/go2_apportation_msgs/include/go2_apportation_msgs/go2_apportation_msgs/msg/detail/object_state__type_support.c\n'}
[0.824096] (go2_apportation_msgs) StdoutLine: {'line': b'-- Up-to-date: /workspace/repo/install_container/go2_apportation_msgs/include/go2_apportation_msgs/go2_apportation_msgs/msg/rosidl_typesupport_introspection_c__visibility_control.h\n'}
[0.824207] (go2_apportation_msgs) StdoutLine: {'line': b'-- Up-to-date: /workspace/repo/install_container/go2_apportation_msgs/include/go2_apportation_msgs/go2_apportation_msgs/srv\n'}
[0.824317] (go2_apportation_msgs) StdoutLine: {'line': b'-- Up-to-date: /workspace/repo/install_container/go2_apportation_msgs/include/go2_apportation_msgs/go2_apportation_msgs/srv/detail\n'}
[0.824426] (go2_apportation_msgs) StdoutLine: {'line': b'-- Up-to-date: /workspace/repo/install_container/go2_apportation_msgs/include/go2_apportation_msgs/go2_apportation_msgs/srv/detail/release_object__rosidl_typesupport_introspection_c.h\n'}
[0.824569] (go2_apportation_msgs) StdoutLine: {'line': b'-- Up-to-date: /workspace/repo/install_container/go2_apportation_msgs/include/go2_apportation_msgs/go2_apportation_msgs/srv/detail/release_object__type_support.c\n'}
[0.824685] (go2_apportation_msgs) StdoutLine: {'line': b'-- Up-to-date: /workspace/repo/install_container/go2_apportation_msgs/include/go2_apportation_msgs/go2_apportation_msgs/action\n'}
[0.824800] (go2_apportation_msgs) StdoutLine: {'line': b'-- Up-to-date: /workspace/repo/install_container/go2_apportation_msgs/include/go2_apportation_msgs/go2_apportation_msgs/action/detail\n'}
[0.824914] (go2_apportation_msgs) StdoutLine: {'line': b'-- Up-to-date: /workspace/repo/install_container/go2_apportation_msgs/include/go2_apportation_msgs/go2_apportation_msgs/action/detail/pick_object__rosidl_typesupport_introspection_c.h\n'}
[0.825027] (go2_apportation_msgs) StdoutLine: {'line': b'-- Up-to-date: /workspace/repo/install_container/go2_apportation_msgs/include/go2_apportation_msgs/go2_apportation_msgs/action/detail/pick_object__type_support.c\n'}
[0.825137] (go2_apportation_msgs) StdoutLine: {'line': b'-- Up-to-date: /workspace/repo/install_container/go2_apportation_msgs/lib/libgo2_apportation_msgs__rosidl_typesupport_introspection_c.so\n'}
[0.825267] (go2_apportation_msgs) StdoutLine: {'line': b'-- Up-to-date: /workspace/repo/install_container/go2_apportation_msgs/lib/libgo2_apportation_msgs__rosidl_typesupport_c.so\n'}
[0.825382] (go2_apportation_msgs) StdoutLine: {'line': b'-- Up-to-date: /workspace/repo/install_container/go2_apportation_msgs/include/go2_apportation_msgs/go2_apportation_msgs\n'}
[0.825495] (go2_apportation_msgs) StdoutLine: {'line': b'-- Up-to-date: /workspace/repo/install_container/go2_apportation_msgs/include/go2_apportation_msgs/go2_apportation_msgs/msg\n'}
[0.825608] (go2_apportation_msgs) StdoutLine: {'line': b'-- Up-to-date: /workspace/repo/install_container/go2_apportation_msgs/include/go2_apportation_msgs/go2_apportation_msgs/msg/detection3_d.hpp\n'}
[0.825721] (go2_apportation_msgs) StdoutLine: {'line': b'-- Up-to-date: /workspace/repo/install_container/go2_apportation_msgs/include/go2_apportation_msgs/go2_apportation_msgs/msg/detection3_d_array.hpp\n'}
[0.825835] (go2_apportation_msgs) StdoutLine: {'line': b'-- Up-to-date: /workspace/repo/install_container/go2_apportation_msgs/include/go2_apportation_msgs/go2_apportation_msgs/msg/detail\n'}
[0.825950] (go2_apportation_msgs) StdoutLine: {'line': b'-- Up-to-date: /workspace/repo/install_container/go2_apportation_msgs/include/go2_apportation_msgs/go2_apportation_msgs/msg/detail/detection3_d_array__type_support.hpp\n'}
[0.826060] (go2_apportation_msgs) StdoutLine: {'line': b'-- Up-to-date: /workspace/repo/install_container/go2_apportation_msgs/include/go2_apportation_msgs/go2_apportation_msgs/msg/detail/detection3_d__type_support.hpp\n'}
[0.826169] (go2_apportation_msgs) StdoutLine: {'line': b'-- Up-to-date: /workspace/repo/install_container/go2_apportation_msgs/include/go2_apportation_msgs/go2_apportation_msgs/msg/detail/throw_status__type_support.hpp\n'}
[0.826280] (go2_apportation_msgs) StdoutLine: {'line': b'-- Up-to-date: /workspace/repo/install_container/go2_apportation_msgs/include/go2_apportation_msgs/go2_apportation_msgs/msg/detail/detection3_d_array__builder.hpp\n'}
[0.826388] (go2_apportation_msgs) StdoutLine: {'line': b'-- Up-to-date: /workspace/repo/install_container/go2_apportation_msgs/include/go2_apportation_msgs/go2_apportation_msgs/msg/detail/throw_status__struct.hpp\n'}
[0.826498] (go2_apportation_msgs) StdoutLine: {'line': b'-- Up-to-date: /workspace/repo/install_container/go2_apportation_msgs/include/go2_apportation_msgs/go2_apportation_msgs/msg/detail/detection3_d__builder.hpp\n'}
[0.826623] (go2_apportation_msgs) StdoutLine: {'line': b'-- Up-to-date: /workspace/repo/install_container/go2_apportation_msgs/include/go2_apportation_msgs/go2_apportation_msgs/msg/detail/object_state__type_support.hpp\n'}
[0.826743] (go2_apportation_msgs) StdoutLine: {'line': b'-- Up-to-date: /workspace/repo/install_container/go2_apportation_msgs/include/go2_apportation_msgs/go2_apportation_msgs/msg/detail/detection3_d__struct.hpp\n'}
[0.826853] (go2_apportation_msgs) StdoutLine: {'line': b'-- Up-to-date: /workspace/repo/install_container/go2_apportation_msgs/include/go2_apportation_msgs/go2_apportation_msgs/msg/detail/detection3_d_array__traits.hpp\n'}
[0.827003] (go2_apportation_msgs) StdoutLine: {'line': b'-- Up-to-date: /workspace/repo/install_container/go2_apportation_msgs/include/go2_apportation_msgs/go2_apportation_msgs/msg/detail/throw_status__traits.hpp\n'}
[0.827121] (go2_apportation_msgs) StdoutLine: {'line': b'-- Up-to-date: /workspace/repo/install_container/go2_apportation_msgs/include/go2_apportation_msgs/go2_apportation_msgs/msg/detail/object_state__builder.hpp\n'}
[0.827968] (go2_apportation_msgs) StdoutLine: {'line': b'-- Up-to-date: /workspace/repo/install_container/go2_apportation_msgs/include/go2_apportation_msgs/go2_apportation_msgs/msg/detail/detection3_d_array__struct.hpp\n'}
[0.828107] (go2_apportation_msgs) StdoutLine: {'line': b'-- Up-to-date: /workspace/repo/install_container/go2_apportation_msgs/include/go2_apportation_msgs/go2_apportation_msgs/msg/detail/object_state__struct.hpp\n'}
[0.828233] (go2_apportation_msgs) StdoutLine: {'line': b'-- Up-to-date: /workspace/repo/install_container/go2_apportation_msgs/include/go2_apportation_msgs/go2_apportation_msgs/msg/detail/detection3_d__traits.hpp\n'}
[0.828395] (go2_apportation_msgs) StdoutLine: {'line': b'-- Up-to-date: /workspace/repo/install_container/go2_apportation_msgs/include/go2_apportation_msgs/go2_apportation_msgs/msg/detail/throw_status__builder.hpp\n'}
[0.828516] (go2_apportation_msgs) StdoutLine: {'line': b'-- Up-to-date: /workspace/repo/install_container/go2_apportation_msgs/include/go2_apportation_msgs/go2_apportation_msgs/msg/detail/object_state__traits.hpp\n'}
[0.828680] (go2_apportation_msgs) StdoutLine: {'line': b'-- Up-to-date: /workspace/repo/install_container/go2_apportation_msgs/include/go2_apportation_msgs/go2_apportation_msgs/msg/object_state.hpp\n'}
[0.828818] (go2_apportation_msgs) StdoutLine: {'line': b'-- Up-to-date: /workspace/repo/install_container/go2_apportation_msgs/include/go2_apportation_msgs/go2_apportation_msgs/msg/throw_status.hpp\n'}
[0.828941] (go2_apportation_msgs) StdoutLine: {'line': b'-- Up-to-date: /workspace/repo/install_container/go2_apportation_msgs/include/go2_apportation_msgs/go2_apportation_msgs/msg/rosidl_generator_cpp__visibility_control.hpp\n'}
[0.829062] (go2_apportation_msgs) StdoutLine: {'line': b'-- Up-to-date: /workspace/repo/install_container/go2_apportation_msgs/include/go2_apportation_msgs/go2_apportation_msgs/srv\n'}
[0.829184] (go2_apportation_msgs) StdoutLine: {'line': b'-- Up-to-date: /workspace/repo/install_container/go2_apportation_msgs/include/go2_apportation_msgs/go2_apportation_msgs/srv/release_object.hpp\n'}
[0.829304] (go2_apportation_msgs) StdoutLine: {'line': b'-- Up-to-date: /workspace/repo/install_container/go2_apportation_msgs/include/go2_apportation_msgs/go2_apportation_msgs/srv/detail\n'}
[0.829420] (go2_apportation_msgs) StdoutLine: {'line': b'-- Up-to-date: /workspace/repo/install_container/go2_apportation_msgs/include/go2_apportation_msgs/go2_apportation_msgs/srv/detail/release_object__builder.hpp\n'}
[0.829537] (go2_apportation_msgs) StdoutLine: {'line': b'-- Up-to-date: /workspace/repo/install_container/go2_apportation_msgs/include/go2_apportation_msgs/go2_apportation_msgs/srv/detail/release_object__type_support.hpp\n'}
[0.829651] (go2_apportation_msgs) StdoutLine: {'line': b'-- Up-to-date: /workspace/repo/install_container/go2_apportation_msgs/include/go2_apportation_msgs/go2_apportation_msgs/srv/detail/release_object__traits.hpp\n'}
[0.829766] (go2_apportation_msgs) StdoutLine: {'line': b'-- Up-to-date: /workspace/repo/install_container/go2_apportation_msgs/include/go2_apportation_msgs/go2_apportation_msgs/srv/detail/release_object__struct.hpp\n'}
[0.829878] (go2_apportation_msgs) StdoutLine: {'line': b'-- Up-to-date: /workspace/repo/install_container/go2_apportation_msgs/include/go2_apportation_msgs/go2_apportation_msgs/action\n'}
[0.829991] (go2_apportation_msgs) StdoutLine: {'line': b'-- Up-to-date: /workspace/repo/install_container/go2_apportation_msgs/include/go2_apportation_msgs/go2_apportation_msgs/action/detail\n'}
[0.830104] (go2_apportation_msgs) StdoutLine: {'line': b'-- Up-to-date: /workspace/repo/install_container/go2_apportation_msgs/include/go2_apportation_msgs/go2_apportation_msgs/action/detail/pick_object__traits.hpp\n'}
[0.830218] (go2_apportation_msgs) StdoutLine: {'line': b'-- Up-to-date: /workspace/repo/install_container/go2_apportation_msgs/include/go2_apportation_msgs/go2_apportation_msgs/action/detail/pick_object__builder.hpp\n'}
[0.830333] (go2_apportation_msgs) StdoutLine: {'line': b'-- Up-to-date: /workspace/repo/install_container/go2_apportation_msgs/include/go2_apportation_msgs/go2_apportation_msgs/action/detail/pick_object__struct.hpp\n'}
[0.830470] (go2_apportation_msgs) StdoutLine: {'line': b'-- Up-to-date: /workspace/repo/install_container/go2_apportation_msgs/include/go2_apportation_msgs/go2_apportation_msgs/action/detail/pick_object__type_support.hpp\n'}
[0.830590] (go2_apportation_msgs) StdoutLine: {'line': b'-- Up-to-date: /workspace/repo/install_container/go2_apportation_msgs/include/go2_apportation_msgs/go2_apportation_msgs/action/pick_object.hpp\n'}
[0.830722] (go2_apportation_msgs) StdoutLine: {'line': b'-- Up-to-date: /workspace/repo/install_container/go2_apportation_msgs/include/go2_apportation_msgs/go2_apportation_msgs\n'}
[0.830838] (go2_apportation_msgs) StdoutLine: {'line': b'-- Up-to-date: /workspace/repo/install_container/go2_apportation_msgs/include/go2_apportation_msgs/go2_apportation_msgs/msg\n'}
[0.830991] (go2_apportation_msgs) StdoutLine: {'line': b'-- Up-to-date: /workspace/repo/install_container/go2_apportation_msgs/include/go2_apportation_msgs/go2_apportation_msgs/msg/rosidl_typesupport_fastrtps_cpp__visibility_control.h\n'}
[0.831119] (go2_apportation_msgs) StdoutLine: {'line': b'-- Up-to-date: /workspace/repo/install_container/go2_apportation_msgs/include/go2_apportation_msgs/go2_apportation_msgs/msg/detail\n'}
[0.831236] (go2_apportation_msgs) StdoutLine: {'line': b'-- Up-to-date: /workspace/repo/install_container/go2_apportation_msgs/include/go2_apportation_msgs/go2_apportation_msgs/msg/detail/detection3_d__rosidl_typesupport_fastrtps_cpp.hpp\n'}
[0.831351] (go2_apportation_msgs) StdoutLine: {'line': b'-- Up-to-date: /workspace/repo/install_container/go2_apportation_msgs/include/go2_apportation_msgs/go2_apportation_msgs/msg/detail/object_state__rosidl_typesupport_fastrtps_cpp.hpp\n'}
[0.831465] (go2_apportation_msgs) StdoutLine: {'line': b'-- Up-to-date: /workspace/repo/install_container/go2_apportation_msgs/include/go2_apportation_msgs/go2_apportation_msgs/msg/detail/dds_fastrtps\n'}
[0.831577] (go2_apportation_msgs) StdoutLine: {'line': b'-- Up-to-date: /workspace/repo/install_container/go2_apportation_msgs/include/go2_apportation_msgs/go2_apportation_msgs/msg/detail/throw_status__rosidl_typesupport_fastrtps_cpp.hpp\n'}
[0.831689] (go2_apportation_msgs) StdoutLine: {'line': b'-- Up-to-date: /workspace/repo/install_container/go2_apportation_msgs/include/go2_apportation_msgs/go2_apportation_msgs/msg/detail/detection3_d_array__rosidl_typesupport_fastrtps_cpp.hpp\n'}
[0.831836] (go2_apportation_msgs) StdoutLine: {'line': b'-- Up-to-date: /workspace/repo/install_container/go2_apportation_msgs/include/go2_apportation_msgs/go2_apportation_msgs/srv\n'}
[0.831954] (go2_apportation_msgs) StdoutLine: {'line': b'-- Up-to-date: /workspace/repo/install_container/go2_apportation_msgs/include/go2_apportation_msgs/go2_apportation_msgs/srv/detail\n'}
[0.832068] (go2_apportation_msgs) StdoutLine: {'line': b'-- Up-to-date: /workspace/repo/install_container/go2_apportation_msgs/include/go2_apportation_msgs/go2_apportation_msgs/srv/detail/release_object__rosidl_typesupport_fastrtps_cpp.hpp\n'}
[0.832179] (go2_apportation_msgs) StdoutLine: {'line': b'-- Up-to-date: /workspace/repo/install_container/go2_apportation_msgs/include/go2_apportation_msgs/go2_apportation_msgs/srv/detail/dds_fastrtps\n'}
[0.832292] (go2_apportation_msgs) StdoutLine: {'line': b'-- Up-to-date: /workspace/repo/install_container/go2_apportation_msgs/include/go2_apportation_msgs/go2_apportation_msgs/action\n'}
[0.832404] (go2_apportation_msgs) StdoutLine: {'line': b'-- Up-to-date: /workspace/repo/install_container/go2_apportation_msgs/include/go2_apportation_msgs/go2_apportation_msgs/action/detail\n'}
[0.832515] (go2_apportation_msgs) StdoutLine: {'line': b'-- Up-to-date: /workspace/repo/install_container/go2_apportation_msgs/include/go2_apportation_msgs/go2_apportation_msgs/action/detail/dds_fastrtps\n'}
[0.832626] (go2_apportation_msgs) StdoutLine: {'line': b'-- Up-to-date: /workspace/repo/install_container/go2_apportation_msgs/include/go2_apportation_msgs/go2_apportation_msgs/action/detail/pick_object__rosidl_typesupport_fastrtps_cpp.hpp\n'}
[0.832738] (go2_apportation_msgs) StdoutLine: {'line': b'-- Up-to-date: /workspace/repo/install_container/go2_apportation_msgs/lib/libgo2_apportation_msgs__rosidl_typesupport_fastrtps_cpp.so\n'}
[0.832853] (go2_apportation_msgs) StdoutLine: {'line': b'-- Up-to-date: /workspace/repo/install_container/go2_apportation_msgs/include/go2_apportation_msgs/go2_apportation_msgs\n'}
[0.832986] (go2_apportation_msgs) StdoutLine: {'line': b'-- Up-to-date: /workspace/repo/install_container/go2_apportation_msgs/include/go2_apportation_msgs/go2_apportation_msgs/msg\n'}
[0.833104] (go2_apportation_msgs) StdoutLine: {'line': b'-- Up-to-date: /workspace/repo/install_container/go2_apportation_msgs/include/go2_apportation_msgs/go2_apportation_msgs/msg/detail\n'}
[0.833220] (go2_apportation_msgs) StdoutLine: {'line': b'-- Up-to-date: /workspace/repo/install_container/go2_apportation_msgs/include/go2_apportation_msgs/go2_apportation_msgs/msg/detail/throw_status__type_support.cpp\n'}
[0.833336] (go2_apportation_msgs) StdoutLine: {'line': b'-- Up-to-date: /workspace/repo/install_container/go2_apportation_msgs/include/go2_apportation_msgs/go2_apportation_msgs/msg/detail/detection3_d__rosidl_typesupport_introspection_cpp.hpp\n'}
[0.833452] (go2_apportation_msgs) StdoutLine: {'line': b'-- Up-to-date: /workspace/repo/install_container/go2_apportation_msgs/include/go2_apportation_msgs/go2_apportation_msgs/msg/detail/object_state__type_support.cpp\n'}
[0.833584] (go2_apportation_msgs) StdoutLine: {'line': b'-- Up-to-date: /workspace/repo/install_container/go2_apportation_msgs/include/go2_apportation_msgs/go2_apportation_msgs/msg/detail/object_state__rosidl_typesupport_introspection_cpp.hpp\n'}
[0.833701] (go2_apportation_msgs) StdoutLine: {'line': b'-- Up-to-date: /workspace/repo/install_container/go2_apportation_msgs/include/go2_apportation_msgs/go2_apportation_msgs/msg/detail/detection3_d_array__type_support.cpp\n'}
[0.833816] (go2_apportation_msgs) StdoutLine: {'line': b'-- Up-to-date: /workspace/repo/install_container/go2_apportation_msgs/include/go2_apportation_msgs/go2_apportation_msgs/msg/detail/detection3_d__type_support.cpp\n'}
[0.833929] (go2_apportation_msgs) StdoutLine: {'line': b'-- Up-to-date: /workspace/repo/install_container/go2_apportation_msgs/include/go2_apportation_msgs/go2_apportation_msgs/msg/detail/throw_status__rosidl_typesupport_introspection_cpp.hpp\n'}
[0.834043] (go2_apportation_msgs) StdoutLine: {'line': b'-- Up-to-date: /workspace/repo/install_container/go2_apportation_msgs/include/go2_apportation_msgs/go2_apportation_msgs/msg/detail/detection3_d_array__rosidl_typesupport_introspection_cpp.hpp\n'}
[0.834157] (go2_apportation_msgs) StdoutLine: {'line': b'-- Up-to-date: /workspace/repo/install_container/go2_apportation_msgs/include/go2_apportation_msgs/go2_apportation_msgs/srv\n'}
[0.834269] (go2_apportation_msgs) StdoutLine: {'line': b'-- Up-to-date: /workspace/repo/install_container/go2_apportation_msgs/include/go2_apportation_msgs/go2_apportation_msgs/srv/detail\n'}
[0.834381] (go2_apportation_msgs) StdoutLine: {'line': b'-- Up-to-date: /workspace/repo/install_container/go2_apportation_msgs/include/go2_apportation_msgs/go2_apportation_msgs/srv/detail/release_object__type_support.cpp\n'}
[0.834493] (go2_apportation_msgs) StdoutLine: {'line': b'-- Up-to-date: /workspace/repo/install_container/go2_apportation_msgs/include/go2_apportation_msgs/go2_apportation_msgs/srv/detail/release_object__rosidl_typesupport_introspection_cpp.hpp\n'}
[0.834606] (go2_apportation_msgs) StdoutLine: {'line': b'-- Up-to-date: /workspace/repo/install_container/go2_apportation_msgs/include/go2_apportation_msgs/go2_apportation_msgs/action\n'}
[0.834718] (go2_apportation_msgs) StdoutLine: {'line': b'-- Up-to-date: /workspace/repo/install_container/go2_apportation_msgs/include/go2_apportation_msgs/go2_apportation_msgs/action/detail\n'}
[0.834831] (go2_apportation_msgs) StdoutLine: {'line': b'-- Up-to-date: /workspace/repo/install_container/go2_apportation_msgs/include/go2_apportation_msgs/go2_apportation_msgs/action/detail/pick_object__rosidl_typesupport_introspection_cpp.hpp\n'}
[0.835016] (go2_apportation_msgs) StdoutLine: {'line': b'-- Up-to-date: /workspace/repo/install_container/go2_apportation_msgs/include/go2_apportation_msgs/go2_apportation_msgs/action/detail/pick_object__type_support.cpp\n'}
[0.835141] (go2_apportation_msgs) StdoutLine: {'line': b'-- Up-to-date: /workspace/repo/install_container/go2_apportation_msgs/lib/libgo2_apportation_msgs__rosidl_typesupport_introspection_cpp.so\n'}
[0.835277] (go2_apportation_msgs) StdoutLine: {'line': b'-- Up-to-date: /workspace/repo/install_container/go2_apportation_msgs/lib/libgo2_apportation_msgs__rosidl_typesupport_cpp.so\n'}
[0.835394] (go2_apportation_msgs) StdoutLine: {'line': b'-- Up-to-date: /workspace/repo/install_container/go2_apportation_msgs/share/go2_apportation_msgs/environment/pythonpath.sh\n'}
[0.835509] (go2_apportation_msgs) StdoutLine: {'line': b'-- Up-to-date: /workspace/repo/install_container/go2_apportation_msgs/share/go2_apportation_msgs/environment/pythonpath.dsv\n'}
[0.835623] (go2_apportation_msgs) StdoutLine: {'line': b'-- Up-to-date: /workspace/repo/install_container/go2_apportation_msgs/local/lib/python3.10/dist-packages/go2_apportation_msgs-0.0.0-py3.10.egg-info\n'}
[0.835737] (go2_apportation_msgs) StdoutLine: {'line': b'-- Installing: /workspace/repo/install_container/go2_apportation_msgs/local/lib/python3.10/dist-packages/go2_apportation_msgs-0.0.0-py3.10.egg-info/top_level.txt\n'}
[0.835850] (go2_apportation_msgs) StdoutLine: {'line': b'-- Installing: /workspace/repo/install_container/go2_apportation_msgs/local/lib/python3.10/dist-packages/go2_apportation_msgs-0.0.0-py3.10.egg-info/PKG-INFO\n'}
[0.835964] (go2_apportation_msgs) StdoutLine: {'line': b'-- Installing: /workspace/repo/install_container/go2_apportation_msgs/local/lib/python3.10/dist-packages/go2_apportation_msgs-0.0.0-py3.10.egg-info/dependency_links.txt\n'}
[0.836077] (go2_apportation_msgs) StdoutLine: {'line': b'-- Installing: /workspace/repo/install_container/go2_apportation_msgs/local/lib/python3.10/dist-packages/go2_apportation_msgs-0.0.0-py3.10.egg-info/SOURCES.txt\n'}
[0.836189] (go2_apportation_msgs) StdoutLine: {'line': b'-- Up-to-date: /workspace/repo/install_container/go2_apportation_msgs/local/lib/python3.10/dist-packages/go2_apportation_msgs\n'}
[0.836300] (go2_apportation_msgs) StdoutLine: {'line': b'-- Up-to-date: /workspace/repo/install_container/go2_apportation_msgs/local/lib/python3.10/dist-packages/go2_apportation_msgs/_go2_apportation_msgs_s.ep.rosidl_typesupport_c.c\n'}
[0.836417] (go2_apportation_msgs) StdoutLine: {'line': b'-- Up-to-date: /workspace/repo/install_container/go2_apportation_msgs/local/lib/python3.10/dist-packages/go2_apportation_msgs/go2_apportation_msgs_s__rosidl_typesupport_c.cpython-310-aarch64-linux-gnu.so\n'}
[0.836554] (go2_apportation_msgs) StdoutLine: {'line': b'-- Up-to-date: /workspace/repo/install_container/go2_apportation_msgs/local/lib/python3.10/dist-packages/go2_apportation_msgs/_go2_apportation_msgs_s.ep.rosidl_typesupport_fastrtps_c.c\n'}
[0.836675] (go2_apportation_msgs) StdoutLine: {'line': b'-- Up-to-date: /workspace/repo/install_container/go2_apportation_msgs/local/lib/python3.10/dist-packages/go2_apportation_msgs/__init__.py\n'}
[0.836791] (go2_apportation_msgs) StdoutLine: {'line': b'-- Up-to-date: /workspace/repo/install_container/go2_apportation_msgs/local/lib/python3.10/dist-packages/go2_apportation_msgs/msg\n'}
[0.836907] (go2_apportation_msgs) StdoutLine: {'line': b'-- Up-to-date: /workspace/repo/install_container/go2_apportation_msgs/local/lib/python3.10/dist-packages/go2_apportation_msgs/msg/_throw_status_s.c\n'}
[0.837023] (go2_apportation_msgs) StdoutLine: {'line': b'-- Up-to-date: /workspace/repo/install_container/go2_apportation_msgs/local/lib/python3.10/dist-packages/go2_apportation_msgs/msg/_detection3_d_array.py\n'}
[0.837136] (go2_apportation_msgs) StdoutLine: {'line': b'-- Up-to-date: /workspace/repo/install_container/go2_apportation_msgs/local/lib/python3.10/dist-packages/go2_apportation_msgs/msg/_detection3_d_array_s.c\n'}
[0.837249] (go2_apportation_msgs) StdoutLine: {'line': b'-- Up-to-date: /workspace/repo/install_container/go2_apportation_msgs/local/lib/python3.10/dist-packages/go2_apportation_msgs/msg/_throw_status.py\n'}
[0.837363] (go2_apportation_msgs) StdoutLine: {'line': b'-- Up-to-date: /workspace/repo/install_container/go2_apportation_msgs/local/lib/python3.10/dist-packages/go2_apportation_msgs/msg/__init__.py\n'}
[0.837499] (go2_apportation_msgs) StdoutLine: {'line': b'-- Up-to-date: /workspace/repo/install_container/go2_apportation_msgs/local/lib/python3.10/dist-packages/go2_apportation_msgs/msg/_detection3_d.py\n'}
[0.837616] (go2_apportation_msgs) StdoutLine: {'line': b'-- Up-to-date: /workspace/repo/install_container/go2_apportation_msgs/local/lib/python3.10/dist-packages/go2_apportation_msgs/msg/_object_state.py\n'}
[0.837731] (go2_apportation_msgs) StdoutLine: {'line': b'-- Up-to-date: /workspace/repo/install_container/go2_apportation_msgs/local/lib/python3.10/dist-packages/go2_apportation_msgs/msg/_detection3_d_s.c\n'}
[0.837847] (go2_apportation_msgs) StdoutLine: {'line': b'-- Up-to-date: /workspace/repo/install_container/go2_apportation_msgs/local/lib/python3.10/dist-packages/go2_apportation_msgs/msg/_object_state_s.c\n'}
[0.837962] (go2_apportation_msgs) StdoutLine: {'line': b'-- Up-to-date: /workspace/repo/install_container/go2_apportation_msgs/local/lib/python3.10/dist-packages/go2_apportation_msgs/go2_apportation_msgs_s__rosidl_typesupport_fastrtps_c.cpython-310-aarch64-linux-gnu.so\n'}
[0.838079] (go2_apportation_msgs) StdoutLine: {'line': b'-- Up-to-date: /workspace/repo/install_container/go2_apportation_msgs/local/lib/python3.10/dist-packages/go2_apportation_msgs/srv\n'}
[0.838220] (go2_apportation_msgs) StdoutLine: {'line': b'-- Up-to-date: /workspace/repo/install_container/go2_apportation_msgs/local/lib/python3.10/dist-packages/go2_apportation_msgs/srv/_release_object_s.c\n'}
[0.838339] (go2_apportation_msgs) StdoutLine: {'line': b'-- Up-to-date: /workspace/repo/install_container/go2_apportation_msgs/local/lib/python3.10/dist-packages/go2_apportation_msgs/srv/_release_object.py\n'}
[0.838453] (go2_apportation_msgs) StdoutLine: {'line': b'-- Up-to-date: /workspace/repo/install_container/go2_apportation_msgs/local/lib/python3.10/dist-packages/go2_apportation_msgs/srv/__init__.py\n'}
[0.838569] (go2_apportation_msgs) StdoutLine: {'line': b'-- Up-to-date: /workspace/repo/install_container/go2_apportation_msgs/local/lib/python3.10/dist-packages/go2_apportation_msgs/libgo2_apportation_msgs__rosidl_generator_py.so\n'}
[0.838687] (go2_apportation_msgs) StdoutLine: {'line': b'-- Up-to-date: /workspace/repo/install_container/go2_apportation_msgs/local/lib/python3.10/dist-packages/go2_apportation_msgs/_go2_apportation_msgs_s.ep.rosidl_typesupport_introspection_c.c\n'}
[0.838805] (go2_apportation_msgs) StdoutLine: {'line': b'-- Up-to-date: /workspace/repo/install_container/go2_apportation_msgs/local/lib/python3.10/dist-packages/go2_apportation_msgs/go2_apportation_msgs_s__rosidl_typesupport_introspection_c.cpython-310-aarch64-linux-gnu.so\n'}
[0.838944] (go2_apportation_msgs) StdoutLine: {'line': b'-- Up-to-date: /workspace/repo/install_container/go2_apportation_msgs/local/lib/python3.10/dist-packages/go2_apportation_msgs/action\n'}
[0.839075] (go2_apportation_msgs) StdoutLine: {'line': b'-- Up-to-date: /workspace/repo/install_container/go2_apportation_msgs/local/lib/python3.10/dist-packages/go2_apportation_msgs/action/_pick_object.py\n'}
[0.839193] (go2_apportation_msgs) StdoutLine: {'line': b'-- Up-to-date: /workspace/repo/install_container/go2_apportation_msgs/local/lib/python3.10/dist-packages/go2_apportation_msgs/action/__init__.py\n'}
[0.839312] (go2_apportation_msgs) StdoutLine: {'line': b'-- Up-to-date: /workspace/repo/install_container/go2_apportation_msgs/local/lib/python3.10/dist-packages/go2_apportation_msgs/action/_pick_object_s.c\n'}
[0.888640] (go2_apportation_msgs) StdoutLine: {'line': b"Listing '/workspace/repo/install_container/go2_apportation_msgs/local/lib/python3.10/dist-packages/go2_apportation_msgs'...\n"}
[0.889117] (go2_apportation_msgs) StdoutLine: {'line': b"Listing '/workspace/repo/install_container/go2_apportation_msgs/local/lib/python3.10/dist-packages/go2_apportation_msgs/action'...\n"}
[0.889280] (go2_apportation_msgs) StdoutLine: {'line': b"Listing '/workspace/repo/install_container/go2_apportation_msgs/local/lib/python3.10/dist-packages/go2_apportation_msgs/msg'...\n"}
[0.889417] (go2_apportation_msgs) StdoutLine: {'line': b"Listing '/workspace/repo/install_container/go2_apportation_msgs/local/lib/python3.10/dist-packages/go2_apportation_msgs/srv'...\n"}
[0.900201] (go2_apportation_msgs) StdoutLine: {'line': b'-- Up-to-date: /workspace/repo/install_container/go2_apportation_msgs/local/lib/python3.10/dist-packages/go2_apportation_msgs/go2_apportation_msgs_s__rosidl_typesupport_fastrtps_c.cpython-310-aarch64-linux-gnu.so\n'}
[0.900673] (go2_apportation_msgs) StdoutLine: {'line': b'-- Up-to-date: /workspace/repo/install_container/go2_apportation_msgs/local/lib/python3.10/dist-packages/go2_apportation_msgs/go2_apportation_msgs_s__rosidl_typesupport_introspection_c.cpython-310-aarch64-linux-gnu.so\n'}
[0.901209] (-) TimerEvent: {}
[0.901388] (go2_apportation_msgs) StdoutLine: {'line': b'-- Up-to-date: /workspace/repo/install_container/go2_apportation_msgs/local/lib/python3.10/dist-packages/go2_apportation_msgs/go2_apportation_msgs_s__rosidl_typesupport_c.cpython-310-aarch64-linux-gnu.so\n'}
[0.901864] (go2_apportation_msgs) StdoutLine: {'line': b'-- Up-to-date: /workspace/repo/install_container/go2_apportation_msgs/lib/libgo2_apportation_msgs__rosidl_generator_py.so\n'}
[0.902237] (go2_apportation_msgs) StdoutLine: {'line': b'-- Up-to-date: /workspace/repo/install_container/go2_apportation_msgs/share/go2_apportation_msgs/msg/Detection3D.idl\n'}
[0.902815] (go2_apportation_msgs) StdoutLine: {'line': b'-- Up-to-date: /workspace/repo/install_container/go2_apportation_msgs/share/go2_apportation_msgs/msg/Detection3DArray.idl\n'}
[0.903241] (go2_apportation_msgs) StdoutLine: {'line': b'-- Up-to-date: /workspace/repo/install_container/go2_apportation_msgs/share/go2_apportation_msgs/msg/ObjectState.idl\n'}
[0.903617] (go2_apportation_msgs) StdoutLine: {'line': b'-- Up-to-date: /workspace/repo/install_container/go2_apportation_msgs/share/go2_apportation_msgs/msg/ThrowStatus.idl\n'}
[0.904088] (go2_apportation_msgs) StdoutLine: {'line': b'-- Up-to-date: /workspace/repo/install_container/go2_apportation_msgs/share/go2_apportation_msgs/action/PickObject.idl\n'}
[0.904546] (go2_apportation_msgs) StdoutLine: {'line': b'-- Up-to-date: /workspace/repo/install_container/go2_apportation_msgs/share/go2_apportation_msgs/srv/ReleaseObject.idl\n'}
[0.904969] (go2_apportation_msgs) StdoutLine: {'line': b'-- Up-to-date: /workspace/repo/install_container/go2_apportation_msgs/share/go2_apportation_msgs/msg/Detection3D.msg\n'}
[0.905103] (go2_apportation_msgs) StdoutLine: {'line': b'-- Up-to-date: /workspace/repo/install_container/go2_apportation_msgs/share/go2_apportation_msgs/msg/Detection3DArray.msg\n'}
[0.905227] (go2_apportation_msgs) StdoutLine: {'line': b'-- Up-to-date: /workspace/repo/install_container/go2_apportation_msgs/share/go2_apportation_msgs/msg/ObjectState.msg\n'}
[0.905343] (go2_apportation_msgs) StdoutLine: {'line': b'-- Up-to-date: /workspace/repo/install_container/go2_apportation_msgs/share/go2_apportation_msgs/msg/ThrowStatus.msg\n'}
[0.905603] (go2_apportation_msgs) StdoutLine: {'line': b'-- Up-to-date: /workspace/repo/install_container/go2_apportation_msgs/share/go2_apportation_msgs/action/PickObject.action\n'}
[0.905891] (go2_apportation_msgs) StdoutLine: {'line': b'-- Up-to-date: /workspace/repo/install_container/go2_apportation_msgs/share/go2_apportation_msgs/srv/ReleaseObject.srv\n'}
[0.906094] (go2_apportation_msgs) StdoutLine: {'line': b'-- Up-to-date: /workspace/repo/install_container/go2_apportation_msgs/share/go2_apportation_msgs/srv/ReleaseObject_Request.msg\n'}
[0.906301] (go2_apportation_msgs) StdoutLine: {'line': b'-- Up-to-date: /workspace/repo/install_container/go2_apportation_msgs/share/go2_apportation_msgs/srv/ReleaseObject_Response.msg\n'}
[0.906582] (go2_apportation_msgs) StdoutLine: {'line': b'-- Up-to-date: /workspace/repo/install_container/go2_apportation_msgs/share/ament_index/resource_index/package_run_dependencies/go2_apportation_msgs\n'}
[0.906793] (go2_apportation_msgs) StdoutLine: {'line': b'-- Up-to-date: /workspace/repo/install_container/go2_apportation_msgs/share/ament_index/resource_index/parent_prefix_path/go2_apportation_msgs\n'}
[0.907027] (go2_apportation_msgs) StdoutLine: {'line': b'-- Up-to-date: /workspace/repo/install_container/go2_apportation_msgs/share/go2_apportation_msgs/environment/ament_prefix_path.sh\n'}
[0.907244] (go2_apportation_msgs) StdoutLine: {'line': b'-- Up-to-date: /workspace/repo/install_container/go2_apportation_msgs/share/go2_apportation_msgs/environment/ament_prefix_path.dsv\n'}
[0.907529] (go2_apportation_msgs) StdoutLine: {'line': b'-- Up-to-date: /workspace/repo/install_container/go2_apportation_msgs/share/go2_apportation_msgs/environment/path.sh\n'}
[0.907736] (go2_apportation_msgs) StdoutLine: {'line': b'-- Up-to-date: /workspace/repo/install_container/go2_apportation_msgs/share/go2_apportation_msgs/environment/path.dsv\n'}
[0.907944] (go2_apportation_msgs) StdoutLine: {'line': b'-- Up-to-date: /workspace/repo/install_container/go2_apportation_msgs/share/go2_apportation_msgs/local_setup.bash\n'}
[0.908253] (go2_apportation_msgs) StdoutLine: {'line': b'-- Up-to-date: /workspace/repo/install_container/go2_apportation_msgs/share/go2_apportation_msgs/local_setup.sh\n'}
[0.908559] (go2_apportation_msgs) StdoutLine: {'line': b'-- Up-to-date: /workspace/repo/install_container/go2_apportation_msgs/share/go2_apportation_msgs/local_setup.zsh\n'}
[0.908919] (go2_apportation_msgs) StdoutLine: {'line': b'-- Up-to-date: /workspace/repo/install_container/go2_apportation_msgs/share/go2_apportation_msgs/local_setup.dsv\n'}
[0.909286] (go2_apportation_msgs) StdoutLine: {'line': b'-- Installing: /workspace/repo/install_container/go2_apportation_msgs/share/go2_apportation_msgs/package.dsv\n'}
[0.909731] (go2_apportation_msgs) StdoutLine: {'line': b'-- Up-to-date: /workspace/repo/install_container/go2_apportation_msgs/share/ament_index/resource_index/packages/go2_apportation_msgs\n'}
[0.909858] (go2_apportation_msgs) StdoutLine: {'line': b'-- Up-to-date: /workspace/repo/install_container/go2_apportation_msgs/share/go2_apportation_msgs/cmake/export_go2_apportation_msgs__rosidl_generator_cExport.cmake\n'}
[0.909979] (go2_apportation_msgs) StdoutLine: {'line': b'-- Up-to-date: /workspace/repo/install_container/go2_apportation_msgs/share/go2_apportation_msgs/cmake/export_go2_apportation_msgs__rosidl_generator_cExport-noconfig.cmake\n'}
[0.910095] (go2_apportation_msgs) StdoutLine: {'line': b'-- Up-to-date: /workspace/repo/install_container/go2_apportation_msgs/share/go2_apportation_msgs/cmake/export_go2_apportation_msgs__rosidl_typesupport_fastrtps_cExport.cmake\n'}
[0.910215] (go2_apportation_msgs) StdoutLine: {'line': b'-- Up-to-date: /workspace/repo/install_container/go2_apportation_msgs/share/go2_apportation_msgs/cmake/export_go2_apportation_msgs__rosidl_typesupport_fastrtps_cExport-noconfig.cmake\n'}
[0.910331] (go2_apportation_msgs) StdoutLine: {'line': b'-- Up-to-date: /workspace/repo/install_container/go2_apportation_msgs/share/go2_apportation_msgs/cmake/go2_apportation_msgs__rosidl_typesupport_introspection_cExport.cmake\n'}
[0.910443] (go2_apportation_msgs) StdoutLine: {'line': b'-- Up-to-date: /workspace/repo/install_container/go2_apportation_msgs/share/go2_apportation_msgs/cmake/go2_apportation_msgs__rosidl_typesupport_introspection_cExport-noconfig.cmake\n'}
[0.910557] (go2_apportation_msgs) StdoutLine: {'line': b'-- Up-to-date: /workspace/repo/install_container/go2_apportation_msgs/share/go2_apportation_msgs/cmake/go2_apportation_msgs__rosidl_typesupport_cExport.cmake\n'}
[0.910670] (go2_apportation_msgs) StdoutLine: {'line': b'-- Up-to-date: /workspace/repo/install_container/go2_apportation_msgs/share/go2_apportation_msgs/cmake/go2_apportation_msgs__rosidl_typesupport_cExport-noconfig.cmake\n'}
[0.910783] (go2_apportation_msgs) StdoutLine: {'line': b'-- Up-to-date: /workspace/repo/install_container/go2_apportation_msgs/share/go2_apportation_msgs/cmake/export_go2_apportation_msgs__rosidl_generator_cppExport.cmake\n'}
[0.910896] (go2_apportation_msgs) StdoutLine: {'line': b'-- Up-to-date: /workspace/repo/install_container/go2_apportation_msgs/share/go2_apportation_msgs/cmake/export_go2_apportation_msgs__rosidl_typesupport_fastrtps_cppExport.cmake\n'}
[0.911084] (go2_apportation_msgs) StdoutLine: {'line': b'-- Up-to-date: /workspace/repo/install_container/go2_apportation_msgs/share/go2_apportation_msgs/cmake/export_go2_apportation_msgs__rosidl_typesupport_fastrtps_cppExport-noconfig.cmake\n'}
[0.911211] (go2_apportation_msgs) StdoutLine: {'line': b'-- Up-to-date: /workspace/repo/install_container/go2_apportation_msgs/share/go2_apportation_msgs/cmake/go2_apportation_msgs__rosidl_typesupport_introspection_cppExport.cmake\n'}
[0.911330] (go2_apportation_msgs) StdoutLine: {'line': b'-- Up-to-date: /workspace/repo/install_container/go2_apportation_msgs/share/go2_apportation_msgs/cmake/go2_apportation_msgs__rosidl_typesupport_introspection_cppExport-noconfig.cmake\n'}
[0.911478] (go2_apportation_msgs) StdoutLine: {'line': b'-- Up-to-date: /workspace/repo/install_container/go2_apportation_msgs/share/go2_apportation_msgs/cmake/go2_apportation_msgs__rosidl_typesupport_cppExport.cmake\n'}
[0.911597] (go2_apportation_msgs) StdoutLine: {'line': b'-- Up-to-date: /workspace/repo/install_container/go2_apportation_msgs/share/go2_apportation_msgs/cmake/go2_apportation_msgs__rosidl_typesupport_cppExport-noconfig.cmake\n'}
[0.911715] (go2_apportation_msgs) StdoutLine: {'line': b'-- Up-to-date: /workspace/repo/install_container/go2_apportation_msgs/share/go2_apportation_msgs/cmake/export_go2_apportation_msgs__rosidl_generator_pyExport.cmake\n'}
[0.911829] (go2_apportation_msgs) StdoutLine: {'line': b'-- Up-to-date: /workspace/repo/install_container/go2_apportation_msgs/share/go2_apportation_msgs/cmake/export_go2_apportation_msgs__rosidl_generator_pyExport-noconfig.cmake\n'}
[0.911941] (go2_apportation_msgs) StdoutLine: {'line': b'-- Up-to-date: /workspace/repo/install_container/go2_apportation_msgs/share/go2_apportation_msgs/cmake/rosidl_cmake-extras.cmake\n'}
[0.912053] (go2_apportation_msgs) StdoutLine: {'line': b'-- Up-to-date: /workspace/repo/install_container/go2_apportation_msgs/share/go2_apportation_msgs/cmake/ament_cmake_export_dependencies-extras.cmake\n'}
[0.912165] (go2_apportation_msgs) StdoutLine: {'line': b'-- Up-to-date: /workspace/repo/install_container/go2_apportation_msgs/share/go2_apportation_msgs/cmake/ament_cmake_export_include_directories-extras.cmake\n'}
[0.912293] (go2_apportation_msgs) StdoutLine: {'line': b'-- Up-to-date: /workspace/repo/install_container/go2_apportation_msgs/share/go2_apportation_msgs/cmake/ament_cmake_export_libraries-extras.cmake\n'}
[0.912413] (go2_apportation_msgs) StdoutLine: {'line': b'-- Up-to-date: /workspace/repo/install_container/go2_apportation_msgs/share/go2_apportation_msgs/cmake/ament_cmake_export_targets-extras.cmake\n'}
[0.912531] (go2_apportation_msgs) StdoutLine: {'line': b'-- Up-to-date: /workspace/repo/install_container/go2_apportation_msgs/share/go2_apportation_msgs/cmake/rosidl_cmake_export_typesupport_targets-extras.cmake\n'}
[0.912647] (go2_apportation_msgs) StdoutLine: {'line': b'-- Up-to-date: /workspace/repo/install_container/go2_apportation_msgs/share/go2_apportation_msgs/cmake/rosidl_cmake_export_typesupport_libraries-extras.cmake\n'}
[0.912761] (go2_apportation_msgs) StdoutLine: {'line': b'-- Up-to-date: /workspace/repo/install_container/go2_apportation_msgs/share/go2_apportation_msgs/cmake/go2_apportation_msgsConfig.cmake\n'}
[0.912875] (go2_apportation_msgs) StdoutLine: {'line': b'-- Up-to-date: /workspace/repo/install_container/go2_apportation_msgs/share/go2_apportation_msgs/cmake/go2_apportation_msgsConfig-version.cmake\n'}
[0.912987] (go2_apportation_msgs) StdoutLine: {'line': b'-- Up-to-date: /workspace/repo/install_container/go2_apportation_msgs/share/go2_apportation_msgs/package.xml\n'}
[0.913923] (go2_apportation_msgs) CommandEnded: {'returncode': 0}
[0.955249] (go2_apportation_msgs) JobEnded: {'identifier': 'go2_apportation_msgs', 'rc': 0}
[0.957361] (go2_apportation_mocks) JobStarted: {'identifier': 'go2_apportation_mocks'}
[0.965067] (go2_apportation_orchestrator) JobStarted: {'identifier': 'go2_apportation_orchestrator'}
[1.001382] (-) TimerEvent: {}
[1.101753] (-) TimerEvent: {}
[1.202178] (-) TimerEvent: {}
[1.302637] (-) TimerEvent: {}
[1.403118] (-) TimerEvent: {}
[1.503573] (-) TimerEvent: {}
[1.603968] (-) TimerEvent: {}
[1.704341] (-) TimerEvent: {}
[1.804704] (-) TimerEvent: {}
[1.878801] (go2_tf_tools) Command: {'cmd': ['/usr/bin/python3', '-W', 'ignore:setup.py install is deprecated', '-W', 'ignore:easy_install command is deprecated', 'setup.py', 'egg_info', '--egg-base', '../../build_container/go2_tf_tools', 'build', '--build-base', '/workspace/repo/build_container/go2_tf_tools/build', 'install', '--record', '/workspace/repo/build_container/go2_tf_tools/install.log', '--single-version-externally-managed', 'install_data'], 'cwd': '/workspace/repo/src/go2_tf_tools', 'env': {'HOSTNAME': 'ubuntu', 'SHLVL': '0', 'LD_LIBRARY_PATH': '/opt/ros/humble/lib/aarch64-linux-gnu:/opt/ros/humble/lib', 'HOME': '/tmp', 'ROS_PYTHON_VERSION': '3', 'ROS_DISTRO': 'humble', '_': '/usr/bin/colcon', 'ROS_VERSION': '2', 'ROS_LOCALHOST_ONLY': '0', 'PATH': '/opt/ros/humble/bin:/usr/local/sbin:/usr/local/bin:/usr/sbin:/usr/bin:/sbin:/bin', 'LANG': 'C.UTF-8', 'AMENT_PREFIX_PATH': '/opt/ros/humble', 'PWD': '/workspace/repo/build_container/go2_tf_tools', 'LC_ALL': 'C.UTF-8', 'PYTHONPATH': '/workspace/repo/build_container/go2_tf_tools/prefix_override:/usr/lib/python3/dist-packages/colcon_core/task/python/colcon_distutils_commands:/workspace/repo/install_container/go2_tf_tools/lib/python3.10/site-packages:/opt/ros/humble/lib/python3.10/site-packages:/opt/ros/humble/local/lib/python3.10/dist-packages', 'COLCON': '1'}, 'shell': False}
[1.904864] (-) TimerEvent: {}
[2.005258] (-) TimerEvent: {}
[2.105634] (-) TimerEvent: {}
[2.205997] (-) TimerEvent: {}
[2.286969] (go2_tf_tools) StdoutLine: {'line': b'running egg_info\n'}
[2.288519] (go2_tf_tools) StdoutLine: {'line': b'writing ../../build_container/go2_tf_tools/go2_tf_tools.egg-info/PKG-INFO\n'}
[2.289132] (go2_tf_tools) StdoutLine: {'line': b'writing dependency_links to ../../build_container/go2_tf_tools/go2_tf_tools.egg-info/dependency_links.txt\n'}
[2.289557] (go2_tf_tools) StdoutLine: {'line': b'writing entry points to ../../build_container/go2_tf_tools/go2_tf_tools.egg-info/entry_points.txt\n'}
[2.289963] (go2_tf_tools) StdoutLine: {'line': b'writing requirements to ../../build_container/go2_tf_tools/go2_tf_tools.egg-info/requires.txt\n'}
[2.290300] (go2_tf_tools) StdoutLine: {'line': b'writing top-level names to ../../build_container/go2_tf_tools/go2_tf_tools.egg-info/top_level.txt\n'}
[2.294095] (go2_tf_tools) StdoutLine: {'line': b"reading manifest file '../../build_container/go2_tf_tools/go2_tf_tools.egg-info/SOURCES.txt'\n"}
[2.295519] (go2_tf_tools) StdoutLine: {'line': b"writing manifest file '../../build_container/go2_tf_tools/go2_tf_tools.egg-info/SOURCES.txt'\n"}
[2.295938] (go2_tf_tools) StdoutLine: {'line': b'running build\n'}
[2.296090] (go2_tf_tools) StdoutLine: {'line': b'running build_py\n'}
[2.296466] (go2_tf_tools) StdoutLine: {'line': b'running install\n'}
[2.297111] (go2_tf_tools) StdoutLine: {'line': b'running install_lib\n'}
[2.299935] (go2_tf_tools) StdoutLine: {'line': b'running install_data\n'}
[2.300330] (go2_tf_tools) StdoutLine: {'line': b'running install_egg_info\n'}
[2.307721] (go2_tf_tools) StdoutLine: {'line': b"removing '/workspace/repo/install_container/go2_tf_tools/lib/python3.10/site-packages/go2_tf_tools-0.0.0-py3.10.egg-info' (and everything under it)\n"}
[2.308080] (-) TimerEvent: {}
[2.308136] (go2_tf_tools) StdoutLine: {'line': b'Copying ../../build_container/go2_tf_tools/go2_tf_tools.egg-info to /workspace/repo/install_container/go2_tf_tools/lib/python3.10/site-packages/go2_tf_tools-0.0.0-py3.10.egg-info\n'}
[2.308290] (go2_tf_tools) StdoutLine: {'line': b'running install_scripts\n'}
[2.354160] (go2_tf_tools) StdoutLine: {'line': b'Installing odom_to_tf_broadcaster script to /workspace/repo/install_container/go2_tf_tools/lib/go2_tf_tools\n'}
[2.355012] (go2_tf_tools) StdoutLine: {'line': b"writing list of installed files to '/workspace/repo/build_container/go2_tf_tools/install.log'\n"}
[2.408257] (-) TimerEvent: {}
[2.433817] (go2_tf_tools) CommandEnded: {'returncode': 0}
[2.450168] (go2_tf_tools) JobEnded: {'identifier': 'go2_tf_tools', 'rc': 0}
[2.490537] (go2_apportation_mocks) Command: {'cmd': ['/usr/bin/python3', '-W', 'ignore:setup.py install is deprecated', '-W', 'ignore:easy_install command is deprecated', 'setup.py', 'egg_info', '--egg-base', '../../build_container/go2_apportation_mocks', 'build', '--build-base', '/workspace/repo/build_container/go2_apportation_mocks/build', 'install', '--record', '/workspace/repo/build_container/go2_apportation_mocks/install.log', '--single-version-externally-managed', 'install_data'], 'cwd': '/workspace/repo/src/go2_apportation_mocks', 'env': {'HOSTNAME': 'ubuntu', 'ROS_PACKAGE_PATH': '/workspace/repo/install_container/go2_apportation_msgs/share', 'SHLVL': '0', 'LD_LIBRARY_PATH': '/workspace/repo/install_container/go2_apportation_msgs/lib:/opt/ros/humble/lib/aarch64-linux-gnu:/opt/ros/humble/lib', 'HOME': '/tmp', 'ROS_PYTHON_VERSION': '3', 'ROS_DISTRO': 'humble', '_': '/usr/bin/colcon', 'ROS_VERSION': '2', 'PKG_CONFIG_PATH': '/workspace/repo/install_container/go2_apportation_msgs/lib/aarch64-linux-gnu/pkgconfig:/workspace/repo/install_container/go2_apportation_msgs/lib/pkgconfig', 'ROS_LOCALHOST_ONLY': '0', 'PATH': '/opt/ros/humble/bin:/usr/local/sbin:/usr/local/bin:/usr/sbin:/usr/bin:/sbin:/bin', 'LANG': 'C.UTF-8', 'AMENT_PREFIX_PATH': '/opt/ros/humble', 'PWD': '/workspace/repo/build_container/go2_apportation_mocks', 'LC_ALL': 'C.UTF-8', 'PYTHONPATH': '/workspace/repo/build_container/go2_apportation_mocks/prefix_override:/usr/lib/python3/dist-packages/colcon_core/task/python/colcon_distutils_commands:/workspace/repo/install_container/go2_apportation_mocks/lib/python3.10/site-packages:/workspace/repo/install_container/go2_apportation_msgs/local/lib/python3.10/dist-packages:/opt/ros/humble/lib/python3.10/site-packages:/opt/ros/humble/local/lib/python3.10/dist-packages', 'COLCON': '1', 'CMAKE_PREFIX_PATH': '/workspace/repo/install_container/go2_apportation_msgs'}, 'shell': False}
[2.508432] (-) TimerEvent: {}
[2.567952] (go2_apportation_orchestrator) Command: {'cmd': ['/usr/bin/python3', '-W', 'ignore:setup.py install is deprecated', '-W', 'ignore:easy_install command is deprecated', 'setup.py', 'egg_info', '--egg-base', '../../build_container/go2_apportation_orchestrator', 'build', '--build-base', '/workspace/repo/build_container/go2_apportation_orchestrator/build', 'install', '--record', '/workspace/repo/build_container/go2_apportation_orchestrator/install.log', '--single-version-externally-managed', 'install_data'], 'cwd': '/workspace/repo/src/go2_apportation_orchestrator', 'env': {'HOSTNAME': 'ubuntu', 'ROS_PACKAGE_PATH': '/workspace/repo/install_container/go2_apportation_msgs/share', 'SHLVL': '0', 'LD_LIBRARY_PATH': '/workspace/repo/install_container/go2_apportation_msgs/lib:/opt/ros/humble/lib/aarch64-linux-gnu:/opt/ros/humble/lib', 'HOME': '/tmp', 'ROS_PYTHON_VERSION': '3', 'ROS_DISTRO': 'humble', '_': '/usr/bin/colcon', 'ROS_VERSION': '2', 'PKG_CONFIG_PATH': '/workspace/repo/install_container/go2_apportation_msgs/lib/aarch64-linux-gnu/pkgconfig:/workspace/repo/install_container/go2_apportation_msgs/lib/pkgconfig', 'ROS_LOCALHOST_ONLY': '0', 'PATH': '/opt/ros/humble/bin:/usr/local/sbin:/usr/local/bin:/usr/sbin:/usr/bin:/sbin:/bin', 'LANG': 'C.UTF-8', 'AMENT_PREFIX_PATH': '/opt/ros/humble', 'PWD': '/workspace/repo/build_container/go2_apportation_orchestrator', 'LC_ALL': 'C.UTF-8', 'PYTHONPATH': '/workspace/repo/build_container/go2_apportation_orchestrator/prefix_override:/usr/lib/python3/dist-packages/colcon_core/task/python/colcon_distutils_commands:/workspace/repo/install_container/go2_apportation_orchestrator/lib/python3.10/site-packages:/workspace/repo/install_container/go2_apportation_msgs/local/lib/python3.10/dist-packages:/opt/ros/humble/lib/python3.10/site-packages:/opt/ros/humble/local/lib/python3.10/dist-packages', 'COLCON': '1', 'CMAKE_PREFIX_PATH': '/workspace/repo/install_container/go2_apportation_msgs'}, 'shell': False}
[2.608622] (-) TimerEvent: {}
[2.709002] (-) TimerEvent: {}
[2.809395] (-) TimerEvent: {}
[2.884496] (go2_apportation_mocks) StdoutLine: {'line': b'running egg_info\n'}
[2.885827] (go2_apportation_mocks) StdoutLine: {'line': b'writing ../../build_container/go2_apportation_mocks/go2_apportation_mocks.egg-info/PKG-INFO\n'}
[2.886498] (go2_apportation_mocks) StdoutLine: {'line': b'writing dependency_links to ../../build_container/go2_apportation_mocks/go2_apportation_mocks.egg-info/dependency_links.txt\n'}
[2.886856] (go2_apportation_mocks) StdoutLine: {'line': b'writing entry points to ../../build_container/go2_apportation_mocks/go2_apportation_mocks.egg-info/entry_points.txt\n'}
[2.887215] (go2_apportation_mocks) StdoutLine: {'line': b'writing requirements to ../../build_container/go2_apportation_mocks/go2_apportation_mocks.egg-info/requires.txt\n'}
[2.887521] (go2_apportation_mocks) StdoutLine: {'line': b'writing top-level names to ../../build_container/go2_apportation_mocks/go2_apportation_mocks.egg-info/top_level.txt\n'}
[2.890836] (go2_apportation_mocks) StdoutLine: {'line': b"reading manifest file '../../build_container/go2_apportation_mocks/go2_apportation_mocks.egg-info/SOURCES.txt'\n"}
[2.892435] (go2_apportation_mocks) StdoutLine: {'line': b"writing manifest file '../../build_container/go2_apportation_mocks/go2_apportation_mocks.egg-info/SOURCES.txt'\n"}
[2.892766] (go2_apportation_mocks) StdoutLine: {'line': b'running build\n'}
[2.892914] (go2_apportation_mocks) StdoutLine: {'line': b'running build_py\n'}
[2.893602] (go2_apportation_mocks) StdoutLine: {'line': b'running install\n'}
[2.894241] (go2_apportation_mocks) StdoutLine: {'line': b'running install_lib\n'}
[2.897166] (go2_apportation_mocks) StdoutLine: {'line': b'running install_data\n'}
[2.897511] (go2_apportation_mocks) StdoutLine: {'line': b'running install_egg_info\n'}
[2.901034] (go2_apportation_mocks) StdoutLine: {'line': b"removing '/workspace/repo/install_container/go2_apportation_mocks/lib/python3.10/site-packages/go2_apportation_mocks-0.0.0-py3.10.egg-info' (and everything under it)\n"}
[2.901931] (go2_apportation_mocks) StdoutLine: {'line': b'Copying ../../build_container/go2_apportation_mocks/go2_apportation_mocks.egg-info to /workspace/repo/install_container/go2_apportation_mocks/lib/python3.10/site-packages/go2_apportation_mocks-0.0.0-py3.10.egg-info\n'}
[2.904127] (go2_apportation_mocks) StdoutLine: {'line': b'running install_scripts\n'}
[2.909466] (-) TimerEvent: {}
[2.947919] (go2_apportation_mocks) StdoutLine: {'line': b'Installing mock_manipulation_server script to /workspace/repo/install_container/go2_apportation_mocks/lib/go2_apportation_mocks\n'}
[2.951893] (go2_apportation_mocks) StdoutLine: {'line': b'Installing mock_nav2_server script to /workspace/repo/install_container/go2_apportation_mocks/lib/go2_apportation_mocks\n'}
[2.952086] (go2_apportation_mocks) StdoutLine: {'line': b"writing list of installed files to '/workspace/repo/build_container/go2_apportation_mocks/install.log'\n"}
[2.968502] (go2_apportation_orchestrator) StdoutLine: {'line': b'running egg_info\n'}
[2.970066] (go2_apportation_orchestrator) StdoutLine: {'line': b'writing ../../build_container/go2_apportation_orchestrator/go2_apportation_orchestrator.egg-info/PKG-INFO\n'}
[2.970686] (go2_apportation_orchestrator) StdoutLine: {'line': b'writing dependency_links to ../../build_container/go2_apportation_orchestrator/go2_apportation_orchestrator.egg-info/dependency_links.txt\n'}
[2.971166] (go2_apportation_orchestrator) StdoutLine: {'line': b'writing entry points to ../../build_container/go2_apportation_orchestrator/go2_apportation_orchestrator.egg-info/entry_points.txt\n'}
[2.971520] (go2_apportation_orchestrator) StdoutLine: {'line': b'writing requirements to ../../build_container/go2_apportation_orchestrator/go2_apportation_orchestrator.egg-info/requires.txt\n'}
[2.971768] (go2_apportation_orchestrator) StdoutLine: {'line': b'writing top-level names to ../../build_container/go2_apportation_orchestrator/go2_apportation_orchestrator.egg-info/top_level.txt\n'}
[2.976704] (go2_apportation_orchestrator) StdoutLine: {'line': b"reading manifest file '../../build_container/go2_apportation_orchestrator/go2_apportation_orchestrator.egg-info/SOURCES.txt'\n"}
[2.979472] (go2_apportation_orchestrator) StdoutLine: {'line': b"writing manifest file '../../build_container/go2_apportation_orchestrator/go2_apportation_orchestrator.egg-info/SOURCES.txt'\n"}
[2.979896] (go2_apportation_orchestrator) StdoutLine: {'line': b'running build\n'}
[2.980049] (go2_apportation_orchestrator) StdoutLine: {'line': b'running build_py\n'}
[2.982974] (go2_apportation_orchestrator) StdoutLine: {'line': b'running install\n'}
[2.983754] (go2_apportation_orchestrator) StdoutLine: {'line': b'running install_lib\n'}
[2.988977] (go2_apportation_orchestrator) StdoutLine: {'line': b'running install_data\n'}
[2.989667] (go2_apportation_orchestrator) StdoutLine: {'line': b'running install_egg_info\n'}
[2.993573] (go2_apportation_orchestrator) StdoutLine: {'line': b"removing '/workspace/repo/install_container/go2_apportation_orchestrator/lib/python3.10/site-packages/go2_apportation_orchestrator-0.0.0-py3.10.egg-info' (and everything under it)\n"}
[2.994231] (go2_apportation_orchestrator) StdoutLine: {'line': b'Copying ../../build_container/go2_apportation_orchestrator/go2_apportation_orchestrator.egg-info to /workspace/repo/install_container/go2_apportation_orchestrator/lib/python3.10/site-packages/go2_apportation_orchestrator-0.0.0-py3.10.egg-info\n'}
[2.996459] (go2_apportation_orchestrator) StdoutLine: {'line': b'running install_scripts\n'}
[3.009660] (-) TimerEvent: {}
[3.019927] (go2_apportation_mocks) CommandEnded: {'returncode': 0}
[3.037283] (go2_apportation_mocks) JobEnded: {'identifier': 'go2_apportation_mocks', 'rc': 0}
[3.043965] (go2_apportation_orchestrator) StdoutLine: {'line': b'Installing orchestrator_runtime script to /workspace/repo/install_container/go2_apportation_orchestrator/lib/go2_apportation_orchestrator\n'}
[3.044578] (go2_apportation_orchestrator) StdoutLine: {'line': b'Installing orchestrator_stub script to /workspace/repo/install_container/go2_apportation_orchestrator/lib/go2_apportation_orchestrator\n'}
[3.045870] (go2_apportation_orchestrator) StdoutLine: {'line': b"writing list of installed files to '/workspace/repo/build_container/go2_apportation_orchestrator/install.log'\n"}
[3.109841] (-) TimerEvent: {}
[3.112804] (go2_apportation_orchestrator) CommandEnded: {'returncode': 0}
[3.133501] (go2_apportation_orchestrator) JobEnded: {'identifier': 'go2_apportation_orchestrator', 'rc': 0}
[3.135199] (-) EventReactorShutdown: {}
