[0.037s] Invoking command in '/workspace/repo/build_container/go2_apportation_msgs': /usr/bin/cmake /workspace/repo/src/go2_apportation_msgs -DCATKIN_INSTALL_INTO_PREFIX_ROOT=0 -DCMAKE_INSTALL_PREFIX=/workspace/repo/install_container/go2_apportation_msgs
[0.494s] -- The C compiler identification is GNU 11.4.0
[0.494s] -- The CXX compiler identification is GNU 11.4.0
[0.494s] -- Detecting C compiler ABI info
[0.520s] -- Detecting C compiler ABI info - done
[0.534s] -- Check for working C compiler: /usr/bin/cc - skipped
[0.534s] -- Detecting C compile features
[0.535s] -- Detecting C compile features - done
[0.543s] -- Detecting CXX compiler ABI info
[0.693s] -- Detecting CXX compiler ABI info - done
[0.719s] -- Check for working CXX compiler: /usr/bin/c++ - skipped
[0.719s] -- Detecting CXX compile features
[0.720s] -- Detecting CXX compile features - done
[0.730s] -- Found ament_cmake: 1.3.12 (/opt/ros/humble/share/ament_cmake/cmake)
[0.994s] -- Found Python3: /usr/bin/python3 (found version "3.10.12") found components: Interpreter 
[1.185s] -- Found rosidl_default_generators: 1.2.0 (/opt/ros/humble/share/rosidl_default_generators/cmake)
[1.191s] -- Using all available rosidl_typesupport_c: rosidl_typesupport_fastrtps_c;rosidl_typesupport_introspection_c
[1.203s] -- Found rosidl_adapter: 3.1.8 (/opt/ros/humble/share/rosidl_adapter/cmake)
[1.276s] -- Using all available rosidl_typesupport_cpp: rosidl_typesupport_fastrtps_cpp;rosidl_typesupport_introspection_cpp
[1.346s] -- Found builtin_interfaces: 1.2.2 (/opt/ros/humble/share/builtin_interfaces/cmake)
[1.373s] -- Found geometry_msgs: 4.9.0 (/opt/ros/humble/share/geometry_msgs/cmake)
[2.140s] -- Found ament_cmake_ros: 0.10.0 (/opt/ros/humble/share/ament_cmake_ros/cmake)
[2.617s] -- Using all available rosidl_typesupport_c: rosidl_typesupport_fastrtps_c;rosidl_typesupport_introspection_c
[3.230s] -- Using all available rosidl_typesupport_cpp: rosidl_typesupport_fastrtps_cpp;rosidl_typesupport_introspection_cpp
[3.265s] -- Found PythonInterp: /usr/bin/python3 (found suitable version "3.10.12", minimum required is "3.6") 
[3.268s] -- Found python_cmake_module: 0.10.0 (/opt/ros/humble/share/python_cmake_module/cmake)
[3.306s] -- Found PythonLibs: /usr/lib/aarch64-linux-gnu/libpython3.10.so (found suitable version "3.10.12", minimum required is "3.5") 
[3.307s] -- Using PYTHON_EXECUTABLE: /usr/bin/python3
[3.307s] -- Using PYTHON_INCLUDE_DIRS: /usr/include/python3.10
[3.307s] -- Using PYTHON_LIBRARIES: /usr/lib/aarch64-linux-gnu/libpython3.10.so
[3.338s] -- Found PythonExtra: .so  
[3.477s] -- Configuring done
[3.589s] -- Generating done
[3.593s] CMake Warning:
[3.593s]   Manually-specified variables were not used by the project:
[3.594s] 
[3.594s]     CATKIN_INSTALL_INTO_PREFIX_ROOT
[3.594s] 
[3.594s] 
[3.619s] -- Build files have been written to: /workspace/repo/build_container/go2_apportation_msgs
[3.643s] Invoked command in '/workspace/repo/build_container/go2_apportation_msgs' returned '0': /usr/bin/cmake /workspace/repo/src/go2_apportation_msgs -DCATKIN_INSTALL_INTO_PREFIX_ROOT=0 -DCMAKE_INSTALL_PREFIX=/workspace/repo/install_container/go2_apportation_msgs
[3.646s] Invoking command in '/workspace/repo/build_container/go2_apportation_msgs': /usr/bin/cmake --build /workspace/repo/build_container/go2_apportation_msgs -- -j6 -l6
[3.725s] [  1%] Generating C code for ROS interfaces
[3.748s] [  2%] Generating C++ code for ROS interfaces
[3.765s] [  2%] Built target ament_cmake_python_copy_go2_apportation_msgs
[4.163s] running egg_info
[4.164s] creating go2_apportation_msgs.egg-info
[4.165s] writing go2_apportation_msgs.egg-info/PKG-INFO
[4.165s] writing dependency_links to go2_apportation_msgs.egg-info/dependency_links.txt
[4.166s] writing top-level names to go2_apportation_msgs.egg-info/top_level.txt
[4.166s] writing manifest file 'go2_apportation_msgs.egg-info/SOURCES.txt'
[4.172s] reading manifest file 'go2_apportation_msgs.egg-info/SOURCES.txt'
[4.172s] writing manifest file 'go2_apportation_msgs.egg-info/SOURCES.txt'
[4.240s] [  2%] Built target ament_cmake_python_build_go2_apportation_msgs_egg
[5.416s] [  2%] Built target go2_apportation_msgs__cpp
[5.450s] [  4%] Generating C++ type support for eProsima Fast-RTPS
[5.451s] [  5%] Generating C++ type support dispatch for ROS interfaces
[5.505s] [  7%] Generating C++ introspection for ROS interfaces
[5.589s] [  8%] Building C object CMakeFiles/go2_apportation_msgs__rosidl_generator_c.dir/rosidl_generator_c/go2_apportation_msgs/msg/detail/detection3_d__functions.c.o
[5.618s] [  9%] Building C object CMakeFiles/go2_apportation_msgs__rosidl_generator_c.dir/rosidl_generator_c/go2_apportation_msgs/msg/detail/detection3_d_array__functions.c.o
[5.654s] [ 11%] Building C object CMakeFiles/go2_apportation_msgs__rosidl_generator_c.dir/rosidl_generator_c/go2_apportation_msgs/msg/detail/object_state__functions.c.o
[5.807s] [ 12%] Building C object CMakeFiles/go2_apportation_msgs__rosidl_generator_c.dir/rosidl_generator_c/go2_apportation_msgs/msg/detail/throw_status__functions.c.o
[5.842s] [ 14%] Building C object CMakeFiles/go2_apportation_msgs__rosidl_generator_c.dir/rosidl_generator_c/go2_apportation_msgs/action/detail/pick_object__functions.c.o
[5.868s] [ 15%] Building C object CMakeFiles/go2_apportation_msgs__rosidl_generator_c.dir/rosidl_generator_c/go2_apportation_msgs/srv/detail/release_object__functions.c.o
[6.160s] [ 16%] Linking C shared library libgo2_apportation_msgs__rosidl_generator_c.so
[6.240s] [ 16%] Built target go2_apportation_msgs__rosidl_generator_c
[6.261s] [ 18%] Generating C type support dispatch for ROS interfaces
[6.263s] [ 19%] Generating C introspection for ROS interfaces
[6.267s] [ 21%] Generating C type support for eProsima Fast-RTPS
[6.868s] [ 22%] Building CXX object CMakeFiles/go2_apportation_msgs__rosidl_typesupport_cpp.dir/rosidl_typesupport_cpp/go2_apportation_msgs/msg/detection3_d__type_support.cpp.o
[7.003s] [ 23%] Building CXX object CMakeFiles/go2_apportation_msgs__rosidl_typesupport_introspection_cpp.dir/rosidl_typesupport_introspection_cpp/go2_apportation_msgs/msg/detail/detection3_d__type_support.cpp.o
[7.368s] [ 25%] Building CXX object CMakeFiles/go2_apportation_msgs__rosidl_typesupport_fastrtps_cpp.dir/rosidl_typesupport_fastrtps_cpp/go2_apportation_msgs/msg/detail/dds_fastrtps/detection3_d__type_support.cpp.o
[7.429s] [ 26%] Building CXX object CMakeFiles/go2_apportation_msgs__rosidl_typesupport_c.dir/rosidl_typesupport_c/go2_apportation_msgs/msg/detection3_d__type_support.cpp.o
[7.528s] [ 28%] Building CXX object CMakeFiles/go2_apportation_msgs__rosidl_typesupport_c.dir/rosidl_typesupport_c/go2_apportation_msgs/msg/detection3_d_array__type_support.cpp.o
[7.637s] [ 29%] Building CXX object CMakeFiles/go2_apportation_msgs__rosidl_typesupport_c.dir/rosidl_typesupport_c/go2_apportation_msgs/msg/object_state__type_support.cpp.o
[7.676s] [ 30%] Building CXX object CMakeFiles/go2_apportation_msgs__rosidl_typesupport_cpp.dir/rosidl_typesupport_cpp/go2_apportation_msgs/msg/detection3_d_array__type_support.cpp.o
[7.751s] [ 32%] Building CXX object CMakeFiles/go2_apportation_msgs__rosidl_typesupport_c.dir/rosidl_typesupport_c/go2_apportation_msgs/msg/throw_status__type_support.cpp.o
[7.839s] [ 33%] Building CXX object CMakeFiles/go2_apportation_msgs__rosidl_typesupport_c.dir/rosidl_typesupport_c/go2_apportation_msgs/action/pick_object__type_support.cpp.o
[8.010s] [ 35%] Building CXX object CMakeFiles/go2_apportation_msgs__rosidl_typesupport_c.dir/rosidl_typesupport_c/go2_apportation_msgs/srv/release_object__type_support.cpp.o
[8.022s] [ 36%] Building CXX object CMakeFiles/go2_apportation_msgs__rosidl_typesupport_fastrtps_c.dir/rosidl_typesupport_fastrtps_c/go2_apportation_msgs/msg/detail/detection3_d__type_support_c.cpp.o
[8.052s] [ 38%] Building C object CMakeFiles/go2_apportation_msgs__rosidl_typesupport_introspection_c.dir/rosidl_typesupport_introspection_c/go2_apportation_msgs/msg/detail/detection3_d__type_support.c.o
[8.080s] [ 39%] Building CXX object CMakeFiles/go2_apportation_msgs__rosidl_typesupport_introspection_cpp.dir/rosidl_typesupport_introspection_cpp/go2_apportation_msgs/msg/detail/detection3_d_array__type_support.cpp.o
[8.097s] [ 40%] Linking CXX shared library libgo2_apportation_msgs__rosidl_typesupport_c.so
[8.165s] [ 42%] Building C object CMakeFiles/go2_apportation_msgs__rosidl_typesupport_introspection_c.dir/rosidl_typesupport_introspection_c/go2_apportation_msgs/msg/detail/detection3_d_array__type_support.c.o
[8.248s] [ 42%] Built target go2_apportation_msgs__rosidl_typesupport_c
[8.269s] [ 43%] Building CXX object CMakeFiles/go2_apportation_msgs__rosidl_typesupport_introspection_cpp.dir/rosidl_typesupport_introspection_cpp/go2_apportation_msgs/msg/detail/object_state__type_support.cpp.o
[8.322s] [ 45%] Building C object CMakeFiles/go2_apportation_msgs__rosidl_typesupport_introspection_c.dir/rosidl_typesupport_introspection_c/go2_apportation_msgs/msg/detail/object_state__type_support.c.o
[8.414s] [ 46%] Building CXX object CMakeFiles/go2_apportation_msgs__rosidl_typesupport_cpp.dir/rosidl_typesupport_cpp/go2_apportation_msgs/msg/object_state__type_support.cpp.o
[8.463s] [ 47%] Building C object CMakeFiles/go2_apportation_msgs__rosidl_typesupport_introspection_c.dir/rosidl_typesupport_introspection_c/go2_apportation_msgs/msg/detail/throw_status__type_support.c.o
[8.579s] [ 49%] Building CXX object CMakeFiles/go2_apportation_msgs__rosidl_typesupport_fastrtps_cpp.dir/rosidl_typesupport_fastrtps_cpp/go2_apportation_msgs/msg/detail/dds_fastrtps/detection3_d_array__type_support.cpp.o
[8.592s] [ 50%] Building C object CMakeFiles/go2_apportation_msgs__rosidl_typesupport_introspection_c.dir/rosidl_typesupport_introspection_c/go2_apportation_msgs/action/detail/pick_object__type_support.c.o
[8.754s] [ 52%] Building C object CMakeFiles/go2_apportation_msgs__rosidl_typesupport_introspection_c.dir/rosidl_typesupport_introspection_c/go2_apportation_msgs/srv/detail/release_object__type_support.c.o
[8.923s] [ 53%] Linking C shared library libgo2_apportation_msgs__rosidl_typesupport_introspection_c.so
[8.938s] [ 54%] Building CXX object CMakeFiles/go2_apportation_msgs__rosidl_typesupport_fastrtps_c.dir/rosidl_typesupport_fastrtps_c/go2_apportation_msgs/msg/detail/detection3_d_array__type_support_c.cpp.o
[9.058s] [ 54%] Built target go2_apportation_msgs__rosidl_typesupport_introspection_c
[9.080s] [ 56%] Building CXX object CMakeFiles/go2_apportation_msgs__rosidl_typesupport_fastrtps_c.dir/rosidl_typesupport_fastrtps_c/go2_apportation_msgs/msg/detail/object_state__type_support_c.cpp.o
[9.109s] [ 57%] Building CXX object CMakeFiles/go2_apportation_msgs__rosidl_typesupport_cpp.dir/rosidl_typesupport_cpp/go2_apportation_msgs/msg/throw_status__type_support.cpp.o
[9.155s] [ 59%] Building CXX object CMakeFiles/go2_apportation_msgs__rosidl_typesupport_introspection_cpp.dir/rosidl_typesupport_introspection_cpp/go2_apportation_msgs/msg/detail/throw_status__type_support.cpp.o
[9.628s] [ 60%] Building CXX object CMakeFiles/go2_apportation_msgs__rosidl_typesupport_introspection_cpp.dir/rosidl_typesupport_introspection_cpp/go2_apportation_msgs/action/detail/pick_object__type_support.cpp.o
[9.899s] [ 61%] Building CXX object CMakeFiles/go2_apportation_msgs__rosidl_typesupport_fastrtps_c.dir/rosidl_typesupport_fastrtps_c/go2_apportation_msgs/msg/detail/throw_status__type_support_c.cpp.o
[9.945s] [ 63%] Building CXX object CMakeFiles/go2_apportation_msgs__rosidl_typesupport_fastrtps_cpp.dir/rosidl_typesupport_fastrtps_cpp/go2_apportation_msgs/msg/detail/dds_fastrtps/object_state__type_support.cpp.o
[9.945s] [ 64%] Building CXX object CMakeFiles/go2_apportation_msgs__rosidl_typesupport_cpp.dir/rosidl_typesupport_cpp/go2_apportation_msgs/action/pick_object__type_support.cpp.o
[9.973s] [ 66%] Building CXX object CMakeFiles/go2_apportation_msgs__rosidl_typesupport_fastrtps_c.dir/rosidl_typesupport_fastrtps_c/go2_apportation_msgs/action/detail/pick_object__type_support_c.cpp.o
[10.117s] [ 67%] Building CXX object CMakeFiles/go2_apportation_msgs__rosidl_typesupport_introspection_cpp.dir/rosidl_typesupport_introspection_cpp/go2_apportation_msgs/srv/detail/release_object__type_support.cpp.o
[10.931s] [ 69%] Building CXX object CMakeFiles/go2_apportation_msgs__rosidl_typesupport_fastrtps_c.dir/rosidl_typesupport_fastrtps_c/go2_apportation_msgs/srv/detail/release_object__type_support_c.cpp.o
[11.060s] [ 70%] Building CXX object CMakeFiles/go2_apportation_msgs__rosidl_typesupport_fastrtps_cpp.dir/rosidl_typesupport_fastrtps_cpp/go2_apportation_msgs/msg/detail/dds_fastrtps/throw_status__type_support.cpp.o
[11.168s] [ 71%] Building CXX object CMakeFiles/go2_apportation_msgs__rosidl_typesupport_fastrtps_cpp.dir/rosidl_typesupport_fastrtps_cpp/go2_apportation_msgs/action/detail/dds_fastrtps/pick_object__type_support.cpp.o
[11.258s] [ 73%] Building CXX object CMakeFiles/go2_apportation_msgs__rosidl_typesupport_cpp.dir/rosidl_typesupport_cpp/go2_apportation_msgs/srv/release_object__type_support.cpp.o
[11.404s] [ 74%] Building CXX object CMakeFiles/go2_apportation_msgs__rosidl_typesupport_fastrtps_cpp.dir/rosidl_typesupport_fastrtps_cpp/go2_apportation_msgs/srv/detail/dds_fastrtps/release_object__type_support.cpp.o
[11.565s] [ 76%] Linking CXX shared library libgo2_apportation_msgs__rosidl_typesupport_introspection_cpp.so
[11.815s] [ 76%] Built target go2_apportation_msgs__rosidl_typesupport_introspection_cpp
[11.889s] [ 77%] Linking CXX shared library libgo2_apportation_msgs__rosidl_typesupport_fastrtps_c.so
[11.990s] [ 78%] Linking CXX shared library libgo2_apportation_msgs__rosidl_typesupport_cpp.so
[12.072s] [ 78%] Built target go2_apportation_msgs__rosidl_typesupport_fastrtps_c
[12.086s] [ 78%] Built target go2_apportation_msgs__rosidl_typesupport_cpp
[12.673s] [ 80%] Linking CXX shared library libgo2_apportation_msgs__rosidl_typesupport_fastrtps_cpp.so
[12.827s] [ 80%] Built target go2_apportation_msgs__rosidl_typesupport_fastrtps_cpp
[12.868s] [ 80%] Built target go2_apportation_msgs
[12.907s] [ 81%] Generating Python code for ROS interfaces
[15.715s] [ 81%] Built target go2_apportation_msgs__py
[15.757s] [ 83%] Building C object CMakeFiles/go2_apportation_msgs__rosidl_generator_py.dir/rosidl_generator_py/go2_apportation_msgs/msg/_object_state_s.c.o
[15.758s] [ 84%] Building C object CMakeFiles/go2_apportation_msgs__rosidl_generator_py.dir/rosidl_generator_py/go2_apportation_msgs/msg/_detection3_d_array_s.c.o
[15.763s] [ 85%] Building C object CMakeFiles/go2_apportation_msgs__rosidl_generator_py.dir/rosidl_generator_py/go2_apportation_msgs/msg/_detection3_d_s.c.o
[15.765s] [ 87%] Building C object CMakeFiles/go2_apportation_msgs__rosidl_generator_py.dir/rosidl_generator_py/go2_apportation_msgs/action/_pick_object_s.c.o
[15.773s] [ 88%] Building C object CMakeFiles/go2_apportation_msgs__rosidl_generator_py.dir/rosidl_generator_py/go2_apportation_msgs/srv/_release_object_s.c.o
[15.778s] [ 90%] Building C object CMakeFiles/go2_apportation_msgs__rosidl_generator_py.dir/rosidl_generator_py/go2_apportation_msgs/msg/_throw_status_s.c.o
[16.220s] [ 91%] Linking C shared library rosidl_generator_py/go2_apportation_msgs/libgo2_apportation_msgs__rosidl_generator_py.so
[16.305s] [ 91%] Built target go2_apportation_msgs__rosidl_generator_py
[16.348s] [ 95%] Building C object CMakeFiles/go2_apportation_msgs__rosidl_typesupport_fastrtps_c__pyext.dir/rosidl_generator_py/go2_apportation_msgs/_go2_apportation_msgs_s.ep.rosidl_typesupport_fastrtps_c.c.o
[16.348s] [ 95%] Building C object CMakeFiles/go2_apportation_msgs__rosidl_typesupport_c__pyext.dir/rosidl_generator_py/go2_apportation_msgs/_go2_apportation_msgs_s.ep.rosidl_typesupport_c.c.o
[16.349s] [ 95%] Building C object CMakeFiles/go2_apportation_msgs__rosidl_typesupport_introspection_c__pyext.dir/rosidl_generator_py/go2_apportation_msgs/_go2_apportation_msgs_s.ep.rosidl_typesupport_introspection_c.c.o
[16.734s] [ 97%] Linking C shared library rosidl_generator_py/go2_apportation_msgs/go2_apportation_msgs_s__rosidl_typesupport_c.cpython-310-aarch64-linux-gnu.so
[16.737s] [ 98%] Linking C shared library rosidl_generator_py/go2_apportation_msgs/go2_apportation_msgs_s__rosidl_typesupport_fastrtps_c.cpython-310-aarch64-linux-gnu.so
[16.737s] [100%] Linking C shared library rosidl_generator_py/go2_apportation_msgs/go2_apportation_msgs_s__rosidl_typesupport_introspection_c.cpython-310-aarch64-linux-gnu.so
[16.855s] [100%] Built target go2_apportation_msgs__rosidl_typesupport_introspection_c__pyext
[16.856s] [100%] Built target go2_apportation_msgs__rosidl_typesupport_c__pyext
[16.863s] [100%] Built target go2_apportation_msgs__rosidl_typesupport_fastrtps_c__pyext
[16.889s] Invoked command in '/workspace/repo/build_container/go2_apportation_msgs' returned '0': /usr/bin/cmake --build /workspace/repo/build_container/go2_apportation_msgs -- -j6 -l6
[16.908s] Invoking command in '/workspace/repo/build_container/go2_apportation_msgs': /usr/bin/cmake --install /workspace/repo/build_container/go2_apportation_msgs
[16.922s] -- Install configuration: ""
[16.923s] -- Installing: /workspace/repo/install_container/go2_apportation_msgs/share/ament_index/resource_index/rosidl_interfaces/go2_apportation_msgs
[16.923s] -- Installing: /workspace/repo/install_container/go2_apportation_msgs/include/go2_apportation_msgs/go2_apportation_msgs
[16.923s] -- Installing: /workspace/repo/install_container/go2_apportation_msgs/include/go2_apportation_msgs/go2_apportation_msgs/msg
[16.924s] -- Installing: /workspace/repo/install_container/go2_apportation_msgs/include/go2_apportation_msgs/go2_apportation_msgs/msg/detection3_d_array.h
[16.924s] -- Installing: /workspace/repo/install_container/go2_apportation_msgs/include/go2_apportation_msgs/go2_apportation_msgs/msg/rosidl_generator_c__visibility_control.h
[16.924s] -- Installing: /workspace/repo/install_container/go2_apportation_msgs/include/go2_apportation_msgs/go2_apportation_msgs/msg/detail
[16.924s] -- Installing: /workspace/repo/install_container/go2_apportation_msgs/include/go2_apportation_msgs/go2_apportation_msgs/msg/detail/detection3_d_array__functions.h
[16.925s] -- Installing: /workspace/repo/install_container/go2_apportation_msgs/include/go2_apportation_msgs/go2_apportation_msgs/msg/detail/detection3_d_array__functions.c
[16.925s] -- Installing: /workspace/repo/install_container/go2_apportation_msgs/include/go2_apportation_msgs/go2_apportation_msgs/msg/detail/detection3_d_array__type_support.h
[16.925s] -- Installing: /workspace/repo/install_container/go2_apportation_msgs/include/go2_apportation_msgs/go2_apportation_msgs/msg/detail/object_state__type_support.h
[16.925s] -- Installing: /workspace/repo/install_container/go2_apportation_msgs/include/go2_apportation_msgs/go2_apportation_msgs/msg/detail/throw_status__struct.h
[16.926s] -- Installing: /workspace/repo/install_container/go2_apportation_msgs/include/go2_apportation_msgs/go2_apportation_msgs/msg/detail/object_state__struct.h
[16.926s] -- Installing: /workspace/repo/install_container/go2_apportation_msgs/include/go2_apportation_msgs/go2_apportation_msgs/msg/detail/throw_status__functions.h
[16.926s] -- Installing: /workspace/repo/install_container/go2_apportation_msgs/include/go2_apportation_msgs/go2_apportation_msgs/msg/detail/throw_status__functions.c
[16.926s] -- Installing: /workspace/repo/install_container/go2_apportation_msgs/include/go2_apportation_msgs/go2_apportation_msgs/msg/detail/object_state__functions.h
[16.926s] -- Installing: /workspace/repo/install_container/go2_apportation_msgs/include/go2_apportation_msgs/go2_apportation_msgs/msg/detail/throw_status__type_support.h
[16.927s] -- Installing: /workspace/repo/install_container/go2_apportation_msgs/include/go2_apportation_msgs/go2_apportation_msgs/msg/detail/detection3_d__struct.h
[16.927s] -- Installing: /workspace/repo/install_container/go2_apportation_msgs/include/go2_apportation_msgs/go2_apportation_msgs/msg/detail/detection3_d__functions.h
[16.927s] -- Installing: /workspace/repo/install_container/go2_apportation_msgs/include/go2_apportation_msgs/go2_apportation_msgs/msg/detail/object_state__functions.c
[16.927s] -- Installing: /workspace/repo/install_container/go2_apportation_msgs/include/go2_apportation_msgs/go2_apportation_msgs/msg/detail/detection3_d__type_support.h
[16.927s] -- Installing: /workspace/repo/install_container/go2_apportation_msgs/include/go2_apportation_msgs/go2_apportation_msgs/msg/detail/detection3_d_array__struct.h
[16.928s] -- Installing: /workspace/repo/install_container/go2_apportation_msgs/include/go2_apportation_msgs/go2_apportation_msgs/msg/detail/detection3_d__functions.c
[16.928s] -- Installing: /workspace/repo/install_container/go2_apportation_msgs/include/go2_apportation_msgs/go2_apportation_msgs/msg/throw_status.h
[16.928s] -- Installing: /workspace/repo/install_container/go2_apportation_msgs/include/go2_apportation_msgs/go2_apportation_msgs/msg/detection3_d.h
[16.929s] -- Installing: /workspace/repo/install_container/go2_apportation_msgs/include/go2_apportation_msgs/go2_apportation_msgs/msg/object_state.h
[16.929s] -- Installing: /workspace/repo/install_container/go2_apportation_msgs/include/go2_apportation_msgs/go2_apportation_msgs/srv
[16.929s] -- Installing: /workspace/repo/install_container/go2_apportation_msgs/include/go2_apportation_msgs/go2_apportation_msgs/srv/release_object.h
[16.930s] -- Installing: /workspace/repo/install_container/go2_apportation_msgs/include/go2_apportation_msgs/go2_apportation_msgs/srv/detail
[16.930s] -- Installing: /workspace/repo/install_container/go2_apportation_msgs/include/go2_apportation_msgs/go2_apportation_msgs/srv/detail/release_object__functions.c
[16.930s] -- Installing: /workspace/repo/install_container/go2_apportation_msgs/include/go2_apportation_msgs/go2_apportation_msgs/srv/detail/release_object__functions.h
[16.930s] -- Installing: /workspace/repo/install_container/go2_apportation_msgs/include/go2_apportation_msgs/go2_apportation_msgs/srv/detail/release_object__struct.h
[16.931s] -- Installing: /workspace/repo/install_container/go2_apportation_msgs/include/go2_apportation_msgs/go2_apportation_msgs/srv/detail/release_object__type_support.h
[16.931s] -- Installing: /workspace/repo/install_container/go2_apportation_msgs/include/go2_apportation_msgs/go2_apportation_msgs/action
[16.931s] -- Installing: /workspace/repo/install_container/go2_apportation_msgs/include/go2_apportation_msgs/go2_apportation_msgs/action/pick_object.h
[16.931s] -- Installing: /workspace/repo/install_container/go2_apportation_msgs/include/go2_apportation_msgs/go2_apportation_msgs/action/detail
[16.931s] -- Installing: /workspace/repo/install_container/go2_apportation_msgs/include/go2_apportation_msgs/go2_apportation_msgs/action/detail/pick_object__type_support.h
[16.932s] -- Installing: /workspace/repo/install_container/go2_apportation_msgs/include/go2_apportation_msgs/go2_apportation_msgs/action/detail/pick_object__functions.h
[16.932s] -- Installing: /workspace/repo/install_container/go2_apportation_msgs/include/go2_apportation_msgs/go2_apportation_msgs/action/detail/pick_object__struct.h
[16.932s] -- Installing: /workspace/repo/install_container/go2_apportation_msgs/include/go2_apportation_msgs/go2_apportation_msgs/action/detail/pick_object__functions.c
[16.932s] -- Installing: /workspace/repo/install_container/go2_apportation_msgs/share/go2_apportation_msgs/environment/library_path.sh
[16.932s] -- Installing: /workspace/repo/install_container/go2_apportation_msgs/share/go2_apportation_msgs/environment/library_path.dsv
[16.933s] -- Installing: /workspace/repo/install_container/go2_apportation_msgs/lib/libgo2_apportation_msgs__rosidl_generator_c.so
[16.934s] -- Set runtime path of "/workspace/repo/install_container/go2_apportation_msgs/lib/libgo2_apportation_msgs__rosidl_generator_c.so" to ""
[16.934s] -- Up-to-date: /workspace/repo/install_container/go2_apportation_msgs/include/go2_apportation_msgs/go2_apportation_msgs
[16.935s] -- Up-to-date: /workspace/repo/install_container/go2_apportation_msgs/include/go2_apportation_msgs/go2_apportation_msgs/msg
[16.935s] -- Installing: /workspace/repo/install_container/go2_apportation_msgs/include/go2_apportation_msgs/go2_apportation_msgs/msg/rosidl_typesupport_fastrtps_c__visibility_control.h
[16.935s] -- Up-to-date: /workspace/repo/install_container/go2_apportation_msgs/include/go2_apportation_msgs/go2_apportation_msgs/msg/detail
[16.936s] -- Installing: /workspace/repo/install_container/go2_apportation_msgs/include/go2_apportation_msgs/go2_apportation_msgs/msg/detail/object_state__rosidl_typesupport_fastrtps_c.h
[16.936s] -- Installing: /workspace/repo/install_container/go2_apportation_msgs/include/go2_apportation_msgs/go2_apportation_msgs/msg/detail/detection3_d__rosidl_typesupport_fastrtps_c.h
[16.936s] -- Installing: /workspace/repo/install_container/go2_apportation_msgs/include/go2_apportation_msgs/go2_apportation_msgs/msg/detail/throw_status__rosidl_typesupport_fastrtps_c.h
[16.936s] -- Installing: /workspace/repo/install_container/go2_apportation_msgs/include/go2_apportation_msgs/go2_apportation_msgs/msg/detail/detection3_d_array__rosidl_typesupport_fastrtps_c.h
[16.936s] -- Up-to-date: /workspace/repo/install_container/go2_apportation_msgs/include/go2_apportation_msgs/go2_apportation_msgs/srv
[16.936s] -- Up-to-date: /workspace/repo/install_container/go2_apportation_msgs/include/go2_apportation_msgs/go2_apportation_msgs/srv/detail
[16.937s] -- Installing: /workspace/repo/install_container/go2_apportation_msgs/include/go2_apportation_msgs/go2_apportation_msgs/srv/detail/release_object__rosidl_typesupport_fastrtps_c.h
[16.937s] -- Up-to-date: /workspace/repo/install_container/go2_apportation_msgs/include/go2_apportation_msgs/go2_apportation_msgs/action
[16.937s] -- Up-to-date: /workspace/repo/install_container/go2_apportation_msgs/include/go2_apportation_msgs/go2_apportation_msgs/action/detail
[16.937s] -- Installing: /workspace/repo/install_container/go2_apportation_msgs/include/go2_apportation_msgs/go2_apportation_msgs/action/detail/pick_object__rosidl_typesupport_fastrtps_c.h
[16.937s] -- Installing: /workspace/repo/install_container/go2_apportation_msgs/lib/libgo2_apportation_msgs__rosidl_typesupport_fastrtps_c.so
[16.938s] -- Set runtime path of "/workspace/repo/install_container/go2_apportation_msgs/lib/libgo2_apportation_msgs__rosidl_typesupport_fastrtps_c.so" to ""
[16.938s] -- Up-to-date: /workspace/repo/install_container/go2_apportation_msgs/include/go2_apportation_msgs/go2_apportation_msgs
[16.938s] -- Up-to-date: /workspace/repo/install_container/go2_apportation_msgs/include/go2_apportation_msgs/go2_apportation_msgs/msg
[16.938s] -- Up-to-date: /workspace/repo/install_container/go2_apportation_msgs/include/go2_apportation_msgs/go2_apportation_msgs/msg/detail
[16.939s] -- Installing: /workspace/repo/install_container/go2_apportation_msgs/include/go2_apportation_msgs/go2_apportation_msgs/msg/detail/object_state__rosidl_typesupport_introspection_c.h
[16.939s] -- Installing: /workspace/repo/install_container/go2_apportation_msgs/include/go2_apportation_msgs/go2_apportation_msgs/msg/detail/detection3_d_array__rosidl_typesupport_introspection_c.h
[16.939s] -- Installing: /workspace/repo/install_container/go2_apportation_msgs/include/go2_apportation_msgs/go2_apportation_msgs/msg/detail/throw_status__type_support.c
[16.940s] -- Installing: /workspace/repo/install_container/go2_apportation_msgs/include/go2_apportation_msgs/go2_apportation_msgs/msg/detail/throw_status__rosidl_typesupport_introspection_c.h
[16.940s] -- Installing: /workspace/repo/install_container/go2_apportation_msgs/include/go2_apportation_msgs/go2_apportation_msgs/msg/detail/detection3_d__type_support.c
[16.940s] -- Installing: /workspace/repo/install_container/go2_apportation_msgs/include/go2_apportation_msgs/go2_apportation_msgs/msg/detail/detection3_d__rosidl_typesupport_introspection_c.h
[16.941s] -- Installing: /workspace/repo/install_container/go2_apportation_msgs/include/go2_apportation_msgs/go2_apportation_msgs/msg/detail/detection3_d_array__type_support.c
[16.941s] -- Installing: /workspace/repo/install_container/go2_apportation_msgs/include/go2_apportation_msgs/go2_apportation_msgs/msg/detail/object_state__type_support.c
[16.941s] -- Installing: /workspace/repo/install_container/go2_apportation_msgs/include/go2_apportation_msgs/go2_apportation_msgs/msg/rosidl_typesupport_introspection_c__visibility_control.h
[16.941s] -- Up-to-date: /workspace/repo/install_container/go2_apportation_msgs/include/go2_apportation_msgs/go2_apportation_msgs/srv
[16.942s] -- Up-to-date: /workspace/repo/install_container/go2_apportation_msgs/include/go2_apportation_msgs/go2_apportation_msgs/srv/detail
[16.942s] -- Installing: /workspace/repo/install_container/go2_apportation_msgs/include/go2_apportation_msgs/go2_apportation_msgs/srv/detail/release_object__rosidl_typesupport_introspection_c.h
[16.942s] -- Installing: /workspace/repo/install_container/go2_apportation_msgs/include/go2_apportation_msgs/go2_apportation_msgs/srv/detail/release_object__type_support.c
[16.942s] -- Up-to-date: /workspace/repo/install_container/go2_apportation_msgs/include/go2_apportation_msgs/go2_apportation_msgs/action
[16.942s] -- Up-to-date: /workspace/repo/install_container/go2_apportation_msgs/include/go2_apportation_msgs/go2_apportation_msgs/action/detail
[16.942s] -- Installing: /workspace/repo/install_container/go2_apportation_msgs/include/go2_apportation_msgs/go2_apportation_msgs/action/detail/pick_object__rosidl_typesupport_introspection_c.h
[16.942s] -- Installing: /workspace/repo/install_container/go2_apportation_msgs/include/go2_apportation_msgs/go2_apportation_msgs/action/detail/pick_object__type_support.c
[16.943s] -- Installing: /workspace/repo/install_container/go2_apportation_msgs/lib/libgo2_apportation_msgs__rosidl_typesupport_introspection_c.so
[16.943s] -- Set runtime path of "/workspace/repo/install_container/go2_apportation_msgs/lib/libgo2_apportation_msgs__rosidl_typesupport_introspection_c.so" to ""
[16.943s] -- Installing: /workspace/repo/install_container/go2_apportation_msgs/lib/libgo2_apportation_msgs__rosidl_typesupport_c.so
[16.944s] -- Set runtime path of "/workspace/repo/install_container/go2_apportation_msgs/lib/libgo2_apportation_msgs__rosidl_typesupport_c.so" to ""
[16.944s] -- Up-to-date: /workspace/repo/install_container/go2_apportation_msgs/include/go2_apportation_msgs/go2_apportation_msgs
[16.944s] -- Up-to-date: /workspace/repo/install_container/go2_apportation_msgs/include/go2_apportation_msgs/go2_apportation_msgs/msg
[16.944s] -- Installing: /workspace/repo/install_container/go2_apportation_msgs/include/go2_apportation_msgs/go2_apportation_msgs/msg/detection3_d.hpp
[16.945s] -- Installing: /workspace/repo/install_container/go2_apportation_msgs/include/go2_apportation_msgs/go2_apportation_msgs/msg/detection3_d_array.hpp
[16.945s] -- Up-to-date: /workspace/repo/install_container/go2_apportation_msgs/include/go2_apportation_msgs/go2_apportation_msgs/msg/detail
[16.946s] -- Installing: /workspace/repo/install_container/go2_apportation_msgs/include/go2_apportation_msgs/go2_apportation_msgs/msg/detail/detection3_d_array__type_support.hpp
[16.946s] -- Installing: /workspace/repo/install_container/go2_apportation_msgs/include/go2_apportation_msgs/go2_apportation_msgs/msg/detail/detection3_d__type_support.hpp
[16.946s] -- Installing: /workspace/repo/install_container/go2_apportation_msgs/include/go2_apportation_msgs/go2_apportation_msgs/msg/detail/throw_status__type_support.hpp
[16.946s] -- Installing: /workspace/repo/install_container/go2_apportation_msgs/include/go2_apportation_msgs/go2_apportation_msgs/msg/detail/detection3_d_array__builder.hpp
[16.946s] -- Installing: /workspace/repo/install_container/go2_apportation_msgs/include/go2_apportation_msgs/go2_apportation_msgs/msg/detail/throw_status__struct.hpp
[16.947s] -- Installing: /workspace/repo/install_container/go2_apportation_msgs/include/go2_apportation_msgs/go2_apportation_msgs/msg/detail/detection3_d__builder.hpp
[16.947s] -- Installing: /workspace/repo/install_container/go2_apportation_msgs/include/go2_apportation_msgs/go2_apportation_msgs/msg/detail/object_state__type_support.hpp
[16.947s] -- Installing: /workspace/repo/install_container/go2_apportation_msgs/include/go2_apportation_msgs/go2_apportation_msgs/msg/detail/detection3_d__struct.hpp
[16.947s] -- Installing: /workspace/repo/install_container/go2_apportation_msgs/include/go2_apportation_msgs/go2_apportation_msgs/msg/detail/detection3_d_array__traits.hpp
[16.947s] -- Installing: /workspace/repo/install_container/go2_apportation_msgs/include/go2_apportation_msgs/go2_apportation_msgs/msg/detail/throw_status__traits.hpp
[16.947s] -- Installing: /workspace/repo/install_container/go2_apportation_msgs/include/go2_apportation_msgs/go2_apportation_msgs/msg/detail/object_state__builder.hpp
[16.948s] -- Installing: /workspace/repo/install_container/go2_apportation_msgs/include/go2_apportation_msgs/go2_apportation_msgs/msg/detail/detection3_d_array__struct.hpp
[16.948s] -- Installing: /workspace/repo/install_container/go2_apportation_msgs/include/go2_apportation_msgs/go2_apportation_msgs/msg/detail/object_state__struct.hpp
[16.948s] -- Installing: /workspace/repo/install_container/go2_apportation_msgs/include/go2_apportation_msgs/go2_apportation_msgs/msg/detail/detection3_d__traits.hpp
[16.948s] -- Installing: /workspace/repo/install_container/go2_apportation_msgs/include/go2_apportation_msgs/go2_apportation_msgs/msg/detail/throw_status__builder.hpp
[16.948s] -- Installing: /workspace/repo/install_container/go2_apportation_msgs/include/go2_apportation_msgs/go2_apportation_msgs/msg/detail/object_state__traits.hpp
[16.948s] -- Installing: /workspace/repo/install_container/go2_apportation_msgs/include/go2_apportation_msgs/go2_apportation_msgs/msg/object_state.hpp
[16.949s] -- Installing: /workspace/repo/install_container/go2_apportation_msgs/include/go2_apportation_msgs/go2_apportation_msgs/msg/throw_status.hpp
[16.949s] -- Installing: /workspace/repo/install_container/go2_apportation_msgs/include/go2_apportation_msgs/go2_apportation_msgs/msg/rosidl_generator_cpp__visibility_control.hpp
[16.949s] -- Up-to-date: /workspace/repo/install_container/go2_apportation_msgs/include/go2_apportation_msgs/go2_apportation_msgs/srv
[16.949s] -- Installing: /workspace/repo/install_container/go2_apportation_msgs/include/go2_apportation_msgs/go2_apportation_msgs/srv/release_object.hpp
[16.950s] -- Up-to-date: /workspace/repo/install_container/go2_apportation_msgs/include/go2_apportation_msgs/go2_apportation_msgs/srv/detail
[16.950s] -- Installing: /workspace/repo/install_container/go2_apportation_msgs/include/go2_apportation_msgs/go2_apportation_msgs/srv/detail/release_object__builder.hpp
[16.950s] -- Installing: /workspace/repo/install_container/go2_apportation_msgs/include/go2_apportation_msgs/go2_apportation_msgs/srv/detail/release_object__type_support.hpp
[16.951s] -- Installing: /workspace/repo/install_container/go2_apportation_msgs/include/go2_apportation_msgs/go2_apportation_msgs/srv/detail/release_object__traits.hpp
[16.951s] -- Installing: /workspace/repo/install_container/go2_apportation_msgs/include/go2_apportation_msgs/go2_apportation_msgs/srv/detail/release_object__struct.hpp
[16.951s] -- Up-to-date: /workspace/repo/install_container/go2_apportation_msgs/include/go2_apportation_msgs/go2_apportation_msgs/action
[16.951s] -- Up-to-date: /workspace/repo/install_container/go2_apportation_msgs/include/go2_apportation_msgs/go2_apportation_msgs/action/detail
[16.951s] -- Installing: /workspace/repo/install_container/go2_apportation_msgs/include/go2_apportation_msgs/go2_apportation_msgs/action/detail/pick_object__traits.hpp
[16.951s] -- Installing: /workspace/repo/install_container/go2_apportation_msgs/include/go2_apportation_msgs/go2_apportation_msgs/action/detail/pick_object__builder.hpp
[16.952s] -- Installing: /workspace/repo/install_container/go2_apportation_msgs/include/go2_apportation_msgs/go2_apportation_msgs/action/detail/pick_object__struct.hpp
[16.952s] -- Installing: /workspace/repo/install_container/go2_apportation_msgs/include/go2_apportation_msgs/go2_apportation_msgs/action/detail/pick_object__type_support.hpp
[16.952s] -- Installing: /workspace/repo/install_container/go2_apportation_msgs/include/go2_apportation_msgs/go2_apportation_msgs/action/pick_object.hpp
[16.952s] -- Up-to-date: /workspace/repo/install_container/go2_apportation_msgs/include/go2_apportation_msgs/go2_apportation_msgs
[16.953s] -- Up-to-date: /workspace/repo/install_container/go2_apportation_msgs/include/go2_apportation_msgs/go2_apportation_msgs/msg
[16.953s] -- Installing: /workspace/repo/install_container/go2_apportation_msgs/include/go2_apportation_msgs/go2_apportation_msgs/msg/rosidl_typesupport_fastrtps_cpp__visibility_control.h
[16.953s] -- Up-to-date: /workspace/repo/install_container/go2_apportation_msgs/include/go2_apportation_msgs/go2_apportation_msgs/msg/detail
[16.953s] -- Installing: /workspace/repo/install_container/go2_apportation_msgs/include/go2_apportation_msgs/go2_apportation_msgs/msg/detail/detection3_d__rosidl_typesupport_fastrtps_cpp.hpp
[16.954s] -- Installing: /workspace/repo/install_container/go2_apportation_msgs/include/go2_apportation_msgs/go2_apportation_msgs/msg/detail/object_state__rosidl_typesupport_fastrtps_cpp.hpp
[16.954s] -- Installing: /workspace/repo/install_container/go2_apportation_msgs/include/go2_apportation_msgs/go2_apportation_msgs/msg/detail/dds_fastrtps
[16.954s] -- Installing: /workspace/repo/install_container/go2_apportation_msgs/include/go2_apportation_msgs/go2_apportation_msgs/msg/detail/throw_status__rosidl_typesupport_fastrtps_cpp.hpp
[16.954s] -- Installing: /workspace/repo/install_container/go2_apportation_msgs/include/go2_apportation_msgs/go2_apportation_msgs/msg/detail/detection3_d_array__rosidl_typesupport_fastrtps_cpp.hpp
[16.955s] -- Up-to-date: /workspace/repo/install_container/go2_apportation_msgs/include/go2_apportation_msgs/go2_apportation_msgs/srv
[16.955s] -- Up-to-date: /workspace/repo/install_container/go2_apportation_msgs/include/go2_apportation_msgs/go2_apportation_msgs/srv/detail
[16.955s] -- Installing: /workspace/repo/install_container/go2_apportation_msgs/include/go2_apportation_msgs/go2_apportation_msgs/srv/detail/release_object__rosidl_typesupport_fastrtps_cpp.hpp
[16.955s] -- Installing: /workspace/repo/install_container/go2_apportation_msgs/include/go2_apportation_msgs/go2_apportation_msgs/srv/detail/dds_fastrtps
[16.956s] -- Up-to-date: /workspace/repo/install_container/go2_apportation_msgs/include/go2_apportation_msgs/go2_apportation_msgs/action
[16.956s] -- Up-to-date: /workspace/repo/install_container/go2_apportation_msgs/include/go2_apportation_msgs/go2_apportation_msgs/action/detail
[16.956s] -- Installing: /workspace/repo/install_container/go2_apportation_msgs/include/go2_apportation_msgs/go2_apportation_msgs/action/detail/dds_fastrtps
[16.956s] -- Installing: /workspace/repo/install_container/go2_apportation_msgs/include/go2_apportation_msgs/go2_apportation_msgs/action/detail/pick_object__rosidl_typesupport_fastrtps_cpp.hpp
[16.957s] -- Installing: /workspace/repo/install_container/go2_apportation_msgs/lib/libgo2_apportation_msgs__rosidl_typesupport_fastrtps_cpp.so
[16.957s] -- Set runtime path of "/workspace/repo/install_container/go2_apportation_msgs/lib/libgo2_apportation_msgs__rosidl_typesupport_fastrtps_cpp.so" to ""
[16.958s] -- Up-to-date: /workspace/repo/install_container/go2_apportation_msgs/include/go2_apportation_msgs/go2_apportation_msgs
[16.958s] -- Up-to-date: /workspace/repo/install_container/go2_apportation_msgs/include/go2_apportation_msgs/go2_apportation_msgs/msg
[16.958s] -- Up-to-date: /workspace/repo/install_container/go2_apportation_msgs/include/go2_apportation_msgs/go2_apportation_msgs/msg/detail
[16.958s] -- Installing: /workspace/repo/install_container/go2_apportation_msgs/include/go2_apportation_msgs/go2_apportation_msgs/msg/detail/throw_status__type_support.cpp
[16.959s] -- Installing: /workspace/repo/install_container/go2_apportation_msgs/include/go2_apportation_msgs/go2_apportation_msgs/msg/detail/detection3_d__rosidl_typesupport_introspection_cpp.hpp
[16.959s] -- Installing: /workspace/repo/install_container/go2_apportation_msgs/include/go2_apportation_msgs/go2_apportation_msgs/msg/detail/object_state__type_support.cpp
[16.959s] -- Installing: /workspace/repo/install_container/go2_apportation_msgs/include/go2_apportation_msgs/go2_apportation_msgs/msg/detail/object_state__rosidl_typesupport_introspection_cpp.hpp
[16.960s] -- Installing: /workspace/repo/install_container/go2_apportation_msgs/include/go2_apportation_msgs/go2_apportation_msgs/msg/detail/detection3_d_array__type_support.cpp
[16.960s] -- Installing: /workspace/repo/install_container/go2_apportation_msgs/include/go2_apportation_msgs/go2_apportation_msgs/msg/detail/detection3_d__type_support.cpp
[16.960s] -- Installing: /workspace/repo/install_container/go2_apportation_msgs/include/go2_apportation_msgs/go2_apportation_msgs/msg/detail/throw_status__rosidl_typesupport_introspection_cpp.hpp
[16.960s] -- Installing: /workspace/repo/install_container/go2_apportation_msgs/include/go2_apportation_msgs/go2_apportation_msgs/msg/detail/detection3_d_array__rosidl_typesupport_introspection_cpp.hpp
[16.960s] -- Up-to-date: /workspace/repo/install_container/go2_apportation_msgs/include/go2_apportation_msgs/go2_apportation_msgs/srv
[16.961s] -- Up-to-date: /workspace/repo/install_container/go2_apportation_msgs/include/go2_apportation_msgs/go2_apportation_msgs/srv/detail
[16.961s] -- Installing: /workspace/repo/install_container/go2_apportation_msgs/include/go2_apportation_msgs/go2_apportation_msgs/srv/detail/release_object__type_support.cpp
[16.961s] -- Installing: /workspace/repo/install_container/go2_apportation_msgs/include/go2_apportation_msgs/go2_apportation_msgs/srv/detail/release_object__rosidl_typesupport_introspection_cpp.hpp
[16.961s] -- Up-to-date: /workspace/repo/install_container/go2_apportation_msgs/include/go2_apportation_msgs/go2_apportation_msgs/action
[16.961s] -- Up-to-date: /workspace/repo/install_container/go2_apportation_msgs/include/go2_apportation_msgs/go2_apportation_msgs/action/detail
[16.961s] -- Installing: /workspace/repo/install_container/go2_apportation_msgs/include/go2_apportation_msgs/go2_apportation_msgs/action/detail/pick_object__rosidl_typesupport_introspection_cpp.hpp
[16.961s] -- Installing: /workspace/repo/install_container/go2_apportation_msgs/include/go2_apportation_msgs/go2_apportation_msgs/action/detail/pick_object__type_support.cpp
[16.962s] -- Installing: /workspace/repo/install_container/go2_apportation_msgs/lib/libgo2_apportation_msgs__rosidl_typesupport_introspection_cpp.so
[16.962s] -- Set runtime path of "/workspace/repo/install_container/go2_apportation_msgs/lib/libgo2_apportation_msgs__rosidl_typesupport_introspection_cpp.so" to ""
[16.962s] -- Installing: /workspace/repo/install_container/go2_apportation_msgs/lib/libgo2_apportation_msgs__rosidl_typesupport_cpp.so
[16.963s] -- Set runtime path of "/workspace/repo/install_container/go2_apportation_msgs/lib/libgo2_apportation_msgs__rosidl_typesupport_cpp.so" to ""
[16.963s] -- Installing: /workspace/repo/install_container/go2_apportation_msgs/share/go2_apportation_msgs/environment/pythonpath.sh
[16.963s] -- Installing: /workspace/repo/install_container/go2_apportation_msgs/share/go2_apportation_msgs/environment/pythonpath.dsv
[16.964s] -- Installing: /workspace/repo/install_container/go2_apportation_msgs/local/lib/python3.10/dist-packages/go2_apportation_msgs-0.0.0-py3.10.egg-info
[16.964s] -- Installing: /workspace/repo/install_container/go2_apportation_msgs/local/lib/python3.10/dist-packages/go2_apportation_msgs-0.0.0-py3.10.egg-info/top_level.txt
[16.964s] -- Installing: /workspace/repo/install_container/go2_apportation_msgs/local/lib/python3.10/dist-packages/go2_apportation_msgs-0.0.0-py3.10.egg-info/PKG-INFO
[16.964s] -- Installing: /workspace/repo/install_container/go2_apportation_msgs/local/lib/python3.10/dist-packages/go2_apportation_msgs-0.0.0-py3.10.egg-info/dependency_links.txt
[16.965s] -- Installing: /workspace/repo/install_container/go2_apportation_msgs/local/lib/python3.10/dist-packages/go2_apportation_msgs-0.0.0-py3.10.egg-info/SOURCES.txt
[16.965s] -- Installing: /workspace/repo/install_container/go2_apportation_msgs/local/lib/python3.10/dist-packages/go2_apportation_msgs
[16.965s] -- Installing: /workspace/repo/install_container/go2_apportation_msgs/local/lib/python3.10/dist-packages/go2_apportation_msgs/_go2_apportation_msgs_s.ep.rosidl_typesupport_c.c
[16.966s] -- Installing: /workspace/repo/install_container/go2_apportation_msgs/local/lib/python3.10/dist-packages/go2_apportation_msgs/go2_apportation_msgs_s__rosidl_typesupport_c.cpython-310-aarch64-linux-gnu.so
[16.966s] -- Installing: /workspace/repo/install_container/go2_apportation_msgs/local/lib/python3.10/dist-packages/go2_apportation_msgs/_go2_apportation_msgs_s.ep.rosidl_typesupport_fastrtps_c.c
[16.967s] -- Installing: /workspace/repo/install_container/go2_apportation_msgs/local/lib/python3.10/dist-packages/go2_apportation_msgs/__init__.py
[16.967s] -- Installing: /workspace/repo/install_container/go2_apportation_msgs/local/lib/python3.10/dist-packages/go2_apportation_msgs/msg
[16.967s] -- Installing: /workspace/repo/install_container/go2_apportation_msgs/local/lib/python3.10/dist-packages/go2_apportation_msgs/msg/_throw_status_s.c
[16.967s] -- Installing: /workspace/repo/install_container/go2_apportation_msgs/local/lib/python3.10/dist-packages/go2_apportation_msgs/msg/_detection3_d_array.py
[16.967s] -- Installing: /workspace/repo/install_container/go2_apportation_msgs/local/lib/python3.10/dist-packages/go2_apportation_msgs/msg/_detection3_d_array_s.c
[16.968s] -- Installing: /workspace/repo/install_container/go2_apportation_msgs/local/lib/python3.10/dist-packages/go2_apportation_msgs/msg/_throw_status.py
[16.968s] -- Installing: /workspace/repo/install_container/go2_apportation_msgs/local/lib/python3.10/dist-packages/go2_apportation_msgs/msg/__init__.py
[16.968s] -- Installing: /workspace/repo/install_container/go2_apportation_msgs/local/lib/python3.10/dist-packages/go2_apportation_msgs/msg/_detection3_d.py
[16.968s] -- Installing: /workspace/repo/install_container/go2_apportation_msgs/local/lib/python3.10/dist-packages/go2_apportation_msgs/msg/_object_state.py
[16.969s] -- Installing: /workspace/repo/install_container/go2_apportation_msgs/local/lib/python3.10/dist-packages/go2_apportation_msgs/msg/_detection3_d_s.c
[16.969s] -- Installing: /workspace/repo/install_container/go2_apportation_msgs/local/lib/python3.10/dist-packages/go2_apportation_msgs/msg/_object_state_s.c
[16.969s] -- Installing: /workspace/repo/install_container/go2_apportation_msgs/local/lib/python3.10/dist-packages/go2_apportation_msgs/go2_apportation_msgs_s__rosidl_typesupport_fastrtps_c.cpython-310-aarch64-linux-gnu.so
[16.970s] -- Installing: /workspace/repo/install_container/go2_apportation_msgs/local/lib/python3.10/dist-packages/go2_apportation_msgs/srv
[16.970s] -- Installing: /workspace/repo/install_container/go2_apportation_msgs/local/lib/python3.10/dist-packages/go2_apportation_msgs/srv/_release_object_s.c
[16.970s] -- Installing: /workspace/repo/install_container/go2_apportation_msgs/local/lib/python3.10/dist-packages/go2_apportation_msgs/srv/_release_object.py
[16.971s] -- Installing: /workspace/repo/install_container/go2_apportation_msgs/local/lib/python3.10/dist-packages/go2_apportation_msgs/srv/__init__.py
[16.971s] -- Installing: /workspace/repo/install_container/go2_apportation_msgs/local/lib/python3.10/dist-packages/go2_apportation_msgs/libgo2_apportation_msgs__rosidl_generator_py.so
[16.971s] -- Installing: /workspace/repo/install_container/go2_apportation_msgs/local/lib/python3.10/dist-packages/go2_apportation_msgs/_go2_apportation_msgs_s.ep.rosidl_typesupport_introspection_c.c
[16.972s] -- Installing: /workspace/repo/install_container/go2_apportation_msgs/local/lib/python3.10/dist-packages/go2_apportation_msgs/go2_apportation_msgs_s__rosidl_typesupport_introspection_c.cpython-310-aarch64-linux-gnu.so
[16.972s] -- Installing: /workspace/repo/install_container/go2_apportation_msgs/local/lib/python3.10/dist-packages/go2_apportation_msgs/action
[16.972s] -- Installing: /workspace/repo/install_container/go2_apportation_msgs/local/lib/python3.10/dist-packages/go2_apportation_msgs/action/_pick_object.py
[16.972s] -- Installing: /workspace/repo/install_container/go2_apportation_msgs/local/lib/python3.10/dist-packages/go2_apportation_msgs/action/__init__.py
[16.973s] -- Installing: /workspace/repo/install_container/go2_apportation_msgs/local/lib/python3.10/dist-packages/go2_apportation_msgs/action/_pick_object_s.c
[17.071s] Listing '/workspace/repo/install_container/go2_apportation_msgs/local/lib/python3.10/dist-packages/go2_apportation_msgs'...
[17.072s] Compiling '/workspace/repo/install_container/go2_apportation_msgs/local/lib/python3.10/dist-packages/go2_apportation_msgs/__init__.py'...
[17.072s] Listing '/workspace/repo/install_container/go2_apportation_msgs/local/lib/python3.10/dist-packages/go2_apportation_msgs/action'...
[17.072s] Compiling '/workspace/repo/install_container/go2_apportation_msgs/local/lib/python3.10/dist-packages/go2_apportation_msgs/action/__init__.py'...
[17.072s] Compiling '/workspace/repo/install_container/go2_apportation_msgs/local/lib/python3.10/dist-packages/go2_apportation_msgs/action/_pick_object.py'...
[17.072s] Listing '/workspace/repo/install_container/go2_apportation_msgs/local/lib/python3.10/dist-packages/go2_apportation_msgs/msg'...
[17.072s] Compiling '/workspace/repo/install_container/go2_apportation_msgs/local/lib/python3.10/dist-packages/go2_apportation_msgs/msg/__init__.py'...
[17.072s] Compiling '/workspace/repo/install_container/go2_apportation_msgs/local/lib/python3.10/dist-packages/go2_apportation_msgs/msg/_detection3_d.py'...
[17.073s] Compiling '/workspace/repo/install_container/go2_apportation_msgs/local/lib/python3.10/dist-packages/go2_apportation_msgs/msg/_detection3_d_array.py'...
[17.073s] Compiling '/workspace/repo/install_container/go2_apportation_msgs/local/lib/python3.10/dist-packages/go2_apportation_msgs/msg/_object_state.py'...
[17.073s] Compiling '/workspace/repo/install_container/go2_apportation_msgs/local/lib/python3.10/dist-packages/go2_apportation_msgs/msg/_throw_status.py'...
[17.073s] Listing '/workspace/repo/install_container/go2_apportation_msgs/local/lib/python3.10/dist-packages/go2_apportation_msgs/srv'...
[17.073s] Compiling '/workspace/repo/install_container/go2_apportation_msgs/local/lib/python3.10/dist-packages/go2_apportation_msgs/srv/__init__.py'...
[17.073s] Compiling '/workspace/repo/install_container/go2_apportation_msgs/local/lib/python3.10/dist-packages/go2_apportation_msgs/srv/_release_object.py'...
[17.086s] -- Installing: /workspace/repo/install_container/go2_apportation_msgs/local/lib/python3.10/dist-packages/go2_apportation_msgs/go2_apportation_msgs_s__rosidl_typesupport_fastrtps_c.cpython-310-aarch64-linux-gnu.so
[17.086s] -- Set runtime path of "/workspace/repo/install_container/go2_apportation_msgs/local/lib/python3.10/dist-packages/go2_apportation_msgs/go2_apportation_msgs_s__rosidl_typesupport_fastrtps_c.cpython-310-aarch64-linux-gnu.so" to ""
[17.087s] -- Installing: /workspace/repo/install_container/go2_apportation_msgs/local/lib/python3.10/dist-packages/go2_apportation_msgs/go2_apportation_msgs_s__rosidl_typesupport_introspection_c.cpython-310-aarch64-linux-gnu.so
[17.087s] -- Set runtime path of "/workspace/repo/install_container/go2_apportation_msgs/local/lib/python3.10/dist-packages/go2_apportation_msgs/go2_apportation_msgs_s__rosidl_typesupport_introspection_c.cpython-310-aarch64-linux-gnu.so" to ""
[17.088s] -- Installing: /workspace/repo/install_container/go2_apportation_msgs/local/lib/python3.10/dist-packages/go2_apportation_msgs/go2_apportation_msgs_s__rosidl_typesupport_c.cpython-310-aarch64-linux-gnu.so
[17.088s] -- Set runtime path of "/workspace/repo/install_container/go2_apportation_msgs/local/lib/python3.10/dist-packages/go2_apportation_msgs/go2_apportation_msgs_s__rosidl_typesupport_c.cpython-310-aarch64-linux-gnu.so" to ""
[17.089s] -- Installing: /workspace/repo/install_container/go2_apportation_msgs/lib/libgo2_apportation_msgs__rosidl_generator_py.so
[17.089s] -- Set runtime path of "/workspace/repo/install_container/go2_apportation_msgs/lib/libgo2_apportation_msgs__rosidl_generator_py.so" to ""
[17.090s] -- Installing: /workspace/repo/install_container/go2_apportation_msgs/share/go2_apportation_msgs/msg/Detection3D.idl
[17.090s] -- Installing: /workspace/repo/install_container/go2_apportation_msgs/share/go2_apportation_msgs/msg/Detection3DArray.idl
[17.091s] -- Installing: /workspace/repo/install_container/go2_apportation_msgs/share/go2_apportation_msgs/msg/ObjectState.idl
[17.091s] -- Installing: /workspace/repo/install_container/go2_apportation_msgs/share/go2_apportation_msgs/msg/ThrowStatus.idl
[17.091s] -- Installing: /workspace/repo/install_container/go2_apportation_msgs/share/go2_apportation_msgs/action/PickObject.idl
[17.092s] -- Installing: /workspace/repo/install_container/go2_apportation_msgs/share/go2_apportation_msgs/srv/ReleaseObject.idl
[17.092s] -- Installing: /workspace/repo/install_container/go2_apportation_msgs/share/go2_apportation_msgs/msg/Detection3D.msg
[17.092s] -- Installing: /workspace/repo/install_container/go2_apportation_msgs/share/go2_apportation_msgs/msg/Detection3DArray.msg
[17.093s] -- Installing: /workspace/repo/install_container/go2_apportation_msgs/share/go2_apportation_msgs/msg/ObjectState.msg
[17.093s] -- Installing: /workspace/repo/install_container/go2_apportation_msgs/share/go2_apportation_msgs/msg/ThrowStatus.msg
[17.094s] -- Installing: /workspace/repo/install_container/go2_apportation_msgs/share/go2_apportation_msgs/action/PickObject.action
[17.094s] -- Installing: /workspace/repo/install_container/go2_apportation_msgs/share/go2_apportation_msgs/srv/ReleaseObject.srv
[17.094s] -- Installing: /workspace/repo/install_container/go2_apportation_msgs/share/go2_apportation_msgs/srv/ReleaseObject_Request.msg
[17.095s] -- Installing: /workspace/repo/install_container/go2_apportation_msgs/share/go2_apportation_msgs/srv/ReleaseObject_Response.msg
[17.095s] -- Installing: /workspace/repo/install_container/go2_apportation_msgs/share/ament_index/resource_index/package_run_dependencies/go2_apportation_msgs
[17.095s] -- Installing: /workspace/repo/install_container/go2_apportation_msgs/share/ament_index/resource_index/parent_prefix_path/go2_apportation_msgs
[17.096s] -- Installing: /workspace/repo/install_container/go2_apportation_msgs/share/go2_apportation_msgs/environment/ament_prefix_path.sh
[17.096s] -- Installing: /workspace/repo/install_container/go2_apportation_msgs/share/go2_apportation_msgs/environment/ament_prefix_path.dsv
[17.096s] -- Installing: /workspace/repo/install_container/go2_apportation_msgs/share/go2_apportation_msgs/environment/path.sh
[17.097s] -- Installing: /workspace/repo/install_container/go2_apportation_msgs/share/go2_apportation_msgs/environment/path.dsv
[17.097s] -- Installing: /workspace/repo/install_container/go2_apportation_msgs/share/go2_apportation_msgs/local_setup.bash
[17.097s] -- Installing: /workspace/repo/install_container/go2_apportation_msgs/share/go2_apportation_msgs/local_setup.sh
[17.098s] -- Installing: /workspace/repo/install_container/go2_apportation_msgs/share/go2_apportation_msgs/local_setup.zsh
[17.098s] -- Installing: /workspace/repo/install_container/go2_apportation_msgs/share/go2_apportation_msgs/local_setup.dsv
[17.098s] -- Installing: /workspace/repo/install_container/go2_apportation_msgs/share/go2_apportation_msgs/package.dsv
[17.099s] -- Installing: /workspace/repo/install_container/go2_apportation_msgs/share/ament_index/resource_index/packages/go2_apportation_msgs
[17.099s] -- Installing: /workspace/repo/install_container/go2_apportation_msgs/share/go2_apportation_msgs/cmake/export_go2_apportation_msgs__rosidl_generator_cExport.cmake
[17.099s] -- Installing: /workspace/repo/install_container/go2_apportation_msgs/share/go2_apportation_msgs/cmake/export_go2_apportation_msgs__rosidl_generator_cExport-noconfig.cmake
[17.100s] -- Installing: /workspace/repo/install_container/go2_apportation_msgs/share/go2_apportation_msgs/cmake/export_go2_apportation_msgs__rosidl_typesupport_fastrtps_cExport.cmake
[17.100s] -- Installing: /workspace/repo/install_container/go2_apportation_msgs/share/go2_apportation_msgs/cmake/export_go2_apportation_msgs__rosidl_typesupport_fastrtps_cExport-noconfig.cmake
[17.100s] -- Installing: /workspace/repo/install_container/go2_apportation_msgs/share/go2_apportation_msgs/cmake/go2_apportation_msgs__rosidl_typesupport_introspection_cExport.cmake
[17.101s] -- Installing: /workspace/repo/install_container/go2_apportation_msgs/share/go2_apportation_msgs/cmake/go2_apportation_msgs__rosidl_typesupport_introspection_cExport-noconfig.cmake
[17.101s] -- Installing: /workspace/repo/install_container/go2_apportation_msgs/share/go2_apportation_msgs/cmake/go2_apportation_msgs__rosidl_typesupport_cExport.cmake
[17.101s] -- Installing: /workspace/repo/install_container/go2_apportation_msgs/share/go2_apportation_msgs/cmake/go2_apportation_msgs__rosidl_typesupport_cExport-noconfig.cmake
[17.102s] -- Installing: /workspace/repo/install_container/go2_apportation_msgs/share/go2_apportation_msgs/cmake/export_go2_apportation_msgs__rosidl_generator_cppExport.cmake
[17.102s] -- Installing: /workspace/repo/install_container/go2_apportation_msgs/share/go2_apportation_msgs/cmake/export_go2_apportation_msgs__rosidl_typesupport_fastrtps_cppExport.cmake
[17.102s] -- Installing: /workspace/repo/install_container/go2_apportation_msgs/share/go2_apportation_msgs/cmake/export_go2_apportation_msgs__rosidl_typesupport_fastrtps_cppExport-noconfig.cmake
[17.103s] -- Installing: /workspace/repo/install_container/go2_apportation_msgs/share/go2_apportation_msgs/cmake/go2_apportation_msgs__rosidl_typesupport_introspection_cppExport.cmake
[17.103s] -- Installing: /workspace/repo/install_container/go2_apportation_msgs/share/go2_apportation_msgs/cmake/go2_apportation_msgs__rosidl_typesupport_introspection_cppExport-noconfig.cmake
[17.104s] -- Installing: /workspace/repo/install_container/go2_apportation_msgs/share/go2_apportation_msgs/cmake/go2_apportation_msgs__rosidl_typesupport_cppExport.cmake
[17.104s] -- Installing: /workspace/repo/install_container/go2_apportation_msgs/share/go2_apportation_msgs/cmake/go2_apportation_msgs__rosidl_typesupport_cppExport-noconfig.cmake
[17.105s] -- Installing: /workspace/repo/install_container/go2_apportation_msgs/share/go2_apportation_msgs/cmake/export_go2_apportation_msgs__rosidl_generator_pyExport.cmake
[17.105s] -- Installing: /workspace/repo/install_container/go2_apportation_msgs/share/go2_apportation_msgs/cmake/export_go2_apportation_msgs__rosidl_generator_pyExport-noconfig.cmake
[17.105s] -- Installing: /workspace/repo/install_container/go2_apportation_msgs/share/go2_apportation_msgs/cmake/rosidl_cmake-extras.cmake
[17.106s] -- Installing: /workspace/repo/install_container/go2_apportation_msgs/share/go2_apportation_msgs/cmake/ament_cmake_export_dependencies-extras.cmake
[17.106s] -- Installing: /workspace/repo/install_container/go2_apportation_msgs/share/go2_apportation_msgs/cmake/ament_cmake_export_include_directories-extras.cmake
[17.106s] -- Installing: /workspace/repo/install_container/go2_apportation_msgs/share/go2_apportation_msgs/cmake/ament_cmake_export_libraries-extras.cmake
[17.107s] -- Installing: /workspace/repo/install_container/go2_apportation_msgs/share/go2_apportation_msgs/cmake/ament_cmake_export_targets-extras.cmake
[17.107s] -- Installing: /workspace/repo/install_container/go2_apportation_msgs/share/go2_apportation_msgs/cmake/rosidl_cmake_export_typesupport_targets-extras.cmake
[17.107s] -- Installing: /workspace/repo/install_container/go2_apportation_msgs/share/go2_apportation_msgs/cmake/rosidl_cmake_export_typesupport_libraries-extras.cmake
[17.107s] -- Installing: /workspace/repo/install_container/go2_apportation_msgs/share/go2_apportation_msgs/cmake/go2_apportation_msgsConfig.cmake
[17.107s] -- Installing: /workspace/repo/install_container/go2_apportation_msgs/share/go2_apportation_msgs/cmake/go2_apportation_msgsConfig-version.cmake
[17.108s] -- Installing: /workspace/repo/install_container/go2_apportation_msgs/share/go2_apportation_msgs/package.xml
[17.111s] Invoked command in '/workspace/repo/build_container/go2_apportation_msgs' returned '0': /usr/bin/cmake --install /workspace/repo/build_container/go2_apportation_msgs
