[0.000000] (-) TimerEvent: {}
[0.000607] (go2_apportation_msgs) JobQueued: {'identifier': 'go2_apportation_msgs', 'dependencies': OrderedDict()}
[0.001251] (go2_description) JobQueued: {'identifier': 'go2_description', 'dependencies': OrderedDict()}
[0.001555] (go2_tf_tools) JobQueued: {'identifier': 'go2_tf_tools', 'dependencies': OrderedDict()}
[0.001768] (go2_apportation_mocks) JobQueued: {'identifier': 'go2_apportation_mocks', 'dependencies': OrderedDict([('go2_apportation_msgs', '/workspace/repo/install_container/go2_apportation_msgs')])}
[0.001877] (go2_apportation_orchestrator) JobQueued: {'identifier': 'go2_apportation_orchestrator', 'dependencies': OrderedDict([('go2_apportation_msgs', '/workspace/repo/install_container/go2_apportation_msgs')])}
[0.002048] (go2_apportation_msgs) JobStarted: {'identifier': 'go2_apportation_msgs'}
[0.021928] (go2_description) JobStarted: {'identifier': 'go2_description'}
[0.027938] (go2_tf_tools) JobStarted: {'identifier': 'go2_tf_tools'}
[0.043170] (go2_apportation_msgs) JobProgress: {'identifier': 'go2_apportation_msgs', 'progress': 'cmake'}
[0.045666] (go2_apportation_msgs) JobProgress: {'identifier': 'go2_apportation_msgs', 'progress': 'build'}
[0.047385] (go2_apportation_msgs) Command: {'cmd': ['/usr/bin/cmake', '--build', '/workspace/repo/build_container/go2_apportation_msgs', '--', '-j6', '-l6'], 'cwd': '/workspace/repo/build_container/go2_apportation_msgs', 'env': OrderedDict([('HOSTNAME', 'ubuntu'), ('SHLVL', '0'), ('LD_LIBRARY_PATH', '/opt/ros/humble/lib/aarch64-linux-gnu:/opt/ros/humble/lib'), ('HOME', '/tmp'), ('ROS_PYTHON_VERSION', '3'), ('ROS_DISTRO', 'humble'), ('_', '/usr/bin/colcon'), ('ROS_VERSION', '2'), ('ROS_LOCALHOST_ONLY', '0'), ('PATH', '/opt/ros/humble/bin:/usr/local/sbin:/usr/local/bin:/usr/sbin:/usr/bin:/sbin:/bin'), ('LANG', 'C.UTF-8'), ('AMENT_PREFIX_PATH', '/opt/ros/humble'), ('PWD', '/workspace/repo/build_container/go2_apportation_msgs'), ('LC_ALL', 'C.UTF-8'), ('PYTHONPATH', '/opt/ros/humble/lib/python3.10/site-packages:/opt/ros/humble/local/lib/python3.10/dist-packages'), ('COLCON', '1')]), 'shell': False}
[0.050685] (go2_description) JobProgress: {'identifier': 'go2_description', 'progress': 'cmake'}
[0.052038] (go2_description) JobProgress: {'identifier': 'go2_description', 'progress': 'build'}
[0.052575] (go2_description) Command: {'cmd': ['/usr/bin/cmake', '--build', '/workspace/repo/build_container/go2_description', '--', '-j6', '-l6'], 'cwd': '/workspace/repo/build_container/go2_description', 'env': OrderedDict([('HOSTNAME', 'ubuntu'), ('SHLVL', '0'), ('LD_LIBRARY_PATH', '/opt/ros/humble/lib/aarch64-linux-gnu:/opt/ros/humble/lib'), ('HOME', '/tmp'), ('ROS_PYTHON_VERSION', '3'), ('ROS_DISTRO', 'humble'), ('_', '/usr/bin/colcon'), ('ROS_VERSION', '2'), ('ROS_LOCALHOST_ONLY', '0'), ('PATH', '/opt/ros/humble/bin:/usr/local/sbin:/usr/local/bin:/usr/sbin:/usr/bin:/sbin:/bin'), ('LANG', 'C.UTF-8'), ('AMENT_PREFIX_PATH', '/opt/ros/humble'), ('PWD', '/workspace/repo/build_container/go2_description'), ('LC_ALL', 'C.UTF-8'), ('PYTHONPATH', '/opt/ros/humble/lib/python3.10/site-packages:/opt/ros/humble/local/lib/python3.10/dist-packages'), ('COLCON', '1'), ('CMAKE_PREFIX_PATH', '/opt/ros/humble')]), 'shell': False}
[0.099251] (-) TimerEvent: {}
[0.199648] (-) TimerEvent: {}
[0.300040] (-) TimerEvent: {}
[0.400433] (-) TimerEvent: {}
[0.500825] (-) TimerEvent: {}
[0.601998] (-) TimerEvent: {}
[0.665557] (go2_apportation_msgs) StdoutLine: {'line': b'[  1%] Built target go2_apportation_msgs__cpp\n'}
[0.666020] (go2_apportation_msgs) StdoutLine: {'line': b'[ 12%] Built target go2_apportation_msgs__rosidl_generator_c\n'}
[0.666195] (go2_apportation_msgs) StdoutLine: {'line': b'[ 23%] Built target go2_apportation_msgs__rosidl_typesupport_introspection_cpp\n'}
[0.666344] (go2_apportation_msgs) StdoutLine: {'line': b'[ 23%] Built target ament_cmake_python_copy_go2_apportation_msgs\n'}
[0.666482] (go2_apportation_msgs) StdoutLine: {'line': b'[ 46%] Built target go2_apportation_msgs__rosidl_typesupport_fastrtps_cpp\n'}
[0.666618] (go2_apportation_msgs) StdoutLine: {'line': b'[ 35%] Built target go2_apportation_msgs__rosidl_typesupport_cpp\n'}
[0.666770] (go2_apportation_msgs) StdoutLine: {'line': b'[ 57%] Built target go2_apportation_msgs__rosidl_typesupport_fastrtps_c\n'}
[0.666900] (go2_apportation_msgs) StdoutLine: {'line': b'[ 69%] Built target go2_apportation_msgs__rosidl_typesupport_introspection_c\n'}
[0.667114] (go2_apportation_msgs) StdoutLine: {'line': b'[ 80%] Built target go2_apportation_msgs__rosidl_typesupport_c\n'}
[0.667612] (go2_apportation_msgs) StdoutLine: {'line': b'[ 80%] Built target go2_apportation_msgs\n'}
[0.668758] (go2_apportation_msgs) StdoutLine: {'line': b'[ 81%] Built target go2_apportation_msgs__py\n'}
[0.669011] (go2_apportation_msgs) StdoutLine: {'line': b'[ 91%] Built target go2_apportation_msgs__rosidl_generator_py\n'}
[0.669266] (go2_apportation_msgs) StdoutLine: {'line': b'[ 94%] Built target go2_apportation_msgs__rosidl_typesupport_fastrtps_c__pyext\n'}
[0.669395] (go2_apportation_msgs) StdoutLine: {'line': b'[ 97%] Built target go2_apportation_msgs__rosidl_typesupport_c__pyext\n'}
[0.669516] (go2_apportation_msgs) StdoutLine: {'line': b'[100%] Built target go2_apportation_msgs__rosidl_typesupport_introspection_c__pyext\n'}
[0.669644] (go2_description) CommandEnded: {'returncode': 0}
[0.670798] (go2_description) JobProgress: {'identifier': 'go2_description', 'progress': 'install'}
[0.687750] (go2_description) Command: {'cmd': ['/usr/bin/cmake', '--install', '/workspace/repo/build_container/go2_description'], 'cwd': '/workspace/repo/build_container/go2_description', 'env': OrderedDict([('HOSTNAME', 'ubuntu'), ('SHLVL', '0'), ('LD_LIBRARY_PATH', '/opt/ros/humble/lib/aarch64-linux-gnu:/opt/ros/humble/lib'), ('HOME', '/tmp'), ('ROS_PYTHON_VERSION', '3'), ('ROS_DISTRO', 'humble'), ('_', '/usr/bin/colcon'), ('ROS_VERSION', '2'), ('ROS_LOCALHOST_ONLY', '0'), ('PATH', '/opt/ros/humble/bin:/usr/local/sbin:/usr/local/bin:/usr/sbin:/usr/bin:/sbin:/bin'), ('LANG', 'C.UTF-8'), ('AMENT_PREFIX_PATH', '/opt/ros/humble'), ('PWD', '/workspace/repo/build_container/go2_description'), ('LC_ALL', 'C.UTF-8'), ('PYTHONPATH', '/opt/ros/humble/lib/python3.10/site-packages:/opt/ros/humble/local/lib/python3.10/dist-packages'), ('COLCON', '1'), ('CMAKE_PREFIX_PATH', '/opt/ros/humble')]), 'shell': False}
[0.702150] (-) TimerEvent: {}
[0.703794] (go2_description) StdoutLine: {'line': b'-- Install configuration: ""\n'}
[0.704513] (go2_description) StdoutLine: {'line': b'-- Up-to-date: /workspace/repo/install_container/go2_description/share/go2_description/urdf\n'}
[0.706001] (go2_description) StdoutLine: {'line': b'-- Up-to-date: /workspace/repo/install_container/go2_description/share/go2_description/urdf/go2.urdf\n'}
[0.706307] (go2_description) StdoutLine: {'line': b'-- Up-to-date: /workspace/repo/install_container/go2_description/share/go2_description/meshes\n'}
[0.706468] (go2_description) StdoutLine: {'line': b'-- Up-to-date: /workspace/repo/install_container/go2_description/share/go2_description/meshes/hip.dae\n'}
[0.706824] (go2_description) StdoutLine: {'line': b'-- Up-to-date: /workspace/repo/install_container/go2_description/share/go2_description/meshes/calf_mirror.dae\n'}
[0.708677] (go2_description) StdoutLine: {'line': b'-- Up-to-date: /workspace/repo/install_container/go2_description/share/go2_description/meshes/thigh.dae\n'}
[0.709483] (go2_description) StdoutLine: {'line': b'-- Up-to-date: /workspace/repo/install_container/go2_description/share/go2_description/meshes/trunk.dae\n'}
[0.709740] (go2_description) StdoutLine: {'line': b'-- Up-to-date: /workspace/repo/install_container/go2_description/share/go2_description/meshes/foot.dae\n'}
[0.709892] (go2_description) StdoutLine: {'line': b'-- Up-to-date: /workspace/repo/install_container/go2_description/share/go2_description/meshes/calf.dae\n'}
[0.710029] (go2_description) StdoutLine: {'line': b'-- Up-to-date: /workspace/repo/install_container/go2_description/share/go2_description/meshes/thigh_mirror.dae\n'}
[0.710152] (go2_description) StdoutLine: {'line': b'-- Up-to-date: /workspace/repo/install_container/go2_description/share/go2_description/dae\n'}
[0.710316] (go2_description) StdoutLine: {'line': b'-- Up-to-date: /workspace/repo/install_container/go2_description/share/go2_description/dae/hip.dae\n'}
[0.710441] (go2_description) StdoutLine: {'line': b'-- Up-to-date: /workspace/repo/install_container/go2_description/share/go2_description/dae/calf_mirror.dae\n'}
[0.710559] (go2_description) StdoutLine: {'line': b'-- Up-to-date: /workspace/repo/install_container/go2_description/share/go2_description/dae/base.dae\n'}
[0.710677] (go2_description) StdoutLine: {'line': b'-- Up-to-date: /workspace/repo/install_container/go2_description/share/go2_description/dae/thigh.dae\n'}
[0.710795] (go2_description) StdoutLine: {'line': b'-- Up-to-date: /workspace/repo/install_container/go2_description/share/go2_description/dae/foot.dae\n'}
[0.710910] (go2_description) StdoutLine: {'line': b'-- Up-to-date: /workspace/repo/install_container/go2_description/share/go2_description/dae/calf.dae\n'}
[0.711029] (go2_description) StdoutLine: {'line': b'-- Up-to-date: /workspace/repo/install_container/go2_description/share/go2_description/dae/thigh_mirror.dae\n'}
[0.711145] (go2_description) StdoutLine: {'line': b'-- Up-to-date: /workspace/repo/install_container/go2_description/share/go2_description/xacro\n'}
[0.711259] (go2_description) StdoutLine: {'line': b'-- Up-to-date: /workspace/repo/install_container/go2_description/share/go2_description/xacro/materials.xacro\n'}
[0.711371] (go2_description) StdoutLine: {'line': b'-- Up-to-date: /workspace/repo/install_container/go2_description/share/go2_description/xacro/robot.xacro\n'}
[0.711487] (go2_description) StdoutLine: {'line': b'-- Up-to-date: /workspace/repo/install_container/go2_description/share/go2_description/xacro/transmission.xacro\n'}
[0.711601] (go2_description) StdoutLine: {'line': b'-- Up-to-date: /workspace/repo/install_container/go2_description/share/go2_description/xacro/const.xacro\n'}
[0.711718] (go2_description) StdoutLine: {'line': b'-- Up-to-date: /workspace/repo/install_container/go2_description/share/go2_description/xacro/gazebo.xacro\n'}
[0.711832] (go2_description) StdoutLine: {'line': b'-- Up-to-date: /workspace/repo/install_container/go2_description/share/go2_description/xacro/leg.xacro\n'}
[0.711946] (go2_description) StdoutLine: {'line': b'-- Up-to-date: /workspace/repo/install_container/go2_description/share/go2_description/launch\n'}
[0.712060] (go2_description) StdoutLine: {'line': b'-- Installing: /workspace/repo/install_container/go2_description/share/go2_description/launch/base_link_bridge.launch.py\n'}
[0.712174] (go2_description) StdoutLine: {'line': b'-- Up-to-date: /workspace/repo/install_container/go2_description/share/go2_description/launch/__pycache__\n'}
[0.712329] (go2_description) StdoutLine: {'line': b'-- Up-to-date: /workspace/repo/install_container/go2_description/share/go2_description/launch/__pycache__/robot_state_publisher.launch.cpython-38.pyc\n'}
[0.712473] (go2_description) StdoutLine: {'line': b'-- Installing: /workspace/repo/install_container/go2_description/share/go2_description/launch/__pycache__/base_link_bridge.launch.cpython-38.pyc\n'}
[0.713016] (go2_description) StdoutLine: {'line': b'-- Up-to-date: /workspace/repo/install_container/go2_description/share/go2_description/launch/robot_state_publisher.launch.py\n'}
[0.713255] (go2_description) StdoutLine: {'line': b'-- Up-to-date: /workspace/repo/install_container/go2_description/share/ament_index/resource_index/package_run_dependencies/go2_description\n'}
[0.713398] (go2_description) StdoutLine: {'line': b'-- Up-to-date: /workspace/repo/install_container/go2_description/share/ament_index/resource_index/parent_prefix_path/go2_description\n'}
[0.713525] (go2_description) StdoutLine: {'line': b'-- Up-to-date: /workspace/repo/install_container/go2_description/share/go2_description/environment/ament_prefix_path.sh\n'}
[0.713645] (go2_description) StdoutLine: {'line': b'-- Up-to-date: /workspace/repo/install_container/go2_description/share/go2_description/environment/ament_prefix_path.dsv\n'}
[0.713767] (go2_description) StdoutLine: {'line': b'-- Up-to-date: /workspace/repo/install_container/go2_description/share/go2_description/environment/path.sh\n'}
[0.713914] (go2_description) StdoutLine: {'line': b'-- Up-to-date: /workspace/repo/install_container/go2_description/share/go2_description/environment/path.dsv\n'}
[0.714034] (go2_description) StdoutLine: {'line': b'-- Up-to-date: /workspace/repo/install_container/go2_description/share/go2_description/local_setup.bash\n'}
[0.714194] (go2_description) StdoutLine: {'line': b'-- Up-to-date: /workspace/repo/install_container/go2_description/share/go2_description/local_setup.sh\n'}
[0.714314] (go2_description) StdoutLine: {'line': b'-- Up-to-date: /workspace/repo/install_container/go2_description/share/go2_description/local_setup.zsh\n'}
[0.714430] (go2_description) StdoutLine: {'line': b'-- Up-to-date: /workspace/repo/install_container/go2_description/share/go2_description/local_setup.dsv\n'}
[0.714543] (go2_description) StdoutLine: {'line': b'-- Up-to-date: /workspace/repo/install_container/go2_description/share/go2_description/package.dsv\n'}
[0.715254] (go2_description) StdoutLine: {'line': b'-- Up-to-date: /workspace/repo/install_container/go2_description/share/ament_index/resource_index/packages/go2_description\n'}
[0.715453] (go2_description) StdoutLine: {'line': b'-- Up-to-date: /workspace/repo/install_container/go2_description/share/go2_description/cmake/go2_descriptionConfig.cmake\n'}
[0.715625] (go2_description) StdoutLine: {'line': b'-- Up-to-date: /workspace/repo/install_container/go2_description/share/go2_description/cmake/go2_descriptionConfig-version.cmake\n'}
[0.715753] (go2_description) StdoutLine: {'line': b'-- Up-to-date: /workspace/repo/install_container/go2_description/share/go2_description/package.xml\n'}
[0.717265] (go2_description) CommandEnded: {'returncode': 0}
[0.767567] (go2_description) JobEnded: {'identifier': 'go2_description', 'rc': 0}
[0.791721] (go2_apportation_msgs) StdoutLine: {'line': b'running egg_info\n'}
[0.793257] (go2_apportation_msgs) StdoutLine: {'line': b'writing go2_apportation_msgs.egg-info/PKG-INFO\n'}
[0.793773] (go2_apportation_msgs) StdoutLine: {'line': b'writing dependency_links to go2_apportation_msgs.egg-info/dependency_links.txt\n'}
[0.794216] (go2_apportation_msgs) StdoutLine: {'line': b'writing top-level names to go2_apportation_msgs.egg-info/top_level.txt\n'}
[0.799929] (go2_apportation_msgs) StdoutLine: {'line': b"reading manifest file 'go2_apportation_msgs.egg-info/SOURCES.txt'\n"}
[0.801396] (go2_apportation_msgs) StdoutLine: {'line': b"writing manifest file 'go2_apportation_msgs.egg-info/SOURCES.txt'\n"}
[0.802204] (-) TimerEvent: {}
[0.871928] (go2_apportation_msgs) StdoutLine: {'line': b'[100%] Built target ament_cmake_python_build_go2_apportation_msgs_egg\n'}
[0.894473] (go2_apportation_msgs) CommandEnded: {'returncode': 0}
[0.897183] (go2_apportation_msgs) JobProgress: {'identifier': 'go2_apportation_msgs', 'progress': 'install'}
[0.897708] (go2_apportation_msgs) Command: {'cmd': ['/usr/bin/cmake', '--install', '/workspace/repo/build_container/go2_apportation_msgs'], 'cwd': '/workspace/repo/build_container/go2_apportation_msgs', 'env': OrderedDict([('HOSTNAME', 'ubuntu'), ('SHLVL', '0'), ('LD_LIBRARY_PATH', '/opt/ros/humble/lib/aarch64-linux-gnu:/opt/ros/humble/lib'), ('HOME', '/tmp'), ('ROS_PYTHON_VERSION', '3'), ('ROS_DISTRO', 'humble'), ('_', '/usr/bin/colcon'), ('ROS_VERSION', '2'), ('ROS_LOCALHOST_ONLY', '0'), ('PATH', '/opt/ros/humble/bin:/usr/local/sbin:/usr/local/bin:/usr/sbin:/usr/bin:/sbin:/bin'), ('LANG', 'C.UTF-8'), ('AMENT_PREFIX_PATH', '/opt/ros/humble'), ('PWD', '/workspace/repo/build_container/go2_apportation_msgs'), ('LC_ALL', 'C.UTF-8'), ('PYTHONPATH', '/opt/ros/humble/lib/python3.10/site-packages:/opt/ros/humble/local/lib/python3.10/dist-packages'), ('COLCON', '1')]), 'shell': False}
[0.902310] (-) TimerEvent: {}
[0.915116] (go2_apportation_msgs) StdoutLine: {'line': b'-- Install configuration: ""\n'}
[0.915822] (go2_apportation_msgs) StdoutLine: {'line': b'-- Up-to-date: /workspace/repo/install_container/go2_apportation_msgs/share/ament_index/resource_index/rosidl_interfaces/go2_apportation_msgs\n'}
[0.916638] (go2_apportation_msgs) StdoutLine: {'line': b'-- Up-to-date: /workspace/repo/install_container/go2_apportation_msgs/include/go2_apportation_msgs/go2_apportation_msgs\n'}
[0.917128] (go2_apportation_msgs) StdoutLine: {'line': b'-- Up-to-date: /workspace/repo/install_container/go2_apportation_msgs/include/go2_apportation_msgs/go2_apportation_msgs/msg\n'}
[0.917563] (go2_apportation_msgs) StdoutLine: {'line': b'-- Up-to-date: /workspace/repo/install_container/go2_apportation_msgs/include/go2_apportation_msgs/go2_apportation_msgs/msg/detection3_d_array.h\n'}
[0.917850] (go2_apportation_msgs) StdoutLine: {'line': b'-- Up-to-date: /workspace/repo/install_container/go2_apportation_msgs/include/go2_apportation_msgs/go2_apportation_msgs/msg/rosidl_generator_c__visibility_control.h\n'}
[0.917983] (go2_apportation_msgs) StdoutLine: {'line': b'-- Up-to-date: /workspace/repo/install_container/go2_apportation_msgs/include/go2_apportation_msgs/go2_apportation_msgs/msg/detail\n'}
[0.918106] (go2_apportation_msgs) StdoutLine: {'line': b'-- Up-to-date: /workspace/repo/install_container/go2_apportation_msgs/include/go2_apportation_msgs/go2_apportation_msgs/msg/detail/detection3_d_array__functions.h\n'}
[0.918223] (go2_apportation_msgs) StdoutLine: {'line': b'-- Up-to-date: /workspace/repo/install_container/go2_apportation_msgs/include/go2_apportation_msgs/go2_apportation_msgs/msg/detail/detection3_d_array__functions.c\n'}
[0.918339] (go2_apportation_msgs) StdoutLine: {'line': b'-- Up-to-date: /workspace/repo/install_container/go2_apportation_msgs/include/go2_apportation_msgs/go2_apportation_msgs/msg/detail/detection3_d_array__type_support.h\n'}
[0.918454] (go2_apportation_msgs) StdoutLine: {'line': b'-- Up-to-date: /workspace/repo/install_container/go2_apportation_msgs/include/go2_apportation_msgs/go2_apportation_msgs/msg/detail/object_state__type_support.h\n'}
[0.918667] (go2_apportation_msgs) StdoutLine: {'line': b'-- Up-to-date: /workspace/repo/install_container/go2_apportation_msgs/include/go2_apportation_msgs/go2_apportation_msgs/msg/detail/throw_status__struct.h\n'}
[0.918786] (go2_apportation_msgs) StdoutLine: {'line': b'-- Up-to-date: /workspace/repo/install_container/go2_apportation_msgs/include/go2_apportation_msgs/go2_apportation_msgs/msg/detail/object_state__struct.h\n'}
[0.919066] (go2_apportation_msgs) StdoutLine: {'line': b'-- Up-to-date: /workspace/repo/install_container/go2_apportation_msgs/include/go2_apportation_msgs/go2_apportation_msgs/msg/detail/throw_status__functions.h\n'}
[0.919633] (go2_apportation_msgs) StdoutLine: {'line': b'-- Up-to-date: /workspace/repo/install_container/go2_apportation_msgs/include/go2_apportation_msgs/go2_apportation_msgs/msg/detail/throw_status__functions.c\n'}
[0.919951] (go2_apportation_msgs) StdoutLine: {'line': b'-- Up-to-date: /workspace/repo/install_container/go2_apportation_msgs/include/go2_apportation_msgs/go2_apportation_msgs/msg/detail/object_state__functions.h\n'}
[0.920211] (go2_apportation_msgs) StdoutLine: {'line': b'-- Up-to-date: /workspace/repo/install_container/go2_apportation_msgs/include/go2_apportation_msgs/go2_apportation_msgs/msg/detail/throw_status__type_support.h\n'}
[0.920354] (go2_apportation_msgs) StdoutLine: {'line': b'-- Up-to-date: /workspace/repo/install_container/go2_apportation_msgs/include/go2_apportation_msgs/go2_apportation_msgs/msg/detail/detection3_d__struct.h\n'}
[0.920477] (go2_apportation_msgs) StdoutLine: {'line': b'-- Up-to-date: /workspace/repo/install_container/go2_apportation_msgs/include/go2_apportation_msgs/go2_apportation_msgs/msg/detail/detection3_d__functions.h\n'}
[0.920640] (go2_apportation_msgs) StdoutLine: {'line': b'-- Up-to-date: /workspace/repo/install_container/go2_apportation_msgs/include/go2_apportation_msgs/go2_apportation_msgs/msg/detail/object_state__functions.c\n'}
[0.920760] (go2_apportation_msgs) StdoutLine: {'line': b'-- Up-to-date: /workspace/repo/install_container/go2_apportation_msgs/include/go2_apportation_msgs/go2_apportation_msgs/msg/detail/detection3_d__type_support.h\n'}
[0.920896] (go2_apportation_msgs) StdoutLine: {'line': b'-- Up-to-date: /workspace/repo/install_container/go2_apportation_msgs/include/go2_apportation_msgs/go2_apportation_msgs/msg/detail/detection3_d_array__struct.h\n'}
[0.921016] (go2_apportation_msgs) StdoutLine: {'line': b'-- Up-to-date: /workspace/repo/install_container/go2_apportation_msgs/include/go2_apportation_msgs/go2_apportation_msgs/msg/detail/detection3_d__functions.c\n'}
[0.921132] (go2_apportation_msgs) StdoutLine: {'line': b'-- Up-to-date: /workspace/repo/install_container/go2_apportation_msgs/include/go2_apportation_msgs/go2_apportation_msgs/msg/throw_status.h\n'}
[0.921308] (go2_apportation_msgs) StdoutLine: {'line': b'-- Up-to-date: /workspace/repo/install_container/go2_apportation_msgs/include/go2_apportation_msgs/go2_apportation_msgs/msg/detection3_d.h\n'}
[0.921431] (go2_apportation_msgs) StdoutLine: {'line': b'-- Up-to-date: /workspace/repo/install_container/go2_apportation_msgs/include/go2_apportation_msgs/go2_apportation_msgs/msg/object_state.h\n'}
[0.921547] (go2_apportation_msgs) StdoutLine: {'line': b'-- Up-to-date: /workspace/repo/install_container/go2_apportation_msgs/include/go2_apportation_msgs/go2_apportation_msgs/srv\n'}
[0.921662] (go2_apportation_msgs) StdoutLine: {'line': b'-- Up-to-date: /workspace/repo/install_container/go2_apportation_msgs/include/go2_apportation_msgs/go2_apportation_msgs/srv/release_object.h\n'}
[0.921775] (go2_apportation_msgs) StdoutLine: {'line': b'-- Up-to-date: /workspace/repo/install_container/go2_apportation_msgs/include/go2_apportation_msgs/go2_apportation_msgs/srv/detail\n'}
[0.921886] (go2_apportation_msgs) StdoutLine: {'line': b'-- Up-to-date: /workspace/repo/install_container/go2_apportation_msgs/include/go2_apportation_msgs/go2_apportation_msgs/srv/detail/release_object__functions.c\n'}
[0.921998] (go2_apportation_msgs) StdoutLine: {'line': b'-- Up-to-date: /workspace/repo/install_container/go2_apportation_msgs/include/go2_apportation_msgs/go2_apportation_msgs/srv/detail/release_object__functions.h\n'}
[0.922111] (go2_apportation_msgs) StdoutLine: {'line': b'-- Up-to-date: /workspace/repo/install_container/go2_apportation_msgs/include/go2_apportation_msgs/go2_apportation_msgs/srv/detail/release_object__struct.h\n'}
[0.922222] (go2_apportation_msgs) StdoutLine: {'line': b'-- Up-to-date: /workspace/repo/install_container/go2_apportation_msgs/include/go2_apportation_msgs/go2_apportation_msgs/srv/detail/release_object__type_support.h\n'}
[0.922332] (go2_apportation_msgs) StdoutLine: {'line': b'-- Up-to-date: /workspace/repo/install_container/go2_apportation_msgs/include/go2_apportation_msgs/go2_apportation_msgs/action\n'}
[0.922445] (go2_apportation_msgs) StdoutLine: {'line': b'-- Up-to-date: /workspace/repo/install_container/go2_apportation_msgs/include/go2_apportation_msgs/go2_apportation_msgs/action/pick_object.h\n'}
[0.922563] (go2_apportation_msgs) StdoutLine: {'line': b'-- Up-to-date: /workspace/repo/install_container/go2_apportation_msgs/include/go2_apportation_msgs/go2_apportation_msgs/action/detail\n'}
[0.922676] (go2_apportation_msgs) StdoutLine: {'line': b'-- Up-to-date: /workspace/repo/install_container/go2_apportation_msgs/include/go2_apportation_msgs/go2_apportation_msgs/action/detail/pick_object__type_support.h\n'}
[0.922786] (go2_apportation_msgs) StdoutLine: {'line': b'-- Up-to-date: /workspace/repo/install_container/go2_apportation_msgs/include/go2_apportation_msgs/go2_apportation_msgs/action/detail/pick_object__functions.h\n'}
[0.922899] (go2_apportation_msgs) StdoutLine: {'line': b'-- Up-to-date: /workspace/repo/install_container/go2_apportation_msgs/include/go2_apportation_msgs/go2_apportation_msgs/action/detail/pick_object__struct.h\n'}
[0.923009] (go2_apportation_msgs) StdoutLine: {'line': b'-- Up-to-date: /workspace/repo/install_container/go2_apportation_msgs/include/go2_apportation_msgs/go2_apportation_msgs/action/detail/pick_object__functions.c\n'}
[0.923135] (go2_apportation_msgs) StdoutLine: {'line': b'-- Up-to-date: /workspace/repo/install_container/go2_apportation_msgs/share/go2_apportation_msgs/environment/library_path.sh\n'}
[0.923267] (go2_apportation_msgs) StdoutLine: {'line': b'-- Up-to-date: /workspace/repo/install_container/go2_apportation_msgs/share/go2_apportation_msgs/environment/library_path.dsv\n'}
[0.923384] (go2_apportation_msgs) StdoutLine: {'line': b'-- Up-to-date: /workspace/repo/install_container/go2_apportation_msgs/lib/libgo2_apportation_msgs__rosidl_generator_c.so\n'}
[0.923506] (go2_apportation_msgs) StdoutLine: {'line': b'-- Up-to-date: /workspace/repo/install_container/go2_apportation_msgs/include/go2_apportation_msgs/go2_apportation_msgs\n'}
[0.923618] (go2_apportation_msgs) StdoutLine: {'line': b'-- Up-to-date: /workspace/repo/install_container/go2_apportation_msgs/include/go2_apportation_msgs/go2_apportation_msgs/msg\n'}
[0.923728] (go2_apportation_msgs) StdoutLine: {'line': b'-- Up-to-date: /workspace/repo/install_container/go2_apportation_msgs/include/go2_apportation_msgs/go2_apportation_msgs/msg/rosidl_typesupport_fastrtps_c__visibility_control.h\n'}
[0.923846] (go2_apportation_msgs) StdoutLine: {'line': b'-- Up-to-date: /workspace/repo/install_container/go2_apportation_msgs/include/go2_apportation_msgs/go2_apportation_msgs/msg/detail\n'}
[0.923993] (go2_apportation_msgs) StdoutLine: {'line': b'-- Up-to-date: /workspace/repo/install_container/go2_apportation_msgs/include/go2_apportation_msgs/go2_apportation_msgs/msg/detail/object_state__rosidl_typesupport_fastrtps_c.h\n'}
[0.924109] (go2_apportation_msgs) StdoutLine: {'line': b'-- Up-to-date: /workspace/repo/install_container/go2_apportation_msgs/include/go2_apportation_msgs/go2_apportation_msgs/msg/detail/detection3_d__rosidl_typesupport_fastrtps_c.h\n'}
[0.924221] (go2_apportation_msgs) StdoutLine: {'line': b'-- Up-to-date: /workspace/repo/install_container/go2_apportation_msgs/include/go2_apportation_msgs/go2_apportation_msgs/msg/detail/throw_status__rosidl_typesupport_fastrtps_c.h\n'}
[0.924361] (go2_apportation_msgs) StdoutLine: {'line': b'-- Up-to-date: /workspace/repo/install_container/go2_apportation_msgs/include/go2_apportation_msgs/go2_apportation_msgs/msg/detail/detection3_d_array__rosidl_typesupport_fastrtps_c.h\n'}
[0.924486] (go2_apportation_msgs) StdoutLine: {'line': b'-- Up-to-date: /workspace/repo/install_container/go2_apportation_msgs/include/go2_apportation_msgs/go2_apportation_msgs/srv\n'}
[0.924598] (go2_apportation_msgs) StdoutLine: {'line': b'-- Up-to-date: /workspace/repo/install_container/go2_apportation_msgs/include/go2_apportation_msgs/go2_apportation_msgs/srv/detail\n'}
[0.924707] (go2_apportation_msgs) StdoutLine: {'line': b'-- Up-to-date: /workspace/repo/install_container/go2_apportation_msgs/include/go2_apportation_msgs/go2_apportation_msgs/srv/detail/release_object__rosidl_typesupport_fastrtps_c.h\n'}
[0.924817] (go2_apportation_msgs) StdoutLine: {'line': b'-- Up-to-date: /workspace/repo/install_container/go2_apportation_msgs/include/go2_apportation_msgs/go2_apportation_msgs/action\n'}
[0.924927] (go2_apportation_msgs) StdoutLine: {'line': b'-- Up-to-date: /workspace/repo/install_container/go2_apportation_msgs/include/go2_apportation_msgs/go2_apportation_msgs/action/detail\n'}
[0.925034] (go2_apportation_msgs) StdoutLine: {'line': b'-- Up-to-date: /workspace/repo/install_container/go2_apportation_msgs/include/go2_apportation_msgs/go2_apportation_msgs/action/detail/pick_object__rosidl_typesupport_fastrtps_c.h\n'}
[0.925635] (go2_apportation_msgs) StdoutLine: {'line': b'-- Up-to-date: /workspace/repo/install_container/go2_apportation_msgs/lib/libgo2_apportation_msgs__rosidl_typesupport_fastrtps_c.so\n'}
[0.926122] (go2_apportation_msgs) StdoutLine: {'line': b'-- Up-to-date: /workspace/repo/install_container/go2_apportation_msgs/include/go2_apportation_msgs/go2_apportation_msgs\n'}
[0.926551] (go2_apportation_msgs) StdoutLine: {'line': b'-- Up-to-date: /workspace/repo/install_container/go2_apportation_msgs/include/go2_apportation_msgs/go2_apportation_msgs/msg\n'}
[0.926979] (go2_apportation_msgs) StdoutLine: {'line': b'-- Up-to-date: /workspace/repo/install_container/go2_apportation_msgs/include/go2_apportation_msgs/go2_apportation_msgs/msg/detail\n'}
[0.927420] (go2_apportation_msgs) StdoutLine: {'line': b'-- Up-to-date: /workspace/repo/install_container/go2_apportation_msgs/include/go2_apportation_msgs/go2_apportation_msgs/msg/detail/object_state__rosidl_typesupport_introspection_c.h\n'}
[0.927813] (go2_apportation_msgs) StdoutLine: {'line': b'-- Up-to-date: /workspace/repo/install_container/go2_apportation_msgs/include/go2_apportation_msgs/go2_apportation_msgs/msg/detail/detection3_d_array__rosidl_typesupport_introspection_c.h\n'}
[0.928212] (go2_apportation_msgs) StdoutLine: {'line': b'-- Up-to-date: /workspace/repo/install_container/go2_apportation_msgs/include/go2_apportation_msgs/go2_apportation_msgs/msg/detail/throw_status__type_support.c\n'}
[0.931182] (go2_apportation_msgs) StdoutLine: {'line': b'-- Up-to-date: /workspace/repo/install_container/go2_apportation_msgs/include/go2_apportation_msgs/go2_apportation_msgs/msg/detail/throw_status__rosidl_typesupport_introspection_c.h\n'}
[0.932462] (go2_apportation_msgs) StdoutLine: {'line': b'-- Up-to-date: /workspace/repo/install_container/go2_apportation_msgs/include/go2_apportation_msgs/go2_apportation_msgs/msg/detail/detection3_d__type_support.c\n'}
[0.932686] (go2_apportation_msgs) StdoutLine: {'line': b'-- Up-to-date: /workspace/repo/install_container/go2_apportation_msgs/include/go2_apportation_msgs/go2_apportation_msgs/msg/detail/detection3_d__rosidl_typesupport_introspection_c.h\n'}
[0.932842] (go2_apportation_msgs) StdoutLine: {'line': b'-- Up-to-date: /workspace/repo/install_container/go2_apportation_msgs/include/go2_apportation_msgs/go2_apportation_msgs/msg/detail/detection3_d_array__type_support.c\n'}
[0.932972] (go2_apportation_msgs) StdoutLine: {'line': b'-- Up-to-date: /workspace/repo/install_container/go2_apportation_msgs/include/go2_apportation_msgs/go2_apportation_msgs/msg/detail/object_state__type_support.c\n'}
[0.933096] (go2_apportation_msgs) StdoutLine: {'line': b'-- Up-to-date: /workspace/repo/install_container/go2_apportation_msgs/include/go2_apportation_msgs/go2_apportation_msgs/msg/rosidl_typesupport_introspection_c__visibility_control.h\n'}
[0.933216] (go2_apportation_msgs) StdoutLine: {'line': b'-- Up-to-date: /workspace/repo/install_container/go2_apportation_msgs/include/go2_apportation_msgs/go2_apportation_msgs/srv\n'}
[0.933331] (go2_apportation_msgs) StdoutLine: {'line': b'-- Up-to-date: /workspace/repo/install_container/go2_apportation_msgs/include/go2_apportation_msgs/go2_apportation_msgs/srv/detail\n'}
[0.933448] (go2_apportation_msgs) StdoutLine: {'line': b'-- Up-to-date: /workspace/repo/install_container/go2_apportation_msgs/include/go2_apportation_msgs/go2_apportation_msgs/srv/detail/release_object__rosidl_typesupport_introspection_c.h\n'}
[0.933610] (go2_apportation_msgs) StdoutLine: {'line': b'-- Up-to-date: /workspace/repo/install_container/go2_apportation_msgs/include/go2_apportation_msgs/go2_apportation_msgs/srv/detail/release_object__type_support.c\n'}
[0.933730] (go2_apportation_msgs) StdoutLine: {'line': b'-- Up-to-date: /workspace/repo/install_container/go2_apportation_msgs/include/go2_apportation_msgs/go2_apportation_msgs/action\n'}
[0.933851] (go2_apportation_msgs) StdoutLine: {'line': b'-- Up-to-date: /workspace/repo/install_container/go2_apportation_msgs/include/go2_apportation_msgs/go2_apportation_msgs/action/detail\n'}
[0.933967] (go2_apportation_msgs) StdoutLine: {'line': b'-- Up-to-date: /workspace/repo/install_container/go2_apportation_msgs/include/go2_apportation_msgs/go2_apportation_msgs/action/detail/pick_object__rosidl_typesupport_introspection_c.h\n'}
[0.934084] (go2_apportation_msgs) StdoutLine: {'line': b'-- Up-to-date: /workspace/repo/install_container/go2_apportation_msgs/include/go2_apportation_msgs/go2_apportation_msgs/action/detail/pick_object__type_support.c\n'}
[0.934199] (go2_apportation_msgs) StdoutLine: {'line': b'-- Up-to-date: /workspace/repo/install_container/go2_apportation_msgs/lib/libgo2_apportation_msgs__rosidl_typesupport_introspection_c.so\n'}
[0.934330] (go2_apportation_msgs) StdoutLine: {'line': b'-- Up-to-date: /workspace/repo/install_container/go2_apportation_msgs/lib/libgo2_apportation_msgs__rosidl_typesupport_c.so\n'}
[0.934442] (go2_apportation_msgs) StdoutLine: {'line': b'-- Up-to-date: /workspace/repo/install_container/go2_apportation_msgs/include/go2_apportation_msgs/go2_apportation_msgs\n'}
[0.934552] (go2_apportation_msgs) StdoutLine: {'line': b'-- Up-to-date: /workspace/repo/install_container/go2_apportation_msgs/include/go2_apportation_msgs/go2_apportation_msgs/msg\n'}
[0.934663] (go2_apportation_msgs) StdoutLine: {'line': b'-- Up-to-date: /workspace/repo/install_container/go2_apportation_msgs/include/go2_apportation_msgs/go2_apportation_msgs/msg/detection3_d.hpp\n'}
[0.934780] (go2_apportation_msgs) StdoutLine: {'line': b'-- Up-to-date: /workspace/repo/install_container/go2_apportation_msgs/include/go2_apportation_msgs/go2_apportation_msgs/msg/detection3_d_array.hpp\n'}
[0.934893] (go2_apportation_msgs) StdoutLine: {'line': b'-- Up-to-date: /workspace/repo/install_container/go2_apportation_msgs/include/go2_apportation_msgs/go2_apportation_msgs/msg/detail\n'}
[0.935003] (go2_apportation_msgs) StdoutLine: {'line': b'-- Up-to-date: /workspace/repo/install_container/go2_apportation_msgs/include/go2_apportation_msgs/go2_apportation_msgs/msg/detail/detection3_d_array__type_support.hpp\n'}
[0.935118] (go2_apportation_msgs) StdoutLine: {'line': b'-- Up-to-date: /workspace/repo/install_container/go2_apportation_msgs/include/go2_apportation_msgs/go2_apportation_msgs/msg/detail/detection3_d__type_support.hpp\n'}
[0.935230] (go2_apportation_msgs) StdoutLine: {'line': b'-- Up-to-date: /workspace/repo/install_container/go2_apportation_msgs/include/go2_apportation_msgs/go2_apportation_msgs/msg/detail/throw_status__type_support.hpp\n'}
[0.935341] (go2_apportation_msgs) StdoutLine: {'line': b'-- Up-to-date: /workspace/repo/install_container/go2_apportation_msgs/include/go2_apportation_msgs/go2_apportation_msgs/msg/detail/detection3_d_array__builder.hpp\n'}
[0.935452] (go2_apportation_msgs) StdoutLine: {'line': b'-- Up-to-date: /workspace/repo/install_container/go2_apportation_msgs/include/go2_apportation_msgs/go2_apportation_msgs/msg/detail/throw_status__struct.hpp\n'}
[0.935564] (go2_apportation_msgs) StdoutLine: {'line': b'-- Up-to-date: /workspace/repo/install_container/go2_apportation_msgs/include/go2_apportation_msgs/go2_apportation_msgs/msg/detail/detection3_d__builder.hpp\n'}
[0.935697] (go2_apportation_msgs) StdoutLine: {'line': b'-- Up-to-date: /workspace/repo/install_container/go2_apportation_msgs/include/go2_apportation_msgs/go2_apportation_msgs/msg/detail/object_state__type_support.hpp\n'}
[0.935816] (go2_apportation_msgs) StdoutLine: {'line': b'-- Up-to-date: /workspace/repo/install_container/go2_apportation_msgs/include/go2_apportation_msgs/go2_apportation_msgs/msg/detail/detection3_d__struct.hpp\n'}
[0.935928] (go2_apportation_msgs) StdoutLine: {'line': b'-- Up-to-date: /workspace/repo/install_container/go2_apportation_msgs/include/go2_apportation_msgs/go2_apportation_msgs/msg/detail/detection3_d_array__traits.hpp\n'}
[0.936041] (go2_apportation_msgs) StdoutLine: {'line': b'-- Up-to-date: /workspace/repo/install_container/go2_apportation_msgs/include/go2_apportation_msgs/go2_apportation_msgs/msg/detail/throw_status__traits.hpp\n'}
[0.936152] (go2_apportation_msgs) StdoutLine: {'line': b'-- Up-to-date: /workspace/repo/install_container/go2_apportation_msgs/include/go2_apportation_msgs/go2_apportation_msgs/msg/detail/object_state__builder.hpp\n'}
[0.936263] (go2_apportation_msgs) StdoutLine: {'line': b'-- Up-to-date: /workspace/repo/install_container/go2_apportation_msgs/include/go2_apportation_msgs/go2_apportation_msgs/msg/detail/detection3_d_array__struct.hpp\n'}
[0.936414] (go2_apportation_msgs) StdoutLine: {'line': b'-- Up-to-date: /workspace/repo/install_container/go2_apportation_msgs/include/go2_apportation_msgs/go2_apportation_msgs/msg/detail/object_state__struct.hpp\n'}
[0.936532] (go2_apportation_msgs) StdoutLine: {'line': b'-- Up-to-date: /workspace/repo/install_container/go2_apportation_msgs/include/go2_apportation_msgs/go2_apportation_msgs/msg/detail/detection3_d__traits.hpp\n'}
[0.936674] (go2_apportation_msgs) StdoutLine: {'line': b'-- Up-to-date: /workspace/repo/install_container/go2_apportation_msgs/include/go2_apportation_msgs/go2_apportation_msgs/msg/detail/throw_status__builder.hpp\n'}
[0.936796] (go2_apportation_msgs) StdoutLine: {'line': b'-- Up-to-date: /workspace/repo/install_container/go2_apportation_msgs/include/go2_apportation_msgs/go2_apportation_msgs/msg/detail/object_state__traits.hpp\n'}
[0.936945] (go2_apportation_msgs) StdoutLine: {'line': b'-- Up-to-date: /workspace/repo/install_container/go2_apportation_msgs/include/go2_apportation_msgs/go2_apportation_msgs/msg/object_state.hpp\n'}
[0.937061] (go2_apportation_msgs) StdoutLine: {'line': b'-- Up-to-date: /workspace/repo/install_container/go2_apportation_msgs/include/go2_apportation_msgs/go2_apportation_msgs/msg/throw_status.hpp\n'}
[0.937175] (go2_apportation_msgs) StdoutLine: {'line': b'-- Up-to-date: /workspace/repo/install_container/go2_apportation_msgs/include/go2_apportation_msgs/go2_apportation_msgs/msg/rosidl_generator_cpp__visibility_control.hpp\n'}
[0.937286] (go2_apportation_msgs) StdoutLine: {'line': b'-- Up-to-date: /workspace/repo/install_container/go2_apportation_msgs/include/go2_apportation_msgs/go2_apportation_msgs/srv\n'}
[0.937397] (go2_apportation_msgs) StdoutLine: {'line': b'-- Up-to-date: /workspace/repo/install_container/go2_apportation_msgs/include/go2_apportation_msgs/go2_apportation_msgs/srv/release_object.hpp\n'}
[0.937507] (go2_apportation_msgs) StdoutLine: {'line': b'-- Up-to-date: /workspace/repo/install_container/go2_apportation_msgs/include/go2_apportation_msgs/go2_apportation_msgs/srv/detail\n'}
[0.937623] (go2_apportation_msgs) StdoutLine: {'line': b'-- Up-to-date: /workspace/repo/install_container/go2_apportation_msgs/include/go2_apportation_msgs/go2_apportation_msgs/srv/detail/release_object__builder.hpp\n'}
[0.937735] (go2_apportation_msgs) StdoutLine: {'line': b'-- Up-to-date: /workspace/repo/install_container/go2_apportation_msgs/include/go2_apportation_msgs/go2_apportation_msgs/srv/detail/release_object__type_support.hpp\n'}
[0.937848] (go2_apportation_msgs) StdoutLine: {'line': b'-- Up-to-date: /workspace/repo/install_container/go2_apportation_msgs/include/go2_apportation_msgs/go2_apportation_msgs/srv/detail/release_object__traits.hpp\n'}
[0.937960] (go2_apportation_msgs) StdoutLine: {'line': b'-- Up-to-date: /workspace/repo/install_container/go2_apportation_msgs/include/go2_apportation_msgs/go2_apportation_msgs/srv/detail/release_object__struct.hpp\n'}
[0.938073] (go2_apportation_msgs) StdoutLine: {'line': b'-- Up-to-date: /workspace/repo/install_container/go2_apportation_msgs/include/go2_apportation_msgs/go2_apportation_msgs/action\n'}
[0.938185] (go2_apportation_msgs) StdoutLine: {'line': b'-- Up-to-date: /workspace/repo/install_container/go2_apportation_msgs/include/go2_apportation_msgs/go2_apportation_msgs/action/detail\n'}
[0.938297] (go2_apportation_msgs) StdoutLine: {'line': b'-- Up-to-date: /workspace/repo/install_container/go2_apportation_msgs/include/go2_apportation_msgs/go2_apportation_msgs/action/detail/pick_object__traits.hpp\n'}
[0.938405] (go2_apportation_msgs) StdoutLine: {'line': b'-- Up-to-date: /workspace/repo/install_container/go2_apportation_msgs/include/go2_apportation_msgs/go2_apportation_msgs/action/detail/pick_object__builder.hpp\n'}
[0.938520] (go2_apportation_msgs) StdoutLine: {'line': b'-- Up-to-date: /workspace/repo/install_container/go2_apportation_msgs/include/go2_apportation_msgs/go2_apportation_msgs/action/detail/pick_object__struct.hpp\n'}
[0.938654] (go2_apportation_msgs) StdoutLine: {'line': b'-- Up-to-date: /workspace/repo/install_container/go2_apportation_msgs/include/go2_apportation_msgs/go2_apportation_msgs/action/detail/pick_object__type_support.hpp\n'}
[0.938773] (go2_apportation_msgs) StdoutLine: {'line': b'-- Up-to-date: /workspace/repo/install_container/go2_apportation_msgs/include/go2_apportation_msgs/go2_apportation_msgs/action/pick_object.hpp\n'}
[0.938905] (go2_apportation_msgs) StdoutLine: {'line': b'-- Up-to-date: /workspace/repo/install_container/go2_apportation_msgs/include/go2_apportation_msgs/go2_apportation_msgs\n'}
[0.939021] (go2_apportation_msgs) StdoutLine: {'line': b'-- Up-to-date: /workspace/repo/install_container/go2_apportation_msgs/include/go2_apportation_msgs/go2_apportation_msgs/msg\n'}
[0.939138] (go2_apportation_msgs) StdoutLine: {'line': b'-- Up-to-date: /workspace/repo/install_container/go2_apportation_msgs/include/go2_apportation_msgs/go2_apportation_msgs/msg/rosidl_typesupport_fastrtps_cpp__visibility_control.h\n'}
[0.939256] (go2_apportation_msgs) StdoutLine: {'line': b'-- Up-to-date: /workspace/repo/install_container/go2_apportation_msgs/include/go2_apportation_msgs/go2_apportation_msgs/msg/detail\n'}
[0.939374] (go2_apportation_msgs) StdoutLine: {'line': b'-- Up-to-date: /workspace/repo/install_container/go2_apportation_msgs/include/go2_apportation_msgs/go2_apportation_msgs/msg/detail/detection3_d__rosidl_typesupport_fastrtps_cpp.hpp\n'}
[0.939489] (go2_apportation_msgs) StdoutLine: {'line': b'-- Up-to-date: /workspace/repo/install_container/go2_apportation_msgs/include/go2_apportation_msgs/go2_apportation_msgs/msg/detail/object_state__rosidl_typesupport_fastrtps_cpp.hpp\n'}
[0.939598] (go2_apportation_msgs) StdoutLine: {'line': b'-- Up-to-date: /workspace/repo/install_container/go2_apportation_msgs/include/go2_apportation_msgs/go2_apportation_msgs/msg/detail/dds_fastrtps\n'}
[0.939707] (go2_apportation_msgs) StdoutLine: {'line': b'-- Up-to-date: /workspace/repo/install_container/go2_apportation_msgs/include/go2_apportation_msgs/go2_apportation_msgs/msg/detail/throw_status__rosidl_typesupport_fastrtps_cpp.hpp\n'}
[0.939815] (go2_apportation_msgs) StdoutLine: {'line': b'-- Up-to-date: /workspace/repo/install_container/go2_apportation_msgs/include/go2_apportation_msgs/go2_apportation_msgs/msg/detail/detection3_d_array__rosidl_typesupport_fastrtps_cpp.hpp\n'}
[0.939958] (go2_apportation_msgs) StdoutLine: {'line': b'-- Up-to-date: /workspace/repo/install_container/go2_apportation_msgs/include/go2_apportation_msgs/go2_apportation_msgs/srv\n'}
[0.940075] (go2_apportation_msgs) StdoutLine: {'line': b'-- Up-to-date: /workspace/repo/install_container/go2_apportation_msgs/include/go2_apportation_msgs/go2_apportation_msgs/srv/detail\n'}
[0.940191] (go2_apportation_msgs) StdoutLine: {'line': b'-- Up-to-date: /workspace/repo/install_container/go2_apportation_msgs/include/go2_apportation_msgs/go2_apportation_msgs/srv/detail/release_object__rosidl_typesupport_fastrtps_cpp.hpp\n'}
[0.940336] (go2_apportation_msgs) StdoutLine: {'line': b'-- Up-to-date: /workspace/repo/install_container/go2_apportation_msgs/include/go2_apportation_msgs/go2_apportation_msgs/srv/detail/dds_fastrtps\n'}
[0.940474] (go2_apportation_msgs) StdoutLine: {'line': b'-- Up-to-date: /workspace/repo/install_container/go2_apportation_msgs/include/go2_apportation_msgs/go2_apportation_msgs/action\n'}
[0.940592] (go2_apportation_msgs) StdoutLine: {'line': b'-- Up-to-date: /workspace/repo/install_container/go2_apportation_msgs/include/go2_apportation_msgs/go2_apportation_msgs/action/detail\n'}
[0.940708] (go2_apportation_msgs) StdoutLine: {'line': b'-- Up-to-date: /workspace/repo/install_container/go2_apportation_msgs/include/go2_apportation_msgs/go2_apportation_msgs/action/detail/dds_fastrtps\n'}
[0.940825] (go2_apportation_msgs) StdoutLine: {'line': b'-- Up-to-date: /workspace/repo/install_container/go2_apportation_msgs/include/go2_apportation_msgs/go2_apportation_msgs/action/detail/pick_object__rosidl_typesupport_fastrtps_cpp.hpp\n'}
[0.940939] (go2_apportation_msgs) StdoutLine: {'line': b'-- Up-to-date: /workspace/repo/install_container/go2_apportation_msgs/lib/libgo2_apportation_msgs__rosidl_typesupport_fastrtps_cpp.so\n'}
[0.941049] (go2_apportation_msgs) StdoutLine: {'line': b'-- Up-to-date: /workspace/repo/install_container/go2_apportation_msgs/include/go2_apportation_msgs/go2_apportation_msgs\n'}
[0.941181] (go2_apportation_msgs) StdoutLine: {'line': b'-- Up-to-date: /workspace/repo/install_container/go2_apportation_msgs/include/go2_apportation_msgs/go2_apportation_msgs/msg\n'}
[0.941297] (go2_apportation_msgs) StdoutLine: {'line': b'-- Up-to-date: /workspace/repo/install_container/go2_apportation_msgs/include/go2_apportation_msgs/go2_apportation_msgs/msg/detail\n'}
[0.941414] (go2_apportation_msgs) StdoutLine: {'line': b'-- Up-to-date: /workspace/repo/install_container/go2_apportation_msgs/include/go2_apportation_msgs/go2_apportation_msgs/msg/detail/throw_status__type_support.cpp\n'}
[0.941530] (go2_apportation_msgs) StdoutLine: {'line': b'-- Up-to-date: /workspace/repo/install_container/go2_apportation_msgs/include/go2_apportation_msgs/go2_apportation_msgs/msg/detail/detection3_d__rosidl_typesupport_introspection_cpp.hpp\n'}
[0.941644] (go2_apportation_msgs) StdoutLine: {'line': b'-- Up-to-date: /workspace/repo/install_container/go2_apportation_msgs/include/go2_apportation_msgs/go2_apportation_msgs/msg/detail/object_state__type_support.cpp\n'}
[0.941772] (go2_apportation_msgs) StdoutLine: {'line': b'-- Up-to-date: /workspace/repo/install_container/go2_apportation_msgs/include/go2_apportation_msgs/go2_apportation_msgs/msg/detail/object_state__rosidl_typesupport_introspection_cpp.hpp\n'}
[0.941885] (go2_apportation_msgs) StdoutLine: {'line': b'-- Up-to-date: /workspace/repo/install_container/go2_apportation_msgs/include/go2_apportation_msgs/go2_apportation_msgs/msg/detail/detection3_d_array__type_support.cpp\n'}
[0.941996] (go2_apportation_msgs) StdoutLine: {'line': b'-- Up-to-date: /workspace/repo/install_container/go2_apportation_msgs/include/go2_apportation_msgs/go2_apportation_msgs/msg/detail/detection3_d__type_support.cpp\n'}
[0.942107] (go2_apportation_msgs) StdoutLine: {'line': b'-- Up-to-date: /workspace/repo/install_container/go2_apportation_msgs/include/go2_apportation_msgs/go2_apportation_msgs/msg/detail/throw_status__rosidl_typesupport_introspection_cpp.hpp\n'}
[0.942217] (go2_apportation_msgs) StdoutLine: {'line': b'-- Up-to-date: /workspace/repo/install_container/go2_apportation_msgs/include/go2_apportation_msgs/go2_apportation_msgs/msg/detail/detection3_d_array__rosidl_typesupport_introspection_cpp.hpp\n'}
[0.942327] (go2_apportation_msgs) StdoutLine: {'line': b'-- Up-to-date: /workspace/repo/install_container/go2_apportation_msgs/include/go2_apportation_msgs/go2_apportation_msgs/srv\n'}
[0.942436] (go2_apportation_msgs) StdoutLine: {'line': b'-- Up-to-date: /workspace/repo/install_container/go2_apportation_msgs/include/go2_apportation_msgs/go2_apportation_msgs/srv/detail\n'}
[0.942544] (go2_apportation_msgs) StdoutLine: {'line': b'-- Up-to-date: /workspace/repo/install_container/go2_apportation_msgs/include/go2_apportation_msgs/go2_apportation_msgs/srv/detail/release_object__type_support.cpp\n'}
[0.942653] (go2_apportation_msgs) StdoutLine: {'line': b'-- Up-to-date: /workspace/repo/install_container/go2_apportation_msgs/include/go2_apportation_msgs/go2_apportation_msgs/srv/detail/release_object__rosidl_typesupport_introspection_cpp.hpp\n'}
[0.942762] (go2_apportation_msgs) StdoutLine: {'line': b'-- Up-to-date: /workspace/repo/install_container/go2_apportation_msgs/include/go2_apportation_msgs/go2_apportation_msgs/action\n'}
[0.942870] (go2_apportation_msgs) StdoutLine: {'line': b'-- Up-to-date: /workspace/repo/install_container/go2_apportation_msgs/include/go2_apportation_msgs/go2_apportation_msgs/action/detail\n'}
[0.942977] (go2_apportation_msgs) StdoutLine: {'line': b'-- Up-to-date: /workspace/repo/install_container/go2_apportation_msgs/include/go2_apportation_msgs/go2_apportation_msgs/action/detail/pick_object__rosidl_typesupport_introspection_cpp.hpp\n'}
[0.943120] (go2_apportation_msgs) StdoutLine: {'line': b'-- Up-to-date: /workspace/repo/install_container/go2_apportation_msgs/include/go2_apportation_msgs/go2_apportation_msgs/action/detail/pick_object__type_support.cpp\n'}
[0.943748] (go2_apportation_msgs) StdoutLine: {'line': b'-- Up-to-date: /workspace/repo/install_container/go2_apportation_msgs/lib/libgo2_apportation_msgs__rosidl_typesupport_introspection_cpp.so\n'}
[0.943938] (go2_apportation_msgs) StdoutLine: {'line': b'-- Up-to-date: /workspace/repo/install_container/go2_apportation_msgs/lib/libgo2_apportation_msgs__rosidl_typesupport_cpp.so\n'}
[0.944070] (go2_apportation_msgs) StdoutLine: {'line': b'-- Up-to-date: /workspace/repo/install_container/go2_apportation_msgs/share/go2_apportation_msgs/environment/pythonpath.sh\n'}
[0.944188] (go2_apportation_msgs) StdoutLine: {'line': b'-- Up-to-date: /workspace/repo/install_container/go2_apportation_msgs/share/go2_apportation_msgs/environment/pythonpath.dsv\n'}
[0.944330] (go2_apportation_msgs) StdoutLine: {'line': b'-- Up-to-date: /workspace/repo/install_container/go2_apportation_msgs/local/lib/python3.10/dist-packages/go2_apportation_msgs-0.0.0-py3.10.egg-info\n'}
[0.944459] (go2_apportation_msgs) StdoutLine: {'line': b'-- Installing: /workspace/repo/install_container/go2_apportation_msgs/local/lib/python3.10/dist-packages/go2_apportation_msgs-0.0.0-py3.10.egg-info/top_level.txt\n'}
[0.944574] (go2_apportation_msgs) StdoutLine: {'line': b'-- Installing: /workspace/repo/install_container/go2_apportation_msgs/local/lib/python3.10/dist-packages/go2_apportation_msgs-0.0.0-py3.10.egg-info/PKG-INFO\n'}
[0.944687] (go2_apportation_msgs) StdoutLine: {'line': b'-- Installing: /workspace/repo/install_container/go2_apportation_msgs/local/lib/python3.10/dist-packages/go2_apportation_msgs-0.0.0-py3.10.egg-info/dependency_links.txt\n'}
[0.944797] (go2_apportation_msgs) StdoutLine: {'line': b'-- Installing: /workspace/repo/install_container/go2_apportation_msgs/local/lib/python3.10/dist-packages/go2_apportation_msgs-0.0.0-py3.10.egg-info/SOURCES.txt\n'}
[0.944906] (go2_apportation_msgs) StdoutLine: {'line': b'-- Up-to-date: /workspace/repo/install_container/go2_apportation_msgs/local/lib/python3.10/dist-packages/go2_apportation_msgs\n'}
[0.945016] (go2_apportation_msgs) StdoutLine: {'line': b'-- Up-to-date: /workspace/repo/install_container/go2_apportation_msgs/local/lib/python3.10/dist-packages/go2_apportation_msgs/_go2_apportation_msgs_s.ep.rosidl_typesupport_c.c\n'}
[0.945126] (go2_apportation_msgs) StdoutLine: {'line': b'-- Up-to-date: /workspace/repo/install_container/go2_apportation_msgs/local/lib/python3.10/dist-packages/go2_apportation_msgs/go2_apportation_msgs_s__rosidl_typesupport_c.cpython-310-aarch64-linux-gnu.so\n'}
[0.945256] (go2_apportation_msgs) StdoutLine: {'line': b'-- Up-to-date: /workspace/repo/install_container/go2_apportation_msgs/local/lib/python3.10/dist-packages/go2_apportation_msgs/_go2_apportation_msgs_s.ep.rosidl_typesupport_fastrtps_c.c\n'}
[0.945373] (go2_apportation_msgs) StdoutLine: {'line': b'-- Up-to-date: /workspace/repo/install_container/go2_apportation_msgs/local/lib/python3.10/dist-packages/go2_apportation_msgs/__init__.py\n'}
[0.945488] (go2_apportation_msgs) StdoutLine: {'line': b'-- Up-to-date: /workspace/repo/install_container/go2_apportation_msgs/local/lib/python3.10/dist-packages/go2_apportation_msgs/msg\n'}
[0.945605] (go2_apportation_msgs) StdoutLine: {'line': b'-- Up-to-date: /workspace/repo/install_container/go2_apportation_msgs/local/lib/python3.10/dist-packages/go2_apportation_msgs/msg/_throw_status_s.c\n'}
[0.945721] (go2_apportation_msgs) StdoutLine: {'line': b'-- Up-to-date: /workspace/repo/install_container/go2_apportation_msgs/local/lib/python3.10/dist-packages/go2_apportation_msgs/msg/_detection3_d_array.py\n'}
[0.945834] (go2_apportation_msgs) StdoutLine: {'line': b'-- Up-to-date: /workspace/repo/install_container/go2_apportation_msgs/local/lib/python3.10/dist-packages/go2_apportation_msgs/msg/_detection3_d_array_s.c\n'}
[0.945944] (go2_apportation_msgs) StdoutLine: {'line': b'-- Up-to-date: /workspace/repo/install_container/go2_apportation_msgs/local/lib/python3.10/dist-packages/go2_apportation_msgs/msg/_throw_status.py\n'}
[0.946243] (go2_apportation_msgs) StdoutLine: {'line': b'-- Up-to-date: /workspace/repo/install_container/go2_apportation_msgs/local/lib/python3.10/dist-packages/go2_apportation_msgs/msg/__init__.py\n'}
[0.946400] (go2_apportation_msgs) StdoutLine: {'line': b'-- Up-to-date: /workspace/repo/install_container/go2_apportation_msgs/local/lib/python3.10/dist-packages/go2_apportation_msgs/msg/_detection3_d.py\n'}
[0.946525] (go2_apportation_msgs) StdoutLine: {'line': b'-- Up-to-date: /workspace/repo/install_container/go2_apportation_msgs/local/lib/python3.10/dist-packages/go2_apportation_msgs/msg/_object_state.py\n'}
[0.946645] (go2_apportation_msgs) StdoutLine: {'line': b'-- Up-to-date: /workspace/repo/install_container/go2_apportation_msgs/local/lib/python3.10/dist-packages/go2_apportation_msgs/msg/_detection3_d_s.c\n'}
[0.946764] (go2_apportation_msgs) StdoutLine: {'line': b'-- Up-to-date: /workspace/repo/install_container/go2_apportation_msgs/local/lib/python3.10/dist-packages/go2_apportation_msgs/msg/_object_state_s.c\n'}
[0.946880] (go2_apportation_msgs) StdoutLine: {'line': b'-- Up-to-date: /workspace/repo/install_container/go2_apportation_msgs/local/lib/python3.10/dist-packages/go2_apportation_msgs/go2_apportation_msgs_s__rosidl_typesupport_fastrtps_c.cpython-310-aarch64-linux-gnu.so\n'}
[0.946993] (go2_apportation_msgs) StdoutLine: {'line': b'-- Up-to-date: /workspace/repo/install_container/go2_apportation_msgs/local/lib/python3.10/dist-packages/go2_apportation_msgs/srv\n'}
[0.947137] (go2_apportation_msgs) StdoutLine: {'line': b'-- Up-to-date: /workspace/repo/install_container/go2_apportation_msgs/local/lib/python3.10/dist-packages/go2_apportation_msgs/srv/_release_object_s.c\n'}
[0.947254] (go2_apportation_msgs) StdoutLine: {'line': b'-- Up-to-date: /workspace/repo/install_container/go2_apportation_msgs/local/lib/python3.10/dist-packages/go2_apportation_msgs/srv/_release_object.py\n'}
[0.947368] (go2_apportation_msgs) StdoutLine: {'line': b'-- Up-to-date: /workspace/repo/install_container/go2_apportation_msgs/local/lib/python3.10/dist-packages/go2_apportation_msgs/srv/__init__.py\n'}
[0.947483] (go2_apportation_msgs) StdoutLine: {'line': b'-- Up-to-date: /workspace/repo/install_container/go2_apportation_msgs/local/lib/python3.10/dist-packages/go2_apportation_msgs/libgo2_apportation_msgs__rosidl_generator_py.so\n'}
[0.947599] (go2_apportation_msgs) StdoutLine: {'line': b'-- Up-to-date: /workspace/repo/install_container/go2_apportation_msgs/local/lib/python3.10/dist-packages/go2_apportation_msgs/_go2_apportation_msgs_s.ep.rosidl_typesupport_introspection_c.c\n'}
[0.947715] (go2_apportation_msgs) StdoutLine: {'line': b'-- Up-to-date: /workspace/repo/install_container/go2_apportation_msgs/local/lib/python3.10/dist-packages/go2_apportation_msgs/go2_apportation_msgs_s__rosidl_typesupport_introspection_c.cpython-310-aarch64-linux-gnu.so\n'}
[0.947829] (go2_apportation_msgs) StdoutLine: {'line': b'-- Up-to-date: /workspace/repo/install_container/go2_apportation_msgs/local/lib/python3.10/dist-packages/go2_apportation_msgs/action\n'}
[0.947942] (go2_apportation_msgs) StdoutLine: {'line': b'-- Up-to-date: /workspace/repo/install_container/go2_apportation_msgs/local/lib/python3.10/dist-packages/go2_apportation_msgs/action/_pick_object.py\n'}
[0.948051] (go2_apportation_msgs) StdoutLine: {'line': b'-- Up-to-date: /workspace/repo/install_container/go2_apportation_msgs/local/lib/python3.10/dist-packages/go2_apportation_msgs/action/__init__.py\n'}
[0.948162] (go2_apportation_msgs) StdoutLine: {'line': b'-- Up-to-date: /workspace/repo/install_container/go2_apportation_msgs/local/lib/python3.10/dist-packages/go2_apportation_msgs/action/_pick_object_s.c\n'}
[1.002477] (-) TimerEvent: {}
[1.004513] (go2_apportation_msgs) StdoutLine: {'line': b"Listing '/workspace/repo/install_container/go2_apportation_msgs/local/lib/python3.10/dist-packages/go2_apportation_msgs'...\n"}
[1.004881] (go2_apportation_msgs) StdoutLine: {'line': b"Listing '/workspace/repo/install_container/go2_apportation_msgs/local/lib/python3.10/dist-packages/go2_apportation_msgs/action'...\n"}
[1.005064] (go2_apportation_msgs) StdoutLine: {'line': b"Listing '/workspace/repo/install_container/go2_apportation_msgs/local/lib/python3.10/dist-packages/go2_apportation_msgs/msg'...\n"}
[1.005255] (go2_apportation_msgs) StdoutLine: {'line': b"Listing '/workspace/repo/install_container/go2_apportation_msgs/local/lib/python3.10/dist-packages/go2_apportation_msgs/srv'...\n"}
[1.018797] (go2_apportation_msgs) StdoutLine: {'line': b'-- Up-to-date: /workspace/repo/install_container/go2_apportation_msgs/local/lib/python3.10/dist-packages/go2_apportation_msgs/go2_apportation_msgs_s__rosidl_typesupport_fastrtps_c.cpython-310-aarch64-linux-gnu.so\n'}
[1.019530] (go2_apportation_msgs) StdoutLine: {'line': b'-- Up-to-date: /workspace/repo/install_container/go2_apportation_msgs/local/lib/python3.10/dist-packages/go2_apportation_msgs/go2_apportation_msgs_s__rosidl_typesupport_introspection_c.cpython-310-aarch64-linux-gnu.so\n'}
[1.020665] (go2_apportation_msgs) StdoutLine: {'line': b'-- Up-to-date: /workspace/repo/install_container/go2_apportation_msgs/local/lib/python3.10/dist-packages/go2_apportation_msgs/go2_apportation_msgs_s__rosidl_typesupport_c.cpython-310-aarch64-linux-gnu.so\n'}
[1.021622] (go2_apportation_msgs) StdoutLine: {'line': b'-- Up-to-date: /workspace/repo/install_container/go2_apportation_msgs/lib/libgo2_apportation_msgs__rosidl_generator_py.so\n'}
[1.021965] (go2_apportation_msgs) StdoutLine: {'line': b'-- Up-to-date: /workspace/repo/install_container/go2_apportation_msgs/share/go2_apportation_msgs/msg/Detection3D.idl\n'}
[1.022302] (go2_apportation_msgs) StdoutLine: {'line': b'-- Up-to-date: /workspace/repo/install_container/go2_apportation_msgs/share/go2_apportation_msgs/msg/Detection3DArray.idl\n'}
[1.022743] (go2_apportation_msgs) StdoutLine: {'line': b'-- Up-to-date: /workspace/repo/install_container/go2_apportation_msgs/share/go2_apportation_msgs/msg/ObjectState.idl\n'}
[1.023781] (go2_apportation_msgs) StdoutLine: {'line': b'-- Up-to-date: /workspace/repo/install_container/go2_apportation_msgs/share/go2_apportation_msgs/msg/ThrowStatus.idl\n'}
[1.024359] (go2_apportation_msgs) StdoutLine: {'line': b'-- Up-to-date: /workspace/repo/install_container/go2_apportation_msgs/share/go2_apportation_msgs/action/PickObject.idl\n'}
[1.024915] (go2_apportation_msgs) StdoutLine: {'line': b'-- Up-to-date: /workspace/repo/install_container/go2_apportation_msgs/share/go2_apportation_msgs/srv/ReleaseObject.idl\n'}
[1.025066] (go2_apportation_msgs) StdoutLine: {'line': b'-- Up-to-date: /workspace/repo/install_container/go2_apportation_msgs/share/go2_apportation_msgs/msg/Detection3D.msg\n'}
[1.025326] (go2_apportation_msgs) StdoutLine: {'line': b'-- Up-to-date: /workspace/repo/install_container/go2_apportation_msgs/share/go2_apportation_msgs/msg/Detection3DArray.msg\n'}
[1.025603] (go2_apportation_msgs) StdoutLine: {'line': b'-- Up-to-date: /workspace/repo/install_container/go2_apportation_msgs/share/go2_apportation_msgs/msg/ObjectState.msg\n'}
[1.025734] (go2_apportation_msgs) StdoutLine: {'line': b'-- Up-to-date: /workspace/repo/install_container/go2_apportation_msgs/share/go2_apportation_msgs/msg/ThrowStatus.msg\n'}
[1.025901] (go2_apportation_msgs) StdoutLine: {'line': b'-- Up-to-date: /workspace/repo/install_container/go2_apportation_msgs/share/go2_apportation_msgs/action/PickObject.action\n'}
[1.026272] (go2_apportation_msgs) StdoutLine: {'line': b'-- Up-to-date: /workspace/repo/install_container/go2_apportation_msgs/share/go2_apportation_msgs/srv/ReleaseObject.srv\n'}
[1.026397] (go2_apportation_msgs) StdoutLine: {'line': b'-- Up-to-date: /workspace/repo/install_container/go2_apportation_msgs/share/go2_apportation_msgs/srv/ReleaseObject_Request.msg\n'}
[1.026513] (go2_apportation_msgs) StdoutLine: {'line': b'-- Up-to-date: /workspace/repo/install_container/go2_apportation_msgs/share/go2_apportation_msgs/srv/ReleaseObject_Response.msg\n'}
[1.026723] (go2_apportation_msgs) StdoutLine: {'line': b'-- Up-to-date: /workspace/repo/install_container/go2_apportation_msgs/share/ament_index/resource_index/package_run_dependencies/go2_apportation_msgs\n'}
[1.026935] (go2_apportation_msgs) StdoutLine: {'line': b'-- Up-to-date: /workspace/repo/install_container/go2_apportation_msgs/share/ament_index/resource_index/parent_prefix_path/go2_apportation_msgs\n'}
[1.027080] (go2_apportation_msgs) StdoutLine: {'line': b'-- Up-to-date: /workspace/repo/install_container/go2_apportation_msgs/share/go2_apportation_msgs/environment/ament_prefix_path.sh\n'}
[1.027199] (go2_apportation_msgs) StdoutLine: {'line': b'-- Up-to-date: /workspace/repo/install_container/go2_apportation_msgs/share/go2_apportation_msgs/environment/ament_prefix_path.dsv\n'}
[1.027494] (go2_apportation_msgs) StdoutLine: {'line': b'-- Up-to-date: /workspace/repo/install_container/go2_apportation_msgs/share/go2_apportation_msgs/environment/path.sh\n'}
[1.027616] (go2_apportation_msgs) StdoutLine: {'line': b'-- Up-to-date: /workspace/repo/install_container/go2_apportation_msgs/share/go2_apportation_msgs/environment/path.dsv\n'}
[1.027734] (go2_apportation_msgs) StdoutLine: {'line': b'-- Up-to-date: /workspace/repo/install_container/go2_apportation_msgs/share/go2_apportation_msgs/local_setup.bash\n'}
[1.027866] (go2_apportation_msgs) StdoutLine: {'line': b'-- Up-to-date: /workspace/repo/install_container/go2_apportation_msgs/share/go2_apportation_msgs/local_setup.sh\n'}
[1.028160] (go2_apportation_msgs) StdoutLine: {'line': b'-- Up-to-date: /workspace/repo/install_container/go2_apportation_msgs/share/go2_apportation_msgs/local_setup.zsh\n'}
[1.028283] (go2_apportation_msgs) StdoutLine: {'line': b'-- Up-to-date: /workspace/repo/install_container/go2_apportation_msgs/share/go2_apportation_msgs/local_setup.dsv\n'}
[1.028429] (go2_apportation_msgs) StdoutLine: {'line': b'-- Installing: /workspace/repo/install_container/go2_apportation_msgs/share/go2_apportation_msgs/package.dsv\n'}
[1.028640] (go2_apportation_msgs) StdoutLine: {'line': b'-- Up-to-date: /workspace/repo/install_container/go2_apportation_msgs/share/ament_index/resource_index/packages/go2_apportation_msgs\n'}
[1.028760] (go2_apportation_msgs) StdoutLine: {'line': b'-- Up-to-date: /workspace/repo/install_container/go2_apportation_msgs/share/go2_apportation_msgs/cmake/export_go2_apportation_msgs__rosidl_generator_cExport.cmake\n'}
[1.028876] (go2_apportation_msgs) StdoutLine: {'line': b'-- Up-to-date: /workspace/repo/install_container/go2_apportation_msgs/share/go2_apportation_msgs/cmake/export_go2_apportation_msgs__rosidl_generator_cExport-noconfig.cmake\n'}
[1.028993] (go2_apportation_msgs) StdoutLine: {'line': b'-- Up-to-date: /workspace/repo/install_container/go2_apportation_msgs/share/go2_apportation_msgs/cmake/export_go2_apportation_msgs__rosidl_typesupport_fastrtps_cExport.cmake\n'}
[1.032483] (go2_apportation_msgs) StdoutLine: {'line': b'-- Up-to-date: /workspace/repo/install_container/go2_apportation_msgs/share/go2_apportation_msgs/cmake/export_go2_apportation_msgs__rosidl_typesupport_fastrtps_cExport-noconfig.cmake\n'}
[1.032702] (go2_apportation_msgs) StdoutLine: {'line': b'-- Up-to-date: /workspace/repo/install_container/go2_apportation_msgs/share/go2_apportation_msgs/cmake/go2_apportation_msgs__rosidl_typesupport_introspection_cExport.cmake\n'}
[1.032851] (go2_apportation_msgs) StdoutLine: {'line': b'-- Up-to-date: /workspace/repo/install_container/go2_apportation_msgs/share/go2_apportation_msgs/cmake/go2_apportation_msgs__rosidl_typesupport_introspection_cExport-noconfig.cmake\n'}
[1.032991] (go2_apportation_msgs) StdoutLine: {'line': b'-- Up-to-date: /workspace/repo/install_container/go2_apportation_msgs/share/go2_apportation_msgs/cmake/go2_apportation_msgs__rosidl_typesupport_cExport.cmake\n'}
[1.033125] (go2_apportation_msgs) StdoutLine: {'line': b'-- Up-to-date: /workspace/repo/install_container/go2_apportation_msgs/share/go2_apportation_msgs/cmake/go2_apportation_msgs__rosidl_typesupport_cExport-noconfig.cmake\n'}
[1.033255] (go2_apportation_msgs) StdoutLine: {'line': b'-- Up-to-date: /workspace/repo/install_container/go2_apportation_msgs/share/go2_apportation_msgs/cmake/export_go2_apportation_msgs__rosidl_generator_cppExport.cmake\n'}
[1.033424] (go2_apportation_msgs) StdoutLine: {'line': b'-- Up-to-date: /workspace/repo/install_container/go2_apportation_msgs/share/go2_apportation_msgs/cmake/export_go2_apportation_msgs__rosidl_typesupport_fastrtps_cppExport.cmake\n'}
[1.033582] (go2_apportation_msgs) StdoutLine: {'line': b'-- Up-to-date: /workspace/repo/install_container/go2_apportation_msgs/share/go2_apportation_msgs/cmake/export_go2_apportation_msgs__rosidl_typesupport_fastrtps_cppExport-noconfig.cmake\n'}
[1.033706] (go2_apportation_msgs) StdoutLine: {'line': b'-- Up-to-date: /workspace/repo/install_container/go2_apportation_msgs/share/go2_apportation_msgs/cmake/go2_apportation_msgs__rosidl_typesupport_introspection_cppExport.cmake\n'}
[1.033822] (go2_apportation_msgs) StdoutLine: {'line': b'-- Up-to-date: /workspace/repo/install_container/go2_apportation_msgs/share/go2_apportation_msgs/cmake/go2_apportation_msgs__rosidl_typesupport_introspection_cppExport-noconfig.cmake\n'}
[1.033980] (go2_apportation_msgs) StdoutLine: {'line': b'-- Up-to-date: /workspace/repo/install_container/go2_apportation_msgs/share/go2_apportation_msgs/cmake/go2_apportation_msgs__rosidl_typesupport_cppExport.cmake\n'}
[1.034105] (go2_apportation_msgs) StdoutLine: {'line': b'-- Up-to-date: /workspace/repo/install_container/go2_apportation_msgs/share/go2_apportation_msgs/cmake/go2_apportation_msgs__rosidl_typesupport_cppExport-noconfig.cmake\n'}
[1.034229] (go2_apportation_msgs) StdoutLine: {'line': b'-- Up-to-date: /workspace/repo/install_container/go2_apportation_msgs/share/go2_apportation_msgs/cmake/export_go2_apportation_msgs__rosidl_generator_pyExport.cmake\n'}
[1.034350] (go2_apportation_msgs) StdoutLine: {'line': b'-- Up-to-date: /workspace/repo/install_container/go2_apportation_msgs/share/go2_apportation_msgs/cmake/export_go2_apportation_msgs__rosidl_generator_pyExport-noconfig.cmake\n'}
[1.034471] (go2_apportation_msgs) StdoutLine: {'line': b'-- Up-to-date: /workspace/repo/install_container/go2_apportation_msgs/share/go2_apportation_msgs/cmake/rosidl_cmake-extras.cmake\n'}
[1.037460] (go2_apportation_msgs) StdoutLine: {'line': b'-- Up-to-date: /workspace/repo/install_container/go2_apportation_msgs/share/go2_apportation_msgs/cmake/ament_cmake_export_dependencies-extras.cmake\n'}
[1.037822] (go2_apportation_msgs) StdoutLine: {'line': b'-- Up-to-date: /workspace/repo/install_container/go2_apportation_msgs/share/go2_apportation_msgs/cmake/ament_cmake_export_include_directories-extras.cmake\n'}
[1.038167] (go2_apportation_msgs) StdoutLine: {'line': b'-- Up-to-date: /workspace/repo/install_container/go2_apportation_msgs/share/go2_apportation_msgs/cmake/ament_cmake_export_libraries-extras.cmake\n'}
[1.038476] (go2_apportation_msgs) StdoutLine: {'line': b'-- Up-to-date: /workspace/repo/install_container/go2_apportation_msgs/share/go2_apportation_msgs/cmake/ament_cmake_export_targets-extras.cmake\n'}
[1.038623] (go2_apportation_msgs) StdoutLine: {'line': b'-- Up-to-date: /workspace/repo/install_container/go2_apportation_msgs/share/go2_apportation_msgs/cmake/rosidl_cmake_export_typesupport_targets-extras.cmake\n'}
[1.038753] (go2_apportation_msgs) StdoutLine: {'line': b'-- Up-to-date: /workspace/repo/install_container/go2_apportation_msgs/share/go2_apportation_msgs/cmake/rosidl_cmake_export_typesupport_libraries-extras.cmake\n'}
[1.038875] (go2_apportation_msgs) StdoutLine: {'line': b'-- Up-to-date: /workspace/repo/install_container/go2_apportation_msgs/share/go2_apportation_msgs/cmake/go2_apportation_msgsConfig.cmake\n'}
[1.038997] (go2_apportation_msgs) StdoutLine: {'line': b'-- Up-to-date: /workspace/repo/install_container/go2_apportation_msgs/share/go2_apportation_msgs/cmake/go2_apportation_msgsConfig-version.cmake\n'}
[1.039114] (go2_apportation_msgs) StdoutLine: {'line': b'-- Up-to-date: /workspace/repo/install_container/go2_apportation_msgs/share/go2_apportation_msgs/package.xml\n'}
[1.039231] (go2_apportation_msgs) CommandEnded: {'returncode': 0}
[1.084799] (go2_apportation_msgs) JobEnded: {'identifier': 'go2_apportation_msgs', 'rc': 0}
[1.090994] (go2_apportation_mocks) JobStarted: {'identifier': 'go2_apportation_mocks'}
[1.094698] (go2_apportation_orchestrator) JobStarted: {'identifier': 'go2_apportation_orchestrator'}
[1.102596] (-) TimerEvent: {}
[1.202932] (-) TimerEvent: {}
[1.303349] (-) TimerEvent: {}
[1.403843] (-) TimerEvent: {}
[1.504358] (-) TimerEvent: {}
[1.604824] (-) TimerEvent: {}
[1.705284] (-) TimerEvent: {}
[1.805754] (-) TimerEvent: {}
[1.906213] (-) TimerEvent: {}
[2.007015] (-) TimerEvent: {}
[2.011358] (go2_tf_tools) Command: {'cmd': ['/usr/bin/python3', '-W', 'ignore:setup.py install is deprecated', '-W', 'ignore:easy_install command is deprecated', 'setup.py', 'egg_info', '--egg-base', '../../build_container/go2_tf_tools', 'build', '--build-base', '/workspace/repo/build_container/go2_tf_tools/build', 'install', '--record', '/workspace/repo/build_container/go2_tf_tools/install.log', '--single-version-externally-managed', 'install_data'], 'cwd': '/workspace/repo/src/go2_tf_tools', 'env': {'HOSTNAME': 'ubuntu', 'SHLVL': '0', 'LD_LIBRARY_PATH': '/opt/ros/humble/lib/aarch64-linux-gnu:/opt/ros/humble/lib', 'HOME': '/tmp', 'ROS_PYTHON_VERSION': '3', 'ROS_DISTRO': 'humble', '_': '/usr/bin/colcon', 'ROS_VERSION': '2', 'ROS_LOCALHOST_ONLY': '0', 'PATH': '/opt/ros/humble/bin:/usr/local/sbin:/usr/local/bin:/usr/sbin:/usr/bin:/sbin:/bin', 'LANG': 'C.UTF-8', 'AMENT_PREFIX_PATH': '/opt/ros/humble', 'PWD': '/workspace/repo/build_container/go2_tf_tools', 'LC_ALL': 'C.UTF-8', 'PYTHONPATH': '/workspace/repo/build_container/go2_tf_tools/prefix_override:/usr/lib/python3/dist-packages/colcon_core/task/python/colcon_distutils_commands:/workspace/repo/install_container/go2_tf_tools/lib/python3.10/site-packages:/opt/ros/humble/lib/python3.10/site-packages:/opt/ros/humble/local/lib/python3.10/dist-packages', 'COLCON': '1'}, 'shell': False}
[2.107185] (-) TimerEvent: {}
[2.207662] (-) TimerEvent: {}
[2.308102] (-) TimerEvent: {}
[2.408545] (-) TimerEvent: {}
[2.440551] (go2_tf_tools) StdoutLine: {'line': b'running egg_info\n'}
[2.442209] (go2_tf_tools) StdoutLine: {'line': b'writing ../../build_container/go2_tf_tools/go2_tf_tools.egg-info/PKG-INFO\n'}
[2.442742] (go2_tf_tools) StdoutLine: {'line': b'writing dependency_links to ../../build_container/go2_tf_tools/go2_tf_tools.egg-info/dependency_links.txt\n'}
[2.443118] (go2_tf_tools) StdoutLine: {'line': b'writing entry points to ../../build_container/go2_tf_tools/go2_tf_tools.egg-info/entry_points.txt\n'}
[2.443405] (go2_tf_tools) StdoutLine: {'line': b'writing requirements to ../../build_container/go2_tf_tools/go2_tf_tools.egg-info/requires.txt\n'}
[2.443645] (go2_tf_tools) StdoutLine: {'line': b'writing top-level names to ../../build_container/go2_tf_tools/go2_tf_tools.egg-info/top_level.txt\n'}
[2.447247] (go2_tf_tools) StdoutLine: {'line': b"reading manifest file '../../build_container/go2_tf_tools/go2_tf_tools.egg-info/SOURCES.txt'\n"}
[2.449380] (go2_tf_tools) StdoutLine: {'line': b"writing manifest file '../../build_container/go2_tf_tools/go2_tf_tools.egg-info/SOURCES.txt'\n"}
[2.449714] (go2_tf_tools) StdoutLine: {'line': b'running build\n'}
[2.449845] (go2_tf_tools) StdoutLine: {'line': b'running build_py\n'}
[2.450305] (go2_tf_tools) StdoutLine: {'line': b'running install\n'}
[2.450990] (go2_tf_tools) StdoutLine: {'line': b'running install_lib\n'}
[2.453885] (go2_tf_tools) StdoutLine: {'line': b'running install_data\n'}
[2.454165] (go2_tf_tools) StdoutLine: {'line': b'running install_egg_info\n'}
[2.458035] (go2_tf_tools) StdoutLine: {'line': b"removing '/workspace/repo/install_container/go2_tf_tools/lib/python3.10/site-packages/go2_tf_tools-0.0.0-py3.10.egg-info' (and everything under it)\n"}
[2.459181] (go2_tf_tools) StdoutLine: {'line': b'Copying ../../build_container/go2_tf_tools/go2_tf_tools.egg-info to /workspace/repo/install_container/go2_tf_tools/lib/python3.10/site-packages/go2_tf_tools-0.0.0-py3.10.egg-info\n'}
[2.461575] (go2_tf_tools) StdoutLine: {'line': b'running install_scripts\n'}
[2.509209] (-) TimerEvent: {}
[2.511735] (go2_tf_tools) StdoutLine: {'line': b'Installing odom_to_tf_broadcaster script to /workspace/repo/install_container/go2_tf_tools/lib/go2_tf_tools\n'}
[2.512157] (go2_tf_tools) StdoutLine: {'line': b"writing list of installed files to '/workspace/repo/build_container/go2_tf_tools/install.log'\n"}
[2.592231] (go2_tf_tools) CommandEnded: {'returncode': 0}
[2.609203] (go2_tf_tools) JobEnded: {'identifier': 'go2_tf_tools', 'rc': 0}
[2.609942] (-) TimerEvent: {}
[2.630911] (go2_apportation_mocks) Command: {'cmd': ['/usr/bin/python3', '-W', 'ignore:setup.py install is deprecated', '-W', 'ignore:easy_install command is deprecated', 'setup.py', 'egg_info', '--egg-base', '../../build_container/go2_apportation_mocks', 'build', '--build-base', '/workspace/repo/build_container/go2_apportation_mocks/build', 'install', '--record', '/workspace/repo/build_container/go2_apportation_mocks/install.log', '--single-version-externally-managed', 'install_data'], 'cwd': '/workspace/repo/src/go2_apportation_mocks', 'env': {'HOSTNAME': 'ubuntu', 'ROS_PACKAGE_PATH': '/workspace/repo/install_container/go2_apportation_msgs/share', 'SHLVL': '0', 'LD_LIBRARY_PATH': '/workspace/repo/install_container/go2_apportation_msgs/lib:/opt/ros/humble/lib/aarch64-linux-gnu:/opt/ros/humble/lib', 'HOME': '/tmp', 'ROS_PYTHON_VERSION': '3', 'ROS_DISTRO': 'humble', '_': '/usr/bin/colcon', 'ROS_VERSION': '2', 'PKG_CONFIG_PATH': '/workspace/repo/install_container/go2_apportation_msgs/lib/aarch64-linux-gnu/pkgconfig:/workspace/repo/install_container/go2_apportation_msgs/lib/pkgconfig', 'ROS_LOCALHOST_ONLY': '0', 'PATH': '/opt/ros/humble/bin:/usr/local/sbin:/usr/local/bin:/usr/sbin:/usr/bin:/sbin:/bin', 'LANG': 'C.UTF-8', 'AMENT_PREFIX_PATH': '/opt/ros/humble', 'PWD': '/workspace/repo/build_container/go2_apportation_mocks', 'LC_ALL': 'C.UTF-8', 'PYTHONPATH': '/workspace/repo/build_container/go2_apportation_mocks/prefix_override:/usr/lib/python3/dist-packages/colcon_core/task/python/colcon_distutils_commands:/workspace/repo/install_container/go2_apportation_mocks/lib/python3.10/site-packages:/workspace/repo/install_container/go2_apportation_msgs/local/lib/python3.10/dist-packages:/opt/ros/humble/lib/python3.10/site-packages:/opt/ros/humble/local/lib/python3.10/dist-packages', 'COLCON': '1', 'CMAKE_PREFIX_PATH': '/workspace/repo/install_container/go2_apportation_msgs'}, 'shell': False}
[2.705273] (go2_apportation_orchestrator) Command: {'cmd': ['/usr/bin/python3', '-W', 'ignore:setup.py install is deprecated', '-W', 'ignore:easy_install command is deprecated', 'setup.py', 'egg_info', '--egg-base', '../../build_container/go2_apportation_orchestrator', 'build', '--build-base', '/workspace/repo/build_container/go2_apportation_orchestrator/build', 'install', '--record', '/workspace/repo/build_container/go2_apportation_orchestrator/install.log', '--single-version-externally-managed', 'install_data'], 'cwd': '/workspace/repo/src/go2_apportation_orchestrator', 'env': {'HOSTNAME': 'ubuntu', 'ROS_PACKAGE_PATH': '/workspace/repo/install_container/go2_apportation_msgs/share', 'SHLVL': '0', 'LD_LIBRARY_PATH': '/workspace/repo/install_container/go2_apportation_msgs/lib:/opt/ros/humble/lib/aarch64-linux-gnu:/opt/ros/humble/lib', 'HOME': '/tmp', 'ROS_PYTHON_VERSION': '3', 'ROS_DISTRO': 'humble', '_': '/usr/bin/colcon', 'ROS_VERSION': '2', 'PKG_CONFIG_PATH': '/workspace/repo/install_container/go2_apportation_msgs/lib/aarch64-linux-gnu/pkgconfig:/workspace/repo/install_container/go2_apportation_msgs/lib/pkgconfig', 'ROS_LOCALHOST_ONLY': '0', 'PATH': '/opt/ros/humble/bin:/usr/local/sbin:/usr/local/bin:/usr/sbin:/usr/bin:/sbin:/bin', 'LANG': 'C.UTF-8', 'AMENT_PREFIX_PATH': '/opt/ros/humble', 'PWD': '/workspace/repo/build_container/go2_apportation_orchestrator', 'LC_ALL': 'C.UTF-8', 'PYTHONPATH': '/workspace/repo/build_container/go2_apportation_orchestrator/prefix_override:/usr/lib/python3/dist-packages/colcon_core/task/python/colcon_distutils_commands:/workspace/repo/install_container/go2_apportation_orchestrator/lib/python3.10/site-packages:/workspace/repo/install_container/go2_apportation_msgs/local/lib/python3.10/dist-packages:/opt/ros/humble/lib/python3.10/site-packages:/opt/ros/humble/local/lib/python3.10/dist-packages', 'COLCON': '1', 'CMAKE_PREFIX_PATH': '/workspace/repo/install_container/go2_apportation_msgs'}, 'shell': False}
[2.710095] (-) TimerEvent: {}
[2.810436] (-) TimerEvent: {}
[2.910807] (-) TimerEvent: {}
[3.011175] (-) TimerEvent: {}
[3.023447] (go2_apportation_mocks) StdoutLine: {'line': b'running egg_info\n'}
[3.024828] (go2_apportation_mocks) StdoutLine: {'line': b'writing ../../build_container/go2_apportation_mocks/go2_apportation_mocks.egg-info/PKG-INFO\n'}
[3.025495] (go2_apportation_mocks) StdoutLine: {'line': b'writing dependency_links to ../../build_container/go2_apportation_mocks/go2_apportation_mocks.egg-info/dependency_links.txt\n'}
[3.025919] (go2_apportation_mocks) StdoutLine: {'line': b'writing entry points to ../../build_container/go2_apportation_mocks/go2_apportation_mocks.egg-info/entry_points.txt\n'}
[3.026293] (go2_apportation_mocks) StdoutLine: {'line': b'writing requirements to ../../build_container/go2_apportation_mocks/go2_apportation_mocks.egg-info/requires.txt\n'}
[3.026683] (go2_apportation_mocks) StdoutLine: {'line': b'writing top-level names to ../../build_container/go2_apportation_mocks/go2_apportation_mocks.egg-info/top_level.txt\n'}
[3.029833] (go2_apportation_mocks) StdoutLine: {'line': b"reading manifest file '../../build_container/go2_apportation_mocks/go2_apportation_mocks.egg-info/SOURCES.txt'\n"}
[3.031890] (go2_apportation_mocks) StdoutLine: {'line': b"writing manifest file '../../build_container/go2_apportation_mocks/go2_apportation_mocks.egg-info/SOURCES.txt'\n"}
[3.032255] (go2_apportation_mocks) StdoutLine: {'line': b'running build\n'}
[3.032460] (go2_apportation_mocks) StdoutLine: {'line': b'running build_py\n'}
[3.033104] (go2_apportation_mocks) StdoutLine: {'line': b'running install\n'}
[3.033800] (go2_apportation_mocks) StdoutLine: {'line': b'running install_lib\n'}
[3.036862] (go2_apportation_mocks) StdoutLine: {'line': b'running install_data\n'}
[3.037385] (go2_apportation_mocks) StdoutLine: {'line': b'running install_egg_info\n'}
[3.040993] (go2_apportation_mocks) StdoutLine: {'line': b"removing '/workspace/repo/install_container/go2_apportation_mocks/lib/python3.10/site-packages/go2_apportation_mocks-0.0.0-py3.10.egg-info' (and everything under it)\n"}
[3.041681] (go2_apportation_mocks) StdoutLine: {'line': b'Copying ../../build_container/go2_apportation_mocks/go2_apportation_mocks.egg-info to /workspace/repo/install_container/go2_apportation_mocks/lib/python3.10/site-packages/go2_apportation_mocks-0.0.0-py3.10.egg-info\n'}
[3.044508] (go2_apportation_mocks) StdoutLine: {'line': b'running install_scripts\n'}
[3.088085] (go2_apportation_mocks) StdoutLine: {'line': b'Installing mock_manipulation_server script to /workspace/repo/install_container/go2_apportation_mocks/lib/go2_apportation_mocks\n'}
[3.088698] (go2_apportation_mocks) StdoutLine: {'line': b'Installing mock_nav2_server script to /workspace/repo/install_container/go2_apportation_mocks/lib/go2_apportation_mocks\n'}
[3.089217] (go2_apportation_mocks) StdoutLine: {'line': b"writing list of installed files to '/workspace/repo/build_container/go2_apportation_mocks/install.log'\n"}
[3.111350] (go2_apportation_orchestrator) StdoutLine: {'line': b'running egg_info\n'}
[3.111836] (-) TimerEvent: {}
[3.112768] (go2_apportation_orchestrator) StdoutLine: {'line': b'writing ../../build_container/go2_apportation_orchestrator/go2_apportation_orchestrator.egg-info/PKG-INFO\n'}
[3.113305] (go2_apportation_orchestrator) StdoutLine: {'line': b'writing dependency_links to ../../build_container/go2_apportation_orchestrator/go2_apportation_orchestrator.egg-info/dependency_links.txt\n'}
[3.113683] (go2_apportation_orchestrator) StdoutLine: {'line': b'writing entry points to ../../build_container/go2_apportation_orchestrator/go2_apportation_orchestrator.egg-info/entry_points.txt\n'}
[3.113992] (go2_apportation_orchestrator) StdoutLine: {'line': b'writing requirements to ../../build_container/go2_apportation_orchestrator/go2_apportation_orchestrator.egg-info/requires.txt\n'}
[3.114225] (go2_apportation_orchestrator) StdoutLine: {'line': b'writing top-level names to ../../build_container/go2_apportation_orchestrator/go2_apportation_orchestrator.egg-info/top_level.txt\n'}
[3.118648] (go2_apportation_orchestrator) StdoutLine: {'line': b"reading manifest file '../../build_container/go2_apportation_orchestrator/go2_apportation_orchestrator.egg-info/SOURCES.txt'\n"}
[3.121519] (go2_apportation_orchestrator) StdoutLine: {'line': b"writing manifest file '../../build_container/go2_apportation_orchestrator/go2_apportation_orchestrator.egg-info/SOURCES.txt'\n"}
[3.121920] (go2_apportation_orchestrator) StdoutLine: {'line': b'running build\n'}
[3.122067] (go2_apportation_orchestrator) StdoutLine: {'line': b'running build_py\n'}
[3.124695] (go2_apportation_orchestrator) StdoutLine: {'line': b'running install\n'}
[3.125449] (go2_apportation_orchestrator) StdoutLine: {'line': b'running install_lib\n'}
[3.130079] (go2_apportation_orchestrator) StdoutLine: {'line': b'running install_data\n'}
[3.130428] (go2_apportation_orchestrator) StdoutLine: {'line': b'running install_egg_info\n'}
[3.134697] (go2_apportation_orchestrator) StdoutLine: {'line': b"removing '/workspace/repo/install_container/go2_apportation_orchestrator/lib/python3.10/site-packages/go2_apportation_orchestrator-0.0.0-py3.10.egg-info' (and everything under it)\n"}
[3.135355] (go2_apportation_orchestrator) StdoutLine: {'line': b'Copying ../../build_container/go2_apportation_orchestrator/go2_apportation_orchestrator.egg-info to /workspace/repo/install_container/go2_apportation_orchestrator/lib/python3.10/site-packages/go2_apportation_orchestrator-0.0.0-py3.10.egg-info\n'}
[3.139610] (go2_apportation_orchestrator) StdoutLine: {'line': b'running install_scripts\n'}
[3.155913] (go2_apportation_mocks) CommandEnded: {'returncode': 0}
[3.171408] (go2_apportation_mocks) JobEnded: {'identifier': 'go2_apportation_mocks', 'rc': 0}
[3.187662] (go2_apportation_orchestrator) StdoutLine: {'line': b'Installing orchestrator_runtime script to /workspace/repo/install_container/go2_apportation_orchestrator/lib/go2_apportation_orchestrator\n'}
[3.188394] (go2_apportation_orchestrator) StdoutLine: {'line': b'Installing orchestrator_stub script to /workspace/repo/install_container/go2_apportation_orchestrator/lib/go2_apportation_orchestrator\n'}
[3.189354] (go2_apportation_orchestrator) StdoutLine: {'line': b"writing list of installed files to '/workspace/repo/build_container/go2_apportation_orchestrator/install.log'\n"}
[3.212091] (-) TimerEvent: {}
[3.260119] (go2_apportation_orchestrator) CommandEnded: {'returncode': 0}
[3.276695] (go2_apportation_orchestrator) JobEnded: {'identifier': 'go2_apportation_orchestrator', 'rc': 0}
[3.277876] (-) EventReactorShutdown: {}
