[2.777s] Invoking command in '/workspace/repo/src/go2_tf_tools': PYTHONPATH=/workspace/repo/build_container/go2_tf_tools/prefix_override:/usr/lib/python3/dist-packages/colcon_core/task/python/colcon_distutils_commands:/workspace/repo/install_container/go2_tf_tools/lib/python3.10/site-packages:${PYTHONPATH} /usr/bin/python3 -W ignore:setup.py install is deprecated -W ignore:easy_install command is deprecated setup.py egg_info --egg-base ../../build_container/go2_tf_tools build --build-base /workspace/repo/build_container/go2_tf_tools/build install --record /workspace/repo/build_container/go2_tf_tools/install.log --single-version-externally-managed install_data
[3.482s] running egg_info
[3.483s] writing ../../build_container/go2_tf_tools/go2_tf_tools.egg-info/PKG-INFO
[3.484s] writing dependency_links to ../../build_container/go2_tf_tools/go2_tf_tools.egg-info/dependency_links.txt
[3.484s] writing entry points to ../../build_container/go2_tf_tools/go2_tf_tools.egg-info/entry_points.txt
[3.484s] writing requirements to ../../build_container/go2_tf_tools/go2_tf_tools.egg-info/requires.txt
[3.484s] writing top-level names to ../../build_container/go2_tf_tools/go2_tf_tools.egg-info/top_level.txt
[3.484s] reading manifest file '../../build_container/go2_tf_tools/go2_tf_tools.egg-info/SOURCES.txt'
[3.484s] writing manifest file '../../build_container/go2_tf_tools/go2_tf_tools.egg-info/SOURCES.txt'
[3.485s] running build
[3.485s] running build_py
[3.485s] running install
[3.485s] running install_lib
[3.485s] running install_data
[3.485s] running install_egg_info
[3.485s] removing '/workspace/repo/install_container/go2_tf_tools/lib/python3.10/site-packages/go2_tf_tools-0.0.0-py3.10.egg-info' (and everything under it)
[3.485s] Copying ../../build_container/go2_tf_tools/go2_tf_tools.egg-info to /workspace/repo/install_container/go2_tf_tools/lib/python3.10/site-packages/go2_tf_tools-0.0.0-py3.10.egg-info
[3.486s] running install_scripts
[3.489s] Installing odom_to_tf_broadcaster script to /workspace/repo/install_container/go2_tf_tools/lib/go2_tf_tools
[3.490s] writing list of installed files to '/workspace/repo/build_container/go2_tf_tools/install.log'
