[1.898s] Invoking command in '/workspace/repo/src/go2_tf_tools': PYTHONPATH=/workspace/repo/build_container/go2_tf_tools/prefix_override:/usr/lib/python3/dist-packages/colcon_core/task/python/colcon_distutils_commands:/workspace/repo/install_container/go2_tf_tools/lib/python3.10/site-packages:${PYTHONPATH} /usr/bin/python3 -W ignore:setup.py install is deprecated -W ignore:easy_install command is deprecated setup.py egg_info --egg-base ../../build_container/go2_tf_tools build --build-base /workspace/repo/build_container/go2_tf_tools/build install --record /workspace/repo/build_container/go2_tf_tools/install.log --single-version-externally-managed install_data
[2.302s] running egg_info
[2.303s] writing ../../build_container/go2_tf_tools/go2_tf_tools.egg-info/PKG-INFO
[2.304s] writing dependency_links to ../../build_container/go2_tf_tools/go2_tf_tools.egg-info/dependency_links.txt
[2.304s] writing entry points to ../../build_container/go2_tf_tools/go2_tf_tools.egg-info/entry_points.txt
[2.304s] writing requirements to ../../build_container/go2_tf_tools/go2_tf_tools.egg-info/requires.txt
[2.304s] writing top-level names to ../../build_container/go2_tf_tools/go2_tf_tools.egg-info/top_level.txt
[2.308s] reading manifest file '../../build_container/go2_tf_tools/go2_tf_tools.egg-info/SOURCES.txt'
[2.310s] writing manifest file '../../build_container/go2_tf_tools/go2_tf_tools.egg-info/SOURCES.txt'
[2.310s] running build
[2.310s] running build_py
[2.311s] running install
[2.311s] running install_lib
[2.314s] running install_data
[2.314s] running install_egg_info
[2.318s] removing '/workspace/repo/install_container/go2_tf_tools/lib/python3.10/site-packages/go2_tf_tools-0.0.0-py3.10.egg-info' (and everything under it)
[2.319s] Copying ../../build_container/go2_tf_tools/go2_tf_tools.egg-info to /workspace/repo/install_container/go2_tf_tools/lib/python3.10/site-packages/go2_tf_tools-0.0.0-py3.10.egg-info
[2.323s] running install_scripts
[2.366s] Installing odom_to_tf_broadcaster script to /workspace/repo/install_container/go2_tf_tools/lib/go2_tf_tools
[2.366s] writing list of installed files to '/workspace/repo/build_container/go2_tf_tools/install.log'
[2.437s] Invoked command in '/workspace/repo/src/go2_tf_tools' returned '0': PYTHONPATH=/workspace/repo/build_container/go2_tf_tools/prefix_override:/usr/lib/python3/dist-packages/colcon_core/task/python/colcon_distutils_commands:/workspace/repo/install_container/go2_tf_tools/lib/python3.10/site-packages:${PYTHONPATH} /usr/bin/python3 -W ignore:setup.py install is deprecated -W ignore:easy_install command is deprecated setup.py egg_info --egg-base ../../build_container/go2_tf_tools build --build-base /workspace/repo/build_container/go2_tf_tools/build install --record /workspace/repo/build_container/go2_tf_tools/install.log --single-version-externally-managed install_data
