[0.038s] Invoking command in '/workspace/repo/build_container/go2_description': CMAKE_PREFIX_PATH=/opt/ros/humble /usr/bin/cmake --build /workspace/repo/build_container/go2_description -- -j6 -l6
[0.569s] Invoked command in '/workspace/repo/build_container/go2_description' returned '0': CMAKE_PREFIX_PATH=/opt/ros/humble /usr/bin/cmake --build /workspace/repo/build_container/go2_description -- -j6 -l6
[0.594s] Invoking command in '/workspace/repo/build_container/go2_description': CMAKE_PREFIX_PATH=/opt/ros/humble /usr/bin/cmake --install /workspace/repo/build_container/go2_description
[0.622s] -- Install configuration: ""
[0.622s] -- Up-to-date: /workspace/repo/install_container/go2_description/share/go2_description/urdf
[0.622s] -- Up-to-date: /workspace/repo/install_container/go2_description/share/go2_description/urdf/go2.urdf
[0.622s] -- Up-to-date: /workspace/repo/install_container/go2_description/share/go2_description/meshes
[0.623s] -- Up-to-date: /workspace/repo/install_container/go2_description/share/go2_description/meshes/hip.dae
[0.623s] -- Up-to-date: /workspace/repo/install_container/go2_description/share/go2_description/meshes/calf_mirror.dae
[0.623s] -- Up-to-date: /workspace/repo/install_container/go2_description/share/go2_description/meshes/thigh.dae
[0.623s] -- Up-to-date: /workspace/repo/install_container/go2_description/share/go2_description/meshes/trunk.dae
[0.623s] -- Up-to-date: /workspace/repo/install_container/go2_description/share/go2_description/meshes/foot.dae
[0.623s] -- Up-to-date: /workspace/repo/install_container/go2_description/share/go2_description/meshes/calf.dae
[0.623s] -- Up-to-date: /workspace/repo/install_container/go2_description/share/go2_description/meshes/thigh_mirror.dae
[0.623s] -- Up-to-date: /workspace/repo/install_container/go2_description/share/go2_description/dae
[0.624s] -- Up-to-date: /workspace/repo/install_container/go2_description/share/go2_description/dae/hip.dae
[0.624s] -- Up-to-date: /workspace/repo/install_container/go2_description/share/go2_description/dae/calf_mirror.dae
[0.624s] -- Up-to-date: /workspace/repo/install_container/go2_description/share/go2_description/dae/base.dae
[0.624s] -- Up-to-date: /workspace/repo/install_container/go2_description/share/go2_description/dae/thigh.dae
[0.624s] -- Up-to-date: /workspace/repo/install_container/go2_description/share/go2_description/dae/foot.dae
[0.624s] -- Up-to-date: /workspace/repo/install_container/go2_description/share/go2_description/dae/calf.dae
[0.624s] -- Up-to-date: /workspace/repo/install_container/go2_description/share/go2_description/dae/thigh_mirror.dae
[0.624s] -- Up-to-date: /workspace/repo/install_container/go2_description/share/go2_description/xacro
[0.625s] -- Up-to-date: /workspace/repo/install_container/go2_description/share/go2_description/xacro/materials.xacro
[0.625s] -- Up-to-date: /workspace/repo/install_container/go2_description/share/go2_description/xacro/robot.xacro
[0.625s] -- Up-to-date: /workspace/repo/install_container/go2_description/share/go2_description/xacro/transmission.xacro
[0.625s] -- Up-to-date: /workspace/repo/install_container/go2_description/share/go2_description/xacro/const.xacro
[0.625s] -- Up-to-date: /workspace/repo/install_container/go2_description/share/go2_description/xacro/gazebo.xacro
[0.625s] -- Up-to-date: /workspace/repo/install_container/go2_description/share/go2_description/xacro/leg.xacro
[0.625s] -- Up-to-date: /workspace/repo/install_container/go2_description/share/go2_description/launch
[0.625s] -- Up-to-date: /workspace/repo/install_container/go2_description/share/go2_description/launch/base_link_bridge.launch.py
[0.625s] -- Up-to-date: /workspace/repo/install_container/go2_description/share/go2_description/launch/__pycache__
[0.626s] -- Up-to-date: /workspace/repo/install_container/go2_description/share/go2_description/launch/__pycache__/robot_state_publisher.launch.cpython-38.pyc
[0.626s] -- Up-to-date: /workspace/repo/install_container/go2_description/share/go2_description/launch/__pycache__/base_link_bridge.launch.cpython-38.pyc
[0.626s] -- Up-to-date: /workspace/repo/install_container/go2_description/share/go2_description/launch/robot_state_publisher.launch.py
[0.626s] -- Up-to-date: /workspace/repo/install_container/go2_description/share/ament_index/resource_index/package_run_dependencies/go2_description
[0.626s] -- Up-to-date: /workspace/repo/install_container/go2_description/share/ament_index/resource_index/parent_prefix_path/go2_description
[0.626s] -- Up-to-date: /workspace/repo/install_container/go2_description/share/go2_description/environment/ament_prefix_path.sh
[0.626s] -- Up-to-date: /workspace/repo/install_container/go2_description/share/go2_description/environment/ament_prefix_path.dsv
[0.626s] -- Up-to-date: /workspace/repo/install_container/go2_description/share/go2_description/environment/path.sh
[0.627s] -- Up-to-date: /workspace/repo/install_container/go2_description/share/go2_description/environment/path.dsv
[0.627s] -- Up-to-date: /workspace/repo/install_container/go2_description/share/go2_description/local_setup.bash
[0.627s] -- Up-to-date: /workspace/repo/install_container/go2_description/share/go2_description/local_setup.sh
[0.627s] -- Up-to-date: /workspace/repo/install_container/go2_description/share/go2_description/local_setup.zsh
[0.627s] -- Up-to-date: /workspace/repo/install_container/go2_description/share/go2_description/local_setup.dsv
[0.627s] -- Installing: /workspace/repo/install_container/go2_description/share/go2_description/package.dsv
[0.627s] -- Up-to-date: /workspace/repo/install_container/go2_description/share/ament_index/resource_index/packages/go2_description
[0.627s] -- Up-to-date: /workspace/repo/install_container/go2_description/share/go2_description/cmake/go2_descriptionConfig.cmake
[0.628s] -- Up-to-date: /workspace/repo/install_container/go2_description/share/go2_description/cmake/go2_descriptionConfig-version.cmake
[0.628s] -- Up-to-date: /workspace/repo/install_container/go2_description/share/go2_description/package.xml
[0.629s] Invoked command in '/workspace/repo/build_container/go2_description' returned '0': CMAKE_PREFIX_PATH=/opt/ros/humble /usr/bin/cmake --install /workspace/repo/build_container/go2_description
