-- Install configuration: ""
-- Up-to-date: /workspace/repo/install_container/go2_description/share/go2_description/urdf
-- Up-to-date: /workspace/repo/install_container/go2_description/share/go2_description/urdf/go2.urdf
-- Up-to-date: /workspace/repo/install_container/go2_description/share/go2_description/meshes
-- Up-to-date: /workspace/repo/install_container/go2_description/share/go2_description/meshes/hip.dae
-- Up-to-date: /workspace/repo/install_container/go2_description/share/go2_description/meshes/calf_mirror.dae
-- Up-to-date: /workspace/repo/install_container/go2_description/share/go2_description/meshes/thigh.dae
-- Up-to-date: /workspace/repo/install_container/go2_description/share/go2_description/meshes/trunk.dae
-- Up-to-date: /workspace/repo/install_container/go2_description/share/go2_description/meshes/foot.dae
-- Up-to-date: /workspace/repo/install_container/go2_description/share/go2_description/meshes/calf.dae
-- Up-to-date: /workspace/repo/install_container/go2_description/share/go2_description/meshes/thigh_mirror.dae
-- Up-to-date: /workspace/repo/install_container/go2_description/share/go2_description/dae
-- Up-to-date: /workspace/repo/install_container/go2_description/share/go2_description/dae/hip.dae
-- Up-to-date: /workspace/repo/install_container/go2_description/share/go2_description/dae/calf_mirror.dae
-- Up-to-date: /workspace/repo/install_container/go2_description/share/go2_description/dae/base.dae
-- Up-to-date: /workspace/repo/install_container/go2_description/share/go2_description/dae/thigh.dae
-- Up-to-date: /workspace/repo/install_container/go2_description/share/go2_description/dae/foot.dae
-- Up-to-date: /workspace/repo/install_container/go2_description/share/go2_description/dae/calf.dae
-- Up-to-date: /workspace/repo/install_container/go2_description/share/go2_description/dae/thigh_mirror.dae
-- Up-to-date: /workspace/repo/install_container/go2_description/share/go2_description/xacro
-- Up-to-date: /workspace/repo/install_container/go2_description/share/go2_description/xacro/materials.xacro
-- Up-to-date: /workspace/repo/install_container/go2_description/share/go2_description/xacro/robot.xacro
-- Up-to-date: /workspace/repo/install_container/go2_description/share/go2_description/xacro/transmission.xacro
-- Up-to-date: /workspace/repo/install_container/go2_description/share/go2_description/xacro/const.xacro
-- Up-to-date: /workspace/repo/install_container/go2_description/share/go2_description/xacro/gazebo.xacro
-- Up-to-date: /workspace/repo/install_container/go2_description/share/go2_description/xacro/leg.xacro
-- Up-to-date: /workspace/repo/install_container/go2_description/share/go2_description/launch
-- Up-to-date: /workspace/repo/install_container/go2_description/share/go2_description/launch/base_link_bridge.launch.py
-- Up-to-date: /workspace/repo/install_container/go2_description/share/go2_description/launch/__pycache__
-- Up-to-date: /workspace/repo/install_container/go2_description/share/go2_description/launch/__pycache__/robot_state_publisher.launch.cpython-38.pyc
-- Up-to-date: /workspace/repo/install_container/go2_description/share/go2_description/launch/__pycache__/base_link_bridge.launch.cpython-38.pyc
-- Up-to-date: /workspace/repo/install_container/go2_description/share/go2_description/launch/robot_state_publisher.launch.py
-- Up-to-date: /workspace/repo/install_container/go2_description/share/ament_index/resource_index/package_run_dependencies/go2_description
-- Up-to-date: /workspace/repo/install_container/go2_description/share/ament_index/resource_index/parent_prefix_path/go2_description
-- Up-to-date: /workspace/repo/install_container/go2_description/share/go2_description/environment/ament_prefix_path.sh
-- Up-to-date: /workspace/repo/install_container/go2_description/share/go2_description/environment/ament_prefix_path.dsv
-- Up-to-date: /workspace/repo/install_container/go2_description/share/go2_description/environment/path.sh
-- Up-to-date: /workspace/repo/install_container/go2_description/share/go2_description/environment/path.dsv
-- Up-to-date: /workspace/repo/install_container/go2_description/share/go2_description/local_setup.bash
-- Up-to-date: /workspace/repo/install_container/go2_description/share/go2_description/local_setup.sh
-- Up-to-date: /workspace/repo/install_container/go2_description/share/go2_description/local_setup.zsh
-- Up-to-date: /workspace/repo/install_container/go2_description/share/go2_description/local_setup.dsv
-- Installing: /workspace/repo/install_container/go2_description/share/go2_description/package.dsv
-- Up-to-date: /workspace/repo/install_container/go2_description/share/ament_index/resource_index/packages/go2_description
-- Up-to-date: /workspace/repo/install_container/go2_description/share/go2_description/cmake/go2_descriptionConfig.cmake
-- Up-to-date: /workspace/repo/install_container/go2_description/share/go2_description/cmake/go2_descriptionConfig-version.cmake
-- Up-to-date: /workspace/repo/install_container/go2_description/share/go2_description/package.xml
