[0.000000] (-) TimerEvent: {}
[0.000453] (go2_apportation_msgs) JobQueued: {'identifier': 'go2_apportation_msgs', 'dependencies': OrderedDict()}
[0.000788] (go2_tf_tools) JobQueued: {'identifier': 'go2_tf_tools', 'dependencies': OrderedDict()}
[0.001352] (go2_apportation_mocks) JobQueued: {'identifier': 'go2_apportation_mocks', 'dependencies': OrderedDict([('go2_apportation_msgs', '/workspace/repo/install_container/go2_apportation_msgs')])}
[0.001645] (go2_apportation_orchestrator) JobQueued: {'identifier': 'go2_apportation_orchestrator', 'dependencies': OrderedDict([('go2_apportation_msgs', '/workspace/repo/install_container/go2_apportation_msgs')])}
[0.001919] (go2_apportation_msgs) JobStarted: {'identifier': 'go2_apportation_msgs'}
[0.015172] (go2_tf_tools) JobStarted: {'identifier': 'go2_tf_tools'}
[0.027448] (go2_apportation_msgs) JobProgress: {'identifier': 'go2_apportation_msgs', 'progress': 'cmake'}
[0.028863] (go2_apportation_msgs) JobProgress: {'identifier': 'go2_apportation_msgs', 'progress': 'build'}
[0.030118] (go2_apportation_msgs) Command: {'cmd': ['/usr/bin/cmake', '--build', '/workspace/repo/build_container/go2_apportation_msgs', '--', '-j6', '-l6'], 'cwd': '/workspace/repo/build_container/go2_apportation_msgs', 'env': OrderedDict([('HOSTNAME', 'ubuntu'), ('SHLVL', '0'), ('LD_LIBRARY_PATH', '/opt/ros/humble/lib/aarch64-linux-gnu:/opt/ros/humble/lib'), ('HOME', '/tmp'), ('ROS_PYTHON_VERSION', '3'), ('ROS_DISTRO', 'humble'), ('_', '/usr/bin/colcon'), ('ROS_VERSION', '2'), ('ROS_LOCALHOST_ONLY', '0'), ('PATH', '/opt/ros/humble/bin:/usr/local/sbin:/usr/local/bin:/usr/sbin:/usr/bin:/sbin:/bin'), ('LANG', 'C.UTF-8'), ('AMENT_PREFIX_PATH', '/opt/ros/humble'), ('PWD', '/workspace/repo/build_container/go2_apportation_msgs'), ('LC_ALL', 'C.UTF-8'), ('PYTHONPATH', '/opt/ros/humble/lib/python3.10/site-packages:/opt/ros/humble/local/lib/python3.10/dist-packages'), ('COLCON', '1')]), 'shell': False}
[0.099439] (-) TimerEvent: {}
[0.199831] (-) TimerEvent: {}
[0.300203] (-) TimerEvent: {}
[0.400728] (-) TimerEvent: {}
[0.501093] (-) TimerEvent: {}
[0.522177] (go2_apportation_msgs) StdoutLine: {'line': b'[  1%] Built target go2_apportation_msgs__cpp\n'}
[0.522596] (go2_apportation_msgs) StdoutLine: {'line': b'[ 12%] Built target go2_apportation_msgs__rosidl_generator_c\n'}
[0.522760] (go2_apportation_msgs) StdoutLine: {'line': b'[ 12%] Built target ament_cmake_python_copy_go2_apportation_msgs\n'}
[0.522899] (go2_apportation_msgs) StdoutLine: {'line': b'[ 23%] Built target go2_apportation_msgs__rosidl_typesupport_fastrtps_cpp\n'}
[0.523023] (go2_apportation_msgs) StdoutLine: {'line': b'[ 46%] Built target go2_apportation_msgs__rosidl_typesupport_fastrtps_c\n'}
[0.523140] (go2_apportation_msgs) StdoutLine: {'line': b'[ 46%] Built target go2_apportation_msgs__rosidl_typesupport_introspection_cpp\n'}
[0.523270] (go2_apportation_msgs) StdoutLine: {'line': b'[ 57%] Built target go2_apportation_msgs__rosidl_typesupport_cpp\n'}
[0.523388] (go2_apportation_msgs) StdoutLine: {'line': b'[ 69%] Built target go2_apportation_msgs__rosidl_typesupport_c\n'}
[0.523503] (go2_apportation_msgs) StdoutLine: {'line': b'[ 80%] Built target go2_apportation_msgs__rosidl_typesupport_introspection_c\n'}
[0.523782] (go2_apportation_msgs) StdoutLine: {'line': b'[ 80%] Built target go2_apportation_msgs\n'}
[0.523920] (go2_apportation_msgs) StdoutLine: {'line': b'[ 81%] Built target go2_apportation_msgs__py\n'}
[0.524281] (go2_apportation_msgs) StdoutLine: {'line': b'[ 91%] Built target go2_apportation_msgs__rosidl_generator_py\n'}
[0.524583] (go2_apportation_msgs) StdoutLine: {'line': b'[100%] Built target go2_apportation_msgs__rosidl_typesupport_fastrtps_c__pyext\n'}
[0.524709] (go2_apportation_msgs) StdoutLine: {'line': b'[100%] Built target go2_apportation_msgs__rosidl_typesupport_introspection_c__pyext\n'}
[0.524844] (go2_apportation_msgs) StdoutLine: {'line': b'[100%] Built target go2_apportation_msgs__rosidl_typesupport_c__pyext\n'}
[0.601235] (-) TimerEvent: {}
[0.622625] (go2_apportation_msgs) StdoutLine: {'line': b'running egg_info\n'}
[0.624036] (go2_apportation_msgs) StdoutLine: {'line': b'writing go2_apportation_msgs.egg-info/PKG-INFO\n'}
[0.624558] (go2_apportation_msgs) StdoutLine: {'line': b'writing dependency_links to go2_apportation_msgs.egg-info/dependency_links.txt\n'}
[0.624973] (go2_apportation_msgs) StdoutLine: {'line': b'writing top-level names to go2_apportation_msgs.egg-info/top_level.txt\n'}
[0.629510] (go2_apportation_msgs) StdoutLine: {'line': b"reading manifest file 'go2_apportation_msgs.egg-info/SOURCES.txt'\n"}
[0.630975] (go2_apportation_msgs) StdoutLine: {'line': b"writing manifest file 'go2_apportation_msgs.egg-info/SOURCES.txt'\n"}
[0.701372] (-) TimerEvent: {}
[0.708571] (go2_apportation_msgs) StdoutLine: {'line': b'[100%] Built target ament_cmake_python_build_go2_apportation_msgs_egg\n'}
[0.732802] (go2_apportation_msgs) CommandEnded: {'returncode': 0}
[0.735531] (go2_apportation_msgs) JobProgress: {'identifier': 'go2_apportation_msgs', 'progress': 'install'}
[0.753405] (go2_apportation_msgs) Command: {'cmd': ['/usr/bin/cmake', '--install', '/workspace/repo/build_container/go2_apportation_msgs'], 'cwd': '/workspace/repo/build_container/go2_apportation_msgs', 'env': OrderedDict([('HOSTNAME', 'ubuntu'), ('SHLVL', '0'), ('LD_LIBRARY_PATH', '/opt/ros/humble/lib/aarch64-linux-gnu:/opt/ros/humble/lib'), ('HOME', '/tmp'), ('ROS_PYTHON_VERSION', '3'), ('ROS_DISTRO', 'humble'), ('_', '/usr/bin/colcon'), ('ROS_VERSION', '2'), ('ROS_LOCALHOST_ONLY', '0'), ('PATH', '/opt/ros/humble/bin:/usr/local/sbin:/usr/local/bin:/usr/sbin:/usr/bin:/sbin:/bin'), ('LANG', 'C.UTF-8'), ('AMENT_PREFIX_PATH', '/opt/ros/humble'), ('PWD', '/workspace/repo/build_container/go2_apportation_msgs'), ('LC_ALL', 'C.UTF-8'), ('PYTHONPATH', '/opt/ros/humble/lib/python3.10/site-packages:/opt/ros/humble/local/lib/python3.10/dist-packages'), ('COLCON', '1')]), 'shell': False}
[0.770130] (go2_apportation_msgs) StdoutLine: {'line': b'-- Install configuration: ""\n'}
[0.770855] (go2_apportation_msgs) StdoutLine: {'line': b'-- Up-to-date: /workspace/repo/install_container/go2_apportation_msgs/share/ament_index/resource_index/rosidl_interfaces/go2_apportation_msgs\n'}
[0.771412] (go2_apportation_msgs) StdoutLine: {'line': b'-- Up-to-date: /workspace/repo/install_container/go2_apportation_msgs/include/go2_apportation_msgs/go2_apportation_msgs\n'}
[0.771890] (go2_apportation_msgs) StdoutLine: {'line': b'-- Up-to-date: /workspace/repo/install_container/go2_apportation_msgs/include/go2_apportation_msgs/go2_apportation_msgs/msg\n'}
[0.772400] (go2_apportation_msgs) StdoutLine: {'line': b'-- Up-to-date: /workspace/repo/install_container/go2_apportation_msgs/include/go2_apportation_msgs/go2_apportation_msgs/msg/detection3_d_array.h\n'}
[0.772794] (go2_apportation_msgs) StdoutLine: {'line': b'-- Up-to-date: /workspace/repo/install_container/go2_apportation_msgs/include/go2_apportation_msgs/go2_apportation_msgs/msg/rosidl_generator_c__visibility_control.h\n'}
[0.772934] (go2_apportation_msgs) StdoutLine: {'line': b'-- Up-to-date: /workspace/repo/install_container/go2_apportation_msgs/include/go2_apportation_msgs/go2_apportation_msgs/msg/detail\n'}
[0.773063] (go2_apportation_msgs) StdoutLine: {'line': b'-- Up-to-date: /workspace/repo/install_container/go2_apportation_msgs/include/go2_apportation_msgs/go2_apportation_msgs/msg/detail/detection3_d_array__functions.h\n'}
[0.773274] (go2_apportation_msgs) StdoutLine: {'line': b'-- Up-to-date: /workspace/repo/install_container/go2_apportation_msgs/include/go2_apportation_msgs/go2_apportation_msgs/msg/detail/detection3_d_array__functions.c\n'}
[0.773398] (go2_apportation_msgs) StdoutLine: {'line': b'-- Up-to-date: /workspace/repo/install_container/go2_apportation_msgs/include/go2_apportation_msgs/go2_apportation_msgs/msg/detail/detection3_d_array__type_support.h\n'}
[0.773768] (go2_apportation_msgs) StdoutLine: {'line': b'-- Up-to-date: /workspace/repo/install_container/go2_apportation_msgs/include/go2_apportation_msgs/go2_apportation_msgs/msg/detail/object_state__type_support.h\n'}
[0.774355] (go2_apportation_msgs) StdoutLine: {'line': b'-- Up-to-date: /workspace/repo/install_container/go2_apportation_msgs/include/go2_apportation_msgs/go2_apportation_msgs/msg/detail/throw_status__struct.h\n'}
[0.774721] (go2_apportation_msgs) StdoutLine: {'line': b'-- Up-to-date: /workspace/repo/install_container/go2_apportation_msgs/include/go2_apportation_msgs/go2_apportation_msgs/msg/detail/object_state__struct.h\n'}
[0.774849] (go2_apportation_msgs) StdoutLine: {'line': b'-- Up-to-date: /workspace/repo/install_container/go2_apportation_msgs/include/go2_apportation_msgs/go2_apportation_msgs/msg/detail/throw_status__functions.h\n'}
[0.775082] (go2_apportation_msgs) StdoutLine: {'line': b'-- Up-to-date: /workspace/repo/install_container/go2_apportation_msgs/include/go2_apportation_msgs/go2_apportation_msgs/msg/detail/throw_status__functions.c\n'}
[0.775221] (go2_apportation_msgs) StdoutLine: {'line': b'-- Up-to-date: /workspace/repo/install_container/go2_apportation_msgs/include/go2_apportation_msgs/go2_apportation_msgs/msg/detail/object_state__functions.h\n'}
[0.775587] (go2_apportation_msgs) StdoutLine: {'line': b'-- Up-to-date: /workspace/repo/install_container/go2_apportation_msgs/include/go2_apportation_msgs/go2_apportation_msgs/msg/detail/throw_status__type_support.h\n'}
[0.776551] (go2_apportation_msgs) StdoutLine: {'line': b'-- Up-to-date: /workspace/repo/install_container/go2_apportation_msgs/include/go2_apportation_msgs/go2_apportation_msgs/msg/detail/detection3_d__struct.h\n'}
[0.776823] (go2_apportation_msgs) StdoutLine: {'line': b'-- Up-to-date: /workspace/repo/install_container/go2_apportation_msgs/include/go2_apportation_msgs/go2_apportation_msgs/msg/detail/detection3_d__functions.h\n'}
[0.777079] (go2_apportation_msgs) StdoutLine: {'line': b'-- Up-to-date: /workspace/repo/install_container/go2_apportation_msgs/include/go2_apportation_msgs/go2_apportation_msgs/msg/detail/object_state__functions.c\n'}
[0.777213] (go2_apportation_msgs) StdoutLine: {'line': b'-- Up-to-date: /workspace/repo/install_container/go2_apportation_msgs/include/go2_apportation_msgs/go2_apportation_msgs/msg/detail/detection3_d__type_support.h\n'}
[0.777340] (go2_apportation_msgs) StdoutLine: {'line': b'-- Up-to-date: /workspace/repo/install_container/go2_apportation_msgs/include/go2_apportation_msgs/go2_apportation_msgs/msg/detail/detection3_d_array__struct.h\n'}
[0.777461] (go2_apportation_msgs) StdoutLine: {'line': b'-- Up-to-date: /workspace/repo/install_container/go2_apportation_msgs/include/go2_apportation_msgs/go2_apportation_msgs/msg/detail/detection3_d__functions.c\n'}
[0.777670] (go2_apportation_msgs) StdoutLine: {'line': b'-- Up-to-date: /workspace/repo/install_container/go2_apportation_msgs/include/go2_apportation_msgs/go2_apportation_msgs/msg/throw_status.h\n'}
[0.777813] (go2_apportation_msgs) StdoutLine: {'line': b'-- Up-to-date: /workspace/repo/install_container/go2_apportation_msgs/include/go2_apportation_msgs/go2_apportation_msgs/msg/detection3_d.h\n'}
[0.779852] (go2_apportation_msgs) StdoutLine: {'line': b'-- Up-to-date: /workspace/repo/install_container/go2_apportation_msgs/include/go2_apportation_msgs/go2_apportation_msgs/msg/object_state.h\n'}
[0.780704] (go2_apportation_msgs) StdoutLine: {'line': b'-- Up-to-date: /workspace/repo/install_container/go2_apportation_msgs/include/go2_apportation_msgs/go2_apportation_msgs/srv\n'}
[0.781455] (go2_apportation_msgs) StdoutLine: {'line': b'-- Up-to-date: /workspace/repo/install_container/go2_apportation_msgs/include/go2_apportation_msgs/go2_apportation_msgs/srv/release_object.h\n'}
[0.781582] (go2_apportation_msgs) StdoutLine: {'line': b'-- Up-to-date: /workspace/repo/install_container/go2_apportation_msgs/include/go2_apportation_msgs/go2_apportation_msgs/srv/detail\n'}
[0.781818] (go2_apportation_msgs) StdoutLine: {'line': b'-- Up-to-date: /workspace/repo/install_container/go2_apportation_msgs/include/go2_apportation_msgs/go2_apportation_msgs/srv/detail/release_object__functions.c\n'}
[0.781945] (go2_apportation_msgs) StdoutLine: {'line': b'-- Up-to-date: /workspace/repo/install_container/go2_apportation_msgs/include/go2_apportation_msgs/go2_apportation_msgs/srv/detail/release_object__functions.h\n'}
[0.782950] (go2_apportation_msgs) StdoutLine: {'line': b'-- Up-to-date: /workspace/repo/install_container/go2_apportation_msgs/include/go2_apportation_msgs/go2_apportation_msgs/srv/detail/release_object__struct.h\n'}
[0.783319] (go2_apportation_msgs) StdoutLine: {'line': b'-- Up-to-date: /workspace/repo/install_container/go2_apportation_msgs/include/go2_apportation_msgs/go2_apportation_msgs/srv/detail/release_object__type_support.h\n'}
[0.783451] (go2_apportation_msgs) StdoutLine: {'line': b'-- Up-to-date: /workspace/repo/install_container/go2_apportation_msgs/include/go2_apportation_msgs/go2_apportation_msgs/action\n'}
[0.783671] (go2_apportation_msgs) StdoutLine: {'line': b'-- Up-to-date: /workspace/repo/install_container/go2_apportation_msgs/include/go2_apportation_msgs/go2_apportation_msgs/action/pick_object.h\n'}
[0.783799] (go2_apportation_msgs) StdoutLine: {'line': b'-- Up-to-date: /workspace/repo/install_container/go2_apportation_msgs/include/go2_apportation_msgs/go2_apportation_msgs/action/detail\n'}
[0.783920] (go2_apportation_msgs) StdoutLine: {'line': b'-- Up-to-date: /workspace/repo/install_container/go2_apportation_msgs/include/go2_apportation_msgs/go2_apportation_msgs/action/detail/pick_object__type_support.h\n'}
[0.784037] (go2_apportation_msgs) StdoutLine: {'line': b'-- Up-to-date: /workspace/repo/install_container/go2_apportation_msgs/include/go2_apportation_msgs/go2_apportation_msgs/action/detail/pick_object__functions.h\n'}
[0.784257] (go2_apportation_msgs) StdoutLine: {'line': b'-- Up-to-date: /workspace/repo/install_container/go2_apportation_msgs/include/go2_apportation_msgs/go2_apportation_msgs/action/detail/pick_object__struct.h\n'}
[0.784377] (go2_apportation_msgs) StdoutLine: {'line': b'-- Up-to-date: /workspace/repo/install_container/go2_apportation_msgs/include/go2_apportation_msgs/go2_apportation_msgs/action/detail/pick_object__functions.c\n'}
[0.784849] (go2_apportation_msgs) StdoutLine: {'line': b'-- Up-to-date: /workspace/repo/install_container/go2_apportation_msgs/share/go2_apportation_msgs/environment/library_path.sh\n'}
[0.784993] (go2_apportation_msgs) StdoutLine: {'line': b'-- Up-to-date: /workspace/repo/install_container/go2_apportation_msgs/share/go2_apportation_msgs/environment/library_path.dsv\n'}
[0.785126] (go2_apportation_msgs) StdoutLine: {'line': b'-- Up-to-date: /workspace/repo/install_container/go2_apportation_msgs/lib/libgo2_apportation_msgs__rosidl_generator_c.so\n'}
[0.785354] (go2_apportation_msgs) StdoutLine: {'line': b'-- Up-to-date: /workspace/repo/install_container/go2_apportation_msgs/include/go2_apportation_msgs/go2_apportation_msgs\n'}
[0.785485] (go2_apportation_msgs) StdoutLine: {'line': b'-- Up-to-date: /workspace/repo/install_container/go2_apportation_msgs/include/go2_apportation_msgs/go2_apportation_msgs/msg\n'}
[0.785712] (go2_apportation_msgs) StdoutLine: {'line': b'-- Up-to-date: /workspace/repo/install_container/go2_apportation_msgs/include/go2_apportation_msgs/go2_apportation_msgs/msg/rosidl_typesupport_fastrtps_c__visibility_control.h\n'}
[0.785853] (go2_apportation_msgs) StdoutLine: {'line': b'-- Up-to-date: /workspace/repo/install_container/go2_apportation_msgs/include/go2_apportation_msgs/go2_apportation_msgs/msg/detail\n'}
[0.786110] (go2_apportation_msgs) StdoutLine: {'line': b'-- Up-to-date: /workspace/repo/install_container/go2_apportation_msgs/include/go2_apportation_msgs/go2_apportation_msgs/msg/detail/object_state__rosidl_typesupport_fastrtps_c.h\n'}
[0.786243] (go2_apportation_msgs) StdoutLine: {'line': b'-- Up-to-date: /workspace/repo/install_container/go2_apportation_msgs/include/go2_apportation_msgs/go2_apportation_msgs/msg/detail/detection3_d__rosidl_typesupport_fastrtps_c.h\n'}
[0.786464] (go2_apportation_msgs) StdoutLine: {'line': b'-- Up-to-date: /workspace/repo/install_container/go2_apportation_msgs/include/go2_apportation_msgs/go2_apportation_msgs/msg/detail/throw_status__rosidl_typesupport_fastrtps_c.h\n'}
[0.788111] (go2_apportation_msgs) StdoutLine: {'line': b'-- Up-to-date: /workspace/repo/install_container/go2_apportation_msgs/include/go2_apportation_msgs/go2_apportation_msgs/msg/detail/detection3_d_array__rosidl_typesupport_fastrtps_c.h\n'}
[0.788267] (go2_apportation_msgs) StdoutLine: {'line': b'-- Up-to-date: /workspace/repo/install_container/go2_apportation_msgs/include/go2_apportation_msgs/go2_apportation_msgs/srv\n'}
[0.788392] (go2_apportation_msgs) StdoutLine: {'line': b'-- Up-to-date: /workspace/repo/install_container/go2_apportation_msgs/include/go2_apportation_msgs/go2_apportation_msgs/srv/detail\n'}
[0.788510] (go2_apportation_msgs) StdoutLine: {'line': b'-- Up-to-date: /workspace/repo/install_container/go2_apportation_msgs/include/go2_apportation_msgs/go2_apportation_msgs/srv/detail/release_object__rosidl_typesupport_fastrtps_c.h\n'}
[0.788629] (go2_apportation_msgs) StdoutLine: {'line': b'-- Up-to-date: /workspace/repo/install_container/go2_apportation_msgs/include/go2_apportation_msgs/go2_apportation_msgs/action\n'}
[0.788746] (go2_apportation_msgs) StdoutLine: {'line': b'-- Up-to-date: /workspace/repo/install_container/go2_apportation_msgs/include/go2_apportation_msgs/go2_apportation_msgs/action/detail\n'}
[0.788863] (go2_apportation_msgs) StdoutLine: {'line': b'-- Up-to-date: /workspace/repo/install_container/go2_apportation_msgs/include/go2_apportation_msgs/go2_apportation_msgs/action/detail/pick_object__rosidl_typesupport_fastrtps_c.h\n'}
[0.788978] (go2_apportation_msgs) StdoutLine: {'line': b'-- Up-to-date: /workspace/repo/install_container/go2_apportation_msgs/lib/libgo2_apportation_msgs__rosidl_typesupport_fastrtps_c.so\n'}
[0.789093] (go2_apportation_msgs) StdoutLine: {'line': b'-- Up-to-date: /workspace/repo/install_container/go2_apportation_msgs/include/go2_apportation_msgs/go2_apportation_msgs\n'}
[0.789211] (go2_apportation_msgs) StdoutLine: {'line': b'-- Up-to-date: /workspace/repo/install_container/go2_apportation_msgs/include/go2_apportation_msgs/go2_apportation_msgs/msg\n'}
[0.789327] (go2_apportation_msgs) StdoutLine: {'line': b'-- Up-to-date: /workspace/repo/install_container/go2_apportation_msgs/include/go2_apportation_msgs/go2_apportation_msgs/msg/detail\n'}
[0.789441] (go2_apportation_msgs) StdoutLine: {'line': b'-- Up-to-date: /workspace/repo/install_container/go2_apportation_msgs/include/go2_apportation_msgs/go2_apportation_msgs/msg/detail/object_state__rosidl_typesupport_introspection_c.h\n'}
[0.789552] (go2_apportation_msgs) StdoutLine: {'line': b'-- Up-to-date: /workspace/repo/install_container/go2_apportation_msgs/include/go2_apportation_msgs/go2_apportation_msgs/msg/detail/detection3_d_array__rosidl_typesupport_introspection_c.h\n'}
[0.789664] (go2_apportation_msgs) StdoutLine: {'line': b'-- Up-to-date: /workspace/repo/install_container/go2_apportation_msgs/include/go2_apportation_msgs/go2_apportation_msgs/msg/detail/throw_status__type_support.c\n'}
[0.789807] (go2_apportation_msgs) StdoutLine: {'line': b'-- Up-to-date: /workspace/repo/install_container/go2_apportation_msgs/include/go2_apportation_msgs/go2_apportation_msgs/msg/detail/throw_status__rosidl_typesupport_introspection_c.h\n'}
[0.789951] (go2_apportation_msgs) StdoutLine: {'line': b'-- Up-to-date: /workspace/repo/install_container/go2_apportation_msgs/include/go2_apportation_msgs/go2_apportation_msgs/msg/detail/detection3_d__type_support.c\n'}
[0.790075] (go2_apportation_msgs) StdoutLine: {'line': b'-- Up-to-date: /workspace/repo/install_container/go2_apportation_msgs/include/go2_apportation_msgs/go2_apportation_msgs/msg/detail/detection3_d__rosidl_typesupport_introspection_c.h\n'}
[0.790197] (go2_apportation_msgs) StdoutLine: {'line': b'-- Up-to-date: /workspace/repo/install_container/go2_apportation_msgs/include/go2_apportation_msgs/go2_apportation_msgs/msg/detail/detection3_d_array__type_support.c\n'}
[0.790314] (go2_apportation_msgs) StdoutLine: {'line': b'-- Up-to-date: /workspace/repo/install_container/go2_apportation_msgs/include/go2_apportation_msgs/go2_apportation_msgs/msg/detail/object_state__type_support.c\n'}
[0.790431] (go2_apportation_msgs) StdoutLine: {'line': b'-- Up-to-date: /workspace/repo/install_container/go2_apportation_msgs/include/go2_apportation_msgs/go2_apportation_msgs/msg/rosidl_typesupport_introspection_c__visibility_control.h\n'}
[0.790569] (go2_apportation_msgs) StdoutLine: {'line': b'-- Up-to-date: /workspace/repo/install_container/go2_apportation_msgs/include/go2_apportation_msgs/go2_apportation_msgs/srv\n'}
[0.790688] (go2_apportation_msgs) StdoutLine: {'line': b'-- Up-to-date: /workspace/repo/install_container/go2_apportation_msgs/include/go2_apportation_msgs/go2_apportation_msgs/srv/detail\n'}
[0.790809] (go2_apportation_msgs) StdoutLine: {'line': b'-- Up-to-date: /workspace/repo/install_container/go2_apportation_msgs/include/go2_apportation_msgs/go2_apportation_msgs/srv/detail/release_object__rosidl_typesupport_introspection_c.h\n'}
[0.790960] (go2_apportation_msgs) StdoutLine: {'line': b'-- Up-to-date: /workspace/repo/install_container/go2_apportation_msgs/include/go2_apportation_msgs/go2_apportation_msgs/srv/detail/release_object__type_support.c\n'}
[0.791081] (go2_apportation_msgs) StdoutLine: {'line': b'-- Up-to-date: /workspace/repo/install_container/go2_apportation_msgs/include/go2_apportation_msgs/go2_apportation_msgs/action\n'}
[0.791197] (go2_apportation_msgs) StdoutLine: {'line': b'-- Up-to-date: /workspace/repo/install_container/go2_apportation_msgs/include/go2_apportation_msgs/go2_apportation_msgs/action/detail\n'}
[0.791312] (go2_apportation_msgs) StdoutLine: {'line': b'-- Up-to-date: /workspace/repo/install_container/go2_apportation_msgs/include/go2_apportation_msgs/go2_apportation_msgs/action/detail/pick_object__rosidl_typesupport_introspection_c.h\n'}
[0.791425] (go2_apportation_msgs) StdoutLine: {'line': b'-- Up-to-date: /workspace/repo/install_container/go2_apportation_msgs/include/go2_apportation_msgs/go2_apportation_msgs/action/detail/pick_object__type_support.c\n'}
[0.791541] (go2_apportation_msgs) StdoutLine: {'line': b'-- Up-to-date: /workspace/repo/install_container/go2_apportation_msgs/lib/libgo2_apportation_msgs__rosidl_typesupport_introspection_c.so\n'}
[0.791654] (go2_apportation_msgs) StdoutLine: {'line': b'-- Up-to-date: /workspace/repo/install_container/go2_apportation_msgs/lib/libgo2_apportation_msgs__rosidl_typesupport_c.so\n'}
[0.791764] (go2_apportation_msgs) StdoutLine: {'line': b'-- Up-to-date: /workspace/repo/install_container/go2_apportation_msgs/include/go2_apportation_msgs/go2_apportation_msgs\n'}
[0.791872] (go2_apportation_msgs) StdoutLine: {'line': b'-- Up-to-date: /workspace/repo/install_container/go2_apportation_msgs/include/go2_apportation_msgs/go2_apportation_msgs/msg\n'}
[0.791983] (go2_apportation_msgs) StdoutLine: {'line': b'-- Up-to-date: /workspace/repo/install_container/go2_apportation_msgs/include/go2_apportation_msgs/go2_apportation_msgs/msg/detection3_d.hpp\n'}
[0.792096] (go2_apportation_msgs) StdoutLine: {'line': b'-- Up-to-date: /workspace/repo/install_container/go2_apportation_msgs/include/go2_apportation_msgs/go2_apportation_msgs/msg/detection3_d_array.hpp\n'}
[0.792210] (go2_apportation_msgs) StdoutLine: {'line': b'-- Up-to-date: /workspace/repo/install_container/go2_apportation_msgs/include/go2_apportation_msgs/go2_apportation_msgs/msg/detail\n'}
[0.792322] (go2_apportation_msgs) StdoutLine: {'line': b'-- Up-to-date: /workspace/repo/install_container/go2_apportation_msgs/include/go2_apportation_msgs/go2_apportation_msgs/msg/detail/detection3_d_array__type_support.hpp\n'}
[0.792435] (go2_apportation_msgs) StdoutLine: {'line': b'-- Up-to-date: /workspace/repo/install_container/go2_apportation_msgs/include/go2_apportation_msgs/go2_apportation_msgs/msg/detail/detection3_d__type_support.hpp\n'}
[0.792548] (go2_apportation_msgs) StdoutLine: {'line': b'-- Up-to-date: /workspace/repo/install_container/go2_apportation_msgs/include/go2_apportation_msgs/go2_apportation_msgs/msg/detail/throw_status__type_support.hpp\n'}
[0.792659] (go2_apportation_msgs) StdoutLine: {'line': b'-- Up-to-date: /workspace/repo/install_container/go2_apportation_msgs/include/go2_apportation_msgs/go2_apportation_msgs/msg/detail/detection3_d_array__builder.hpp\n'}
[0.792798] (go2_apportation_msgs) StdoutLine: {'line': b'-- Up-to-date: /workspace/repo/install_container/go2_apportation_msgs/include/go2_apportation_msgs/go2_apportation_msgs/msg/detail/throw_status__struct.hpp\n'}
[0.792917] (go2_apportation_msgs) StdoutLine: {'line': b'-- Up-to-date: /workspace/repo/install_container/go2_apportation_msgs/include/go2_apportation_msgs/go2_apportation_msgs/msg/detail/detection3_d__builder.hpp\n'}
[0.793066] (go2_apportation_msgs) StdoutLine: {'line': b'-- Up-to-date: /workspace/repo/install_container/go2_apportation_msgs/include/go2_apportation_msgs/go2_apportation_msgs/msg/detail/object_state__type_support.hpp\n'}
[0.793193] (go2_apportation_msgs) StdoutLine: {'line': b'-- Up-to-date: /workspace/repo/install_container/go2_apportation_msgs/include/go2_apportation_msgs/go2_apportation_msgs/msg/detail/detection3_d__struct.hpp\n'}
[0.793314] (go2_apportation_msgs) StdoutLine: {'line': b'-- Up-to-date: /workspace/repo/install_container/go2_apportation_msgs/include/go2_apportation_msgs/go2_apportation_msgs/msg/detail/detection3_d_array__traits.hpp\n'}
[0.793432] (go2_apportation_msgs) StdoutLine: {'line': b'-- Up-to-date: /workspace/repo/install_container/go2_apportation_msgs/include/go2_apportation_msgs/go2_apportation_msgs/msg/detail/throw_status__traits.hpp\n'}
[0.793549] (go2_apportation_msgs) StdoutLine: {'line': b'-- Up-to-date: /workspace/repo/install_container/go2_apportation_msgs/include/go2_apportation_msgs/go2_apportation_msgs/msg/detail/object_state__builder.hpp\n'}
[0.793666] (go2_apportation_msgs) StdoutLine: {'line': b'-- Up-to-date: /workspace/repo/install_container/go2_apportation_msgs/include/go2_apportation_msgs/go2_apportation_msgs/msg/detail/detection3_d_array__struct.hpp\n'}
[0.793820] (go2_apportation_msgs) StdoutLine: {'line': b'-- Up-to-date: /workspace/repo/install_container/go2_apportation_msgs/include/go2_apportation_msgs/go2_apportation_msgs/msg/detail/object_state__struct.hpp\n'}
[0.793941] (go2_apportation_msgs) StdoutLine: {'line': b'-- Up-to-date: /workspace/repo/install_container/go2_apportation_msgs/include/go2_apportation_msgs/go2_apportation_msgs/msg/detail/detection3_d__traits.hpp\n'}
[0.794053] (go2_apportation_msgs) StdoutLine: {'line': b'-- Up-to-date: /workspace/repo/install_container/go2_apportation_msgs/include/go2_apportation_msgs/go2_apportation_msgs/msg/detail/throw_status__builder.hpp\n'}
[0.794166] (go2_apportation_msgs) StdoutLine: {'line': b'-- Up-to-date: /workspace/repo/install_container/go2_apportation_msgs/include/go2_apportation_msgs/go2_apportation_msgs/msg/detail/object_state__traits.hpp\n'}
[0.794323] (go2_apportation_msgs) StdoutLine: {'line': b'-- Up-to-date: /workspace/repo/install_container/go2_apportation_msgs/include/go2_apportation_msgs/go2_apportation_msgs/msg/object_state.hpp\n'}
[0.794443] (go2_apportation_msgs) StdoutLine: {'line': b'-- Up-to-date: /workspace/repo/install_container/go2_apportation_msgs/include/go2_apportation_msgs/go2_apportation_msgs/msg/throw_status.hpp\n'}
[0.794560] (go2_apportation_msgs) StdoutLine: {'line': b'-- Up-to-date: /workspace/repo/install_container/go2_apportation_msgs/include/go2_apportation_msgs/go2_apportation_msgs/msg/rosidl_generator_cpp__visibility_control.hpp\n'}
[0.794674] (go2_apportation_msgs) StdoutLine: {'line': b'-- Up-to-date: /workspace/repo/install_container/go2_apportation_msgs/include/go2_apportation_msgs/go2_apportation_msgs/srv\n'}
[0.794786] (go2_apportation_msgs) StdoutLine: {'line': b'-- Up-to-date: /workspace/repo/install_container/go2_apportation_msgs/include/go2_apportation_msgs/go2_apportation_msgs/srv/release_object.hpp\n'}
[0.794899] (go2_apportation_msgs) StdoutLine: {'line': b'-- Up-to-date: /workspace/repo/install_container/go2_apportation_msgs/include/go2_apportation_msgs/go2_apportation_msgs/srv/detail\n'}
[0.795014] (go2_apportation_msgs) StdoutLine: {'line': b'-- Up-to-date: /workspace/repo/install_container/go2_apportation_msgs/include/go2_apportation_msgs/go2_apportation_msgs/srv/detail/release_object__builder.hpp\n'}
[0.795156] (go2_apportation_msgs) StdoutLine: {'line': b'-- Up-to-date: /workspace/repo/install_container/go2_apportation_msgs/include/go2_apportation_msgs/go2_apportation_msgs/srv/detail/release_object__type_support.hpp\n'}
[0.795274] (go2_apportation_msgs) StdoutLine: {'line': b'-- Up-to-date: /workspace/repo/install_container/go2_apportation_msgs/include/go2_apportation_msgs/go2_apportation_msgs/srv/detail/release_object__traits.hpp\n'}
[0.795388] (go2_apportation_msgs) StdoutLine: {'line': b'-- Up-to-date: /workspace/repo/install_container/go2_apportation_msgs/include/go2_apportation_msgs/go2_apportation_msgs/srv/detail/release_object__struct.hpp\n'}
[0.795503] (go2_apportation_msgs) StdoutLine: {'line': b'-- Up-to-date: /workspace/repo/install_container/go2_apportation_msgs/include/go2_apportation_msgs/go2_apportation_msgs/action\n'}
[0.795617] (go2_apportation_msgs) StdoutLine: {'line': b'-- Up-to-date: /workspace/repo/install_container/go2_apportation_msgs/include/go2_apportation_msgs/go2_apportation_msgs/action/detail\n'}
[0.795734] (go2_apportation_msgs) StdoutLine: {'line': b'-- Up-to-date: /workspace/repo/install_container/go2_apportation_msgs/include/go2_apportation_msgs/go2_apportation_msgs/action/detail/pick_object__traits.hpp\n'}
[0.795849] (go2_apportation_msgs) StdoutLine: {'line': b'-- Up-to-date: /workspace/repo/install_container/go2_apportation_msgs/include/go2_apportation_msgs/go2_apportation_msgs/action/detail/pick_object__builder.hpp\n'}
[0.795961] (go2_apportation_msgs) StdoutLine: {'line': b'-- Up-to-date: /workspace/repo/install_container/go2_apportation_msgs/include/go2_apportation_msgs/go2_apportation_msgs/action/detail/pick_object__struct.hpp\n'}
[0.796094] (go2_apportation_msgs) StdoutLine: {'line': b'-- Up-to-date: /workspace/repo/install_container/go2_apportation_msgs/include/go2_apportation_msgs/go2_apportation_msgs/action/detail/pick_object__type_support.hpp\n'}
[0.796222] (go2_apportation_msgs) StdoutLine: {'line': b'-- Up-to-date: /workspace/repo/install_container/go2_apportation_msgs/include/go2_apportation_msgs/go2_apportation_msgs/action/pick_object.hpp\n'}
[0.796341] (go2_apportation_msgs) StdoutLine: {'line': b'-- Up-to-date: /workspace/repo/install_container/go2_apportation_msgs/include/go2_apportation_msgs/go2_apportation_msgs\n'}
[0.796458] (go2_apportation_msgs) StdoutLine: {'line': b'-- Up-to-date: /workspace/repo/install_container/go2_apportation_msgs/include/go2_apportation_msgs/go2_apportation_msgs/msg\n'}
[0.796574] (go2_apportation_msgs) StdoutLine: {'line': b'-- Up-to-date: /workspace/repo/install_container/go2_apportation_msgs/include/go2_apportation_msgs/go2_apportation_msgs/msg/rosidl_typesupport_fastrtps_cpp__visibility_control.h\n'}
[0.796709] (go2_apportation_msgs) StdoutLine: {'line': b'-- Up-to-date: /workspace/repo/install_container/go2_apportation_msgs/include/go2_apportation_msgs/go2_apportation_msgs/msg/detail\n'}
[0.796831] (go2_apportation_msgs) StdoutLine: {'line': b'-- Up-to-date: /workspace/repo/install_container/go2_apportation_msgs/include/go2_apportation_msgs/go2_apportation_msgs/msg/detail/detection3_d__rosidl_typesupport_fastrtps_cpp.hpp\n'}
[0.796949] (go2_apportation_msgs) StdoutLine: {'line': b'-- Up-to-date: /workspace/repo/install_container/go2_apportation_msgs/include/go2_apportation_msgs/go2_apportation_msgs/msg/detail/object_state__rosidl_typesupport_fastrtps_cpp.hpp\n'}
[0.797065] (go2_apportation_msgs) StdoutLine: {'line': b'-- Up-to-date: /workspace/repo/install_container/go2_apportation_msgs/include/go2_apportation_msgs/go2_apportation_msgs/msg/detail/dds_fastrtps\n'}
[0.797178] (go2_apportation_msgs) StdoutLine: {'line': b'-- Up-to-date: /workspace/repo/install_container/go2_apportation_msgs/include/go2_apportation_msgs/go2_apportation_msgs/msg/detail/throw_status__rosidl_typesupport_fastrtps_cpp.hpp\n'}
[0.797293] (go2_apportation_msgs) StdoutLine: {'line': b'-- Up-to-date: /workspace/repo/install_container/go2_apportation_msgs/include/go2_apportation_msgs/go2_apportation_msgs/msg/detail/detection3_d_array__rosidl_typesupport_fastrtps_cpp.hpp\n'}
[0.797457] (go2_apportation_msgs) StdoutLine: {'line': b'-- Up-to-date: /workspace/repo/install_container/go2_apportation_msgs/include/go2_apportation_msgs/go2_apportation_msgs/srv\n'}
[0.797579] (go2_apportation_msgs) StdoutLine: {'line': b'-- Up-to-date: /workspace/repo/install_container/go2_apportation_msgs/include/go2_apportation_msgs/go2_apportation_msgs/srv/detail\n'}
[0.797720] (go2_apportation_msgs) StdoutLine: {'line': b'-- Up-to-date: /workspace/repo/install_container/go2_apportation_msgs/include/go2_apportation_msgs/go2_apportation_msgs/srv/detail/release_object__rosidl_typesupport_fastrtps_cpp.hpp\n'}
[0.797853] (go2_apportation_msgs) StdoutLine: {'line': b'-- Up-to-date: /workspace/repo/install_container/go2_apportation_msgs/include/go2_apportation_msgs/go2_apportation_msgs/srv/detail/dds_fastrtps\n'}
[0.797990] (go2_apportation_msgs) StdoutLine: {'line': b'-- Up-to-date: /workspace/repo/install_container/go2_apportation_msgs/include/go2_apportation_msgs/go2_apportation_msgs/action\n'}
[0.798111] (go2_apportation_msgs) StdoutLine: {'line': b'-- Up-to-date: /workspace/repo/install_container/go2_apportation_msgs/include/go2_apportation_msgs/go2_apportation_msgs/action/detail\n'}
[0.798230] (go2_apportation_msgs) StdoutLine: {'line': b'-- Up-to-date: /workspace/repo/install_container/go2_apportation_msgs/include/go2_apportation_msgs/go2_apportation_msgs/action/detail/dds_fastrtps\n'}
[0.798344] (go2_apportation_msgs) StdoutLine: {'line': b'-- Up-to-date: /workspace/repo/install_container/go2_apportation_msgs/include/go2_apportation_msgs/go2_apportation_msgs/action/detail/pick_object__rosidl_typesupport_fastrtps_cpp.hpp\n'}
[0.798457] (go2_apportation_msgs) StdoutLine: {'line': b'-- Up-to-date: /workspace/repo/install_container/go2_apportation_msgs/lib/libgo2_apportation_msgs__rosidl_typesupport_fastrtps_cpp.so\n'}
[0.798573] (go2_apportation_msgs) StdoutLine: {'line': b'-- Up-to-date: /workspace/repo/install_container/go2_apportation_msgs/include/go2_apportation_msgs/go2_apportation_msgs\n'}
[0.798689] (go2_apportation_msgs) StdoutLine: {'line': b'-- Up-to-date: /workspace/repo/install_container/go2_apportation_msgs/include/go2_apportation_msgs/go2_apportation_msgs/msg\n'}
[0.798802] (go2_apportation_msgs) StdoutLine: {'line': b'-- Up-to-date: /workspace/repo/install_container/go2_apportation_msgs/include/go2_apportation_msgs/go2_apportation_msgs/msg/detail\n'}
[0.798925] (go2_apportation_msgs) StdoutLine: {'line': b'-- Up-to-date: /workspace/repo/install_container/go2_apportation_msgs/include/go2_apportation_msgs/go2_apportation_msgs/msg/detail/throw_status__type_support.cpp\n'}
[0.799041] (go2_apportation_msgs) StdoutLine: {'line': b'-- Up-to-date: /workspace/repo/install_container/go2_apportation_msgs/include/go2_apportation_msgs/go2_apportation_msgs/msg/detail/detection3_d__rosidl_typesupport_introspection_cpp.hpp\n'}
[0.799154] (go2_apportation_msgs) StdoutLine: {'line': b'-- Up-to-date: /workspace/repo/install_container/go2_apportation_msgs/include/go2_apportation_msgs/go2_apportation_msgs/msg/detail/object_state__type_support.cpp\n'}
[0.799290] (go2_apportation_msgs) StdoutLine: {'line': b'-- Up-to-date: /workspace/repo/install_container/go2_apportation_msgs/include/go2_apportation_msgs/go2_apportation_msgs/msg/detail/object_state__rosidl_typesupport_introspection_cpp.hpp\n'}
[0.799415] (go2_apportation_msgs) StdoutLine: {'line': b'-- Up-to-date: /workspace/repo/install_container/go2_apportation_msgs/include/go2_apportation_msgs/go2_apportation_msgs/msg/detail/detection3_d_array__type_support.cpp\n'}
[0.799533] (go2_apportation_msgs) StdoutLine: {'line': b'-- Up-to-date: /workspace/repo/install_container/go2_apportation_msgs/include/go2_apportation_msgs/go2_apportation_msgs/msg/detail/detection3_d__type_support.cpp\n'}
[0.799647] (go2_apportation_msgs) StdoutLine: {'line': b'-- Up-to-date: /workspace/repo/install_container/go2_apportation_msgs/include/go2_apportation_msgs/go2_apportation_msgs/msg/detail/throw_status__rosidl_typesupport_introspection_cpp.hpp\n'}
[0.799879] (go2_apportation_msgs) StdoutLine: {'line': b'-- Up-to-date: /workspace/repo/install_container/go2_apportation_msgs/include/go2_apportation_msgs/go2_apportation_msgs/msg/detail/detection3_d_array__rosidl_typesupport_introspection_cpp.hpp\n'}
[0.800050] (go2_apportation_msgs) StdoutLine: {'line': b'-- Up-to-date: /workspace/repo/install_container/go2_apportation_msgs/include/go2_apportation_msgs/go2_apportation_msgs/srv\n'}
[0.800180] (go2_apportation_msgs) StdoutLine: {'line': b'-- Up-to-date: /workspace/repo/install_container/go2_apportation_msgs/include/go2_apportation_msgs/go2_apportation_msgs/srv/detail\n'}
[0.800300] (go2_apportation_msgs) StdoutLine: {'line': b'-- Up-to-date: /workspace/repo/install_container/go2_apportation_msgs/include/go2_apportation_msgs/go2_apportation_msgs/srv/detail/release_object__type_support.cpp\n'}
[0.800420] (go2_apportation_msgs) StdoutLine: {'line': b'-- Up-to-date: /workspace/repo/install_container/go2_apportation_msgs/include/go2_apportation_msgs/go2_apportation_msgs/srv/detail/release_object__rosidl_typesupport_introspection_cpp.hpp\n'}
[0.800542] (go2_apportation_msgs) StdoutLine: {'line': b'-- Up-to-date: /workspace/repo/install_container/go2_apportation_msgs/include/go2_apportation_msgs/go2_apportation_msgs/action\n'}
[0.800661] (go2_apportation_msgs) StdoutLine: {'line': b'-- Up-to-date: /workspace/repo/install_container/go2_apportation_msgs/include/go2_apportation_msgs/go2_apportation_msgs/action/detail\n'}
[0.800780] (go2_apportation_msgs) StdoutLine: {'line': b'-- Up-to-date: /workspace/repo/install_container/go2_apportation_msgs/include/go2_apportation_msgs/go2_apportation_msgs/action/detail/pick_object__rosidl_typesupport_introspection_cpp.hpp\n'}
[0.800933] (go2_apportation_msgs) StdoutLine: {'line': b'-- Up-to-date: /workspace/repo/install_container/go2_apportation_msgs/include/go2_apportation_msgs/go2_apportation_msgs/action/detail/pick_object__type_support.cpp\n'}
[0.801065] (go2_apportation_msgs) StdoutLine: {'line': b'-- Up-to-date: /workspace/repo/install_container/go2_apportation_msgs/lib/libgo2_apportation_msgs__rosidl_typesupport_introspection_cpp.so\n'}
[0.801187] (go2_apportation_msgs) StdoutLine: {'line': b'-- Up-to-date: /workspace/repo/install_container/go2_apportation_msgs/lib/libgo2_apportation_msgs__rosidl_typesupport_cpp.so\n'}
[0.801305] (go2_apportation_msgs) StdoutLine: {'line': b'-- Up-to-date: /workspace/repo/install_container/go2_apportation_msgs/share/go2_apportation_msgs/environment/pythonpath.sh\n'}
[0.801419] (-) TimerEvent: {}
[0.801456] (go2_apportation_msgs) StdoutLine: {'line': b'-- Up-to-date: /workspace/repo/install_container/go2_apportation_msgs/share/go2_apportation_msgs/environment/pythonpath.dsv\n'}
[0.801575] (go2_apportation_msgs) StdoutLine: {'line': b'-- Up-to-date: /workspace/repo/install_container/go2_apportation_msgs/local/lib/python3.10/dist-packages/go2_apportation_msgs-0.0.0-py3.10.egg-info\n'}
[0.801690] (go2_apportation_msgs) StdoutLine: {'line': b'-- Installing: /workspace/repo/install_container/go2_apportation_msgs/local/lib/python3.10/dist-packages/go2_apportation_msgs-0.0.0-py3.10.egg-info/top_level.txt\n'}
[0.801853] (go2_apportation_msgs) StdoutLine: {'line': b'-- Installing: /workspace/repo/install_container/go2_apportation_msgs/local/lib/python3.10/dist-packages/go2_apportation_msgs-0.0.0-py3.10.egg-info/PKG-INFO\n'}
[0.801974] (go2_apportation_msgs) StdoutLine: {'line': b'-- Installing: /workspace/repo/install_container/go2_apportation_msgs/local/lib/python3.10/dist-packages/go2_apportation_msgs-0.0.0-py3.10.egg-info/dependency_links.txt\n'}
[0.802095] (go2_apportation_msgs) StdoutLine: {'line': b'-- Installing: /workspace/repo/install_container/go2_apportation_msgs/local/lib/python3.10/dist-packages/go2_apportation_msgs-0.0.0-py3.10.egg-info/SOURCES.txt\n'}
[0.802214] (go2_apportation_msgs) StdoutLine: {'line': b'-- Up-to-date: /workspace/repo/install_container/go2_apportation_msgs/local/lib/python3.10/dist-packages/go2_apportation_msgs\n'}
[0.802328] (go2_apportation_msgs) StdoutLine: {'line': b'-- Up-to-date: /workspace/repo/install_container/go2_apportation_msgs/local/lib/python3.10/dist-packages/go2_apportation_msgs/_go2_apportation_msgs_s.ep.rosidl_typesupport_c.c\n'}
[0.802480] (go2_apportation_msgs) StdoutLine: {'line': b'-- Up-to-date: /workspace/repo/install_container/go2_apportation_msgs/local/lib/python3.10/dist-packages/go2_apportation_msgs/go2_apportation_msgs_s__rosidl_typesupport_c.cpython-310-aarch64-linux-gnu.so\n'}
[0.802621] (go2_apportation_msgs) StdoutLine: {'line': b'-- Up-to-date: /workspace/repo/install_container/go2_apportation_msgs/local/lib/python3.10/dist-packages/go2_apportation_msgs/_go2_apportation_msgs_s.ep.rosidl_typesupport_fastrtps_c.c\n'}
[0.802753] (go2_apportation_msgs) StdoutLine: {'line': b'-- Up-to-date: /workspace/repo/install_container/go2_apportation_msgs/local/lib/python3.10/dist-packages/go2_apportation_msgs/__init__.py\n'}
[0.802866] (go2_apportation_msgs) StdoutLine: {'line': b'-- Up-to-date: /workspace/repo/install_container/go2_apportation_msgs/local/lib/python3.10/dist-packages/go2_apportation_msgs/msg\n'}
[0.802978] (go2_apportation_msgs) StdoutLine: {'line': b'-- Up-to-date: /workspace/repo/install_container/go2_apportation_msgs/local/lib/python3.10/dist-packages/go2_apportation_msgs/msg/_throw_status_s.c\n'}
[0.803095] (go2_apportation_msgs) StdoutLine: {'line': b'-- Up-to-date: /workspace/repo/install_container/go2_apportation_msgs/local/lib/python3.10/dist-packages/go2_apportation_msgs/msg/_detection3_d_array.py\n'}
[0.803209] (go2_apportation_msgs) StdoutLine: {'line': b'-- Up-to-date: /workspace/repo/install_container/go2_apportation_msgs/local/lib/python3.10/dist-packages/go2_apportation_msgs/msg/_detection3_d_array_s.c\n'}
[0.803322] (go2_apportation_msgs) StdoutLine: {'line': b'-- Up-to-date: /workspace/repo/install_container/go2_apportation_msgs/local/lib/python3.10/dist-packages/go2_apportation_msgs/msg/_throw_status.py\n'}
[0.803434] (go2_apportation_msgs) StdoutLine: {'line': b'-- Up-to-date: /workspace/repo/install_container/go2_apportation_msgs/local/lib/python3.10/dist-packages/go2_apportation_msgs/msg/__init__.py\n'}
[0.803546] (go2_apportation_msgs) StdoutLine: {'line': b'-- Up-to-date: /workspace/repo/install_container/go2_apportation_msgs/local/lib/python3.10/dist-packages/go2_apportation_msgs/msg/_detection3_d.py\n'}
[0.803658] (go2_apportation_msgs) StdoutLine: {'line': b'-- Up-to-date: /workspace/repo/install_container/go2_apportation_msgs/local/lib/python3.10/dist-packages/go2_apportation_msgs/msg/_object_state.py\n'}
[0.803768] (go2_apportation_msgs) StdoutLine: {'line': b'-- Up-to-date: /workspace/repo/install_container/go2_apportation_msgs/local/lib/python3.10/dist-packages/go2_apportation_msgs/msg/_detection3_d_s.c\n'}
[0.803882] (go2_apportation_msgs) StdoutLine: {'line': b'-- Up-to-date: /workspace/repo/install_container/go2_apportation_msgs/local/lib/python3.10/dist-packages/go2_apportation_msgs/msg/_object_state_s.c\n'}
[0.804003] (go2_apportation_msgs) StdoutLine: {'line': b'-- Up-to-date: /workspace/repo/install_container/go2_apportation_msgs/local/lib/python3.10/dist-packages/go2_apportation_msgs/go2_apportation_msgs_s__rosidl_typesupport_fastrtps_c.cpython-310-aarch64-linux-gnu.so\n'}
[0.804133] (go2_apportation_msgs) StdoutLine: {'line': b'-- Up-to-date: /workspace/repo/install_container/go2_apportation_msgs/local/lib/python3.10/dist-packages/go2_apportation_msgs/srv\n'}
[0.804283] (go2_apportation_msgs) StdoutLine: {'line': b'-- Up-to-date: /workspace/repo/install_container/go2_apportation_msgs/local/lib/python3.10/dist-packages/go2_apportation_msgs/srv/_release_object_s.c\n'}
[0.804402] (go2_apportation_msgs) StdoutLine: {'line': b'-- Up-to-date: /workspace/repo/install_container/go2_apportation_msgs/local/lib/python3.10/dist-packages/go2_apportation_msgs/srv/_release_object.py\n'}
[0.804519] (go2_apportation_msgs) StdoutLine: {'line': b'-- Up-to-date: /workspace/repo/install_container/go2_apportation_msgs/local/lib/python3.10/dist-packages/go2_apportation_msgs/srv/__init__.py\n'}
[0.804636] (go2_apportation_msgs) StdoutLine: {'line': b'-- Up-to-date: /workspace/repo/install_container/go2_apportation_msgs/local/lib/python3.10/dist-packages/go2_apportation_msgs/libgo2_apportation_msgs__rosidl_generator_py.so\n'}
[0.804776] (go2_apportation_msgs) StdoutLine: {'line': b'-- Up-to-date: /workspace/repo/install_container/go2_apportation_msgs/local/lib/python3.10/dist-packages/go2_apportation_msgs/_go2_apportation_msgs_s.ep.rosidl_typesupport_introspection_c.c\n'}
[0.804896] (go2_apportation_msgs) StdoutLine: {'line': b'-- Up-to-date: /workspace/repo/install_container/go2_apportation_msgs/local/lib/python3.10/dist-packages/go2_apportation_msgs/go2_apportation_msgs_s__rosidl_typesupport_introspection_c.cpython-310-aarch64-linux-gnu.so\n'}
[0.805020] (go2_apportation_msgs) StdoutLine: {'line': b'-- Up-to-date: /workspace/repo/install_container/go2_apportation_msgs/local/lib/python3.10/dist-packages/go2_apportation_msgs/action\n'}
[0.805138] (go2_apportation_msgs) StdoutLine: {'line': b'-- Up-to-date: /workspace/repo/install_container/go2_apportation_msgs/local/lib/python3.10/dist-packages/go2_apportation_msgs/action/_pick_object.py\n'}
[0.805255] (go2_apportation_msgs) StdoutLine: {'line': b'-- Up-to-date: /workspace/repo/install_container/go2_apportation_msgs/local/lib/python3.10/dist-packages/go2_apportation_msgs/action/__init__.py\n'}
[0.805372] (go2_apportation_msgs) StdoutLine: {'line': b'-- Up-to-date: /workspace/repo/install_container/go2_apportation_msgs/local/lib/python3.10/dist-packages/go2_apportation_msgs/action/_pick_object_s.c\n'}
[0.857419] (go2_apportation_msgs) StdoutLine: {'line': b"Listing '/workspace/repo/install_container/go2_apportation_msgs/local/lib/python3.10/dist-packages/go2_apportation_msgs'...\n"}
[0.857876] (go2_apportation_msgs) StdoutLine: {'line': b"Listing '/workspace/repo/install_container/go2_apportation_msgs/local/lib/python3.10/dist-packages/go2_apportation_msgs/action'...\n"}
[0.858050] (go2_apportation_msgs) StdoutLine: {'line': b"Listing '/workspace/repo/install_container/go2_apportation_msgs/local/lib/python3.10/dist-packages/go2_apportation_msgs/msg'...\n"}
[0.858188] (go2_apportation_msgs) StdoutLine: {'line': b"Listing '/workspace/repo/install_container/go2_apportation_msgs/local/lib/python3.10/dist-packages/go2_apportation_msgs/srv'...\n"}
[0.869635] (go2_apportation_msgs) StdoutLine: {'line': b'-- Up-to-date: /workspace/repo/install_container/go2_apportation_msgs/local/lib/python3.10/dist-packages/go2_apportation_msgs/go2_apportation_msgs_s__rosidl_typesupport_fastrtps_c.cpython-310-aarch64-linux-gnu.so\n'}
[0.870198] (go2_apportation_msgs) StdoutLine: {'line': b'-- Up-to-date: /workspace/repo/install_container/go2_apportation_msgs/local/lib/python3.10/dist-packages/go2_apportation_msgs/go2_apportation_msgs_s__rosidl_typesupport_introspection_c.cpython-310-aarch64-linux-gnu.so\n'}
[0.870546] (go2_apportation_msgs) StdoutLine: {'line': b'-- Up-to-date: /workspace/repo/install_container/go2_apportation_msgs/local/lib/python3.10/dist-packages/go2_apportation_msgs/go2_apportation_msgs_s__rosidl_typesupport_c.cpython-310-aarch64-linux-gnu.so\n'}
[0.871232] (go2_apportation_msgs) StdoutLine: {'line': b'-- Up-to-date: /workspace/repo/install_container/go2_apportation_msgs/lib/libgo2_apportation_msgs__rosidl_generator_py.so\n'}
[0.871903] (go2_apportation_msgs) StdoutLine: {'line': b'-- Up-to-date: /workspace/repo/install_container/go2_apportation_msgs/share/go2_apportation_msgs/msg/Detection3D.idl\n'}
[0.872492] (go2_apportation_msgs) StdoutLine: {'line': b'-- Up-to-date: /workspace/repo/install_container/go2_apportation_msgs/share/go2_apportation_msgs/msg/Detection3DArray.idl\n'}
[0.873022] (go2_apportation_msgs) StdoutLine: {'line': b'-- Up-to-date: /workspace/repo/install_container/go2_apportation_msgs/share/go2_apportation_msgs/msg/ObjectState.idl\n'}
[0.873500] (go2_apportation_msgs) StdoutLine: {'line': b'-- Up-to-date: /workspace/repo/install_container/go2_apportation_msgs/share/go2_apportation_msgs/msg/ThrowStatus.idl\n'}
[0.874021] (go2_apportation_msgs) StdoutLine: {'line': b'-- Up-to-date: /workspace/repo/install_container/go2_apportation_msgs/share/go2_apportation_msgs/action/PickObject.idl\n'}
[0.874249] (go2_apportation_msgs) StdoutLine: {'line': b'-- Up-to-date: /workspace/repo/install_container/go2_apportation_msgs/share/go2_apportation_msgs/srv/ReleaseObject.idl\n'}
[0.874398] (go2_apportation_msgs) StdoutLine: {'line': b'-- Up-to-date: /workspace/repo/install_container/go2_apportation_msgs/share/go2_apportation_msgs/msg/Detection3D.msg\n'}
[0.874540] (go2_apportation_msgs) StdoutLine: {'line': b'-- Up-to-date: /workspace/repo/install_container/go2_apportation_msgs/share/go2_apportation_msgs/msg/Detection3DArray.msg\n'}
[0.874669] (go2_apportation_msgs) StdoutLine: {'line': b'-- Up-to-date: /workspace/repo/install_container/go2_apportation_msgs/share/go2_apportation_msgs/msg/ObjectState.msg\n'}
[0.874788] (go2_apportation_msgs) StdoutLine: {'line': b'-- Up-to-date: /workspace/repo/install_container/go2_apportation_msgs/share/go2_apportation_msgs/msg/ThrowStatus.msg\n'}
[0.874954] (go2_apportation_msgs) StdoutLine: {'line': b'-- Up-to-date: /workspace/repo/install_container/go2_apportation_msgs/share/go2_apportation_msgs/action/PickObject.action\n'}
[0.875086] (go2_apportation_msgs) StdoutLine: {'line': b'-- Up-to-date: /workspace/repo/install_container/go2_apportation_msgs/share/go2_apportation_msgs/srv/ReleaseObject.srv\n'}
[0.875214] (go2_apportation_msgs) StdoutLine: {'line': b'-- Up-to-date: /workspace/repo/install_container/go2_apportation_msgs/share/go2_apportation_msgs/srv/ReleaseObject_Request.msg\n'}
[0.875334] (go2_apportation_msgs) StdoutLine: {'line': b'-- Up-to-date: /workspace/repo/install_container/go2_apportation_msgs/share/go2_apportation_msgs/srv/ReleaseObject_Response.msg\n'}
[0.875454] (go2_apportation_msgs) StdoutLine: {'line': b'-- Up-to-date: /workspace/repo/install_container/go2_apportation_msgs/share/ament_index/resource_index/package_run_dependencies/go2_apportation_msgs\n'}
[0.875572] (go2_apportation_msgs) StdoutLine: {'line': b'-- Up-to-date: /workspace/repo/install_container/go2_apportation_msgs/share/ament_index/resource_index/parent_prefix_path/go2_apportation_msgs\n'}
[0.875686] (go2_apportation_msgs) StdoutLine: {'line': b'-- Up-to-date: /workspace/repo/install_container/go2_apportation_msgs/share/go2_apportation_msgs/environment/ament_prefix_path.sh\n'}
[0.875802] (go2_apportation_msgs) StdoutLine: {'line': b'-- Up-to-date: /workspace/repo/install_container/go2_apportation_msgs/share/go2_apportation_msgs/environment/ament_prefix_path.dsv\n'}
[0.875915] (go2_apportation_msgs) StdoutLine: {'line': b'-- Up-to-date: /workspace/repo/install_container/go2_apportation_msgs/share/go2_apportation_msgs/environment/path.sh\n'}
[0.876031] (go2_apportation_msgs) StdoutLine: {'line': b'-- Up-to-date: /workspace/repo/install_container/go2_apportation_msgs/share/go2_apportation_msgs/environment/path.dsv\n'}
[0.876149] (go2_apportation_msgs) StdoutLine: {'line': b'-- Up-to-date: /workspace/repo/install_container/go2_apportation_msgs/share/go2_apportation_msgs/local_setup.bash\n'}
[0.876775] (go2_apportation_msgs) StdoutLine: {'line': b'-- Up-to-date: /workspace/repo/install_container/go2_apportation_msgs/share/go2_apportation_msgs/local_setup.sh\n'}
[0.876978] (go2_apportation_msgs) StdoutLine: {'line': b'-- Up-to-date: /workspace/repo/install_container/go2_apportation_msgs/share/go2_apportation_msgs/local_setup.zsh\n'}
[0.877115] (go2_apportation_msgs) StdoutLine: {'line': b'-- Up-to-date: /workspace/repo/install_container/go2_apportation_msgs/share/go2_apportation_msgs/local_setup.dsv\n'}
[0.877240] (go2_apportation_msgs) StdoutLine: {'line': b'-- Installing: /workspace/repo/install_container/go2_apportation_msgs/share/go2_apportation_msgs/package.dsv\n'}
[0.877368] (go2_apportation_msgs) StdoutLine: {'line': b'-- Up-to-date: /workspace/repo/install_container/go2_apportation_msgs/share/ament_index/resource_index/packages/go2_apportation_msgs\n'}
[0.877493] (go2_apportation_msgs) StdoutLine: {'line': b'-- Up-to-date: /workspace/repo/install_container/go2_apportation_msgs/share/go2_apportation_msgs/cmake/export_go2_apportation_msgs__rosidl_generator_cExport.cmake\n'}
[0.877650] (go2_apportation_msgs) StdoutLine: {'line': b'-- Up-to-date: /workspace/repo/install_container/go2_apportation_msgs/share/go2_apportation_msgs/cmake/export_go2_apportation_msgs__rosidl_generator_cExport-noconfig.cmake\n'}
[0.877853] (go2_apportation_msgs) StdoutLine: {'line': b'-- Up-to-date: /workspace/repo/install_container/go2_apportation_msgs/share/go2_apportation_msgs/cmake/export_go2_apportation_msgs__rosidl_typesupport_fastrtps_cExport.cmake\n'}
[0.877986] (go2_apportation_msgs) StdoutLine: {'line': b'-- Up-to-date: /workspace/repo/install_container/go2_apportation_msgs/share/go2_apportation_msgs/cmake/export_go2_apportation_msgs__rosidl_typesupport_fastrtps_cExport-noconfig.cmake\n'}
[0.878116] (go2_apportation_msgs) StdoutLine: {'line': b'-- Up-to-date: /workspace/repo/install_container/go2_apportation_msgs/share/go2_apportation_msgs/cmake/go2_apportation_msgs__rosidl_typesupport_introspection_cExport.cmake\n'}
[0.878241] (go2_apportation_msgs) StdoutLine: {'line': b'-- Up-to-date: /workspace/repo/install_container/go2_apportation_msgs/share/go2_apportation_msgs/cmake/go2_apportation_msgs__rosidl_typesupport_introspection_cExport-noconfig.cmake\n'}
[0.878363] (go2_apportation_msgs) StdoutLine: {'line': b'-- Up-to-date: /workspace/repo/install_container/go2_apportation_msgs/share/go2_apportation_msgs/cmake/go2_apportation_msgs__rosidl_typesupport_cExport.cmake\n'}
[0.878486] (go2_apportation_msgs) StdoutLine: {'line': b'-- Up-to-date: /workspace/repo/install_container/go2_apportation_msgs/share/go2_apportation_msgs/cmake/go2_apportation_msgs__rosidl_typesupport_cExport-noconfig.cmake\n'}
[0.878602] (go2_apportation_msgs) StdoutLine: {'line': b'-- Up-to-date: /workspace/repo/install_container/go2_apportation_msgs/share/go2_apportation_msgs/cmake/export_go2_apportation_msgs__rosidl_generator_cppExport.cmake\n'}
[0.878717] (go2_apportation_msgs) StdoutLine: {'line': b'-- Up-to-date: /workspace/repo/install_container/go2_apportation_msgs/share/go2_apportation_msgs/cmake/export_go2_apportation_msgs__rosidl_typesupport_fastrtps_cppExport.cmake\n'}
[0.878832] (go2_apportation_msgs) StdoutLine: {'line': b'-- Up-to-date: /workspace/repo/install_container/go2_apportation_msgs/share/go2_apportation_msgs/cmake/export_go2_apportation_msgs__rosidl_typesupport_fastrtps_cppExport-noconfig.cmake\n'}
[0.879256] (go2_apportation_msgs) StdoutLine: {'line': b'-- Up-to-date: /workspace/repo/install_container/go2_apportation_msgs/share/go2_apportation_msgs/cmake/go2_apportation_msgs__rosidl_typesupport_introspection_cppExport.cmake\n'}
[0.879423] (go2_apportation_msgs) StdoutLine: {'line': b'-- Up-to-date: /workspace/repo/install_container/go2_apportation_msgs/share/go2_apportation_msgs/cmake/go2_apportation_msgs__rosidl_typesupport_introspection_cppExport-noconfig.cmake\n'}
[0.879598] (go2_apportation_msgs) StdoutLine: {'line': b'-- Up-to-date: /workspace/repo/install_container/go2_apportation_msgs/share/go2_apportation_msgs/cmake/go2_apportation_msgs__rosidl_typesupport_cppExport.cmake\n'}
[0.879720] (go2_apportation_msgs) StdoutLine: {'line': b'-- Up-to-date: /workspace/repo/install_container/go2_apportation_msgs/share/go2_apportation_msgs/cmake/go2_apportation_msgs__rosidl_typesupport_cppExport-noconfig.cmake\n'}
[0.879837] (go2_apportation_msgs) StdoutLine: {'line': b'-- Up-to-date: /workspace/repo/install_container/go2_apportation_msgs/share/go2_apportation_msgs/cmake/export_go2_apportation_msgs__rosidl_generator_pyExport.cmake\n'}
[0.879953] (go2_apportation_msgs) StdoutLine: {'line': b'-- Up-to-date: /workspace/repo/install_container/go2_apportation_msgs/share/go2_apportation_msgs/cmake/export_go2_apportation_msgs__rosidl_generator_pyExport-noconfig.cmake\n'}
[0.880069] (go2_apportation_msgs) StdoutLine: {'line': b'-- Up-to-date: /workspace/repo/install_container/go2_apportation_msgs/share/go2_apportation_msgs/cmake/rosidl_cmake-extras.cmake\n'}
[0.880184] (go2_apportation_msgs) StdoutLine: {'line': b'-- Up-to-date: /workspace/repo/install_container/go2_apportation_msgs/share/go2_apportation_msgs/cmake/ament_cmake_export_dependencies-extras.cmake\n'}
[0.880332] (go2_apportation_msgs) StdoutLine: {'line': b'-- Up-to-date: /workspace/repo/install_container/go2_apportation_msgs/share/go2_apportation_msgs/cmake/ament_cmake_export_include_directories-extras.cmake\n'}
[0.880467] (go2_apportation_msgs) StdoutLine: {'line': b'-- Up-to-date: /workspace/repo/install_container/go2_apportation_msgs/share/go2_apportation_msgs/cmake/ament_cmake_export_libraries-extras.cmake\n'}
[0.880586] (go2_apportation_msgs) StdoutLine: {'line': b'-- Up-to-date: /workspace/repo/install_container/go2_apportation_msgs/share/go2_apportation_msgs/cmake/ament_cmake_export_targets-extras.cmake\n'}
[0.880700] (go2_apportation_msgs) StdoutLine: {'line': b'-- Up-to-date: /workspace/repo/install_container/go2_apportation_msgs/share/go2_apportation_msgs/cmake/rosidl_cmake_export_typesupport_targets-extras.cmake\n'}
[0.880886] (go2_apportation_msgs) StdoutLine: {'line': b'-- Up-to-date: /workspace/repo/install_container/go2_apportation_msgs/share/go2_apportation_msgs/cmake/rosidl_cmake_export_typesupport_libraries-extras.cmake\n'}
[0.881007] (go2_apportation_msgs) StdoutLine: {'line': b'-- Up-to-date: /workspace/repo/install_container/go2_apportation_msgs/share/go2_apportation_msgs/cmake/go2_apportation_msgsConfig.cmake\n'}
[0.881121] (go2_apportation_msgs) StdoutLine: {'line': b'-- Up-to-date: /workspace/repo/install_container/go2_apportation_msgs/share/go2_apportation_msgs/cmake/go2_apportation_msgsConfig-version.cmake\n'}
[0.881233] (go2_apportation_msgs) StdoutLine: {'line': b'-- Up-to-date: /workspace/repo/install_container/go2_apportation_msgs/share/go2_apportation_msgs/package.xml\n'}
[0.890350] (go2_apportation_msgs) CommandEnded: {'returncode': 0}
[0.905023] (-) TimerEvent: {}
[0.946911] (go2_apportation_msgs) JobEnded: {'identifier': 'go2_apportation_msgs', 'rc': 0}
[0.948572] (go2_apportation_mocks) JobStarted: {'identifier': 'go2_apportation_mocks'}
[0.956826] (go2_apportation_orchestrator) JobStarted: {'identifier': 'go2_apportation_orchestrator'}
[1.005200] (-) TimerEvent: {}
[1.105575] (-) TimerEvent: {}
[1.205972] (-) TimerEvent: {}
[1.306332] (-) TimerEvent: {}
[1.407649] (-) TimerEvent: {}
[1.508496] (-) TimerEvent: {}
[1.608971] (-) TimerEvent: {}
[1.709421] (-) TimerEvent: {}
[1.809915] (-) TimerEvent: {}
[1.847431] (go2_tf_tools) Command: {'cmd': ['/usr/bin/python3', '-W', 'ignore:setup.py install is deprecated', '-W', 'ignore:easy_install command is deprecated', 'setup.py', 'egg_info', '--egg-base', '../../build_container/go2_tf_tools', 'build', '--build-base', '/workspace/repo/build_container/go2_tf_tools/build', 'install', '--record', '/workspace/repo/build_container/go2_tf_tools/install.log', '--single-version-externally-managed', 'install_data'], 'cwd': '/workspace/repo/src/go2_tf_tools', 'env': {'HOSTNAME': 'ubuntu', 'SHLVL': '0', 'LD_LIBRARY_PATH': '/opt/ros/humble/lib/aarch64-linux-gnu:/opt/ros/humble/lib', 'HOME': '/tmp', 'ROS_PYTHON_VERSION': '3', 'ROS_DISTRO': 'humble', '_': '/usr/bin/colcon', 'ROS_VERSION': '2', 'ROS_LOCALHOST_ONLY': '0', 'PATH': '/opt/ros/humble/bin:/usr/local/sbin:/usr/local/bin:/usr/sbin:/usr/bin:/sbin:/bin', 'LANG': 'C.UTF-8', 'AMENT_PREFIX_PATH': '/opt/ros/humble', 'PWD': '/workspace/repo/build_container/go2_tf_tools', 'LC_ALL': 'C.UTF-8', 'PYTHONPATH': '/workspace/repo/build_container/go2_tf_tools/prefix_override:/usr/lib/python3/dist-packages/colcon_core/task/python/colcon_distutils_commands:/workspace/repo/install_container/go2_tf_tools/lib/python3.10/site-packages:/opt/ros/humble/lib/python3.10/site-packages:/opt/ros/humble/local/lib/python3.10/dist-packages', 'COLCON': '1'}, 'shell': False}
[1.910066] (-) TimerEvent: {}
[2.010435] (-) TimerEvent: {}
[2.110794] (-) TimerEvent: {}
[2.211145] (-) TimerEvent: {}
[2.254692] (go2_tf_tools) StdoutLine: {'line': b'running egg_info\n'}
[2.256257] (go2_tf_tools) StdoutLine: {'line': b'writing ../../build_container/go2_tf_tools/go2_tf_tools.egg-info/PKG-INFO\n'}
[2.256973] (go2_tf_tools) StdoutLine: {'line': b'writing dependency_links to ../../build_container/go2_tf_tools/go2_tf_tools.egg-info/dependency_links.txt\n'}
[2.257516] (go2_tf_tools) StdoutLine: {'line': b'writing entry points to ../../build_container/go2_tf_tools/go2_tf_tools.egg-info/entry_points.txt\n'}
[2.257838] (go2_tf_tools) StdoutLine: {'line': b'writing requirements to ../../build_container/go2_tf_tools/go2_tf_tools.egg-info/requires.txt\n'}
[2.258151] (go2_tf_tools) StdoutLine: {'line': b'writing top-level names to ../../build_container/go2_tf_tools/go2_tf_tools.egg-info/top_level.txt\n'}
[2.261315] (go2_tf_tools) StdoutLine: {'line': b"reading manifest file '../../build_container/go2_tf_tools/go2_tf_tools.egg-info/SOURCES.txt'\n"}
[2.262890] (go2_tf_tools) StdoutLine: {'line': b"writing manifest file '../../build_container/go2_tf_tools/go2_tf_tools.egg-info/SOURCES.txt'\n"}
[2.263266] (go2_tf_tools) StdoutLine: {'line': b'running build\n'}
[2.263421] (go2_tf_tools) StdoutLine: {'line': b'running build_py\n'}
[2.263855] (go2_tf_tools) StdoutLine: {'line': b'running install\n'}
[2.264534] (go2_tf_tools) StdoutLine: {'line': b'running install_lib\n'}
[2.267605] (go2_tf_tools) StdoutLine: {'line': b'running install_data\n'}
[2.268148] (go2_tf_tools) StdoutLine: {'line': b'running install_egg_info\n'}
[2.271745] (go2_tf_tools) StdoutLine: {'line': b"removing '/workspace/repo/install_container/go2_tf_tools/lib/python3.10/site-packages/go2_tf_tools-0.0.0-py3.10.egg-info' (and everything under it)\n"}
[2.272604] (go2_tf_tools) StdoutLine: {'line': b'Copying ../../build_container/go2_tf_tools/go2_tf_tools.egg-info to /workspace/repo/install_container/go2_tf_tools/lib/python3.10/site-packages/go2_tf_tools-0.0.0-py3.10.egg-info\n'}
[2.274759] (go2_tf_tools) StdoutLine: {'line': b'running install_scripts\n'}
[2.311312] (-) TimerEvent: {}
[2.319674] (go2_tf_tools) StdoutLine: {'line': b'Installing odom_to_tf_broadcaster script to /workspace/repo/install_container/go2_tf_tools/lib/go2_tf_tools\n'}
[2.320642] (go2_tf_tools) StdoutLine: {'line': b"writing list of installed files to '/workspace/repo/build_container/go2_tf_tools/install.log'\n"}
[2.402700] (go2_tf_tools) CommandEnded: {'returncode': 0}
[2.413197] (-) TimerEvent: {}
[2.421623] (go2_tf_tools) JobEnded: {'identifier': 'go2_tf_tools', 'rc': 0}
[2.458826] (go2_apportation_mocks) Command: {'cmd': ['/usr/bin/python3', '-W', 'ignore:setup.py install is deprecated', '-W', 'ignore:easy_install command is deprecated', 'setup.py', 'egg_info', '--egg-base', '../../build_container/go2_apportation_mocks', 'build', '--build-base', '/workspace/repo/build_container/go2_apportation_mocks/build', 'install', '--record', '/workspace/repo/build_container/go2_apportation_mocks/install.log', '--single-version-externally-managed', 'install_data'], 'cwd': '/workspace/repo/src/go2_apportation_mocks', 'env': {'HOSTNAME': 'ubuntu', 'ROS_PACKAGE_PATH': '/workspace/repo/install_container/go2_apportation_msgs/share', 'SHLVL': '0', 'LD_LIBRARY_PATH': '/workspace/repo/install_container/go2_apportation_msgs/lib:/opt/ros/humble/lib/aarch64-linux-gnu:/opt/ros/humble/lib', 'HOME': '/tmp', 'ROS_PYTHON_VERSION': '3', 'ROS_DISTRO': 'humble', '_': '/usr/bin/colcon', 'ROS_VERSION': '2', 'PKG_CONFIG_PATH': '/workspace/repo/install_container/go2_apportation_msgs/lib/aarch64-linux-gnu/pkgconfig:/workspace/repo/install_container/go2_apportation_msgs/lib/pkgconfig', 'ROS_LOCALHOST_ONLY': '0', 'PATH': '/opt/ros/humble/bin:/usr/local/sbin:/usr/local/bin:/usr/sbin:/usr/bin:/sbin:/bin', 'LANG': 'C.UTF-8', 'AMENT_PREFIX_PATH': '/opt/ros/humble', 'PWD': '/workspace/repo/build_container/go2_apportation_mocks', 'LC_ALL': 'C.UTF-8', 'PYTHONPATH': '/workspace/repo/build_container/go2_apportation_mocks/prefix_override:/usr/lib/python3/dist-packages/colcon_core/task/python/colcon_distutils_commands:/workspace/repo/install_container/go2_apportation_mocks/lib/python3.10/site-packages:/workspace/repo/install_container/go2_apportation_msgs/local/lib/python3.10/dist-packages:/opt/ros/humble/lib/python3.10/site-packages:/opt/ros/humble/local/lib/python3.10/dist-packages', 'COLCON': '1', 'CMAKE_PREFIX_PATH': '/workspace/repo/install_container/go2_apportation_msgs'}, 'shell': False}
[2.489887] (go2_apportation_orchestrator) Command: {'cmd': ['/usr/bin/python3', '-W', 'ignore:setup.py install is deprecated', '-W', 'ignore:easy_install command is deprecated', 'setup.py', 'egg_info', '--egg-base', '../../build_container/go2_apportation_orchestrator', 'build', '--build-base', '/workspace/repo/build_container/go2_apportation_orchestrator/build', 'install', '--record', '/workspace/repo/build_container/go2_apportation_orchestrator/install.log', '--single-version-externally-managed', 'install_data'], 'cwd': '/workspace/repo/src/go2_apportation_orchestrator', 'env': {'HOSTNAME': 'ubuntu', 'ROS_PACKAGE_PATH': '/workspace/repo/install_container/go2_apportation_msgs/share', 'SHLVL': '0', 'LD_LIBRARY_PATH': '/workspace/repo/install_container/go2_apportation_msgs/lib:/opt/ros/humble/lib/aarch64-linux-gnu:/opt/ros/humble/lib', 'HOME': '/tmp', 'ROS_PYTHON_VERSION': '3', 'ROS_DISTRO': 'humble', '_': '/usr/bin/colcon', 'ROS_VERSION': '2', 'PKG_CONFIG_PATH': '/workspace/repo/install_container/go2_apportation_msgs/lib/aarch64-linux-gnu/pkgconfig:/workspace/repo/install_container/go2_apportation_msgs/lib/pkgconfig', 'ROS_LOCALHOST_ONLY': '0', 'PATH': '/opt/ros/humble/bin:/usr/local/sbin:/usr/local/bin:/usr/sbin:/usr/bin:/sbin:/bin', 'LANG': 'C.UTF-8', 'AMENT_PREFIX_PATH': '/opt/ros/humble', 'PWD': '/workspace/repo/build_container/go2_apportation_orchestrator', 'LC_ALL': 'C.UTF-8', 'PYTHONPATH': '/workspace/repo/build_container/go2_apportation_orchestrator/prefix_override:/usr/lib/python3/dist-packages/colcon_core/task/python/colcon_distutils_commands:/workspace/repo/install_container/go2_apportation_orchestrator/lib/python3.10/site-packages:/workspace/repo/install_container/go2_apportation_msgs/local/lib/python3.10/dist-packages:/opt/ros/humble/lib/python3.10/site-packages:/opt/ros/humble/local/lib/python3.10/dist-packages', 'COLCON': '1', 'CMAKE_PREFIX_PATH': '/workspace/repo/install_container/go2_apportation_msgs'}, 'shell': False}
[2.513347] (-) TimerEvent: {}
[2.613715] (-) TimerEvent: {}
[2.714080] (-) TimerEvent: {}
[2.814444] (-) TimerEvent: {}
[2.851908] (go2_apportation_mocks) StdoutLine: {'line': b'running egg_info\n'}
[2.853384] (go2_apportation_mocks) StdoutLine: {'line': b'writing ../../build_container/go2_apportation_mocks/go2_apportation_mocks.egg-info/PKG-INFO\n'}
[2.854052] (go2_apportation_mocks) StdoutLine: {'line': b'writing dependency_links to ../../build_container/go2_apportation_mocks/go2_apportation_mocks.egg-info/dependency_links.txt\n'}
[2.854800] (go2_apportation_mocks) StdoutLine: {'line': b'writing entry points to ../../build_container/go2_apportation_mocks/go2_apportation_mocks.egg-info/entry_points.txt\n'}
[2.855372] (go2_apportation_mocks) StdoutLine: {'line': b'writing requirements to ../../build_container/go2_apportation_mocks/go2_apportation_mocks.egg-info/requires.txt\n'}
[2.855540] (go2_apportation_mocks) StdoutLine: {'line': b'writing top-level names to ../../build_container/go2_apportation_mocks/go2_apportation_mocks.egg-info/top_level.txt\n'}
[2.858356] (go2_apportation_mocks) StdoutLine: {'line': b"reading manifest file '../../build_container/go2_apportation_mocks/go2_apportation_mocks.egg-info/SOURCES.txt'\n"}
[2.859886] (go2_apportation_mocks) StdoutLine: {'line': b"writing manifest file '../../build_container/go2_apportation_mocks/go2_apportation_mocks.egg-info/SOURCES.txt'\n"}
[2.860202] (go2_apportation_mocks) StdoutLine: {'line': b'running build\n'}
[2.860351] (go2_apportation_mocks) StdoutLine: {'line': b'running build_py\n'}
[2.861022] (go2_apportation_mocks) StdoutLine: {'line': b'running install\n'}
[2.861799] (go2_apportation_mocks) StdoutLine: {'line': b'running install_lib\n'}
[2.864710] (go2_apportation_mocks) StdoutLine: {'line': b'running install_data\n'}
[2.865055] (go2_apportation_mocks) StdoutLine: {'line': b'running install_egg_info\n'}
[2.868707] (go2_apportation_mocks) StdoutLine: {'line': b"removing '/workspace/repo/install_container/go2_apportation_mocks/lib/python3.10/site-packages/go2_apportation_mocks-0.0.0-py3.10.egg-info' (and everything under it)\n"}
[2.869448] (go2_apportation_mocks) StdoutLine: {'line': b'Copying ../../build_container/go2_apportation_mocks/go2_apportation_mocks.egg-info to /workspace/repo/install_container/go2_apportation_mocks/lib/python3.10/site-packages/go2_apportation_mocks-0.0.0-py3.10.egg-info\n'}
[2.871627] (go2_apportation_mocks) StdoutLine: {'line': b'running install_scripts\n'}
[2.892901] (go2_apportation_orchestrator) StdoutLine: {'line': b'running egg_info\n'}
[2.894315] (go2_apportation_orchestrator) StdoutLine: {'line': b'writing ../../build_container/go2_apportation_orchestrator/go2_apportation_orchestrator.egg-info/PKG-INFO\n'}
[2.894879] (go2_apportation_orchestrator) StdoutLine: {'line': b'writing dependency_links to ../../build_container/go2_apportation_orchestrator/go2_apportation_orchestrator.egg-info/dependency_links.txt\n'}
[2.895283] (go2_apportation_orchestrator) StdoutLine: {'line': b'writing entry points to ../../build_container/go2_apportation_orchestrator/go2_apportation_orchestrator.egg-info/entry_points.txt\n'}
[2.895570] (go2_apportation_orchestrator) StdoutLine: {'line': b'writing requirements to ../../build_container/go2_apportation_orchestrator/go2_apportation_orchestrator.egg-info/requires.txt\n'}
[2.895815] (go2_apportation_orchestrator) StdoutLine: {'line': b'writing top-level names to ../../build_container/go2_apportation_orchestrator/go2_apportation_orchestrator.egg-info/top_level.txt\n'}
[2.899710] (go2_apportation_orchestrator) StdoutLine: {'line': b"reading manifest file '../../build_container/go2_apportation_orchestrator/go2_apportation_orchestrator.egg-info/SOURCES.txt'\n"}
[2.902336] (go2_apportation_orchestrator) StdoutLine: {'line': b"writing manifest file '../../build_container/go2_apportation_orchestrator/go2_apportation_orchestrator.egg-info/SOURCES.txt'\n"}
[2.902808] (go2_apportation_orchestrator) StdoutLine: {'line': b'running build\n'}
[2.902962] (go2_apportation_orchestrator) StdoutLine: {'line': b'running build_py\n'}
[2.905589] (go2_apportation_orchestrator) StdoutLine: {'line': b'running install\n'}
[2.906354] (go2_apportation_orchestrator) StdoutLine: {'line': b'running install_lib\n'}
[2.911406] (go2_apportation_orchestrator) StdoutLine: {'line': b'running install_data\n'}
[2.911820] (go2_apportation_orchestrator) StdoutLine: {'line': b'running install_egg_info\n'}
[2.914548] (-) TimerEvent: {}
[2.916020] (go2_apportation_orchestrator) StdoutLine: {'line': b"removing '/workspace/repo/install_container/go2_apportation_orchestrator/lib/python3.10/site-packages/go2_apportation_orchestrator-0.0.0-py3.10.egg-info' (and everything under it)\n"}
[2.916434] (go2_apportation_mocks) StdoutLine: {'line': b'Installing mock_manipulation_server script to /workspace/repo/install_container/go2_apportation_mocks/lib/go2_apportation_mocks\n'}
[2.916903] (go2_apportation_orchestrator) StdoutLine: {'line': b'Copying ../../build_container/go2_apportation_orchestrator/go2_apportation_orchestrator.egg-info to /workspace/repo/install_container/go2_apportation_orchestrator/lib/python3.10/site-packages/go2_apportation_orchestrator-0.0.0-py3.10.egg-info\n'}
[2.917080] (go2_apportation_mocks) StdoutLine: {'line': b'Installing mock_nav2_server script to /workspace/repo/install_container/go2_apportation_mocks/lib/go2_apportation_mocks\n'}
[2.917831] (go2_apportation_mocks) StdoutLine: {'line': b"writing list of installed files to '/workspace/repo/build_container/go2_apportation_mocks/install.log'\n"}
[2.918971] (go2_apportation_orchestrator) StdoutLine: {'line': b'running install_scripts\n'}
[2.963192] (go2_apportation_orchestrator) StdoutLine: {'line': b'Installing orchestrator_runtime script to /workspace/repo/install_container/go2_apportation_orchestrator/lib/go2_apportation_orchestrator\n'}
[2.963812] (go2_apportation_orchestrator) StdoutLine: {'line': b'Installing orchestrator_stub script to /workspace/repo/install_container/go2_apportation_orchestrator/lib/go2_apportation_orchestrator\n'}
[2.964890] (go2_apportation_orchestrator) StdoutLine: {'line': b"writing list of installed files to '/workspace/repo/build_container/go2_apportation_orchestrator/install.log'\n"}
[2.984254] (go2_apportation_mocks) CommandEnded: {'returncode': 0}
[3.006827] (go2_apportation_mocks) JobEnded: {'identifier': 'go2_apportation_mocks', 'rc': 0}
[3.014733] (-) TimerEvent: {}
[3.037427] (go2_apportation_orchestrator) CommandEnded: {'returncode': 0}
[3.057156] (go2_apportation_orchestrator) JobEnded: {'identifier': 'go2_apportation_orchestrator', 'rc': 0}
[3.058836] (-) EventReactorShutdown: {}
