[0.104s] Invoking command in '/workspace/repo/build_container/lidar_processor_cpp': CMAKE_PREFIX_PATH=/opt/ros/humble /usr/bin/cmake /workspace/repo/community_sdk/go2_ros2_sdk-master/lidar_processor_cpp -DCMAKE_INSTALL_PREFIX=/workspace/repo/install_container/lidar_processor_cpp
[0.919s] -- Found ament_cmake: 1.3.12 (/opt/ros/humble/share/ament_cmake/cmake)
[0.919s] -- Found rclcpp: 16.0.17 (/opt/ros/humble/share/rclcpp/cmake)
[0.919s] -- Found rosidl_generator_c: 3.1.8 (/opt/ros/humble/share/rosidl_generator_c/cmake)
[0.920s] -- Found rosidl_adapter: 3.1.8 (/opt/ros/humble/share/rosidl_adapter/cmake)
[0.920s] -- Found rosidl_generator_cpp: 3.1.8 (/opt/ros/humble/share/rosidl_generator_cpp/cmake)
[0.920s] -- Using all available rosidl_typesupport_c: rosidl_typesupport_fastrtps_c;rosidl_typesupport_introspection_c
[0.920s] -- Using all available rosidl_typesupport_cpp: rosidl_typesupport_fastrtps_cpp;rosidl_typesupport_introspection_cpp
[0.994s] -- Found rmw_implementation_cmake: 6.1.2 (/opt/ros/humble/share/rmw_implementation_cmake/cmake)
[1.002s] -- Found rmw_fastrtps_cpp: 6.2.9 (/opt/ros/humble/share/rmw_fastrtps_cpp/cmake)
[1.162s] -- Using RMW implementation 'rmw_fastrtps_cpp' as default
[1.490s] -- Found sensor_msgs: 4.9.0 (/opt/ros/humble/share/sensor_msgs/cmake)
[1.491s] CMake Error at CMakeLists.txt:23 (find_package):
[1.491s]   By not providing "Findpcl_ros.cmake" in CMAKE_MODULE_PATH this project has
[1.491s]   asked CMake to find a package configuration file provided by "pcl_ros", but
[1.491s]   CMake did not find one.
[1.491s] 
[1.491s]   Could not find a package configuration file provided by "pcl_ros" with any
[1.491s]   of the following names:
[1.491s] 
[1.492s]     pcl_rosConfig.cmake
[1.492s]     pcl_ros-config.cmake
[1.492s] 
[1.492s]   Add the installation prefix of "pcl_ros" to CMAKE_PREFIX_PATH or set
[1.492s]   "pcl_ros_DIR" to a directory containing one of the above files.  If
[1.492s]   "pcl_ros" provides a separate development package or SDK, be sure it has
[1.492s]   been installed.
[1.492s] 
[1.492s] 
[1.493s] -- Configuring incomplete, errors occurred!
[1.493s] See also "/workspace/repo/build_container/lidar_processor_cpp/CMakeFiles/CMakeOutput.log".
[1.493s] Invoked command in '/workspace/repo/build_container/lidar_processor_cpp' returned '1': CMAKE_PREFIX_PATH=/opt/ros/humble /usr/bin/cmake /workspace/repo/community_sdk/go2_ros2_sdk-master/lidar_processor_cpp -DCMAKE_INSTALL_PREFIX=/workspace/repo/install_container/lidar_processor_cpp
