[0.059s] Invoking command in '/workspace/repo/build_container/go2_interfaces': CMAKE_PREFIX_PATH=/opt/ros/humble /usr/bin/cmake /workspace/repo/community_sdk/go2_ros2_sdk-master/go2_interfaces -DCMAKE_INSTALL_PREFIX=/workspace/repo/install_container/go2_interfaces
[1.519s] -- The C compiler identification is GNU 11.4.0
[1.519s] -- The CXX compiler identification is GNU 11.4.0
[1.519s] -- Detecting C compiler ABI info
[1.519s] -- Detecting C compiler ABI info - done
[1.519s] -- Check for working C compiler: /usr/bin/cc - skipped
[1.519s] -- Detecting C compile features
[1.520s] -- Detecting C compile features - done
[1.520s] -- Detecting CXX compiler ABI info
[1.520s] -- Detecting CXX compiler ABI info - done
[1.520s] -- Check for working CXX compiler: /usr/bin/c++ - skipped
[1.520s] -- Detecting CXX compile features
[1.520s] -- Detecting CXX compile features - done
[1.520s] -- Found ament_cmake: 1.3.12 (/opt/ros/humble/share/ament_cmake/cmake)
[1.520s] -- Found Python3: /usr/bin/python3 (found version "3.10.12") found components: Interpreter 
[1.520s] -- Found geometry_msgs: 4.9.0 (/opt/ros/humble/share/geometry_msgs/cmake)
[1.729s] -- Found rosidl_generator_c: 3.1.8 (/opt/ros/humble/share/rosidl_generator_c/cmake)
[1.730s] -- Found rosidl_adapter: 3.1.8 (/opt/ros/humble/share/rosidl_adapter/cmake)
[1.731s] -- Found rosidl_generator_cpp: 3.1.8 (/opt/ros/humble/share/rosidl_generator_cpp/cmake)
[1.731s] -- Using all available rosidl_typesupport_c: rosidl_typesupport_fastrtps_c;rosidl_typesupport_introspection_c
[1.799s] -- Using all available rosidl_typesupport_cpp: rosidl_typesupport_fastrtps_cpp;rosidl_typesupport_introspection_cpp
[1.996s] -- Found rosidl_default_generators: 1.2.0 (/opt/ros/humble/share/rosidl_default_generators/cmake)
[4.953s] -- Found ament_cmake_ros: 0.10.0 (/opt/ros/humble/share/ament_cmake_ros/cmake)
[4.953s] -- Using all available rosidl_typesupport_c: rosidl_typesupport_fastrtps_c;rosidl_typesupport_introspection_c
[5.165s] -- Using all available rosidl_typesupport_cpp: rosidl_typesupport_fastrtps_cpp;rosidl_typesupport_introspection_cpp
[5.203s] -- Found PythonInterp: /usr/bin/python3 (found suitable version "3.10.12", minimum required is "3.6") 
[5.209s] -- Found python_cmake_module: 0.10.0 (/opt/ros/humble/share/python_cmake_module/cmake)
[5.247s] -- Found PythonLibs: /usr/lib/aarch64-linux-gnu/libpython3.10.so (found suitable version "3.10.12", minimum required is "3.5") 
[5.248s] -- Using PYTHON_EXECUTABLE: /usr/bin/python3
[5.248s] -- Using PYTHON_INCLUDE_DIRS: /usr/include/python3.10
[5.248s] -- Using PYTHON_LIBRARIES: /usr/lib/aarch64-linux-gnu/libpython3.10.so
[5.283s] -- Found PythonExtra: .so  
[5.418s] -- Configuring done
[5.641s] -- Generating done
[5.674s] -- Build files have been written to: /workspace/repo/build_container/go2_interfaces
