[0.030s] Invoking command in '/workspace/repo/build_diag/go2_apportation_msgs': /usr/bin/cmake /workspace/repo/src/go2_apportation_msgs -DCATKIN_INSTALL_INTO_PREFIX_ROOT=0 -DCMAKE_INSTALL_PREFIX=/workspace/repo/install_diag/go2_apportation_msgs
[0.533s] -- The C compiler identification is GNU 11.4.0
[0.533s] -- The CXX compiler identification is GNU 11.4.0
[0.534s] -- Detecting C compiler ABI info
[0.534s] -- Detecting C compiler ABI info - done
[0.534s] -- Check for working C compiler: /usr/bin/cc - skipped
[0.534s] -- Detecting C compile features
[0.534s] -- Detecting C compile features - done
[0.534s] -- Detecting CXX compiler ABI info
[0.568s] -- Detecting CXX compiler ABI info - done
[0.580s] -- Check for working CXX compiler: /usr/bin/c++ - skipped
[0.580s] -- Detecting CXX compile features
[0.581s] -- Detecting CXX compile features - done
[0.587s] -- Found ament_cmake: 1.3.12 (/opt/ros/humble/share/ament_cmake/cmake)
[0.848s] -- Found Python3: /usr/bin/python3 (found version "3.10.12") found components: Interpreter 
[1.036s] -- Found rosidl_default_generators: 1.2.0 (/opt/ros/humble/share/rosidl_default_generators/cmake)
[1.042s] -- Using all available rosidl_typesupport_c: rosidl_typesupport_fastrtps_c;rosidl_typesupport_introspection_c
[1.054s] -- Found rosidl_adapter: 3.1.8 (/opt/ros/humble/share/rosidl_adapter/cmake)
[1.127s] -- Using all available rosidl_typesupport_cpp: rosidl_typesupport_fastrtps_cpp;rosidl_typesupport_introspection_cpp
[1.198s] -- Found builtin_interfaces: 1.2.2 (/opt/ros/humble/share/builtin_interfaces/cmake)
[1.227s] -- Found geometry_msgs: 4.9.0 (/opt/ros/humble/share/geometry_msgs/cmake)
[1.995s] -- Found ament_cmake_ros: 0.10.0 (/opt/ros/humble/share/ament_cmake_ros/cmake)
[2.469s] -- Using all available rosidl_typesupport_c: rosidl_typesupport_fastrtps_c;rosidl_typesupport_introspection_c
[3.086s] -- Using all available rosidl_typesupport_cpp: rosidl_typesupport_fastrtps_cpp;rosidl_typesupport_introspection_cpp
[3.120s] -- Found PythonInterp: /usr/bin/python3 (found suitable version "3.10.12", minimum required is "3.6") 
[3.123s] -- Found python_cmake_module: 0.10.0 (/opt/ros/humble/share/python_cmake_module/cmake)
[3.159s] -- Found PythonLibs: /usr/lib/aarch64-linux-gnu/libpython3.10.so (found suitable version "3.10.12", minimum required is "3.5") 
[3.159s] -- Using PYTHON_EXECUTABLE: /usr/bin/python3
[3.160s] -- Using PYTHON_INCLUDE_DIRS: /usr/include/python3.10
[3.160s] -- Using PYTHON_LIBRARIES: /usr/lib/aarch64-linux-gnu/libpython3.10.so
[3.191s] -- Found PythonExtra: .so  
[3.318s] -- Configuring done
[3.421s] -- Generating done
[3.426s] CMake Warning:
[3.426s]   Manually-specified variables were not used by the project:
[3.426s] 
[3.426s]     CATKIN_INSTALL_INTO_PREFIX_ROOT
[3.426s] 
[3.426s] 
[3.450s] -- Build files have been written to: /workspace/repo/build_diag/go2_apportation_msgs
[3.472s] Invoked command in '/workspace/repo/build_diag/go2_apportation_msgs' returned '0': /usr/bin/cmake /workspace/repo/src/go2_apportation_msgs -DCATKIN_INSTALL_INTO_PREFIX_ROOT=0 -DCMAKE_INSTALL_PREFIX=/workspace/repo/install_diag/go2_apportation_msgs
[3.474s] Invoking command in '/workspace/repo/build_diag/go2_apportation_msgs': /usr/bin/cmake --build /workspace/repo/build_diag/go2_apportation_msgs -- -j6 -l6
[3.552s] [  1%] Generating C code for ROS interfaces
[3.571s] [  2%] Generating C++ code for ROS interfaces
[3.586s] [  2%] Built target ament_cmake_python_copy_go2_apportation_msgs
[3.987s] running egg_info
[3.988s] creating go2_apportation_msgs.egg-info
[3.989s] writing go2_apportation_msgs.egg-info/PKG-INFO
[3.990s] writing dependency_links to go2_apportation_msgs.egg-info/dependency_links.txt
[3.990s] writing top-level names to go2_apportation_msgs.egg-info/top_level.txt
[3.990s] writing manifest file 'go2_apportation_msgs.egg-info/SOURCES.txt'
[3.994s] reading manifest file 'go2_apportation_msgs.egg-info/SOURCES.txt'
[4.001s] writing manifest file 'go2_apportation_msgs.egg-info/SOURCES.txt'
[4.067s] [  2%] Built target ament_cmake_python_build_go2_apportation_msgs_egg
[5.253s] [  2%] Built target go2_apportation_msgs__cpp
[5.276s] [  4%] Generating C++ type support dispatch for ROS interfaces
[5.292s] [  5%] Generating C++ type support for eProsima Fast-RTPS
[5.298s] [  7%] Generating C++ introspection for ROS interfaces
[5.430s] [  8%] Building C object CMakeFiles/go2_apportation_msgs__rosidl_generator_c.dir/rosidl_generator_c/go2_apportation_msgs/msg/detail/detection3_d__functions.c.o
[5.430s] [  9%] Building C object CMakeFiles/go2_apportation_msgs__rosidl_generator_c.dir/rosidl_generator_c/go2_apportation_msgs/msg/detail/detection3_d_array__functions.c.o
[5.443s] [ 11%] Building C object CMakeFiles/go2_apportation_msgs__rosidl_generator_c.dir/rosidl_generator_c/go2_apportation_msgs/msg/detail/object_state__functions.c.o
[5.590s] [ 12%] Building C object CMakeFiles/go2_apportation_msgs__rosidl_generator_c.dir/rosidl_generator_c/go2_apportation_msgs/msg/detail/throw_status__functions.c.o
[5.592s] [ 14%] Building C object CMakeFiles/go2_apportation_msgs__rosidl_generator_c.dir/rosidl_generator_c/go2_apportation_msgs/action/detail/pick_object__functions.c.o
[5.602s] [ 15%] Building C object CMakeFiles/go2_apportation_msgs__rosidl_generator_c.dir/rosidl_generator_c/go2_apportation_msgs/srv/detail/release_object__functions.c.o
[5.917s] [ 16%] Linking C shared library libgo2_apportation_msgs__rosidl_generator_c.so
[6.000s] [ 16%] Built target go2_apportation_msgs__rosidl_generator_c
[6.026s] [ 18%] Generating C introspection for ROS interfaces
[6.034s] [ 19%] Generating C type support dispatch for ROS interfaces
[6.059s] [ 21%] Generating C type support for eProsima Fast-RTPS
[6.473s] [ 22%] Building CXX object CMakeFiles/go2_apportation_msgs__rosidl_typesupport_cpp.dir/rosidl_typesupport_cpp/go2_apportation_msgs/msg/detection3_d__type_support.cpp.o
[7.098s] [ 23%] Building CXX object CMakeFiles/go2_apportation_msgs__rosidl_typesupport_introspection_cpp.dir/rosidl_typesupport_introspection_cpp/go2_apportation_msgs/msg/detail/detection3_d__type_support.cpp.o
[7.325s] [ 25%] Building CXX object CMakeFiles/go2_apportation_msgs__rosidl_typesupport_fastrtps_cpp.dir/rosidl_typesupport_fastrtps_cpp/go2_apportation_msgs/msg/detail/dds_fastrtps/detection3_d__type_support.cpp.o
[7.346s] [ 26%] Building CXX object CMakeFiles/go2_apportation_msgs__rosidl_typesupport_c.dir/rosidl_typesupport_c/go2_apportation_msgs/msg/detection3_d__type_support.cpp.o
[7.434s] [ 28%] Building CXX object CMakeFiles/go2_apportation_msgs__rosidl_typesupport_cpp.dir/rosidl_typesupport_cpp/go2_apportation_msgs/msg/detection3_d_array__type_support.cpp.o
[7.444s] [ 29%] Building CXX object CMakeFiles/go2_apportation_msgs__rosidl_typesupport_c.dir/rosidl_typesupport_c/go2_apportation_msgs/msg/detection3_d_array__type_support.cpp.o
[7.528s] [ 30%] Building CXX object CMakeFiles/go2_apportation_msgs__rosidl_typesupport_c.dir/rosidl_typesupport_c/go2_apportation_msgs/msg/object_state__type_support.cpp.o
[7.646s] [ 32%] Building CXX object CMakeFiles/go2_apportation_msgs__rosidl_typesupport_c.dir/rosidl_typesupport_c/go2_apportation_msgs/msg/throw_status__type_support.cpp.o
[7.739s] [ 33%] Building CXX object CMakeFiles/go2_apportation_msgs__rosidl_typesupport_c.dir/rosidl_typesupport_c/go2_apportation_msgs/action/pick_object__type_support.cpp.o
[7.880s] [ 35%] Building CXX object CMakeFiles/go2_apportation_msgs__rosidl_typesupport_c.dir/rosidl_typesupport_c/go2_apportation_msgs/srv/release_object__type_support.cpp.o
[7.913s] [ 36%] Building C object CMakeFiles/go2_apportation_msgs__rosidl_typesupport_introspection_c.dir/rosidl_typesupport_introspection_c/go2_apportation_msgs/msg/detail/detection3_d__type_support.c.o
[7.963s] [ 38%] Linking CXX shared library libgo2_apportation_msgs__rosidl_typesupport_c.so
[7.989s] [ 39%] Building C object CMakeFiles/go2_apportation_msgs__rosidl_typesupport_introspection_c.dir/rosidl_typesupport_introspection_c/go2_apportation_msgs/msg/detail/detection3_d_array__type_support.c.o
[8.050s] [ 40%] Building CXX object CMakeFiles/go2_apportation_msgs__rosidl_typesupport_fastrtps_c.dir/rosidl_typesupport_fastrtps_c/go2_apportation_msgs/msg/detail/detection3_d__type_support_c.cpp.o
[8.070s] [ 40%] Built target go2_apportation_msgs__rosidl_typesupport_c
[8.099s] [ 43%] Building CXX object CMakeFiles/go2_apportation_msgs__rosidl_typesupport_fastrtps_c.dir/rosidl_typesupport_fastrtps_c/go2_apportation_msgs/msg/detail/detection3_d_array__type_support_c.cpp.o
[8.100s] [ 43%] Building CXX object CMakeFiles/go2_apportation_msgs__rosidl_typesupport_introspection_cpp.dir/rosidl_typesupport_introspection_cpp/go2_apportation_msgs/msg/detail/detection3_d_array__type_support.cpp.o
[8.100s] [ 45%] Building C object CMakeFiles/go2_apportation_msgs__rosidl_typesupport_introspection_c.dir/rosidl_typesupport_introspection_c/go2_apportation_msgs/msg/detail/object_state__type_support.c.o
[8.230s] [ 46%] Building C object CMakeFiles/go2_apportation_msgs__rosidl_typesupport_introspection_c.dir/rosidl_typesupport_introspection_c/go2_apportation_msgs/msg/detail/throw_status__type_support.c.o
[8.260s] [ 47%] Building CXX object CMakeFiles/go2_apportation_msgs__rosidl_typesupport_cpp.dir/rosidl_typesupport_cpp/go2_apportation_msgs/msg/object_state__type_support.cpp.o
[8.334s] [ 49%] Building C object CMakeFiles/go2_apportation_msgs__rosidl_typesupport_introspection_c.dir/rosidl_typesupport_introspection_c/go2_apportation_msgs/action/detail/pick_object__type_support.c.o
[8.503s] [ 50%] Building C object CMakeFiles/go2_apportation_msgs__rosidl_typesupport_introspection_c.dir/rosidl_typesupport_introspection_c/go2_apportation_msgs/srv/detail/release_object__type_support.c.o
[8.520s] [ 52%] Building CXX object CMakeFiles/go2_apportation_msgs__rosidl_typesupport_fastrtps_cpp.dir/rosidl_typesupport_fastrtps_cpp/go2_apportation_msgs/msg/detail/dds_fastrtps/detection3_d_array__type_support.cpp.o
[8.634s] [ 53%] Linking C shared library libgo2_apportation_msgs__rosidl_typesupport_introspection_c.so
[8.751s] [ 53%] Built target go2_apportation_msgs__rosidl_typesupport_introspection_c
[8.789s] [ 54%] Building CXX object CMakeFiles/go2_apportation_msgs__rosidl_typesupport_fastrtps_cpp.dir/rosidl_typesupport_fastrtps_cpp/go2_apportation_msgs/msg/detail/dds_fastrtps/object_state__type_support.cpp.o
[8.937s] [ 56%] Building CXX object CMakeFiles/go2_apportation_msgs__rosidl_typesupport_fastrtps_c.dir/rosidl_typesupport_fastrtps_c/go2_apportation_msgs/msg/detail/object_state__type_support_c.cpp.o
[8.968s] [ 57%] Building CXX object CMakeFiles/go2_apportation_msgs__rosidl_typesupport_fastrtps_c.dir/rosidl_typesupport_fastrtps_c/go2_apportation_msgs/msg/detail/throw_status__type_support_c.cpp.o
[9.072s] [ 59%] Building CXX object CMakeFiles/go2_apportation_msgs__rosidl_typesupport_cpp.dir/rosidl_typesupport_cpp/go2_apportation_msgs/msg/throw_status__type_support.cpp.o
[9.338s] [ 60%] Building CXX object CMakeFiles/go2_apportation_msgs__rosidl_typesupport_introspection_cpp.dir/rosidl_typesupport_introspection_cpp/go2_apportation_msgs/msg/detail/object_state__type_support.cpp.o
[9.772s] [ 61%] Building CXX object CMakeFiles/go2_apportation_msgs__rosidl_typesupport_cpp.dir/rosidl_typesupport_cpp/go2_apportation_msgs/action/pick_object__type_support.cpp.o
[9.810s] [ 63%] Building CXX object CMakeFiles/go2_apportation_msgs__rosidl_typesupport_fastrtps_cpp.dir/rosidl_typesupport_fastrtps_cpp/go2_apportation_msgs/msg/detail/dds_fastrtps/throw_status__type_support.cpp.o
[9.835s] [ 64%] Building CXX object CMakeFiles/go2_apportation_msgs__rosidl_typesupport_cpp.dir/rosidl_typesupport_cpp/go2_apportation_msgs/srv/release_object__type_support.cpp.o
[9.898s] [ 66%] Building CXX object CMakeFiles/go2_apportation_msgs__rosidl_typesupport_fastrtps_c.dir/rosidl_typesupport_fastrtps_c/go2_apportation_msgs/action/detail/pick_object__type_support_c.cpp.o
[10.149s] [ 67%] Building CXX object CMakeFiles/go2_apportation_msgs__rosidl_typesupport_fastrtps_c.dir/rosidl_typesupport_fastrtps_c/go2_apportation_msgs/srv/detail/release_object__type_support_c.cpp.o
[10.403s] [ 69%] Building CXX object CMakeFiles/go2_apportation_msgs__rosidl_typesupport_introspection_cpp.dir/rosidl_typesupport_introspection_cpp/go2_apportation_msgs/msg/detail/throw_status__type_support.cpp.o
[10.716s] [ 70%] Building CXX object CMakeFiles/go2_apportation_msgs__rosidl_typesupport_introspection_cpp.dir/rosidl_typesupport_introspection_cpp/go2_apportation_msgs/action/detail/pick_object__type_support.cpp.o
[10.916s] [ 71%] Building CXX object CMakeFiles/go2_apportation_msgs__rosidl_typesupport_fastrtps_cpp.dir/rosidl_typesupport_fastrtps_cpp/go2_apportation_msgs/action/detail/dds_fastrtps/pick_object__type_support.cpp.o
[11.046s] [ 73%] Building CXX object CMakeFiles/go2_apportation_msgs__rosidl_typesupport_fastrtps_cpp.dir/rosidl_typesupport_fastrtps_cpp/go2_apportation_msgs/srv/detail/dds_fastrtps/release_object__type_support.cpp.o
[11.103s] [ 74%] Linking CXX shared library libgo2_apportation_msgs__rosidl_typesupport_cpp.so
[11.278s] [ 74%] Built target go2_apportation_msgs__rosidl_typesupport_cpp
[11.305s] [ 76%] Building CXX object CMakeFiles/go2_apportation_msgs__rosidl_typesupport_introspection_cpp.dir/rosidl_typesupport_introspection_cpp/go2_apportation_msgs/srv/detail/release_object__type_support.cpp.o
[11.341s] [ 77%] Linking CXX shared library libgo2_apportation_msgs__rosidl_typesupport_fastrtps_c.so
[11.529s] [ 77%] Built target go2_apportation_msgs__rosidl_typesupport_fastrtps_c
[12.191s] [ 78%] Linking CXX shared library libgo2_apportation_msgs__rosidl_typesupport_introspection_cpp.so
[12.332s] [ 80%] Linking CXX shared library libgo2_apportation_msgs__rosidl_typesupport_fastrtps_cpp.so
[12.346s] [ 80%] Built target go2_apportation_msgs__rosidl_typesupport_introspection_cpp
[12.480s] [ 80%] Built target go2_apportation_msgs__rosidl_typesupport_fastrtps_cpp
[12.517s] [ 80%] Built target go2_apportation_msgs
[12.557s] [ 81%] Generating Python code for ROS interfaces
[15.469s] [ 81%] Built target go2_apportation_msgs__py
[15.507s] [ 84%] Building C object CMakeFiles/go2_apportation_msgs__rosidl_generator_py.dir/rosidl_generator_py/go2_apportation_msgs/msg/_throw_status_s.c.o
[15.507s] [ 84%] Building C object CMakeFiles/go2_apportation_msgs__rosidl_generator_py.dir/rosidl_generator_py/go2_apportation_msgs/msg/_detection3_d_array_s.c.o
[15.508s] [ 88%] Building C object CMakeFiles/go2_apportation_msgs__rosidl_generator_py.dir/rosidl_generator_py/go2_apportation_msgs/srv/_release_object_s.c.o
[15.508s] [ 88%] Building C object CMakeFiles/go2_apportation_msgs__rosidl_generator_py.dir/rosidl_generator_py/go2_apportation_msgs/msg/_detection3_d_s.c.o
[15.510s] [ 88%] Building C object CMakeFiles/go2_apportation_msgs__rosidl_generator_py.dir/rosidl_generator_py/go2_apportation_msgs/action/_pick_object_s.c.o
[15.512s] [ 90%] Building C object CMakeFiles/go2_apportation_msgs__rosidl_generator_py.dir/rosidl_generator_py/go2_apportation_msgs/msg/_object_state_s.c.o
[15.863s] [ 91%] Linking C shared library rosidl_generator_py/go2_apportation_msgs/libgo2_apportation_msgs__rosidl_generator_py.so
[15.950s] [ 91%] Built target go2_apportation_msgs__rosidl_generator_py
[15.988s] [ 95%] Building C object CMakeFiles/go2_apportation_msgs__rosidl_typesupport_c__pyext.dir/rosidl_generator_py/go2_apportation_msgs/_go2_apportation_msgs_s.ep.rosidl_typesupport_c.c.o
[15.989s] [ 95%] Building C object CMakeFiles/go2_apportation_msgs__rosidl_typesupport_fastrtps_c__pyext.dir/rosidl_generator_py/go2_apportation_msgs/_go2_apportation_msgs_s.ep.rosidl_typesupport_fastrtps_c.c.o
[15.989s] [ 95%] Building C object CMakeFiles/go2_apportation_msgs__rosidl_typesupport_introspection_c__pyext.dir/rosidl_generator_py/go2_apportation_msgs/_go2_apportation_msgs_s.ep.rosidl_typesupport_introspection_c.c.o
[16.316s] [ 98%] Linking C shared library rosidl_generator_py/go2_apportation_msgs/go2_apportation_msgs_s__rosidl_typesupport_fastrtps_c.cpython-310-aarch64-linux-gnu.so
[16.317s] [ 98%] Linking C shared library rosidl_generator_py/go2_apportation_msgs/go2_apportation_msgs_s__rosidl_typesupport_introspection_c.cpython-310-aarch64-linux-gnu.so
[16.318s] [100%] Linking C shared library rosidl_generator_py/go2_apportation_msgs/go2_apportation_msgs_s__rosidl_typesupport_c.cpython-310-aarch64-linux-gnu.so
[16.405s] [100%] Built target go2_apportation_msgs__rosidl_typesupport_introspection_c__pyext
[16.408s] [100%] Built target go2_apportation_msgs__rosidl_typesupport_fastrtps_c__pyext
[16.411s] [100%] Built target go2_apportation_msgs__rosidl_typesupport_c__pyext
[16.436s] Invoked command in '/workspace/repo/build_diag/go2_apportation_msgs' returned '0': /usr/bin/cmake --build /workspace/repo/build_diag/go2_apportation_msgs -- -j6 -l6
[16.456s] Invoking command in '/workspace/repo/build_diag/go2_apportation_msgs': /usr/bin/cmake --install /workspace/repo/build_diag/go2_apportation_msgs
[16.472s] -- Install configuration: ""
[16.472s] -- Installing: /workspace/repo/install_diag/go2_apportation_msgs/share/ament_index/resource_index/rosidl_interfaces/go2_apportation_msgs
[16.473s] -- Installing: /workspace/repo/install_diag/go2_apportation_msgs/include/go2_apportation_msgs/go2_apportation_msgs
[16.474s] -- Installing: /workspace/repo/install_diag/go2_apportation_msgs/include/go2_apportation_msgs/go2_apportation_msgs/msg
[16.474s] -- Installing: /workspace/repo/install_diag/go2_apportation_msgs/include/go2_apportation_msgs/go2_apportation_msgs/msg/detection3_d_array.h
[16.474s] -- Installing: /workspace/repo/install_diag/go2_apportation_msgs/include/go2_apportation_msgs/go2_apportation_msgs/msg/rosidl_generator_c__visibility_control.h
[16.474s] -- Installing: /workspace/repo/install_diag/go2_apportation_msgs/include/go2_apportation_msgs/go2_apportation_msgs/msg/detail
[16.475s] -- Installing: /workspace/repo/install_diag/go2_apportation_msgs/include/go2_apportation_msgs/go2_apportation_msgs/msg/detail/detection3_d_array__functions.h
[16.475s] -- Installing: /workspace/repo/install_diag/go2_apportation_msgs/include/go2_apportation_msgs/go2_apportation_msgs/msg/detail/detection3_d_array__functions.c
[16.476s] -- Installing: /workspace/repo/install_diag/go2_apportation_msgs/include/go2_apportation_msgs/go2_apportation_msgs/msg/detail/detection3_d_array__type_support.h
[16.476s] -- Installing: /workspace/repo/install_diag/go2_apportation_msgs/include/go2_apportation_msgs/go2_apportation_msgs/msg/detail/object_state__type_support.h
[16.476s] -- Installing: /workspace/repo/install_diag/go2_apportation_msgs/include/go2_apportation_msgs/go2_apportation_msgs/msg/detail/throw_status__struct.h
[16.477s] -- Installing: /workspace/repo/install_diag/go2_apportation_msgs/include/go2_apportation_msgs/go2_apportation_msgs/msg/detail/object_state__struct.h
[16.477s] -- Installing: /workspace/repo/install_diag/go2_apportation_msgs/include/go2_apportation_msgs/go2_apportation_msgs/msg/detail/throw_status__functions.h
[16.477s] -- Installing: /workspace/repo/install_diag/go2_apportation_msgs/include/go2_apportation_msgs/go2_apportation_msgs/msg/detail/throw_status__functions.c
[16.478s] -- Installing: /workspace/repo/install_diag/go2_apportation_msgs/include/go2_apportation_msgs/go2_apportation_msgs/msg/detail/object_state__functions.h
[16.478s] -- Installing: /workspace/repo/install_diag/go2_apportation_msgs/include/go2_apportation_msgs/go2_apportation_msgs/msg/detail/throw_status__type_support.h
[16.478s] -- Installing: /workspace/repo/install_diag/go2_apportation_msgs/include/go2_apportation_msgs/go2_apportation_msgs/msg/detail/detection3_d__struct.h
[16.478s] -- Installing: /workspace/repo/install_diag/go2_apportation_msgs/include/go2_apportation_msgs/go2_apportation_msgs/msg/detail/detection3_d__functions.h
[16.478s] -- Installing: /workspace/repo/install_diag/go2_apportation_msgs/include/go2_apportation_msgs/go2_apportation_msgs/msg/detail/object_state__functions.c
[16.479s] -- Installing: /workspace/repo/install_diag/go2_apportation_msgs/include/go2_apportation_msgs/go2_apportation_msgs/msg/detail/detection3_d__type_support.h
[16.479s] -- Installing: /workspace/repo/install_diag/go2_apportation_msgs/include/go2_apportation_msgs/go2_apportation_msgs/msg/detail/detection3_d_array__struct.h
[16.479s] -- Installing: /workspace/repo/install_diag/go2_apportation_msgs/include/go2_apportation_msgs/go2_apportation_msgs/msg/detail/detection3_d__functions.c
[16.479s] -- Installing: /workspace/repo/install_diag/go2_apportation_msgs/include/go2_apportation_msgs/go2_apportation_msgs/msg/throw_status.h
[16.479s] -- Installing: /workspace/repo/install_diag/go2_apportation_msgs/include/go2_apportation_msgs/go2_apportation_msgs/msg/detection3_d.h
[16.480s] -- Installing: /workspace/repo/install_diag/go2_apportation_msgs/include/go2_apportation_msgs/go2_apportation_msgs/msg/object_state.h
[16.480s] -- Installing: /workspace/repo/install_diag/go2_apportation_msgs/include/go2_apportation_msgs/go2_apportation_msgs/srv
[16.480s] -- Installing: /workspace/repo/install_diag/go2_apportation_msgs/include/go2_apportation_msgs/go2_apportation_msgs/srv/release_object.h
[16.480s] -- Installing: /workspace/repo/install_diag/go2_apportation_msgs/include/go2_apportation_msgs/go2_apportation_msgs/srv/detail
[16.480s] -- Installing: /workspace/repo/install_diag/go2_apportation_msgs/include/go2_apportation_msgs/go2_apportation_msgs/srv/detail/release_object__functions.c
[16.480s] -- Installing: /workspace/repo/install_diag/go2_apportation_msgs/include/go2_apportation_msgs/go2_apportation_msgs/srv/detail/release_object__functions.h
[16.481s] -- Installing: /workspace/repo/install_diag/go2_apportation_msgs/include/go2_apportation_msgs/go2_apportation_msgs/srv/detail/release_object__struct.h
[16.481s] -- Installing: /workspace/repo/install_diag/go2_apportation_msgs/include/go2_apportation_msgs/go2_apportation_msgs/srv/detail/release_object__type_support.h
[16.481s] -- Installing: /workspace/repo/install_diag/go2_apportation_msgs/include/go2_apportation_msgs/go2_apportation_msgs/action
[16.481s] -- Installing: /workspace/repo/install_diag/go2_apportation_msgs/include/go2_apportation_msgs/go2_apportation_msgs/action/pick_object.h
[16.481s] -- Installing: /workspace/repo/install_diag/go2_apportation_msgs/include/go2_apportation_msgs/go2_apportation_msgs/action/detail
[16.482s] -- Installing: /workspace/repo/install_diag/go2_apportation_msgs/include/go2_apportation_msgs/go2_apportation_msgs/action/detail/pick_object__type_support.h
[16.482s] -- Installing: /workspace/repo/install_diag/go2_apportation_msgs/include/go2_apportation_msgs/go2_apportation_msgs/action/detail/pick_object__functions.h
[16.482s] -- Installing: /workspace/repo/install_diag/go2_apportation_msgs/include/go2_apportation_msgs/go2_apportation_msgs/action/detail/pick_object__struct.h
[16.482s] -- Installing: /workspace/repo/install_diag/go2_apportation_msgs/include/go2_apportation_msgs/go2_apportation_msgs/action/detail/pick_object__functions.c
[16.482s] -- Installing: /workspace/repo/install_diag/go2_apportation_msgs/share/go2_apportation_msgs/environment/library_path.sh
[16.483s] -- Installing: /workspace/repo/install_diag/go2_apportation_msgs/share/go2_apportation_msgs/environment/library_path.dsv
[16.483s] -- Installing: /workspace/repo/install_diag/go2_apportation_msgs/lib/libgo2_apportation_msgs__rosidl_generator_c.so
[16.483s] -- Set runtime path of "/workspace/repo/install_diag/go2_apportation_msgs/lib/libgo2_apportation_msgs__rosidl_generator_c.so" to ""
[16.483s] -- Up-to-date: /workspace/repo/install_diag/go2_apportation_msgs/include/go2_apportation_msgs/go2_apportation_msgs
[16.484s] -- Up-to-date: /workspace/repo/install_diag/go2_apportation_msgs/include/go2_apportation_msgs/go2_apportation_msgs/msg
[16.484s] -- Installing: /workspace/repo/install_diag/go2_apportation_msgs/include/go2_apportation_msgs/go2_apportation_msgs/msg/rosidl_typesupport_fastrtps_c__visibility_control.h
[16.484s] -- Up-to-date: /workspace/repo/install_diag/go2_apportation_msgs/include/go2_apportation_msgs/go2_apportation_msgs/msg/detail
[16.484s] -- Installing: /workspace/repo/install_diag/go2_apportation_msgs/include/go2_apportation_msgs/go2_apportation_msgs/msg/detail/object_state__rosidl_typesupport_fastrtps_c.h
[16.485s] -- Installing: /workspace/repo/install_diag/go2_apportation_msgs/include/go2_apportation_msgs/go2_apportation_msgs/msg/detail/detection3_d__rosidl_typesupport_fastrtps_c.h
[16.485s] -- Installing: /workspace/repo/install_diag/go2_apportation_msgs/include/go2_apportation_msgs/go2_apportation_msgs/msg/detail/throw_status__rosidl_typesupport_fastrtps_c.h
[16.485s] -- Installing: /workspace/repo/install_diag/go2_apportation_msgs/include/go2_apportation_msgs/go2_apportation_msgs/msg/detail/detection3_d_array__rosidl_typesupport_fastrtps_c.h
[16.485s] -- Up-to-date: /workspace/repo/install_diag/go2_apportation_msgs/include/go2_apportation_msgs/go2_apportation_msgs/srv
[16.485s] -- Up-to-date: /workspace/repo/install_diag/go2_apportation_msgs/include/go2_apportation_msgs/go2_apportation_msgs/srv/detail
[16.486s] -- Installing: /workspace/repo/install_diag/go2_apportation_msgs/include/go2_apportation_msgs/go2_apportation_msgs/srv/detail/release_object__rosidl_typesupport_fastrtps_c.h
[16.486s] -- Up-to-date: /workspace/repo/install_diag/go2_apportation_msgs/include/go2_apportation_msgs/go2_apportation_msgs/action
[16.486s] -- Up-to-date: /workspace/repo/install_diag/go2_apportation_msgs/include/go2_apportation_msgs/go2_apportation_msgs/action/detail
[16.487s] -- Installing: /workspace/repo/install_diag/go2_apportation_msgs/include/go2_apportation_msgs/go2_apportation_msgs/action/detail/pick_object__rosidl_typesupport_fastrtps_c.h
[16.487s] -- Installing: /workspace/repo/install_diag/go2_apportation_msgs/lib/libgo2_apportation_msgs__rosidl_typesupport_fastrtps_c.so
[16.487s] -- Set runtime path of "/workspace/repo/install_diag/go2_apportation_msgs/lib/libgo2_apportation_msgs__rosidl_typesupport_fastrtps_c.so" to ""
[16.487s] -- Up-to-date: /workspace/repo/install_diag/go2_apportation_msgs/include/go2_apportation_msgs/go2_apportation_msgs
[16.487s] -- Up-to-date: /workspace/repo/install_diag/go2_apportation_msgs/include/go2_apportation_msgs/go2_apportation_msgs/msg
[16.488s] -- Up-to-date: /workspace/repo/install_diag/go2_apportation_msgs/include/go2_apportation_msgs/go2_apportation_msgs/msg/detail
[16.488s] -- Installing: /workspace/repo/install_diag/go2_apportation_msgs/include/go2_apportation_msgs/go2_apportation_msgs/msg/detail/object_state__rosidl_typesupport_introspection_c.h
[16.488s] -- Installing: /workspace/repo/install_diag/go2_apportation_msgs/include/go2_apportation_msgs/go2_apportation_msgs/msg/detail/detection3_d_array__rosidl_typesupport_introspection_c.h
[16.488s] -- Installing: /workspace/repo/install_diag/go2_apportation_msgs/include/go2_apportation_msgs/go2_apportation_msgs/msg/detail/throw_status__type_support.c
[16.488s] -- Installing: /workspace/repo/install_diag/go2_apportation_msgs/include/go2_apportation_msgs/go2_apportation_msgs/msg/detail/throw_status__rosidl_typesupport_introspection_c.h
[16.488s] -- Installing: /workspace/repo/install_diag/go2_apportation_msgs/include/go2_apportation_msgs/go2_apportation_msgs/msg/detail/detection3_d__type_support.c
[16.488s] -- Installing: /workspace/repo/install_diag/go2_apportation_msgs/include/go2_apportation_msgs/go2_apportation_msgs/msg/detail/detection3_d__rosidl_typesupport_introspection_c.h
[16.488s] -- Installing: /workspace/repo/install_diag/go2_apportation_msgs/include/go2_apportation_msgs/go2_apportation_msgs/msg/detail/detection3_d_array__type_support.c
[16.489s] -- Installing: /workspace/repo/install_diag/go2_apportation_msgs/include/go2_apportation_msgs/go2_apportation_msgs/msg/detail/object_state__type_support.c
[16.489s] -- Installing: /workspace/repo/install_diag/go2_apportation_msgs/include/go2_apportation_msgs/go2_apportation_msgs/msg/rosidl_typesupport_introspection_c__visibility_control.h
[16.489s] -- Up-to-date: /workspace/repo/install_diag/go2_apportation_msgs/include/go2_apportation_msgs/go2_apportation_msgs/srv
[16.490s] -- Up-to-date: /workspace/repo/install_diag/go2_apportation_msgs/include/go2_apportation_msgs/go2_apportation_msgs/srv/detail
[16.490s] -- Installing: /workspace/repo/install_diag/go2_apportation_msgs/include/go2_apportation_msgs/go2_apportation_msgs/srv/detail/release_object__rosidl_typesupport_introspection_c.h
[16.490s] -- Installing: /workspace/repo/install_diag/go2_apportation_msgs/include/go2_apportation_msgs/go2_apportation_msgs/srv/detail/release_object__type_support.c
[16.490s] -- Up-to-date: /workspace/repo/install_diag/go2_apportation_msgs/include/go2_apportation_msgs/go2_apportation_msgs/action
[16.490s] -- Up-to-date: /workspace/repo/install_diag/go2_apportation_msgs/include/go2_apportation_msgs/go2_apportation_msgs/action/detail
[16.490s] -- Installing: /workspace/repo/install_diag/go2_apportation_msgs/include/go2_apportation_msgs/go2_apportation_msgs/action/detail/pick_object__rosidl_typesupport_introspection_c.h
[16.490s] -- Installing: /workspace/repo/install_diag/go2_apportation_msgs/include/go2_apportation_msgs/go2_apportation_msgs/action/detail/pick_object__type_support.c
[16.491s] -- Installing: /workspace/repo/install_diag/go2_apportation_msgs/lib/libgo2_apportation_msgs__rosidl_typesupport_introspection_c.so
[16.491s] -- Set runtime path of "/workspace/repo/install_diag/go2_apportation_msgs/lib/libgo2_apportation_msgs__rosidl_typesupport_introspection_c.so" to ""
[16.491s] -- Installing: /workspace/repo/install_diag/go2_apportation_msgs/lib/libgo2_apportation_msgs__rosidl_typesupport_c.so
[16.492s] -- Set runtime path of "/workspace/repo/install_diag/go2_apportation_msgs/lib/libgo2_apportation_msgs__rosidl_typesupport_c.so" to ""
[16.492s] -- Up-to-date: /workspace/repo/install_diag/go2_apportation_msgs/include/go2_apportation_msgs/go2_apportation_msgs
[16.492s] -- Up-to-date: /workspace/repo/install_diag/go2_apportation_msgs/include/go2_apportation_msgs/go2_apportation_msgs/msg
[16.492s] -- Installing: /workspace/repo/install_diag/go2_apportation_msgs/include/go2_apportation_msgs/go2_apportation_msgs/msg/detection3_d.hpp
[16.493s] -- Installing: /workspace/repo/install_diag/go2_apportation_msgs/include/go2_apportation_msgs/go2_apportation_msgs/msg/detection3_d_array.hpp
[16.493s] -- Up-to-date: /workspace/repo/install_diag/go2_apportation_msgs/include/go2_apportation_msgs/go2_apportation_msgs/msg/detail
[16.493s] -- Installing: /workspace/repo/install_diag/go2_apportation_msgs/include/go2_apportation_msgs/go2_apportation_msgs/msg/detail/detection3_d_array__type_support.hpp
[16.493s] -- Installing: /workspace/repo/install_diag/go2_apportation_msgs/include/go2_apportation_msgs/go2_apportation_msgs/msg/detail/detection3_d__type_support.hpp
[16.494s] -- Installing: /workspace/repo/install_diag/go2_apportation_msgs/include/go2_apportation_msgs/go2_apportation_msgs/msg/detail/throw_status__type_support.hpp
[16.494s] -- Installing: /workspace/repo/install_diag/go2_apportation_msgs/include/go2_apportation_msgs/go2_apportation_msgs/msg/detail/detection3_d_array__builder.hpp
[16.494s] -- Installing: /workspace/repo/install_diag/go2_apportation_msgs/include/go2_apportation_msgs/go2_apportation_msgs/msg/detail/throw_status__struct.hpp
[16.494s] -- Installing: /workspace/repo/install_diag/go2_apportation_msgs/include/go2_apportation_msgs/go2_apportation_msgs/msg/detail/detection3_d__builder.hpp
[16.494s] -- Installing: /workspace/repo/install_diag/go2_apportation_msgs/include/go2_apportation_msgs/go2_apportation_msgs/msg/detail/object_state__type_support.hpp
[16.495s] -- Installing: /workspace/repo/install_diag/go2_apportation_msgs/include/go2_apportation_msgs/go2_apportation_msgs/msg/detail/detection3_d__struct.hpp
[16.495s] -- Installing: /workspace/repo/install_diag/go2_apportation_msgs/include/go2_apportation_msgs/go2_apportation_msgs/msg/detail/detection3_d_array__traits.hpp
[16.495s] -- Installing: /workspace/repo/install_diag/go2_apportation_msgs/include/go2_apportation_msgs/go2_apportation_msgs/msg/detail/throw_status__traits.hpp
[16.496s] -- Installing: /workspace/repo/install_diag/go2_apportation_msgs/include/go2_apportation_msgs/go2_apportation_msgs/msg/detail/object_state__builder.hpp
[16.496s] -- Installing: /workspace/repo/install_diag/go2_apportation_msgs/include/go2_apportation_msgs/go2_apportation_msgs/msg/detail/detection3_d_array__struct.hpp
[16.496s] -- Installing: /workspace/repo/install_diag/go2_apportation_msgs/include/go2_apportation_msgs/go2_apportation_msgs/msg/detail/object_state__struct.hpp
[16.496s] -- Installing: /workspace/repo/install_diag/go2_apportation_msgs/include/go2_apportation_msgs/go2_apportation_msgs/msg/detail/detection3_d__traits.hpp
[16.497s] -- Installing: /workspace/repo/install_diag/go2_apportation_msgs/include/go2_apportation_msgs/go2_apportation_msgs/msg/detail/throw_status__builder.hpp
[16.497s] -- Installing: /workspace/repo/install_diag/go2_apportation_msgs/include/go2_apportation_msgs/go2_apportation_msgs/msg/detail/object_state__traits.hpp
[16.497s] -- Installing: /workspace/repo/install_diag/go2_apportation_msgs/include/go2_apportation_msgs/go2_apportation_msgs/msg/object_state.hpp
[16.497s] -- Installing: /workspace/repo/install_diag/go2_apportation_msgs/include/go2_apportation_msgs/go2_apportation_msgs/msg/throw_status.hpp
[16.497s] -- Installing: /workspace/repo/install_diag/go2_apportation_msgs/include/go2_apportation_msgs/go2_apportation_msgs/msg/rosidl_generator_cpp__visibility_control.hpp
[16.498s] -- Up-to-date: /workspace/repo/install_diag/go2_apportation_msgs/include/go2_apportation_msgs/go2_apportation_msgs/srv
[16.498s] -- Installing: /workspace/repo/install_diag/go2_apportation_msgs/include/go2_apportation_msgs/go2_apportation_msgs/srv/release_object.hpp
[16.498s] -- Up-to-date: /workspace/repo/install_diag/go2_apportation_msgs/include/go2_apportation_msgs/go2_apportation_msgs/srv/detail
[16.498s] -- Installing: /workspace/repo/install_diag/go2_apportation_msgs/include/go2_apportation_msgs/go2_apportation_msgs/srv/detail/release_object__builder.hpp
[16.498s] -- Installing: /workspace/repo/install_diag/go2_apportation_msgs/include/go2_apportation_msgs/go2_apportation_msgs/srv/detail/release_object__type_support.hpp
[16.499s] -- Installing: /workspace/repo/install_diag/go2_apportation_msgs/include/go2_apportation_msgs/go2_apportation_msgs/srv/detail/release_object__traits.hpp
[16.499s] -- Installing: /workspace/repo/install_diag/go2_apportation_msgs/include/go2_apportation_msgs/go2_apportation_msgs/srv/detail/release_object__struct.hpp
[16.499s] -- Up-to-date: /workspace/repo/install_diag/go2_apportation_msgs/include/go2_apportation_msgs/go2_apportation_msgs/action
[16.500s] -- Up-to-date: /workspace/repo/install_diag/go2_apportation_msgs/include/go2_apportation_msgs/go2_apportation_msgs/action/detail
[16.500s] -- Installing: /workspace/repo/install_diag/go2_apportation_msgs/include/go2_apportation_msgs/go2_apportation_msgs/action/detail/pick_object__traits.hpp
[16.500s] -- Installing: /workspace/repo/install_diag/go2_apportation_msgs/include/go2_apportation_msgs/go2_apportation_msgs/action/detail/pick_object__builder.hpp
[16.501s] -- Installing: /workspace/repo/install_diag/go2_apportation_msgs/include/go2_apportation_msgs/go2_apportation_msgs/action/detail/pick_object__struct.hpp
[16.501s] -- Installing: /workspace/repo/install_diag/go2_apportation_msgs/include/go2_apportation_msgs/go2_apportation_msgs/action/detail/pick_object__type_support.hpp
[16.501s] -- Installing: /workspace/repo/install_diag/go2_apportation_msgs/include/go2_apportation_msgs/go2_apportation_msgs/action/pick_object.hpp
[16.501s] -- Up-to-date: /workspace/repo/install_diag/go2_apportation_msgs/include/go2_apportation_msgs/go2_apportation_msgs
[16.501s] -- Up-to-date: /workspace/repo/install_diag/go2_apportation_msgs/include/go2_apportation_msgs/go2_apportation_msgs/msg
[16.502s] -- Installing: /workspace/repo/install_diag/go2_apportation_msgs/include/go2_apportation_msgs/go2_apportation_msgs/msg/rosidl_typesupport_fastrtps_cpp__visibility_control.h
[16.502s] -- Up-to-date: /workspace/repo/install_diag/go2_apportation_msgs/include/go2_apportation_msgs/go2_apportation_msgs/msg/detail
[16.502s] -- Installing: /workspace/repo/install_diag/go2_apportation_msgs/include/go2_apportation_msgs/go2_apportation_msgs/msg/detail/detection3_d__rosidl_typesupport_fastrtps_cpp.hpp
[16.502s] -- Installing: /workspace/repo/install_diag/go2_apportation_msgs/include/go2_apportation_msgs/go2_apportation_msgs/msg/detail/object_state__rosidl_typesupport_fastrtps_cpp.hpp
[16.502s] -- Installing: /workspace/repo/install_diag/go2_apportation_msgs/include/go2_apportation_msgs/go2_apportation_msgs/msg/detail/dds_fastrtps
[16.502s] -- Installing: /workspace/repo/install_diag/go2_apportation_msgs/include/go2_apportation_msgs/go2_apportation_msgs/msg/detail/throw_status__rosidl_typesupport_fastrtps_cpp.hpp
[16.502s] -- Installing: /workspace/repo/install_diag/go2_apportation_msgs/include/go2_apportation_msgs/go2_apportation_msgs/msg/detail/detection3_d_array__rosidl_typesupport_fastrtps_cpp.hpp
[16.503s] -- Up-to-date: /workspace/repo/install_diag/go2_apportation_msgs/include/go2_apportation_msgs/go2_apportation_msgs/srv
[16.503s] -- Up-to-date: /workspace/repo/install_diag/go2_apportation_msgs/include/go2_apportation_msgs/go2_apportation_msgs/srv/detail
[16.504s] -- Installing: /workspace/repo/install_diag/go2_apportation_msgs/include/go2_apportation_msgs/go2_apportation_msgs/srv/detail/release_object__rosidl_typesupport_fastrtps_cpp.hpp
[16.504s] -- Installing: /workspace/repo/install_diag/go2_apportation_msgs/include/go2_apportation_msgs/go2_apportation_msgs/srv/detail/dds_fastrtps
[16.504s] -- Up-to-date: /workspace/repo/install_diag/go2_apportation_msgs/include/go2_apportation_msgs/go2_apportation_msgs/action
[16.505s] -- Up-to-date: /workspace/repo/install_diag/go2_apportation_msgs/include/go2_apportation_msgs/go2_apportation_msgs/action/detail
[16.505s] -- Installing: /workspace/repo/install_diag/go2_apportation_msgs/include/go2_apportation_msgs/go2_apportation_msgs/action/detail/dds_fastrtps
[16.505s] -- Installing: /workspace/repo/install_diag/go2_apportation_msgs/include/go2_apportation_msgs/go2_apportation_msgs/action/detail/pick_object__rosidl_typesupport_fastrtps_cpp.hpp
[16.505s] -- Installing: /workspace/repo/install_diag/go2_apportation_msgs/lib/libgo2_apportation_msgs__rosidl_typesupport_fastrtps_cpp.so
[16.506s] -- Set runtime path of "/workspace/repo/install_diag/go2_apportation_msgs/lib/libgo2_apportation_msgs__rosidl_typesupport_fastrtps_cpp.so" to ""
[16.506s] -- Up-to-date: /workspace/repo/install_diag/go2_apportation_msgs/include/go2_apportation_msgs/go2_apportation_msgs
[16.506s] -- Up-to-date: /workspace/repo/install_diag/go2_apportation_msgs/include/go2_apportation_msgs/go2_apportation_msgs/msg
[16.506s] -- Up-to-date: /workspace/repo/install_diag/go2_apportation_msgs/include/go2_apportation_msgs/go2_apportation_msgs/msg/detail
[16.506s] -- Installing: /workspace/repo/install_diag/go2_apportation_msgs/include/go2_apportation_msgs/go2_apportation_msgs/msg/detail/throw_status__type_support.cpp
[16.506s] -- Installing: /workspace/repo/install_diag/go2_apportation_msgs/include/go2_apportation_msgs/go2_apportation_msgs/msg/detail/detection3_d__rosidl_typesupport_introspection_cpp.hpp
[16.506s] -- Installing: /workspace/repo/install_diag/go2_apportation_msgs/include/go2_apportation_msgs/go2_apportation_msgs/msg/detail/object_state__type_support.cpp
[16.507s] -- Installing: /workspace/repo/install_diag/go2_apportation_msgs/include/go2_apportation_msgs/go2_apportation_msgs/msg/detail/object_state__rosidl_typesupport_introspection_cpp.hpp
[16.507s] -- Installing: /workspace/repo/install_diag/go2_apportation_msgs/include/go2_apportation_msgs/go2_apportation_msgs/msg/detail/detection3_d_array__type_support.cpp
[16.507s] -- Installing: /workspace/repo/install_diag/go2_apportation_msgs/include/go2_apportation_msgs/go2_apportation_msgs/msg/detail/detection3_d__type_support.cpp
[16.507s] -- Installing: /workspace/repo/install_diag/go2_apportation_msgs/include/go2_apportation_msgs/go2_apportation_msgs/msg/detail/throw_status__rosidl_typesupport_introspection_cpp.hpp
[16.507s] -- Installing: /workspace/repo/install_diag/go2_apportation_msgs/include/go2_apportation_msgs/go2_apportation_msgs/msg/detail/detection3_d_array__rosidl_typesupport_introspection_cpp.hpp
[16.507s] -- Up-to-date: /workspace/repo/install_diag/go2_apportation_msgs/include/go2_apportation_msgs/go2_apportation_msgs/srv
[16.507s] -- Up-to-date: /workspace/repo/install_diag/go2_apportation_msgs/include/go2_apportation_msgs/go2_apportation_msgs/srv/detail
[16.507s] -- Installing: /workspace/repo/install_diag/go2_apportation_msgs/include/go2_apportation_msgs/go2_apportation_msgs/srv/detail/release_object__type_support.cpp
[16.508s] -- Installing: /workspace/repo/install_diag/go2_apportation_msgs/include/go2_apportation_msgs/go2_apportation_msgs/srv/detail/release_object__rosidl_typesupport_introspection_cpp.hpp
[16.508s] -- Up-to-date: /workspace/repo/install_diag/go2_apportation_msgs/include/go2_apportation_msgs/go2_apportation_msgs/action
[16.508s] -- Up-to-date: /workspace/repo/install_diag/go2_apportation_msgs/include/go2_apportation_msgs/go2_apportation_msgs/action/detail
[16.508s] -- Installing: /workspace/repo/install_diag/go2_apportation_msgs/include/go2_apportation_msgs/go2_apportation_msgs/action/detail/pick_object__rosidl_typesupport_introspection_cpp.hpp
[16.509s] -- Installing: /workspace/repo/install_diag/go2_apportation_msgs/include/go2_apportation_msgs/go2_apportation_msgs/action/detail/pick_object__type_support.cpp
[16.509s] -- Installing: /workspace/repo/install_diag/go2_apportation_msgs/lib/libgo2_apportation_msgs__rosidl_typesupport_introspection_cpp.so
[16.509s] -- Set runtime path of "/workspace/repo/install_diag/go2_apportation_msgs/lib/libgo2_apportation_msgs__rosidl_typesupport_introspection_cpp.so" to ""
[16.509s] -- Installing: /workspace/repo/install_diag/go2_apportation_msgs/lib/libgo2_apportation_msgs__rosidl_typesupport_cpp.so
[16.509s] -- Set runtime path of "/workspace/repo/install_diag/go2_apportation_msgs/lib/libgo2_apportation_msgs__rosidl_typesupport_cpp.so" to ""
[16.509s] -- Installing: /workspace/repo/install_diag/go2_apportation_msgs/share/go2_apportation_msgs/environment/pythonpath.sh
[16.510s] -- Installing: /workspace/repo/install_diag/go2_apportation_msgs/share/go2_apportation_msgs/environment/pythonpath.dsv
[16.510s] -- Installing: /workspace/repo/install_diag/go2_apportation_msgs/local/lib/python3.10/dist-packages/go2_apportation_msgs-0.0.0-py3.10.egg-info
[16.510s] -- Installing: /workspace/repo/install_diag/go2_apportation_msgs/local/lib/python3.10/dist-packages/go2_apportation_msgs-0.0.0-py3.10.egg-info/top_level.txt
[16.510s] -- Installing: /workspace/repo/install_diag/go2_apportation_msgs/local/lib/python3.10/dist-packages/go2_apportation_msgs-0.0.0-py3.10.egg-info/PKG-INFO
[16.510s] -- Installing: /workspace/repo/install_diag/go2_apportation_msgs/local/lib/python3.10/dist-packages/go2_apportation_msgs-0.0.0-py3.10.egg-info/dependency_links.txt
[16.510s] -- Installing: /workspace/repo/install_diag/go2_apportation_msgs/local/lib/python3.10/dist-packages/go2_apportation_msgs-0.0.0-py3.10.egg-info/SOURCES.txt
[16.511s] -- Installing: /workspace/repo/install_diag/go2_apportation_msgs/local/lib/python3.10/dist-packages/go2_apportation_msgs
[16.511s] -- Installing: /workspace/repo/install_diag/go2_apportation_msgs/local/lib/python3.10/dist-packages/go2_apportation_msgs/_go2_apportation_msgs_s.ep.rosidl_typesupport_c.c
[16.511s] -- Installing: /workspace/repo/install_diag/go2_apportation_msgs/local/lib/python3.10/dist-packages/go2_apportation_msgs/go2_apportation_msgs_s__rosidl_typesupport_c.cpython-310-aarch64-linux-gnu.so
[16.511s] -- Installing: /workspace/repo/install_diag/go2_apportation_msgs/local/lib/python3.10/dist-packages/go2_apportation_msgs/_go2_apportation_msgs_s.ep.rosidl_typesupport_fastrtps_c.c
[16.511s] -- Installing: /workspace/repo/install_diag/go2_apportation_msgs/local/lib/python3.10/dist-packages/go2_apportation_msgs/__init__.py
[16.512s] -- Installing: /workspace/repo/install_diag/go2_apportation_msgs/local/lib/python3.10/dist-packages/go2_apportation_msgs/msg
[16.512s] -- Installing: /workspace/repo/install_diag/go2_apportation_msgs/local/lib/python3.10/dist-packages/go2_apportation_msgs/msg/_throw_status_s.c
[16.512s] -- Installing: /workspace/repo/install_diag/go2_apportation_msgs/local/lib/python3.10/dist-packages/go2_apportation_msgs/msg/_detection3_d_array.py
[16.512s] -- Installing: /workspace/repo/install_diag/go2_apportation_msgs/local/lib/python3.10/dist-packages/go2_apportation_msgs/msg/_detection3_d_array_s.c
[16.513s] -- Installing: /workspace/repo/install_diag/go2_apportation_msgs/local/lib/python3.10/dist-packages/go2_apportation_msgs/msg/_throw_status.py
[16.513s] -- Installing: /workspace/repo/install_diag/go2_apportation_msgs/local/lib/python3.10/dist-packages/go2_apportation_msgs/msg/__init__.py
[16.513s] -- Installing: /workspace/repo/install_diag/go2_apportation_msgs/local/lib/python3.10/dist-packages/go2_apportation_msgs/msg/_detection3_d.py
[16.513s] -- Installing: /workspace/repo/install_diag/go2_apportation_msgs/local/lib/python3.10/dist-packages/go2_apportation_msgs/msg/_object_state.py
[16.514s] -- Installing: /workspace/repo/install_diag/go2_apportation_msgs/local/lib/python3.10/dist-packages/go2_apportation_msgs/msg/_detection3_d_s.c
[16.514s] -- Installing: /workspace/repo/install_diag/go2_apportation_msgs/local/lib/python3.10/dist-packages/go2_apportation_msgs/msg/_object_state_s.c
[16.514s] -- Installing: /workspace/repo/install_diag/go2_apportation_msgs/local/lib/python3.10/dist-packages/go2_apportation_msgs/go2_apportation_msgs_s__rosidl_typesupport_fastrtps_c.cpython-310-aarch64-linux-gnu.so
[16.514s] -- Installing: /workspace/repo/install_diag/go2_apportation_msgs/local/lib/python3.10/dist-packages/go2_apportation_msgs/srv
[16.515s] -- Installing: /workspace/repo/install_diag/go2_apportation_msgs/local/lib/python3.10/dist-packages/go2_apportation_msgs/srv/_release_object_s.c
[16.515s] -- Installing: /workspace/repo/install_diag/go2_apportation_msgs/local/lib/python3.10/dist-packages/go2_apportation_msgs/srv/_release_object.py
[16.515s] -- Installing: /workspace/repo/install_diag/go2_apportation_msgs/local/lib/python3.10/dist-packages/go2_apportation_msgs/srv/__init__.py
[16.515s] -- Installing: /workspace/repo/install_diag/go2_apportation_msgs/local/lib/python3.10/dist-packages/go2_apportation_msgs/libgo2_apportation_msgs__rosidl_generator_py.so
[16.515s] -- Installing: /workspace/repo/install_diag/go2_apportation_msgs/local/lib/python3.10/dist-packages/go2_apportation_msgs/_go2_apportation_msgs_s.ep.rosidl_typesupport_introspection_c.c
[16.516s] -- Installing: /workspace/repo/install_diag/go2_apportation_msgs/local/lib/python3.10/dist-packages/go2_apportation_msgs/go2_apportation_msgs_s__rosidl_typesupport_introspection_c.cpython-310-aarch64-linux-gnu.so
[16.516s] -- Installing: /workspace/repo/install_diag/go2_apportation_msgs/local/lib/python3.10/dist-packages/go2_apportation_msgs/action
[16.516s] -- Installing: /workspace/repo/install_diag/go2_apportation_msgs/local/lib/python3.10/dist-packages/go2_apportation_msgs/action/_pick_object.py
[16.517s] -- Installing: /workspace/repo/install_diag/go2_apportation_msgs/local/lib/python3.10/dist-packages/go2_apportation_msgs/action/__init__.py
[16.517s] -- Installing: /workspace/repo/install_diag/go2_apportation_msgs/local/lib/python3.10/dist-packages/go2_apportation_msgs/action/_pick_object_s.c
[16.614s] Listing '/workspace/repo/install_diag/go2_apportation_msgs/local/lib/python3.10/dist-packages/go2_apportation_msgs'...
[16.614s] Compiling '/workspace/repo/install_diag/go2_apportation_msgs/local/lib/python3.10/dist-packages/go2_apportation_msgs/__init__.py'...
[16.614s] Listing '/workspace/repo/install_diag/go2_apportation_msgs/local/lib/python3.10/dist-packages/go2_apportation_msgs/action'...
[16.614s] Compiling '/workspace/repo/install_diag/go2_apportation_msgs/local/lib/python3.10/dist-packages/go2_apportation_msgs/action/__init__.py'...
[16.614s] Compiling '/workspace/repo/install_diag/go2_apportation_msgs/local/lib/python3.10/dist-packages/go2_apportation_msgs/action/_pick_object.py'...
[16.614s] Listing '/workspace/repo/install_diag/go2_apportation_msgs/local/lib/python3.10/dist-packages/go2_apportation_msgs/msg'...
[16.614s] Compiling '/workspace/repo/install_diag/go2_apportation_msgs/local/lib/python3.10/dist-packages/go2_apportation_msgs/msg/__init__.py'...
[16.614s] Compiling '/workspace/repo/install_diag/go2_apportation_msgs/local/lib/python3.10/dist-packages/go2_apportation_msgs/msg/_detection3_d.py'...
[16.615s] Compiling '/workspace/repo/install_diag/go2_apportation_msgs/local/lib/python3.10/dist-packages/go2_apportation_msgs/msg/_detection3_d_array.py'...
[16.615s] Compiling '/workspace/repo/install_diag/go2_apportation_msgs/local/lib/python3.10/dist-packages/go2_apportation_msgs/msg/_object_state.py'...
[16.615s] Compiling '/workspace/repo/install_diag/go2_apportation_msgs/local/lib/python3.10/dist-packages/go2_apportation_msgs/msg/_throw_status.py'...
[16.615s] Listing '/workspace/repo/install_diag/go2_apportation_msgs/local/lib/python3.10/dist-packages/go2_apportation_msgs/srv'...
[16.615s] Compiling '/workspace/repo/install_diag/go2_apportation_msgs/local/lib/python3.10/dist-packages/go2_apportation_msgs/srv/__init__.py'...
[16.615s] Compiling '/workspace/repo/install_diag/go2_apportation_msgs/local/lib/python3.10/dist-packages/go2_apportation_msgs/srv/_release_object.py'...
[16.627s] -- Installing: /workspace/repo/install_diag/go2_apportation_msgs/local/lib/python3.10/dist-packages/go2_apportation_msgs/go2_apportation_msgs_s__rosidl_typesupport_fastrtps_c.cpython-310-aarch64-linux-gnu.so
[16.627s] -- Set runtime path of "/workspace/repo/install_diag/go2_apportation_msgs/local/lib/python3.10/dist-packages/go2_apportation_msgs/go2_apportation_msgs_s__rosidl_typesupport_fastrtps_c.cpython-310-aarch64-linux-gnu.so" to ""
[16.628s] -- Installing: /workspace/repo/install_diag/go2_apportation_msgs/local/lib/python3.10/dist-packages/go2_apportation_msgs/go2_apportation_msgs_s__rosidl_typesupport_introspection_c.cpython-310-aarch64-linux-gnu.so
[16.628s] -- Set runtime path of "/workspace/repo/install_diag/go2_apportation_msgs/local/lib/python3.10/dist-packages/go2_apportation_msgs/go2_apportation_msgs_s__rosidl_typesupport_introspection_c.cpython-310-aarch64-linux-gnu.so" to ""
[16.629s] -- Installing: /workspace/repo/install_diag/go2_apportation_msgs/local/lib/python3.10/dist-packages/go2_apportation_msgs/go2_apportation_msgs_s__rosidl_typesupport_c.cpython-310-aarch64-linux-gnu.so
[16.630s] -- Set runtime path of "/workspace/repo/install_diag/go2_apportation_msgs/local/lib/python3.10/dist-packages/go2_apportation_msgs/go2_apportation_msgs_s__rosidl_typesupport_c.cpython-310-aarch64-linux-gnu.so" to ""
[16.630s] -- Installing: /workspace/repo/install_diag/go2_apportation_msgs/lib/libgo2_apportation_msgs__rosidl_generator_py.so
[16.631s] -- Set runtime path of "/workspace/repo/install_diag/go2_apportation_msgs/lib/libgo2_apportation_msgs__rosidl_generator_py.so" to ""
[16.631s] -- Installing: /workspace/repo/install_diag/go2_apportation_msgs/share/go2_apportation_msgs/msg/Detection3D.idl
[16.632s] -- Installing: /workspace/repo/install_diag/go2_apportation_msgs/share/go2_apportation_msgs/msg/Detection3DArray.idl
[16.632s] -- Installing: /workspace/repo/install_diag/go2_apportation_msgs/share/go2_apportation_msgs/msg/ObjectState.idl
[16.633s] -- Installing: /workspace/repo/install_diag/go2_apportation_msgs/share/go2_apportation_msgs/msg/ThrowStatus.idl
[16.634s] -- Installing: /workspace/repo/install_diag/go2_apportation_msgs/share/go2_apportation_msgs/action/PickObject.idl
[16.634s] -- Installing: /workspace/repo/install_diag/go2_apportation_msgs/share/go2_apportation_msgs/srv/ReleaseObject.idl
[16.635s] -- Installing: /workspace/repo/install_diag/go2_apportation_msgs/share/go2_apportation_msgs/msg/Detection3D.msg
[16.635s] -- Installing: /workspace/repo/install_diag/go2_apportation_msgs/share/go2_apportation_msgs/msg/Detection3DArray.msg
[16.635s] -- Installing: /workspace/repo/install_diag/go2_apportation_msgs/share/go2_apportation_msgs/msg/ObjectState.msg
[16.636s] -- Installing: /workspace/repo/install_diag/go2_apportation_msgs/share/go2_apportation_msgs/msg/ThrowStatus.msg
[16.636s] -- Installing: /workspace/repo/install_diag/go2_apportation_msgs/share/go2_apportation_msgs/action/PickObject.action
[16.636s] -- Installing: /workspace/repo/install_diag/go2_apportation_msgs/share/go2_apportation_msgs/srv/ReleaseObject.srv
[16.636s] -- Installing: /workspace/repo/install_diag/go2_apportation_msgs/share/go2_apportation_msgs/srv/ReleaseObject_Request.msg
[16.636s] -- Installing: /workspace/repo/install_diag/go2_apportation_msgs/share/go2_apportation_msgs/srv/ReleaseObject_Response.msg
[16.636s] -- Installing: /workspace/repo/install_diag/go2_apportation_msgs/share/ament_index/resource_index/package_run_dependencies/go2_apportation_msgs
[16.637s] -- Installing: /workspace/repo/install_diag/go2_apportation_msgs/share/ament_index/resource_index/parent_prefix_path/go2_apportation_msgs
[16.638s] -- Installing: /workspace/repo/install_diag/go2_apportation_msgs/share/go2_apportation_msgs/environment/ament_prefix_path.sh
[16.638s] -- Installing: /workspace/repo/install_diag/go2_apportation_msgs/share/go2_apportation_msgs/environment/ament_prefix_path.dsv
[16.638s] -- Installing: /workspace/repo/install_diag/go2_apportation_msgs/share/go2_apportation_msgs/environment/path.sh
[16.638s] -- Installing: /workspace/repo/install_diag/go2_apportation_msgs/share/go2_apportation_msgs/environment/path.dsv
[16.639s] -- Installing: /workspace/repo/install_diag/go2_apportation_msgs/share/go2_apportation_msgs/local_setup.bash
[16.639s] -- Installing: /workspace/repo/install_diag/go2_apportation_msgs/share/go2_apportation_msgs/local_setup.sh
[16.639s] -- Installing: /workspace/repo/install_diag/go2_apportation_msgs/share/go2_apportation_msgs/local_setup.zsh
[16.639s] -- Installing: /workspace/repo/install_diag/go2_apportation_msgs/share/go2_apportation_msgs/local_setup.dsv
[16.639s] -- Installing: /workspace/repo/install_diag/go2_apportation_msgs/share/go2_apportation_msgs/package.dsv
[16.639s] -- Installing: /workspace/repo/install_diag/go2_apportation_msgs/share/ament_index/resource_index/packages/go2_apportation_msgs
[16.640s] -- Installing: /workspace/repo/install_diag/go2_apportation_msgs/share/go2_apportation_msgs/cmake/export_go2_apportation_msgs__rosidl_generator_cExport.cmake
[16.640s] -- Installing: /workspace/repo/install_diag/go2_apportation_msgs/share/go2_apportation_msgs/cmake/export_go2_apportation_msgs__rosidl_generator_cExport-noconfig.cmake
[16.640s] -- Installing: /workspace/repo/install_diag/go2_apportation_msgs/share/go2_apportation_msgs/cmake/export_go2_apportation_msgs__rosidl_typesupport_fastrtps_cExport.cmake
[16.640s] -- Installing: /workspace/repo/install_diag/go2_apportation_msgs/share/go2_apportation_msgs/cmake/export_go2_apportation_msgs__rosidl_typesupport_fastrtps_cExport-noconfig.cmake
[16.640s] -- Installing: /workspace/repo/install_diag/go2_apportation_msgs/share/go2_apportation_msgs/cmake/go2_apportation_msgs__rosidl_typesupport_introspection_cExport.cmake
[16.641s] -- Installing: /workspace/repo/install_diag/go2_apportation_msgs/share/go2_apportation_msgs/cmake/go2_apportation_msgs__rosidl_typesupport_introspection_cExport-noconfig.cmake
[16.642s] -- Installing: /workspace/repo/install_diag/go2_apportation_msgs/share/go2_apportation_msgs/cmake/go2_apportation_msgs__rosidl_typesupport_cExport.cmake
[16.642s] -- Installing: /workspace/repo/install_diag/go2_apportation_msgs/share/go2_apportation_msgs/cmake/go2_apportation_msgs__rosidl_typesupport_cExport-noconfig.cmake
[16.642s] -- Installing: /workspace/repo/install_diag/go2_apportation_msgs/share/go2_apportation_msgs/cmake/export_go2_apportation_msgs__rosidl_generator_cppExport.cmake
[16.642s] -- Installing: /workspace/repo/install_diag/go2_apportation_msgs/share/go2_apportation_msgs/cmake/export_go2_apportation_msgs__rosidl_typesupport_fastrtps_cppExport.cmake
[16.642s] -- Installing: /workspace/repo/install_diag/go2_apportation_msgs/share/go2_apportation_msgs/cmake/export_go2_apportation_msgs__rosidl_typesupport_fastrtps_cppExport-noconfig.cmake
[16.642s] -- Installing: /workspace/repo/install_diag/go2_apportation_msgs/share/go2_apportation_msgs/cmake/go2_apportation_msgs__rosidl_typesupport_introspection_cppExport.cmake
[16.643s] -- Installing: /workspace/repo/install_diag/go2_apportation_msgs/share/go2_apportation_msgs/cmake/go2_apportation_msgs__rosidl_typesupport_introspection_cppExport-noconfig.cmake
[16.643s] -- Installing: /workspace/repo/install_diag/go2_apportation_msgs/share/go2_apportation_msgs/cmake/go2_apportation_msgs__rosidl_typesupport_cppExport.cmake
[16.643s] -- Installing: /workspace/repo/install_diag/go2_apportation_msgs/share/go2_apportation_msgs/cmake/go2_apportation_msgs__rosidl_typesupport_cppExport-noconfig.cmake
[16.643s] -- Installing: /workspace/repo/install_diag/go2_apportation_msgs/share/go2_apportation_msgs/cmake/export_go2_apportation_msgs__rosidl_generator_pyExport.cmake
[16.643s] -- Installing: /workspace/repo/install_diag/go2_apportation_msgs/share/go2_apportation_msgs/cmake/export_go2_apportation_msgs__rosidl_generator_pyExport-noconfig.cmake
[16.644s] -- Installing: /workspace/repo/install_diag/go2_apportation_msgs/share/go2_apportation_msgs/cmake/rosidl_cmake-extras.cmake
[16.644s] -- Installing: /workspace/repo/install_diag/go2_apportation_msgs/share/go2_apportation_msgs/cmake/ament_cmake_export_dependencies-extras.cmake
[16.644s] -- Installing: /workspace/repo/install_diag/go2_apportation_msgs/share/go2_apportation_msgs/cmake/ament_cmake_export_include_directories-extras.cmake
[16.645s] -- Installing: /workspace/repo/install_diag/go2_apportation_msgs/share/go2_apportation_msgs/cmake/ament_cmake_export_libraries-extras.cmake
[16.645s] -- Installing: /workspace/repo/install_diag/go2_apportation_msgs/share/go2_apportation_msgs/cmake/ament_cmake_export_targets-extras.cmake
[16.645s] -- Installing: /workspace/repo/install_diag/go2_apportation_msgs/share/go2_apportation_msgs/cmake/rosidl_cmake_export_typesupport_targets-extras.cmake
[16.645s] -- Installing: /workspace/repo/install_diag/go2_apportation_msgs/share/go2_apportation_msgs/cmake/rosidl_cmake_export_typesupport_libraries-extras.cmake
[16.646s] -- Installing: /workspace/repo/install_diag/go2_apportation_msgs/share/go2_apportation_msgs/cmake/go2_apportation_msgsConfig.cmake
[16.646s] -- Installing: /workspace/repo/install_diag/go2_apportation_msgs/share/go2_apportation_msgs/cmake/go2_apportation_msgsConfig-version.cmake
[16.646s] -- Installing: /workspace/repo/install_diag/go2_apportation_msgs/share/go2_apportation_msgs/package.xml
[16.651s] Invoked command in '/workspace/repo/build_diag/go2_apportation_msgs' returned '0': /usr/bin/cmake --install /workspace/repo/build_diag/go2_apportation_msgs
