running egg_info
writing ../../../build_container/lidar_processor/lidar_processor.egg-info/PKG-INFO
writing dependency_links to ../../../build_container/lidar_processor/lidar_processor.egg-info/dependency_links.txt
writing entry points to ../../../build_container/lidar_processor/lidar_processor.egg-info/entry_points.txt
writing requirements to ../../../build_container/lidar_processor/lidar_processor.egg-info/requires.txt
writing top-level names to ../../../build_container/lidar_processor/lidar_processor.egg-info/top_level.txt
reading manifest file '../../../build_container/lidar_processor/lidar_processor.egg-info/SOURCES.txt'
writing manifest file '../../../build_container/lidar_processor/lidar_processor.egg-info/SOURCES.txt'
running build
running build_py
running install
running install_lib
running install_data
running install_egg_info
removing '/workspace/repo/install_container/lidar_processor/lib/python3.10/site-packages/lidar_processor-1.0.0-py3.10.egg-info' (and everything under it)
Copying ../../../build_container/lidar_processor/lidar_processor.egg-info to /workspace/repo/install_container/lidar_processor/lib/python3.10/site-packages/lidar_processor-1.0.0-py3.10.egg-info
running install_scripts
Installing lidar_to_pointcloud script to /workspace/repo/install_container/lidar_processor/lib/lidar_processor
Installing pointcloud_aggregator script to /workspace/repo/install_container/lidar_processor/lib/lidar_processor
writing list of installed files to '/workspace/repo/build_container/lidar_processor/install.log'
