[0.246s] DEBUG:colcon:Command line arguments: ['/usr/bin/colcon', '--log-base', 'log_container', 'build', '--build-base', 'build_container', '--install-base', 'install_container']
[0.246s] DEBUG:colcon:Parsed command line arguments: Namespace(log_base='log_container', log_level=None, verb_name='build', build_base='/workspace/repo/build_container', install_base='/workspace/repo/install_container', merge_install=False, symlink_install=False, test_result_base=None, continue_on_error=False, executor='parallel', parallel_workers=6, event_handlers=None, ignore_user_meta=False, metas=['./colcon.meta'], base_paths=['.'], packages_ignore=None, packages_ignore_regex=None, paths=None, packages_up_to=None, packages_up_to_regex=None, packages_above=None, packages_above_and_dependencies=None, packages_above_depth=None, packages_select_by_dep=None, packages_skip_by_dep=None, packages_skip_up_to=None, packages_select_build_failed=False, packages_skip_build_finished=False, packages_select_test_failures=False, packages_skip_test_passed=False, packages_select=None, packages_skip=None, packages_select_regex=None, packages_skip_regex=None, packages_start=None, packages_end=None, cmake_args=None, cmake_target=None, cmake_target_skip_unavailable=False, cmake_clean_cache=False, cmake_clean_first=False, cmake_force_configure=False, ament_cmake_args=None, catkin_cmake_args=None, catkin_skip_building_tests=False, mixin_files=None, mixin=None, verb_parser=<colcon_mixin.mixin.mixin_argument.MixinArgumentDecorator object at 0xffffb3851b10>, verb_extension=<colcon_core.verb.build.BuildVerb object at 0xffffb39768f0>, main=<bound method BuildVerb.main of <colcon_core.verb.build.BuildVerb object at 0xffffb39768f0>>, mixin_verb=('build',))
[0.502s] Level 1:colcon.colcon_core.package_discovery:discover_packages(colcon_meta) check parameters
[0.502s] Level 1:colcon.colcon_core.package_discovery:discover_packages(recursive) check parameters
[0.502s] Level 1:colcon.colcon_core.package_discovery:discover_packages(ignore) check parameters
[0.502s] Level 1:colcon.colcon_core.package_discovery:discover_packages(path) check parameters
[0.503s] Level 1:colcon.colcon_core.package_discovery:discover_packages(colcon_meta) discover
[0.503s] Level 1:colcon.colcon_core.package_discovery:discover_packages(recursive) discover
[0.503s] INFO:colcon.colcon_core.package_discovery:Crawling recursively for packages in '/workspace/repo'
[0.503s] Level 1:colcon.colcon_core.package_identification:_identify(.) by extensions ['ignore', 'ignore_ament_install']
[0.503s] Level 1:colcon.colcon_core.package_identification:_identify(.) by extension 'ignore'
[0.504s] Level 1:colcon.colcon_core.package_identification:_identify(.) by extension 'ignore_ament_install'
[0.504s] Level 1:colcon.colcon_core.package_identification:_identify(.) by extensions ['colcon_pkg']
[0.504s] Level 1:colcon.colcon_core.package_identification:_identify(.) by extension 'colcon_pkg'
[0.504s] Level 1:colcon.colcon_core.package_identification:_identify(.) by extensions ['colcon_meta']
[0.504s] Level 1:colcon.colcon_core.package_identification:_identify(.) by extension 'colcon_meta'
[0.504s] Level 1:colcon.colcon_core.package_identification:_identify(.) by extensions ['ros']
[0.504s] Level 1:colcon.colcon_core.package_identification:_identify(.) by extension 'ros'
[0.529s] Level 1:colcon.colcon_core.package_identification:_identify(.) by extensions ['cmake', 'python']
[0.529s] Level 1:colcon.colcon_core.package_identification:_identify(.) by extension 'cmake'
[0.529s] Level 1:colcon.colcon_core.package_identification:_identify(.) by extension 'python'
[0.529s] Level 1:colcon.colcon_core.package_identification:_identify(.) by extensions ['python_setup_py']
[0.529s] Level 1:colcon.colcon_core.package_identification:_identify(.) by extension 'python_setup_py'
[0.530s] Level 1:colcon.colcon_core.package_identification:_identify(artifacts) by extensions ['ignore', 'ignore_ament_install']
[0.530s] Level 1:colcon.colcon_core.package_identification:_identify(artifacts) by extension 'ignore'
[0.530s] Level 1:colcon.colcon_core.package_identification:_identify(artifacts) by extension 'ignore_ament_install'
[0.530s] Level 1:colcon.colcon_core.package_identification:_identify(artifacts) by extensions ['colcon_pkg']
[0.530s] Level 1:colcon.colcon_core.package_identification:_identify(artifacts) by extension 'colcon_pkg'
[0.531s] Level 1:colcon.colcon_core.package_identification:_identify(artifacts) by extensions ['colcon_meta']
[0.531s] Level 1:colcon.colcon_core.package_identification:_identify(artifacts) by extension 'colcon_meta'
[0.531s] Level 1:colcon.colcon_core.package_identification:_identify(artifacts) by extensions ['ros']
[0.531s] Level 1:colcon.colcon_core.package_identification:_identify(artifacts) by extension 'ros'
[0.531s] Level 1:colcon.colcon_core.package_identification:_identify(artifacts) by extensions ['cmake', 'python']
[0.531s] Level 1:colcon.colcon_core.package_identification:_identify(artifacts) by extension 'cmake'
[0.531s] Level 1:colcon.colcon_core.package_identification:_identify(artifacts) by extension 'python'
[0.531s] Level 1:colcon.colcon_core.package_identification:_identify(artifacts) by extensions ['python_setup_py']
[0.531s] Level 1:colcon.colcon_core.package_identification:_identify(artifacts) by extension 'python_setup_py'
[0.532s] Level 1:colcon.colcon_core.package_identification:_identify(artifacts/checks) by extensions ['ignore', 'ignore_ament_install']
[0.532s] Level 1:colcon.colcon_core.package_identification:_identify(artifacts/checks) by extension 'ignore'
[0.532s] Level 1:colcon.colcon_core.package_identification:_identify(artifacts/checks) by extension 'ignore_ament_install'
[0.532s] Level 1:colcon.colcon_core.package_identification:_identify(artifacts/checks) by extensions ['colcon_pkg']
[0.532s] Level 1:colcon.colcon_core.package_identification:_identify(artifacts/checks) by extension 'colcon_pkg'
[0.532s] Level 1:colcon.colcon_core.package_identification:_identify(artifacts/checks) by extensions ['colcon_meta']
[0.532s] Level 1:colcon.colcon_core.package_identification:_identify(artifacts/checks) by extension 'colcon_meta'
[0.532s] Level 1:colcon.colcon_core.package_identification:_identify(artifacts/checks) by extensions ['ros']
[0.533s] Level 1:colcon.colcon_core.package_identification:_identify(artifacts/checks) by extension 'ros'
[0.533s] Level 1:colcon.colcon_core.package_identification:_identify(artifacts/checks) by extensions ['cmake', 'python']
[0.533s] Level 1:colcon.colcon_core.package_identification:_identify(artifacts/checks) by extension 'cmake'
[0.533s] Level 1:colcon.colcon_core.package_identification:_identify(artifacts/checks) by extension 'python'
[0.533s] Level 1:colcon.colcon_core.package_identification:_identify(artifacts/checks) by extensions ['python_setup_py']
[0.533s] Level 1:colcon.colcon_core.package_identification:_identify(artifacts/checks) by extension 'python_setup_py'
[0.533s] Level 1:colcon.colcon_core.package_identification:_identify(artifacts/checks/20260303_182530) by extensions ['ignore', 'ignore_ament_install']
[0.533s] Level 1:colcon.colcon_core.package_identification:_identify(artifacts/checks/20260303_182530) by extension 'ignore'
[0.534s] Level 1:colcon.colcon_core.package_identification:_identify(artifacts/checks/20260303_182530) by extension 'ignore_ament_install'
[0.534s] Level 1:colcon.colcon_core.package_identification:_identify(artifacts/checks/20260303_182530) by extensions ['colcon_pkg']
[0.534s] Level 1:colcon.colcon_core.package_identification:_identify(artifacts/checks/20260303_182530) by extension 'colcon_pkg'
[0.534s] Level 1:colcon.colcon_core.package_identification:_identify(artifacts/checks/20260303_182530) by extensions ['colcon_meta']
[0.534s] Level 1:colcon.colcon_core.package_identification:_identify(artifacts/checks/20260303_182530) by extension 'colcon_meta'
[0.534s] Level 1:colcon.colcon_core.package_identification:_identify(artifacts/checks/20260303_182530) by extensions ['ros']
[0.534s] Level 1:colcon.colcon_core.package_identification:_identify(artifacts/checks/20260303_182530) by extension 'ros'
[0.534s] Level 1:colcon.colcon_core.package_identification:_identify(artifacts/checks/20260303_182530) by extensions ['cmake', 'python']
[0.534s] Level 1:colcon.colcon_core.package_identification:_identify(artifacts/checks/20260303_182530) by extension 'cmake'
[0.535s] Level 1:colcon.colcon_core.package_identification:_identify(artifacts/checks/20260303_182530) by extension 'python'
[0.535s] Level 1:colcon.colcon_core.package_identification:_identify(artifacts/checks/20260303_182530) by extensions ['python_setup_py']
[0.535s] Level 1:colcon.colcon_core.package_identification:_identify(artifacts/checks/20260303_182530) by extension 'python_setup_py'
[0.535s] Level 1:colcon.colcon_core.package_identification:_identify(artifacts/checks/20260303_182614) by extensions ['ignore', 'ignore_ament_install']
[0.535s] Level 1:colcon.colcon_core.package_identification:_identify(artifacts/checks/20260303_182614) by extension 'ignore'
[0.535s] Level 1:colcon.colcon_core.package_identification:_identify(artifacts/checks/20260303_182614) by extension 'ignore_ament_install'
[0.535s] Level 1:colcon.colcon_core.package_identification:_identify(artifacts/checks/20260303_182614) by extensions ['colcon_pkg']
[0.536s] Level 1:colcon.colcon_core.package_identification:_identify(artifacts/checks/20260303_182614) by extension 'colcon_pkg'
[0.536s] Level 1:colcon.colcon_core.package_identification:_identify(artifacts/checks/20260303_182614) by extensions ['colcon_meta']
[0.536s] Level 1:colcon.colcon_core.package_identification:_identify(artifacts/checks/20260303_182614) by extension 'colcon_meta'
[0.536s] Level 1:colcon.colcon_core.package_identification:_identify(artifacts/checks/20260303_182614) by extensions ['ros']
[0.536s] Level 1:colcon.colcon_core.package_identification:_identify(artifacts/checks/20260303_182614) by extension 'ros'
[0.536s] Level 1:colcon.colcon_core.package_identification:_identify(artifacts/checks/20260303_182614) by extensions ['cmake', 'python']
[0.536s] Level 1:colcon.colcon_core.package_identification:_identify(artifacts/checks/20260303_182614) by extension 'cmake'
[0.536s] Level 1:colcon.colcon_core.package_identification:_identify(artifacts/checks/20260303_182614) by extension 'python'
[0.536s] Level 1:colcon.colcon_core.package_identification:_identify(artifacts/checks/20260303_182614) by extensions ['python_setup_py']
[0.536s] Level 1:colcon.colcon_core.package_identification:_identify(artifacts/checks/20260303_182614) by extension 'python_setup_py'
[0.537s] Level 1:colcon.colcon_core.package_identification:_identify(artifacts/checks/20260303_182717) by extensions ['ignore', 'ignore_ament_install']
[0.537s] Level 1:colcon.colcon_core.package_identification:_identify(artifacts/checks/20260303_182717) by extension 'ignore'
[0.537s] Level 1:colcon.colcon_core.package_identification:_identify(artifacts/checks/20260303_182717) by extension 'ignore_ament_install'
[0.537s] Level 1:colcon.colcon_core.package_identification:_identify(artifacts/checks/20260303_182717) by extensions ['colcon_pkg']
[0.537s] Level 1:colcon.colcon_core.package_identification:_identify(artifacts/checks/20260303_182717) by extension 'colcon_pkg'
[0.537s] Level 1:colcon.colcon_core.package_identification:_identify(artifacts/checks/20260303_182717) by extensions ['colcon_meta']
[0.537s] Level 1:colcon.colcon_core.package_identification:_identify(artifacts/checks/20260303_182717) by extension 'colcon_meta'
[0.537s] Level 1:colcon.colcon_core.package_identification:_identify(artifacts/checks/20260303_182717) by extensions ['ros']
[0.537s] Level 1:colcon.colcon_core.package_identification:_identify(artifacts/checks/20260303_182717) by extension 'ros'
[0.538s] Level 1:colcon.colcon_core.package_identification:_identify(artifacts/checks/20260303_182717) by extensions ['cmake', 'python']
[0.538s] Level 1:colcon.colcon_core.package_identification:_identify(artifacts/checks/20260303_182717) by extension 'cmake'
[0.538s] Level 1:colcon.colcon_core.package_identification:_identify(artifacts/checks/20260303_182717) by extension 'python'
[0.538s] Level 1:colcon.colcon_core.package_identification:_identify(artifacts/checks/20260303_182717) by extensions ['python_setup_py']
[0.538s] Level 1:colcon.colcon_core.package_identification:_identify(artifacts/checks/20260303_182717) by extension 'python_setup_py'
[0.538s] Level 1:colcon.colcon_core.package_identification:_identify(artifacts/checks/20260303_182757) by extensions ['ignore', 'ignore_ament_install']
[0.538s] Level 1:colcon.colcon_core.package_identification:_identify(artifacts/checks/20260303_182757) by extension 'ignore'
[0.538s] Level 1:colcon.colcon_core.package_identification:_identify(artifacts/checks/20260303_182757) by extension 'ignore_ament_install'
[0.539s] Level 1:colcon.colcon_core.package_identification:_identify(artifacts/checks/20260303_182757) by extensions ['colcon_pkg']
[0.539s] Level 1:colcon.colcon_core.package_identification:_identify(artifacts/checks/20260303_182757) by extension 'colcon_pkg'
[0.539s] Level 1:colcon.colcon_core.package_identification:_identify(artifacts/checks/20260303_182757) by extensions ['colcon_meta']
[0.539s] Level 1:colcon.colcon_core.package_identification:_identify(artifacts/checks/20260303_182757) by extension 'colcon_meta'
[0.539s] Level 1:colcon.colcon_core.package_identification:_identify(artifacts/checks/20260303_182757) by extensions ['ros']
[0.539s] Level 1:colcon.colcon_core.package_identification:_identify(artifacts/checks/20260303_182757) by extension 'ros'
[0.539s] Level 1:colcon.colcon_core.package_identification:_identify(artifacts/checks/20260303_182757) by extensions ['cmake', 'python']
[0.539s] Level 1:colcon.colcon_core.package_identification:_identify(artifacts/checks/20260303_182757) by extension 'cmake'
[0.539s] Level 1:colcon.colcon_core.package_identification:_identify(artifacts/checks/20260303_182757) by extension 'python'
[0.539s] Level 1:colcon.colcon_core.package_identification:_identify(artifacts/checks/20260303_182757) by extensions ['python_setup_py']
[0.539s] Level 1:colcon.colcon_core.package_identification:_identify(artifacts/checks/20260303_182757) by extension 'python_setup_py'
[0.540s] Level 1:colcon.colcon_core.package_identification:_identify(artifacts/checks/20260303_184343) by extensions ['ignore', 'ignore_ament_install']
[0.540s] Level 1:colcon.colcon_core.package_identification:_identify(artifacts/checks/20260303_184343) by extension 'ignore'
[0.540s] Level 1:colcon.colcon_core.package_identification:_identify(artifacts/checks/20260303_184343) by extension 'ignore_ament_install'
[0.540s] Level 1:colcon.colcon_core.package_identification:_identify(artifacts/checks/20260303_184343) by extensions ['colcon_pkg']
[0.540s] Level 1:colcon.colcon_core.package_identification:_identify(artifacts/checks/20260303_184343) by extension 'colcon_pkg'
[0.540s] Level 1:colcon.colcon_core.package_identification:_identify(artifacts/checks/20260303_184343) by extensions ['colcon_meta']
[0.540s] Level 1:colcon.colcon_core.package_identification:_identify(artifacts/checks/20260303_184343) by extension 'colcon_meta'
[0.540s] Level 1:colcon.colcon_core.package_identification:_identify(artifacts/checks/20260303_184343) by extensions ['ros']
[0.540s] Level 1:colcon.colcon_core.package_identification:_identify(artifacts/checks/20260303_184343) by extension 'ros'
[0.541s] Level 1:colcon.colcon_core.package_identification:_identify(artifacts/checks/20260303_184343) by extensions ['cmake', 'python']
[0.541s] Level 1:colcon.colcon_core.package_identification:_identify(artifacts/checks/20260303_184343) by extension 'cmake'
[0.541s] Level 1:colcon.colcon_core.package_identification:_identify(artifacts/checks/20260303_184343) by extension 'python'
[0.541s] Level 1:colcon.colcon_core.package_identification:_identify(artifacts/checks/20260303_184343) by extensions ['python_setup_py']
[0.541s] Level 1:colcon.colcon_core.package_identification:_identify(artifacts/checks/20260303_184343) by extension 'python_setup_py'
[0.541s] Level 1:colcon.colcon_core.package_identification:_identify(artifacts/checks/20260303_184647) by extensions ['ignore', 'ignore_ament_install']
[0.541s] Level 1:colcon.colcon_core.package_identification:_identify(artifacts/checks/20260303_184647) by extension 'ignore'
[0.541s] Level 1:colcon.colcon_core.package_identification:_identify(artifacts/checks/20260303_184647) by extension 'ignore_ament_install'
[0.542s] Level 1:colcon.colcon_core.package_identification:_identify(artifacts/checks/20260303_184647) by extensions ['colcon_pkg']
[0.542s] Level 1:colcon.colcon_core.package_identification:_identify(artifacts/checks/20260303_184647) by extension 'colcon_pkg'
[0.542s] Level 1:colcon.colcon_core.package_identification:_identify(artifacts/checks/20260303_184647) by extensions ['colcon_meta']
[0.542s] Level 1:colcon.colcon_core.package_identification:_identify(artifacts/checks/20260303_184647) by extension 'colcon_meta'
[0.542s] Level 1:colcon.colcon_core.package_identification:_identify(artifacts/checks/20260303_184647) by extensions ['ros']
[0.542s] Level 1:colcon.colcon_core.package_identification:_identify(artifacts/checks/20260303_184647) by extension 'ros'
[0.542s] Level 1:colcon.colcon_core.package_identification:_identify(artifacts/checks/20260303_184647) by extensions ['cmake', 'python']
[0.542s] Level 1:colcon.colcon_core.package_identification:_identify(artifacts/checks/20260303_184647) by extension 'cmake'
[0.542s] Level 1:colcon.colcon_core.package_identification:_identify(artifacts/checks/20260303_184647) by extension 'python'
[0.542s] Level 1:colcon.colcon_core.package_identification:_identify(artifacts/checks/20260303_184647) by extensions ['python_setup_py']
[0.542s] Level 1:colcon.colcon_core.package_identification:_identify(artifacts/checks/20260303_184647) by extension 'python_setup_py'
[0.543s] Level 1:colcon.colcon_core.package_identification:_identify(artifacts/checks/20260304_163810) by extensions ['ignore', 'ignore_ament_install']
[0.543s] Level 1:colcon.colcon_core.package_identification:_identify(artifacts/checks/20260304_163810) by extension 'ignore'
[0.543s] Level 1:colcon.colcon_core.package_identification:_identify(artifacts/checks/20260304_163810) by extension 'ignore_ament_install'
[0.543s] Level 1:colcon.colcon_core.package_identification:_identify(artifacts/checks/20260304_163810) by extensions ['colcon_pkg']
[0.543s] Level 1:colcon.colcon_core.package_identification:_identify(artifacts/checks/20260304_163810) by extension 'colcon_pkg'
[0.543s] Level 1:colcon.colcon_core.package_identification:_identify(artifacts/checks/20260304_163810) by extensions ['colcon_meta']
[0.543s] Level 1:colcon.colcon_core.package_identification:_identify(artifacts/checks/20260304_163810) by extension 'colcon_meta'
[0.543s] Level 1:colcon.colcon_core.package_identification:_identify(artifacts/checks/20260304_163810) by extensions ['ros']
[0.544s] Level 1:colcon.colcon_core.package_identification:_identify(artifacts/checks/20260304_163810) by extension 'ros'
[0.544s] Level 1:colcon.colcon_core.package_identification:_identify(artifacts/checks/20260304_163810) by extensions ['cmake', 'python']
[0.544s] Level 1:colcon.colcon_core.package_identification:_identify(artifacts/checks/20260304_163810) by extension 'cmake'
[0.544s] Level 1:colcon.colcon_core.package_identification:_identify(artifacts/checks/20260304_163810) by extension 'python'
[0.544s] Level 1:colcon.colcon_core.package_identification:_identify(artifacts/checks/20260304_163810) by extensions ['python_setup_py']
[0.544s] Level 1:colcon.colcon_core.package_identification:_identify(artifacts/checks/20260304_163810) by extension 'python_setup_py'
[0.544s] Level 1:colcon.colcon_core.package_identification:_identify(artifacts/checks/20260304_163945) by extensions ['ignore', 'ignore_ament_install']
[0.544s] Level 1:colcon.colcon_core.package_identification:_identify(artifacts/checks/20260304_163945) by extension 'ignore'
[0.544s] Level 1:colcon.colcon_core.package_identification:_identify(artifacts/checks/20260304_163945) by extension 'ignore_ament_install'
[0.545s] Level 1:colcon.colcon_core.package_identification:_identify(artifacts/checks/20260304_163945) by extensions ['colcon_pkg']
[0.545s] Level 1:colcon.colcon_core.package_identification:_identify(artifacts/checks/20260304_163945) by extension 'colcon_pkg'
[0.545s] Level 1:colcon.colcon_core.package_identification:_identify(artifacts/checks/20260304_163945) by extensions ['colcon_meta']
[0.545s] Level 1:colcon.colcon_core.package_identification:_identify(artifacts/checks/20260304_163945) by extension 'colcon_meta'
[0.545s] Level 1:colcon.colcon_core.package_identification:_identify(artifacts/checks/20260304_163945) by extensions ['ros']
[0.545s] Level 1:colcon.colcon_core.package_identification:_identify(artifacts/checks/20260304_163945) by extension 'ros'
[0.545s] Level 1:colcon.colcon_core.package_identification:_identify(artifacts/checks/20260304_163945) by extensions ['cmake', 'python']
[0.545s] Level 1:colcon.colcon_core.package_identification:_identify(artifacts/checks/20260304_163945) by extension 'cmake'
[0.545s] Level 1:colcon.colcon_core.package_identification:_identify(artifacts/checks/20260304_163945) by extension 'python'
[0.545s] Level 1:colcon.colcon_core.package_identification:_identify(artifacts/checks/20260304_163945) by extensions ['python_setup_py']
[0.545s] Level 1:colcon.colcon_core.package_identification:_identify(artifacts/checks/20260304_163945) by extension 'python_setup_py'
[0.546s] Level 1:colcon.colcon_core.package_identification:_identify(artifacts/checks/20260304_165102) by extensions ['ignore', 'ignore_ament_install']
[0.546s] Level 1:colcon.colcon_core.package_identification:_identify(artifacts/checks/20260304_165102) by extension 'ignore'
[0.546s] Level 1:colcon.colcon_core.package_identification:_identify(artifacts/checks/20260304_165102) by extension 'ignore_ament_install'
[0.546s] Level 1:colcon.colcon_core.package_identification:_identify(artifacts/checks/20260304_165102) by extensions ['colcon_pkg']
[0.546s] Level 1:colcon.colcon_core.package_identification:_identify(artifacts/checks/20260304_165102) by extension 'colcon_pkg'
[0.546s] Level 1:colcon.colcon_core.package_identification:_identify(artifacts/checks/20260304_165102) by extensions ['colcon_meta']
[0.546s] Level 1:colcon.colcon_core.package_identification:_identify(artifacts/checks/20260304_165102) by extension 'colcon_meta'
[0.546s] Level 1:colcon.colcon_core.package_identification:_identify(artifacts/checks/20260304_165102) by extensions ['ros']
[0.546s] Level 1:colcon.colcon_core.package_identification:_identify(artifacts/checks/20260304_165102) by extension 'ros'
[0.547s] Level 1:colcon.colcon_core.package_identification:_identify(artifacts/checks/20260304_165102) by extensions ['cmake', 'python']
[0.547s] Level 1:colcon.colcon_core.package_identification:_identify(artifacts/checks/20260304_165102) by extension 'cmake'
[0.547s] Level 1:colcon.colcon_core.package_identification:_identify(artifacts/checks/20260304_165102) by extension 'python'
[0.547s] Level 1:colcon.colcon_core.package_identification:_identify(artifacts/checks/20260304_165102) by extensions ['python_setup_py']
[0.547s] Level 1:colcon.colcon_core.package_identification:_identify(artifacts/checks/20260304_165102) by extension 'python_setup_py'
[0.547s] Level 1:colcon.colcon_core.package_identification:_identify(artifacts/checks/20260304_173651) by extensions ['ignore', 'ignore_ament_install']
[0.547s] Level 1:colcon.colcon_core.package_identification:_identify(artifacts/checks/20260304_173651) by extension 'ignore'
[0.548s] Level 1:colcon.colcon_core.package_identification:_identify(artifacts/checks/20260304_173651) by extension 'ignore_ament_install'
[0.548s] Level 1:colcon.colcon_core.package_identification:_identify(artifacts/checks/20260304_173651) by extensions ['colcon_pkg']
[0.548s] Level 1:colcon.colcon_core.package_identification:_identify(artifacts/checks/20260304_173651) by extension 'colcon_pkg'
[0.548s] Level 1:colcon.colcon_core.package_identification:_identify(artifacts/checks/20260304_173651) by extensions ['colcon_meta']
[0.548s] Level 1:colcon.colcon_core.package_identification:_identify(artifacts/checks/20260304_173651) by extension 'colcon_meta'
[0.548s] Level 1:colcon.colcon_core.package_identification:_identify(artifacts/checks/20260304_173651) by extensions ['ros']
[0.548s] Level 1:colcon.colcon_core.package_identification:_identify(artifacts/checks/20260304_173651) by extension 'ros'
[0.548s] Level 1:colcon.colcon_core.package_identification:_identify(artifacts/checks/20260304_173651) by extensions ['cmake', 'python']
[0.548s] Level 1:colcon.colcon_core.package_identification:_identify(artifacts/checks/20260304_173651) by extension 'cmake'
[0.548s] Level 1:colcon.colcon_core.package_identification:_identify(artifacts/checks/20260304_173651) by extension 'python'
[0.549s] Level 1:colcon.colcon_core.package_identification:_identify(artifacts/checks/20260304_173651) by extensions ['python_setup_py']
[0.549s] Level 1:colcon.colcon_core.package_identification:_identify(artifacts/checks/20260304_173651) by extension 'python_setup_py'
[0.549s] Level 1:colcon.colcon_core.package_identification:_identify(build) by extensions ['ignore', 'ignore_ament_install']
[0.549s] Level 1:colcon.colcon_core.package_identification:_identify(build) by extension 'ignore'
[0.549s] Level 1:colcon.colcon_core.package_identification:_identify(build) ignored
[0.549s] Level 1:colcon.colcon_core.package_identification:_identify(build_container) by extensions ['ignore', 'ignore_ament_install']
[0.550s] Level 1:colcon.colcon_core.package_identification:_identify(build_container) by extension 'ignore'
[0.550s] Level 1:colcon.colcon_core.package_identification:_identify(build_container) ignored
[0.550s] Level 1:colcon.colcon_core.package_identification:_identify(build_diag) by extensions ['ignore', 'ignore_ament_install']
[0.550s] Level 1:colcon.colcon_core.package_identification:_identify(build_diag) by extension 'ignore'
[0.550s] Level 1:colcon.colcon_core.package_identification:_identify(build_diag) ignored
[0.550s] Level 1:colcon.colcon_core.package_identification:_identify(build_diag2) by extensions ['ignore', 'ignore_ament_install']
[0.550s] Level 1:colcon.colcon_core.package_identification:_identify(build_diag2) by extension 'ignore'
[0.551s] Level 1:colcon.colcon_core.package_identification:_identify(build_diag2) ignored
[0.551s] Level 1:colcon.colcon_core.package_identification:_identify(config) by extensions ['ignore', 'ignore_ament_install']
[0.551s] Level 1:colcon.colcon_core.package_identification:_identify(config) by extension 'ignore'
[0.551s] Level 1:colcon.colcon_core.package_identification:_identify(config) by extension 'ignore_ament_install'
[0.551s] Level 1:colcon.colcon_core.package_identification:_identify(config) by extensions ['colcon_pkg']
[0.551s] Level 1:colcon.colcon_core.package_identification:_identify(config) by extension 'colcon_pkg'
[0.551s] Level 1:colcon.colcon_core.package_identification:_identify(config) by extensions ['colcon_meta']
[0.551s] Level 1:colcon.colcon_core.package_identification:_identify(config) by extension 'colcon_meta'
[0.552s] Level 1:colcon.colcon_core.package_identification:_identify(config) by extensions ['ros']
[0.552s] Level 1:colcon.colcon_core.package_identification:_identify(config) by extension 'ros'
[0.552s] Level 1:colcon.colcon_core.package_identification:_identify(config) by extensions ['cmake', 'python']
[0.552s] Level 1:colcon.colcon_core.package_identification:_identify(config) by extension 'cmake'
[0.552s] Level 1:colcon.colcon_core.package_identification:_identify(config) by extension 'python'
[0.552s] Level 1:colcon.colcon_core.package_identification:_identify(config) by extensions ['python_setup_py']
[0.552s] Level 1:colcon.colcon_core.package_identification:_identify(config) by extension 'python_setup_py'
[0.552s] Level 1:colcon.colcon_core.package_identification:_identify(docs) by extensions ['ignore', 'ignore_ament_install']
[0.552s] Level 1:colcon.colcon_core.package_identification:_identify(docs) by extension 'ignore'
[0.553s] Level 1:colcon.colcon_core.package_identification:_identify(docs) by extension 'ignore_ament_install'
[0.553s] Level 1:colcon.colcon_core.package_identification:_identify(docs) by extensions ['colcon_pkg']
[0.553s] Level 1:colcon.colcon_core.package_identification:_identify(docs) by extension 'colcon_pkg'
[0.553s] Level 1:colcon.colcon_core.package_identification:_identify(docs) by extensions ['colcon_meta']
[0.553s] Level 1:colcon.colcon_core.package_identification:_identify(docs) by extension 'colcon_meta'
[0.553s] Level 1:colcon.colcon_core.package_identification:_identify(docs) by extensions ['ros']
[0.553s] Level 1:colcon.colcon_core.package_identification:_identify(docs) by extension 'ros'
[0.553s] Level 1:colcon.colcon_core.package_identification:_identify(docs) by extensions ['cmake', 'python']
[0.553s] Level 1:colcon.colcon_core.package_identification:_identify(docs) by extension 'cmake'
[0.553s] Level 1:colcon.colcon_core.package_identification:_identify(docs) by extension 'python'
[0.554s] Level 1:colcon.colcon_core.package_identification:_identify(docs) by extensions ['python_setup_py']
[0.554s] Level 1:colcon.colcon_core.package_identification:_identify(docs) by extension 'python_setup_py'
[0.554s] Level 1:colcon.colcon_core.package_identification:_identify(install) by extensions ['ignore', 'ignore_ament_install']
[0.554s] Level 1:colcon.colcon_core.package_identification:_identify(install) by extension 'ignore'
[0.554s] Level 1:colcon.colcon_core.package_identification:_identify(install) ignored
[0.554s] Level 1:colcon.colcon_core.package_identification:_identify(install_container) by extensions ['ignore', 'ignore_ament_install']
[0.554s] Level 1:colcon.colcon_core.package_identification:_identify(install_container) by extension 'ignore'
[0.555s] Level 1:colcon.colcon_core.package_identification:_identify(install_container) ignored
[0.555s] Level 1:colcon.colcon_core.package_identification:_identify(install_diag) by extensions ['ignore', 'ignore_ament_install']
[0.555s] Level 1:colcon.colcon_core.package_identification:_identify(install_diag) by extension 'ignore'
[0.555s] Level 1:colcon.colcon_core.package_identification:_identify(install_diag) ignored
[0.555s] Level 1:colcon.colcon_core.package_identification:_identify(install_diag2) by extensions ['ignore', 'ignore_ament_install']
[0.555s] Level 1:colcon.colcon_core.package_identification:_identify(install_diag2) by extension 'ignore'
[0.555s] Level 1:colcon.colcon_core.package_identification:_identify(install_diag2) ignored
[0.556s] Level 1:colcon.colcon_core.package_identification:_identify(launch) by extensions ['ignore', 'ignore_ament_install']
[0.556s] Level 1:colcon.colcon_core.package_identification:_identify(launch) by extension 'ignore'
[0.556s] Level 1:colcon.colcon_core.package_identification:_identify(launch) by extension 'ignore_ament_install'
[0.556s] Level 1:colcon.colcon_core.package_identification:_identify(launch) by extensions ['colcon_pkg']
[0.556s] Level 1:colcon.colcon_core.package_identification:_identify(launch) by extension 'colcon_pkg'
[0.556s] Level 1:colcon.colcon_core.package_identification:_identify(launch) by extensions ['colcon_meta']
[0.556s] Level 1:colcon.colcon_core.package_identification:_identify(launch) by extension 'colcon_meta'
[0.556s] Level 1:colcon.colcon_core.package_identification:_identify(launch) by extensions ['ros']
[0.556s] Level 1:colcon.colcon_core.package_identification:_identify(launch) by extension 'ros'
[0.557s] Level 1:colcon.colcon_core.package_identification:_identify(launch) by extensions ['cmake', 'python']
[0.557s] Level 1:colcon.colcon_core.package_identification:_identify(launch) by extension 'cmake'
[0.557s] Level 1:colcon.colcon_core.package_identification:_identify(launch) by extension 'python'
[0.557s] Level 1:colcon.colcon_core.package_identification:_identify(launch) by extensions ['python_setup_py']
[0.557s] Level 1:colcon.colcon_core.package_identification:_identify(launch) by extension 'python_setup_py'
[0.557s] Level 1:colcon.colcon_core.package_identification:_identify(launch/__pycache__) by extensions ['ignore', 'ignore_ament_install']
[0.557s] Level 1:colcon.colcon_core.package_identification:_identify(launch/__pycache__) by extension 'ignore'
[0.557s] Level 1:colcon.colcon_core.package_identification:_identify(launch/__pycache__) by extension 'ignore_ament_install'
[0.558s] Level 1:colcon.colcon_core.package_identification:_identify(launch/__pycache__) by extensions ['colcon_pkg']
[0.558s] Level 1:colcon.colcon_core.package_identification:_identify(launch/__pycache__) by extension 'colcon_pkg'
[0.558s] Level 1:colcon.colcon_core.package_identification:_identify(launch/__pycache__) by extensions ['colcon_meta']
[0.558s] Level 1:colcon.colcon_core.package_identification:_identify(launch/__pycache__) by extension 'colcon_meta'
[0.558s] Level 1:colcon.colcon_core.package_identification:_identify(launch/__pycache__) by extensions ['ros']
[0.558s] Level 1:colcon.colcon_core.package_identification:_identify(launch/__pycache__) by extension 'ros'
[0.558s] Level 1:colcon.colcon_core.package_identification:_identify(launch/__pycache__) by extensions ['cmake', 'python']
[0.558s] Level 1:colcon.colcon_core.package_identification:_identify(launch/__pycache__) by extension 'cmake'
[0.558s] Level 1:colcon.colcon_core.package_identification:_identify(launch/__pycache__) by extension 'python'
[0.558s] Level 1:colcon.colcon_core.package_identification:_identify(launch/__pycache__) by extensions ['python_setup_py']
[0.558s] Level 1:colcon.colcon_core.package_identification:_identify(launch/__pycache__) by extension 'python_setup_py'
[0.559s] Level 1:colcon.colcon_core.package_identification:_identify(log) by extensions ['ignore', 'ignore_ament_install']
[0.559s] Level 1:colcon.colcon_core.package_identification:_identify(log) by extension 'ignore'
[0.559s] Level 1:colcon.colcon_core.package_identification:_identify(log) ignored
[0.559s] Level 1:colcon.colcon_core.package_identification:_identify(log_container) by extensions ['ignore', 'ignore_ament_install']
[0.559s] Level 1:colcon.colcon_core.package_identification:_identify(log_container) by extension 'ignore'
[0.560s] Level 1:colcon.colcon_core.package_identification:_identify(log_container) ignored
[0.560s] Level 1:colcon.colcon_core.package_identification:_identify(log_diag) by extensions ['ignore', 'ignore_ament_install']
[0.560s] Level 1:colcon.colcon_core.package_identification:_identify(log_diag) by extension 'ignore'
[0.560s] Level 1:colcon.colcon_core.package_identification:_identify(log_diag) ignored
[0.560s] Level 1:colcon.colcon_core.package_identification:_identify(log_diag2) by extensions ['ignore', 'ignore_ament_install']
[0.560s] Level 1:colcon.colcon_core.package_identification:_identify(log_diag2) by extension 'ignore'
[0.561s] Level 1:colcon.colcon_core.package_identification:_identify(log_diag2) ignored
[0.561s] Level 1:colcon.colcon_core.package_identification:_identify(scripts) by extensions ['ignore', 'ignore_ament_install']
[0.561s] Level 1:colcon.colcon_core.package_identification:_identify(scripts) by extension 'ignore'
[0.561s] Level 1:colcon.colcon_core.package_identification:_identify(scripts) by extension 'ignore_ament_install'
[0.561s] Level 1:colcon.colcon_core.package_identification:_identify(scripts) by extensions ['colcon_pkg']
[0.561s] Level 1:colcon.colcon_core.package_identification:_identify(scripts) by extension 'colcon_pkg'
[0.561s] Level 1:colcon.colcon_core.package_identification:_identify(scripts) by extensions ['colcon_meta']
[0.561s] Level 1:colcon.colcon_core.package_identification:_identify(scripts) by extension 'colcon_meta'
[0.561s] Level 1:colcon.colcon_core.package_identification:_identify(scripts) by extensions ['ros']
[0.562s] Level 1:colcon.colcon_core.package_identification:_identify(scripts) by extension 'ros'
[0.562s] Level 1:colcon.colcon_core.package_identification:_identify(scripts) by extensions ['cmake', 'python']
[0.562s] Level 1:colcon.colcon_core.package_identification:_identify(scripts) by extension 'cmake'
[0.562s] Level 1:colcon.colcon_core.package_identification:_identify(scripts) by extension 'python'
[0.562s] Level 1:colcon.colcon_core.package_identification:_identify(scripts) by extensions ['python_setup_py']
[0.562s] Level 1:colcon.colcon_core.package_identification:_identify(scripts) by extension 'python_setup_py'
[0.562s] Level 1:colcon.colcon_core.package_identification:_identify(scripts/bringup) by extensions ['ignore', 'ignore_ament_install']
[0.562s] Level 1:colcon.colcon_core.package_identification:_identify(scripts/bringup) by extension 'ignore'
[0.563s] Level 1:colcon.colcon_core.package_identification:_identify(scripts/bringup) by extension 'ignore_ament_install'
[0.563s] Level 1:colcon.colcon_core.package_identification:_identify(scripts/bringup) by extensions ['colcon_pkg']
[0.563s] Level 1:colcon.colcon_core.package_identification:_identify(scripts/bringup) by extension 'colcon_pkg'
[0.563s] Level 1:colcon.colcon_core.package_identification:_identify(scripts/bringup) by extensions ['colcon_meta']
[0.563s] Level 1:colcon.colcon_core.package_identification:_identify(scripts/bringup) by extension 'colcon_meta'
[0.563s] Level 1:colcon.colcon_core.package_identification:_identify(scripts/bringup) by extensions ['ros']
[0.563s] Level 1:colcon.colcon_core.package_identification:_identify(scripts/bringup) by extension 'ros'
[0.563s] Level 1:colcon.colcon_core.package_identification:_identify(scripts/bringup) by extensions ['cmake', 'python']
[0.563s] Level 1:colcon.colcon_core.package_identification:_identify(scripts/bringup) by extension 'cmake'
[0.564s] Level 1:colcon.colcon_core.package_identification:_identify(scripts/bringup) by extension 'python'
[0.564s] Level 1:colcon.colcon_core.package_identification:_identify(scripts/bringup) by extensions ['python_setup_py']
[0.564s] Level 1:colcon.colcon_core.package_identification:_identify(scripts/bringup) by extension 'python_setup_py'
[0.564s] Level 1:colcon.colcon_core.package_identification:_identify(scripts/docker) by extensions ['ignore', 'ignore_ament_install']
[0.564s] Level 1:colcon.colcon_core.package_identification:_identify(scripts/docker) by extension 'ignore'
[0.564s] Level 1:colcon.colcon_core.package_identification:_identify(scripts/docker) by extension 'ignore_ament_install'
[0.564s] Level 1:colcon.colcon_core.package_identification:_identify(scripts/docker) by extensions ['colcon_pkg']
[0.564s] Level 1:colcon.colcon_core.package_identification:_identify(scripts/docker) by extension 'colcon_pkg'
[0.564s] Level 1:colcon.colcon_core.package_identification:_identify(scripts/docker) by extensions ['colcon_meta']
[0.565s] Level 1:colcon.colcon_core.package_identification:_identify(scripts/docker) by extension 'colcon_meta'
[0.565s] Level 1:colcon.colcon_core.package_identification:_identify(scripts/docker) by extensions ['ros']
[0.565s] Level 1:colcon.colcon_core.package_identification:_identify(scripts/docker) by extension 'ros'
[0.565s] Level 1:colcon.colcon_core.package_identification:_identify(scripts/docker) by extensions ['cmake', 'python']
[0.565s] Level 1:colcon.colcon_core.package_identification:_identify(scripts/docker) by extension 'cmake'
[0.565s] Level 1:colcon.colcon_core.package_identification:_identify(scripts/docker) by extension 'python'
[0.565s] Level 1:colcon.colcon_core.package_identification:_identify(scripts/docker) by extensions ['python_setup_py']
[0.565s] Level 1:colcon.colcon_core.package_identification:_identify(scripts/docker) by extension 'python_setup_py'
[0.565s] Level 1:colcon.colcon_core.package_identification:_identify(scripts/rtabmap) by extensions ['ignore', 'ignore_ament_install']
[0.566s] Level 1:colcon.colcon_core.package_identification:_identify(scripts/rtabmap) by extension 'ignore'
[0.566s] Level 1:colcon.colcon_core.package_identification:_identify(scripts/rtabmap) by extension 'ignore_ament_install'
[0.566s] Level 1:colcon.colcon_core.package_identification:_identify(scripts/rtabmap) by extensions ['colcon_pkg']
[0.566s] Level 1:colcon.colcon_core.package_identification:_identify(scripts/rtabmap) by extension 'colcon_pkg'
[0.566s] Level 1:colcon.colcon_core.package_identification:_identify(scripts/rtabmap) by extensions ['colcon_meta']
[0.566s] Level 1:colcon.colcon_core.package_identification:_identify(scripts/rtabmap) by extension 'colcon_meta'
[0.566s] Level 1:colcon.colcon_core.package_identification:_identify(scripts/rtabmap) by extensions ['ros']
[0.566s] Level 1:colcon.colcon_core.package_identification:_identify(scripts/rtabmap) by extension 'ros'
[0.566s] Level 1:colcon.colcon_core.package_identification:_identify(scripts/rtabmap) by extensions ['cmake', 'python']
[0.566s] Level 1:colcon.colcon_core.package_identification:_identify(scripts/rtabmap) by extension 'cmake'
[0.567s] Level 1:colcon.colcon_core.package_identification:_identify(scripts/rtabmap) by extension 'python'
[0.567s] Level 1:colcon.colcon_core.package_identification:_identify(scripts/rtabmap) by extensions ['python_setup_py']
[0.567s] Level 1:colcon.colcon_core.package_identification:_identify(scripts/rtabmap) by extension 'python_setup_py'
[0.567s] Level 1:colcon.colcon_core.package_identification:_identify(src) by extensions ['ignore', 'ignore_ament_install']
[0.567s] Level 1:colcon.colcon_core.package_identification:_identify(src) by extension 'ignore'
[0.567s] Level 1:colcon.colcon_core.package_identification:_identify(src) by extension 'ignore_ament_install'
[0.567s] Level 1:colcon.colcon_core.package_identification:_identify(src) by extensions ['colcon_pkg']
[0.567s] Level 1:colcon.colcon_core.package_identification:_identify(src) by extension 'colcon_pkg'
[0.567s] Level 1:colcon.colcon_core.package_identification:_identify(src) by extensions ['colcon_meta']
[0.568s] Level 1:colcon.colcon_core.package_identification:_identify(src) by extension 'colcon_meta'
[0.568s] Level 1:colcon.colcon_core.package_identification:_identify(src) by extensions ['ros']
[0.568s] Level 1:colcon.colcon_core.package_identification:_identify(src) by extension 'ros'
[0.568s] Level 1:colcon.colcon_core.package_identification:_identify(src) by extensions ['cmake', 'python']
[0.568s] Level 1:colcon.colcon_core.package_identification:_identify(src) by extension 'cmake'
[0.568s] Level 1:colcon.colcon_core.package_identification:_identify(src) by extension 'python'
[0.568s] Level 1:colcon.colcon_core.package_identification:_identify(src) by extensions ['python_setup_py']
[0.568s] Level 1:colcon.colcon_core.package_identification:_identify(src) by extension 'python_setup_py'
[0.568s] Level 1:colcon.colcon_core.package_identification:_identify(src/go2_apportation_mocks) by extensions ['ignore', 'ignore_ament_install']
[0.569s] Level 1:colcon.colcon_core.package_identification:_identify(src/go2_apportation_mocks) by extension 'ignore'
[0.569s] Level 1:colcon.colcon_core.package_identification:_identify(src/go2_apportation_mocks) by extension 'ignore_ament_install'
[0.569s] Level 1:colcon.colcon_core.package_identification:_identify(src/go2_apportation_mocks) by extensions ['colcon_pkg']
[0.569s] Level 1:colcon.colcon_core.package_identification:_identify(src/go2_apportation_mocks) by extension 'colcon_pkg'
[0.569s] Level 1:colcon.colcon_core.package_identification:_identify(src/go2_apportation_mocks) by extensions ['colcon_meta']
[0.569s] Level 1:colcon.colcon_core.package_identification:_identify(src/go2_apportation_mocks) by extension 'colcon_meta'
[0.569s] Level 1:colcon.colcon_core.package_identification:_identify(src/go2_apportation_mocks) by extensions ['ros']
[0.569s] Level 1:colcon.colcon_core.package_identification:_identify(src/go2_apportation_mocks) by extension 'ros'
[0.574s] DEBUG:colcon.colcon_core.package_identification:Package 'src/go2_apportation_mocks' with type 'ros.ament_python' and name 'go2_apportation_mocks'
[0.575s] Level 1:colcon.colcon_core.package_identification:_identify(src/go2_apportation_msgs) by extensions ['ignore', 'ignore_ament_install']
[0.575s] Level 1:colcon.colcon_core.package_identification:_identify(src/go2_apportation_msgs) by extension 'ignore'
[0.575s] Level 1:colcon.colcon_core.package_identification:_identify(src/go2_apportation_msgs) by extension 'ignore_ament_install'
[0.575s] Level 1:colcon.colcon_core.package_identification:_identify(src/go2_apportation_msgs) by extensions ['colcon_pkg']
[0.575s] Level 1:colcon.colcon_core.package_identification:_identify(src/go2_apportation_msgs) by extension 'colcon_pkg'
[0.575s] Level 1:colcon.colcon_core.package_identification:_identify(src/go2_apportation_msgs) by extensions ['colcon_meta']
[0.575s] Level 1:colcon.colcon_core.package_identification:_identify(src/go2_apportation_msgs) by extension 'colcon_meta'
[0.575s] Level 1:colcon.colcon_core.package_identification:_identify(src/go2_apportation_msgs) by extensions ['ros']
[0.576s] Level 1:colcon.colcon_core.package_identification:_identify(src/go2_apportation_msgs) by extension 'ros'
[0.577s] DEBUG:colcon.colcon_core.package_identification:Package 'src/go2_apportation_msgs' with type 'ros.catkin' and name 'go2_apportation_msgs'
[0.577s] Level 1:colcon.colcon_core.package_identification:_identify(src/go2_apportation_orchestrator) by extensions ['ignore', 'ignore_ament_install']
[0.578s] Level 1:colcon.colcon_core.package_identification:_identify(src/go2_apportation_orchestrator) by extension 'ignore'
[0.578s] Level 1:colcon.colcon_core.package_identification:_identify(src/go2_apportation_orchestrator) by extension 'ignore_ament_install'
[0.578s] Level 1:colcon.colcon_core.package_identification:_identify(src/go2_apportation_orchestrator) by extensions ['colcon_pkg']
[0.578s] Level 1:colcon.colcon_core.package_identification:_identify(src/go2_apportation_orchestrator) by extension 'colcon_pkg'
[0.578s] Level 1:colcon.colcon_core.package_identification:_identify(src/go2_apportation_orchestrator) by extensions ['colcon_meta']
[0.578s] Level 1:colcon.colcon_core.package_identification:_identify(src/go2_apportation_orchestrator) by extension 'colcon_meta'
[0.578s] Level 1:colcon.colcon_core.package_identification:_identify(src/go2_apportation_orchestrator) by extensions ['ros']
[0.578s] Level 1:colcon.colcon_core.package_identification:_identify(src/go2_apportation_orchestrator) by extension 'ros'
[0.579s] DEBUG:colcon.colcon_core.package_identification:Package 'src/go2_apportation_orchestrator' with type 'ros.ament_python' and name 'go2_apportation_orchestrator'
[0.579s] Level 1:colcon.colcon_core.package_identification:_identify(src/go2_description) by extensions ['ignore', 'ignore_ament_install']
[0.580s] Level 1:colcon.colcon_core.package_identification:_identify(src/go2_description) by extension 'ignore'
[0.580s] Level 1:colcon.colcon_core.package_identification:_identify(src/go2_description) by extension 'ignore_ament_install'
[0.580s] Level 1:colcon.colcon_core.package_identification:_identify(src/go2_description) by extensions ['colcon_pkg']
[0.580s] Level 1:colcon.colcon_core.package_identification:_identify(src/go2_description) by extension 'colcon_pkg'
[0.580s] Level 1:colcon.colcon_core.package_identification:_identify(src/go2_description) by extensions ['colcon_meta']
[0.580s] Level 1:colcon.colcon_core.package_identification:_identify(src/go2_description) by extension 'colcon_meta'
[0.580s] Level 1:colcon.colcon_core.package_identification:_identify(src/go2_description) by extensions ['ros']
[0.580s] Level 1:colcon.colcon_core.package_identification:_identify(src/go2_description) by extension 'ros'
[0.581s] DEBUG:colcon.colcon_core.package_identification:Package 'src/go2_description' with type 'ros.ament_cmake' and name 'go2_description'
[0.581s] Level 1:colcon.colcon_core.package_identification:_identify(src/go2_tf_tools) by extensions ['ignore', 'ignore_ament_install']
[0.582s] Level 1:colcon.colcon_core.package_identification:_identify(src/go2_tf_tools) by extension 'ignore'
[0.582s] Level 1:colcon.colcon_core.package_identification:_identify(src/go2_tf_tools) by extension 'ignore_ament_install'
[0.582s] Level 1:colcon.colcon_core.package_identification:_identify(src/go2_tf_tools) by extensions ['colcon_pkg']
[0.582s] Level 1:colcon.colcon_core.package_identification:_identify(src/go2_tf_tools) by extension 'colcon_pkg'
[0.582s] Level 1:colcon.colcon_core.package_identification:_identify(src/go2_tf_tools) by extensions ['colcon_meta']
[0.582s] Level 1:colcon.colcon_core.package_identification:_identify(src/go2_tf_tools) by extension 'colcon_meta'
[0.582s] Level 1:colcon.colcon_core.package_identification:_identify(src/go2_tf_tools) by extensions ['ros']
[0.582s] Level 1:colcon.colcon_core.package_identification:_identify(src/go2_tf_tools) by extension 'ros'
[0.583s] DEBUG:colcon.colcon_core.package_identification:Package 'src/go2_tf_tools' with type 'ros.ament_python' and name 'go2_tf_tools'
[0.583s] Level 1:colcon.colcon_core.package_identification:_identify(tests) by extensions ['ignore', 'ignore_ament_install']
[0.584s] Level 1:colcon.colcon_core.package_identification:_identify(tests) by extension 'ignore'
[0.584s] Level 1:colcon.colcon_core.package_identification:_identify(tests) by extension 'ignore_ament_install'
[0.584s] Level 1:colcon.colcon_core.package_identification:_identify(tests) by extensions ['colcon_pkg']
[0.584s] Level 1:colcon.colcon_core.package_identification:_identify(tests) by extension 'colcon_pkg'
[0.584s] Level 1:colcon.colcon_core.package_identification:_identify(tests) by extensions ['colcon_meta']
[0.584s] Level 1:colcon.colcon_core.package_identification:_identify(tests) by extension 'colcon_meta'
[0.584s] Level 1:colcon.colcon_core.package_identification:_identify(tests) by extensions ['ros']
[0.584s] Level 1:colcon.colcon_core.package_identification:_identify(tests) by extension 'ros'
[0.584s] Level 1:colcon.colcon_core.package_identification:_identify(tests) by extensions ['cmake', 'python']
[0.585s] Level 1:colcon.colcon_core.package_identification:_identify(tests) by extension 'cmake'
[0.585s] Level 1:colcon.colcon_core.package_identification:_identify(tests) by extension 'python'
[0.585s] Level 1:colcon.colcon_core.package_identification:_identify(tests) by extensions ['python_setup_py']
[0.585s] Level 1:colcon.colcon_core.package_identification:_identify(tests) by extension 'python_setup_py'
[0.585s] Level 1:colcon.colcon_core.package_identification:_identify(tests/__pycache__) by extensions ['ignore', 'ignore_ament_install']
[0.585s] Level 1:colcon.colcon_core.package_identification:_identify(tests/__pycache__) by extension 'ignore'
[0.585s] Level 1:colcon.colcon_core.package_identification:_identify(tests/__pycache__) by extension 'ignore_ament_install'
[0.586s] Level 1:colcon.colcon_core.package_identification:_identify(tests/__pycache__) by extensions ['colcon_pkg']
[0.586s] Level 1:colcon.colcon_core.package_identification:_identify(tests/__pycache__) by extension 'colcon_pkg'
[0.586s] Level 1:colcon.colcon_core.package_identification:_identify(tests/__pycache__) by extensions ['colcon_meta']
[0.586s] Level 1:colcon.colcon_core.package_identification:_identify(tests/__pycache__) by extension 'colcon_meta'
[0.586s] Level 1:colcon.colcon_core.package_identification:_identify(tests/__pycache__) by extensions ['ros']
[0.586s] Level 1:colcon.colcon_core.package_identification:_identify(tests/__pycache__) by extension 'ros'
[0.586s] Level 1:colcon.colcon_core.package_identification:_identify(tests/__pycache__) by extensions ['cmake', 'python']
[0.586s] Level 1:colcon.colcon_core.package_identification:_identify(tests/__pycache__) by extension 'cmake'
[0.586s] Level 1:colcon.colcon_core.package_identification:_identify(tests/__pycache__) by extension 'python'
[0.586s] Level 1:colcon.colcon_core.package_identification:_identify(tests/__pycache__) by extensions ['python_setup_py']
[0.586s] Level 1:colcon.colcon_core.package_identification:_identify(tests/__pycache__) by extension 'python_setup_py'
[0.587s] Level 1:colcon.colcon_core.package_discovery:discover_packages(recursive) using defaults
[0.587s] Level 1:colcon.colcon_core.package_discovery:discover_packages(ignore) discover
[0.587s] Level 1:colcon.colcon_core.package_discovery:discover_packages(ignore) using defaults
[0.587s] Level 1:colcon.colcon_core.package_discovery:discover_packages(path) discover
[0.587s] Level 1:colcon.colcon_core.package_discovery:discover_packages(path) using defaults
[0.632s] Level 5:colcon.colcon_core.verb:set package 'go2_apportation_msgs' build argument 'cmake_args' from command line to 'None'
[0.632s] Level 5:colcon.colcon_core.verb:set package 'go2_apportation_msgs' build argument 'cmake_target' from command line to 'None'
[0.632s] Level 5:colcon.colcon_core.verb:set package 'go2_apportation_msgs' build argument 'cmake_target_skip_unavailable' from command line to 'False'
[0.632s] Level 5:colcon.colcon_core.verb:set package 'go2_apportation_msgs' build argument 'cmake_clean_cache' from command line to 'False'
[0.632s] Level 5:colcon.colcon_core.verb:set package 'go2_apportation_msgs' build argument 'cmake_clean_first' from command line to 'False'
[0.632s] Level 5:colcon.colcon_core.verb:set package 'go2_apportation_msgs' build argument 'cmake_force_configure' from command line to 'False'
[0.632s] Level 5:colcon.colcon_core.verb:set package 'go2_apportation_msgs' build argument 'ament_cmake_args' from command line to 'None'
[0.632s] Level 5:colcon.colcon_core.verb:set package 'go2_apportation_msgs' build argument 'catkin_cmake_args' from command line to 'None'
[0.632s] Level 5:colcon.colcon_core.verb:set package 'go2_apportation_msgs' build argument 'catkin_skip_building_tests' from command line to 'False'
[0.633s] DEBUG:colcon.colcon_core.verb:Building package 'go2_apportation_msgs' with the following arguments: {'ament_cmake_args': None, 'build_base': '/workspace/repo/build_container/go2_apportation_msgs', 'catkin_cmake_args': None, 'catkin_skip_building_tests': False, 'cmake_args': None, 'cmake_clean_cache': False, 'cmake_clean_first': False, 'cmake_force_configure': False, 'cmake_target': None, 'cmake_target_skip_unavailable': False, 'install_base': '/workspace/repo/install_container/go2_apportation_msgs', 'merge_install': False, 'path': '/workspace/repo/src/go2_apportation_msgs', 'symlink_install': False, 'test_result_base': None}
[0.633s] Level 5:colcon.colcon_core.verb:set package 'go2_description' build argument 'cmake_args' from command line to 'None'
[0.633s] Level 5:colcon.colcon_core.verb:set package 'go2_description' build argument 'cmake_target' from command line to 'None'
[0.633s] Level 5:colcon.colcon_core.verb:set package 'go2_description' build argument 'cmake_target_skip_unavailable' from command line to 'False'
[0.634s] Level 5:colcon.colcon_core.verb:set package 'go2_description' build argument 'cmake_clean_cache' from command line to 'False'
[0.634s] Level 5:colcon.colcon_core.verb:set package 'go2_description' build argument 'cmake_clean_first' from command line to 'False'
[0.634s] Level 5:colcon.colcon_core.verb:set package 'go2_description' build argument 'cmake_force_configure' from command line to 'False'
[0.634s] Level 5:colcon.colcon_core.verb:set package 'go2_description' build argument 'ament_cmake_args' from command line to 'None'
[0.634s] Level 5:colcon.colcon_core.verb:set package 'go2_description' build argument 'catkin_cmake_args' from command line to 'None'
[0.634s] Level 5:colcon.colcon_core.verb:set package 'go2_description' build argument 'catkin_skip_building_tests' from command line to 'False'
[0.634s] DEBUG:colcon.colcon_core.verb:Building package 'go2_description' with the following arguments: {'ament_cmake_args': None, 'build_base': '/workspace/repo/build_container/go2_description', 'catkin_cmake_args': None, 'catkin_skip_building_tests': False, 'cmake_args': None, 'cmake_clean_cache': False, 'cmake_clean_first': False, 'cmake_force_configure': False, 'cmake_target': None, 'cmake_target_skip_unavailable': False, 'install_base': '/workspace/repo/install_container/go2_description', 'merge_install': False, 'path': '/workspace/repo/src/go2_description', 'symlink_install': False, 'test_result_base': None}
[0.635s] Level 5:colcon.colcon_core.verb:set package 'go2_tf_tools' build argument 'cmake_args' from command line to 'None'
[0.635s] Level 5:colcon.colcon_core.verb:set package 'go2_tf_tools' build argument 'cmake_target' from command line to 'None'
[0.635s] Level 5:colcon.colcon_core.verb:set package 'go2_tf_tools' build argument 'cmake_target_skip_unavailable' from command line to 'False'
[0.635s] Level 5:colcon.colcon_core.verb:set package 'go2_tf_tools' build argument 'cmake_clean_cache' from command line to 'False'
[0.635s] Level 5:colcon.colcon_core.verb:set package 'go2_tf_tools' build argument 'cmake_clean_first' from command line to 'False'
[0.635s] Level 5:colcon.colcon_core.verb:set package 'go2_tf_tools' build argument 'cmake_force_configure' from command line to 'False'
[0.635s] Level 5:colcon.colcon_core.verb:set package 'go2_tf_tools' build argument 'ament_cmake_args' from command line to 'None'
[0.635s] Level 5:colcon.colcon_core.verb:set package 'go2_tf_tools' build argument 'catkin_cmake_args' from command line to 'None'
[0.635s] Level 5:colcon.colcon_core.verb:set package 'go2_tf_tools' build argument 'catkin_skip_building_tests' from command line to 'False'
[0.635s] DEBUG:colcon.colcon_core.verb:Building package 'go2_tf_tools' with the following arguments: {'ament_cmake_args': None, 'build_base': '/workspace/repo/build_container/go2_tf_tools', 'catkin_cmake_args': None, 'catkin_skip_building_tests': False, 'cmake_args': None, 'cmake_clean_cache': False, 'cmake_clean_first': False, 'cmake_force_configure': False, 'cmake_target': None, 'cmake_target_skip_unavailable': False, 'install_base': '/workspace/repo/install_container/go2_tf_tools', 'merge_install': False, 'path': '/workspace/repo/src/go2_tf_tools', 'symlink_install': False, 'test_result_base': None}
[0.636s] Level 5:colcon.colcon_core.verb:set package 'go2_apportation_mocks' build argument 'cmake_args' from command line to 'None'
[0.636s] Level 5:colcon.colcon_core.verb:set package 'go2_apportation_mocks' build argument 'cmake_target' from command line to 'None'
[0.636s] Level 5:colcon.colcon_core.verb:set package 'go2_apportation_mocks' build argument 'cmake_target_skip_unavailable' from command line to 'False'
[0.636s] Level 5:colcon.colcon_core.verb:set package 'go2_apportation_mocks' build argument 'cmake_clean_cache' from command line to 'False'
[0.636s] Level 5:colcon.colcon_core.verb:set package 'go2_apportation_mocks' build argument 'cmake_clean_first' from command line to 'False'
[0.636s] Level 5:colcon.colcon_core.verb:set package 'go2_apportation_mocks' build argument 'cmake_force_configure' from command line to 'False'
[0.636s] Level 5:colcon.colcon_core.verb:set package 'go2_apportation_mocks' build argument 'ament_cmake_args' from command line to 'None'
[0.636s] Level 5:colcon.colcon_core.verb:set package 'go2_apportation_mocks' build argument 'catkin_cmake_args' from command line to 'None'
[0.636s] Level 5:colcon.colcon_core.verb:set package 'go2_apportation_mocks' build argument 'catkin_skip_building_tests' from command line to 'False'
[0.636s] DEBUG:colcon.colcon_core.verb:Building package 'go2_apportation_mocks' with the following arguments: {'ament_cmake_args': None, 'build_base': '/workspace/repo/build_container/go2_apportation_mocks', 'catkin_cmake_args': None, 'catkin_skip_building_tests': False, 'cmake_args': None, 'cmake_clean_cache': False, 'cmake_clean_first': False, 'cmake_force_configure': False, 'cmake_target': None, 'cmake_target_skip_unavailable': False, 'install_base': '/workspace/repo/install_container/go2_apportation_mocks', 'merge_install': False, 'path': '/workspace/repo/src/go2_apportation_mocks', 'symlink_install': False, 'test_result_base': None}
[0.637s] Level 5:colcon.colcon_core.verb:set package 'go2_apportation_orchestrator' build argument 'cmake_args' from command line to 'None'
[0.637s] Level 5:colcon.colcon_core.verb:set package 'go2_apportation_orchestrator' build argument 'cmake_target' from command line to 'None'
[0.637s] Level 5:colcon.colcon_core.verb:set package 'go2_apportation_orchestrator' build argument 'cmake_target_skip_unavailable' from command line to 'False'
[0.637s] Level 5:colcon.colcon_core.verb:set package 'go2_apportation_orchestrator' build argument 'cmake_clean_cache' from command line to 'False'
[0.637s] Level 5:colcon.colcon_core.verb:set package 'go2_apportation_orchestrator' build argument 'cmake_clean_first' from command line to 'False'
[0.637s] Level 5:colcon.colcon_core.verb:set package 'go2_apportation_orchestrator' build argument 'cmake_force_configure' from command line to 'False'
[0.637s] Level 5:colcon.colcon_core.verb:set package 'go2_apportation_orchestrator' build argument 'ament_cmake_args' from command line to 'None'
[0.638s] Level 5:colcon.colcon_core.verb:set package 'go2_apportation_orchestrator' build argument 'catkin_cmake_args' from command line to 'None'
[0.638s] Level 5:colcon.colcon_core.verb:set package 'go2_apportation_orchestrator' build argument 'catkin_skip_building_tests' from command line to 'False'
[0.638s] DEBUG:colcon.colcon_core.verb:Building package 'go2_apportation_orchestrator' with the following arguments: {'ament_cmake_args': None, 'build_base': '/workspace/repo/build_container/go2_apportation_orchestrator', 'catkin_cmake_args': None, 'catkin_skip_building_tests': False, 'cmake_args': None, 'cmake_clean_cache': False, 'cmake_clean_first': False, 'cmake_force_configure': False, 'cmake_target': None, 'cmake_target_skip_unavailable': False, 'install_base': '/workspace/repo/install_container/go2_apportation_orchestrator', 'merge_install': False, 'path': '/workspace/repo/src/go2_apportation_orchestrator', 'symlink_install': False, 'test_result_base': None}
[0.638s] INFO:colcon.colcon_core.executor:Executing jobs using 'parallel' executor
[0.640s] DEBUG:colcon.colcon_parallel_executor.executor.parallel:run_until_complete
[0.641s] INFO:colcon.colcon_ros.task.catkin.build:Building ROS package in '/workspace/repo/src/go2_apportation_msgs' with build type 'catkin'
[0.641s] INFO:colcon.colcon_cmake.task.cmake.build:Building CMake package in '/workspace/repo/src/go2_apportation_msgs'
[0.646s] INFO:colcon.colcon_core.plugin_system:Skipping extension 'colcon_core.shell.bat': Not used on non-Windows systems
[0.647s] INFO:colcon.colcon_core.shell:Skip shell extension 'powershell' for command environment: Not usable outside of PowerShell
[0.647s] DEBUG:colcon.colcon_core.shell:Skip shell extension 'dsv' for command environment
[0.655s] INFO:colcon.colcon_ros.task.ament_cmake.build:Building ROS package in '/workspace/repo/src/go2_description' with build type 'ament_cmake'
[0.656s] INFO:colcon.colcon_cmake.task.cmake.build:Building CMake package in '/workspace/repo/src/go2_description'
[0.656s] INFO:colcon.colcon_core.shell:Skip shell extension 'powershell' for command environment: Not usable outside of PowerShell
[0.657s] DEBUG:colcon.colcon_core.shell:Skip shell extension 'dsv' for command environment
[0.662s] INFO:colcon.colcon_ros.task.ament_python.build:Building ROS package in '/workspace/repo/src/go2_tf_tools' with build type 'ament_python'
[0.662s] Level 1:colcon.colcon_core.shell:create_environment_hook('go2_tf_tools', 'ament_prefix_path')
[0.663s] INFO:colcon.colcon_core.shell:Creating environment hook '/workspace/repo/install_container/go2_tf_tools/share/go2_tf_tools/hook/ament_prefix_path.ps1'
[0.666s] INFO:colcon.colcon_core.shell:Creating environment descriptor '/workspace/repo/install_container/go2_tf_tools/share/go2_tf_tools/hook/ament_prefix_path.dsv'
[0.667s] INFO:colcon.colcon_core.shell:Creating environment hook '/workspace/repo/install_container/go2_tf_tools/share/go2_tf_tools/hook/ament_prefix_path.sh'
[0.669s] INFO:colcon.colcon_core.shell:Skip shell extension 'powershell' for command environment: Not usable outside of PowerShell
[0.669s] DEBUG:colcon.colcon_core.shell:Skip shell extension 'dsv' for command environment
[0.682s] DEBUG:colcon.colcon_core.event_handler.log_command:Invoking command in '/workspace/repo/build_container/go2_apportation_msgs': /usr/bin/cmake --build /workspace/repo/build_container/go2_apportation_msgs -- -j6 -l6
[0.690s] DEBUG:colcon.colcon_core.event_handler.log_command:Invoking command in '/workspace/repo/build_container/go2_description': CMAKE_PREFIX_PATH=/opt/ros/humble /usr/bin/cmake /workspace/repo/src/go2_description -DCMAKE_INSTALL_PREFIX=/workspace/repo/install_container/go2_description
[1.164s] INFO:colcon.colcon_core.task.python.build:Building Python package in '/workspace/repo/src/go2_tf_tools'
[1.165s] INFO:colcon.colcon_core.shell:Skip shell extension 'powershell' for command environment: Not usable outside of PowerShell
[1.165s] DEBUG:colcon.colcon_core.shell:Skip shell extension 'dsv' for command environment
[1.405s] DEBUG:colcon.colcon_core.event_handler.log_command:Invoked command in '/workspace/repo/build_container/go2_apportation_msgs' returned '0': /usr/bin/cmake --build /workspace/repo/build_container/go2_apportation_msgs -- -j6 -l6
[1.425s] DEBUG:colcon.colcon_core.event_handler.log_command:Invoking command in '/workspace/repo/build_container/go2_apportation_msgs': /usr/bin/cmake --install /workspace/repo/build_container/go2_apportation_msgs
[1.554s] Level 1:colcon.colcon_core.shell:create_environment_hook('go2_apportation_msgs', 'ros_package_path')
[1.555s] INFO:colcon.colcon_core.shell:Creating environment hook '/workspace/repo/install_container/go2_apportation_msgs/share/go2_apportation_msgs/hook/ros_package_path.ps1'
[1.556s] DEBUG:colcon.colcon_core.event_handler.log_command:Invoked command in '/workspace/repo/build_container/go2_apportation_msgs' returned '0': /usr/bin/cmake --install /workspace/repo/build_container/go2_apportation_msgs
[1.557s] INFO:colcon.colcon_core.shell:Creating environment descriptor '/workspace/repo/install_container/go2_apportation_msgs/share/go2_apportation_msgs/hook/ros_package_path.dsv'
[1.558s] INFO:colcon.colcon_core.shell:Creating environment hook '/workspace/repo/install_container/go2_apportation_msgs/share/go2_apportation_msgs/hook/ros_package_path.sh'
[1.559s] Level 1:colcon.colcon_ros.task.catkin:checking '/workspace/repo/install_container/go2_apportation_msgs/local/lib/python3.10/dist-packages'
[1.560s] Level 1:colcon.colcon_core.shell:create_environment_hook('go2_apportation_msgs', 'catkin_pythonpath')
[1.560s] INFO:colcon.colcon_core.shell:Creating environment hook '/workspace/repo/install_container/go2_apportation_msgs/share/go2_apportation_msgs/hook/catkin_pythonpath.ps1'
[1.561s] INFO:colcon.colcon_core.shell:Creating environment descriptor '/workspace/repo/install_container/go2_apportation_msgs/share/go2_apportation_msgs/hook/catkin_pythonpath.dsv'
[1.562s] INFO:colcon.colcon_core.shell:Creating environment hook '/workspace/repo/install_container/go2_apportation_msgs/share/go2_apportation_msgs/hook/catkin_pythonpath.sh'
[1.563s] Level 1:colcon.colcon_core.shell:create_environment_hook('go2_apportation_msgs', 'pkg_config_path')
[1.564s] INFO:colcon.colcon_core.shell:Creating environment hook '/workspace/repo/install_container/go2_apportation_msgs/share/go2_apportation_msgs/hook/pkg_config_path.ps1'
[1.565s] INFO:colcon.colcon_core.shell:Creating environment descriptor '/workspace/repo/install_container/go2_apportation_msgs/share/go2_apportation_msgs/hook/pkg_config_path.dsv'
[1.566s] INFO:colcon.colcon_core.shell:Creating environment hook '/workspace/repo/install_container/go2_apportation_msgs/share/go2_apportation_msgs/hook/pkg_config_path.sh'
[1.570s] Level 1:colcon.colcon_core.shell:create_environment_hook('go2_apportation_msgs', 'pkg_config_path_multiarch')
[1.571s] INFO:colcon.colcon_core.shell:Creating environment hook '/workspace/repo/install_container/go2_apportation_msgs/share/go2_apportation_msgs/hook/pkg_config_path_multiarch.ps1'
[1.572s] INFO:colcon.colcon_core.shell:Creating environment descriptor '/workspace/repo/install_container/go2_apportation_msgs/share/go2_apportation_msgs/hook/pkg_config_path_multiarch.dsv'
[1.573s] INFO:colcon.colcon_core.shell:Creating environment hook '/workspace/repo/install_container/go2_apportation_msgs/share/go2_apportation_msgs/hook/pkg_config_path_multiarch.sh'
[1.576s] Level 1:colcon.colcon_core.environment:create_environment_scripts_only(go2_apportation_msgs)
[1.582s] Level 1:colcon.colcon_core.environment:checking '/workspace/repo/install_container/go2_apportation_msgs' for CMake module files
[1.584s] Level 1:colcon.colcon_core.environment:checking '/workspace/repo/install_container/go2_apportation_msgs' for CMake config files
[1.585s] Level 1:colcon.colcon_core.shell:create_environment_hook('go2_apportation_msgs', 'cmake_prefix_path')
[1.586s] INFO:colcon.colcon_core.shell:Creating environment hook '/workspace/repo/install_container/go2_apportation_msgs/share/go2_apportation_msgs/hook/cmake_prefix_path.ps1'
[1.587s] INFO:colcon.colcon_core.shell:Creating environment descriptor '/workspace/repo/install_container/go2_apportation_msgs/share/go2_apportation_msgs/hook/cmake_prefix_path.dsv'
[1.588s] INFO:colcon.colcon_core.shell:Creating environment hook '/workspace/repo/install_container/go2_apportation_msgs/share/go2_apportation_msgs/hook/cmake_prefix_path.sh'
[1.590s] Level 1:colcon.colcon_core.environment:checking '/workspace/repo/install_container/go2_apportation_msgs/lib'
[1.590s] Level 1:colcon.colcon_core.shell:create_environment_hook('go2_apportation_msgs', 'ld_library_path_lib')
[1.590s] INFO:colcon.colcon_core.shell:Creating environment hook '/workspace/repo/install_container/go2_apportation_msgs/share/go2_apportation_msgs/hook/ld_library_path_lib.ps1'
[1.592s] INFO:colcon.colcon_core.shell:Creating environment descriptor '/workspace/repo/install_container/go2_apportation_msgs/share/go2_apportation_msgs/hook/ld_library_path_lib.dsv'
[1.592s] INFO:colcon.colcon_core.shell:Creating environment hook '/workspace/repo/install_container/go2_apportation_msgs/share/go2_apportation_msgs/hook/ld_library_path_lib.sh'
[1.593s] Level 1:colcon.colcon_core.environment:checking '/workspace/repo/install_container/go2_apportation_msgs/bin'
[1.593s] Level 1:colcon.colcon_core.environment:checking '/workspace/repo/install_container/go2_apportation_msgs/lib/pkgconfig/go2_apportation_msgs.pc'
[1.594s] Level 1:colcon.colcon_core.environment:checking '/workspace/repo/install_container/go2_apportation_msgs/lib/python3.10/site-packages'
[1.595s] Level 1:colcon.colcon_core.environment:checking '/workspace/repo/install_container/go2_apportation_msgs/bin'
[1.596s] INFO:colcon.colcon_core.shell:Creating package script '/workspace/repo/install_container/go2_apportation_msgs/share/go2_apportation_msgs/package.ps1'
[1.598s] INFO:colcon.colcon_core.shell:Creating package descriptor '/workspace/repo/install_container/go2_apportation_msgs/share/go2_apportation_msgs/package.dsv'
[1.600s] INFO:colcon.colcon_core.shell:Creating package script '/workspace/repo/install_container/go2_apportation_msgs/share/go2_apportation_msgs/package.sh'
[1.602s] INFO:colcon.colcon_core.shell:Creating package script '/workspace/repo/install_container/go2_apportation_msgs/share/go2_apportation_msgs/package.bash'
[1.604s] INFO:colcon.colcon_core.shell:Creating package script '/workspace/repo/install_container/go2_apportation_msgs/share/go2_apportation_msgs/package.zsh'
[1.605s] Level 1:colcon.colcon_core.environment:create_file_with_runtime_dependencies(/workspace/repo/install_container/go2_apportation_msgs/share/colcon-core/packages/go2_apportation_msgs)
[1.607s] INFO:colcon.colcon_ros.task.ament_python.build:Building ROS package in '/workspace/repo/src/go2_apportation_mocks' with build type 'ament_python'
[1.607s] Level 1:colcon.colcon_core.shell:create_environment_hook('go2_apportation_mocks', 'ament_prefix_path')
[1.608s] INFO:colcon.colcon_core.shell:Creating environment hook '/workspace/repo/install_container/go2_apportation_mocks/share/go2_apportation_mocks/hook/ament_prefix_path.ps1'
[1.610s] INFO:colcon.colcon_core.shell:Creating environment descriptor '/workspace/repo/install_container/go2_apportation_mocks/share/go2_apportation_mocks/hook/ament_prefix_path.dsv'
[1.611s] INFO:colcon.colcon_core.shell:Creating environment hook '/workspace/repo/install_container/go2_apportation_mocks/share/go2_apportation_mocks/hook/ament_prefix_path.sh'
[1.613s] INFO:colcon.colcon_core.shell:Skip shell extension 'powershell' for command environment: Not usable outside of PowerShell
[1.613s] DEBUG:colcon.colcon_core.shell:Skip shell extension 'dsv' for command environment
[1.618s] INFO:colcon.colcon_ros.task.ament_python.build:Building ROS package in '/workspace/repo/src/go2_apportation_orchestrator' with build type 'ament_python'
[1.619s] Level 1:colcon.colcon_core.shell:create_environment_hook('go2_apportation_orchestrator', 'ament_prefix_path')
[1.619s] INFO:colcon.colcon_core.shell:Creating environment hook '/workspace/repo/install_container/go2_apportation_orchestrator/share/go2_apportation_orchestrator/hook/ament_prefix_path.ps1'
[1.621s] INFO:colcon.colcon_core.shell:Creating environment descriptor '/workspace/repo/install_container/go2_apportation_orchestrator/share/go2_apportation_orchestrator/hook/ament_prefix_path.dsv'
[1.622s] INFO:colcon.colcon_core.shell:Creating environment hook '/workspace/repo/install_container/go2_apportation_orchestrator/share/go2_apportation_orchestrator/hook/ament_prefix_path.sh'
[1.623s] INFO:colcon.colcon_core.shell:Skip shell extension 'powershell' for command environment: Not usable outside of PowerShell
[1.624s] DEBUG:colcon.colcon_core.shell:Skip shell extension 'dsv' for command environment
[2.073s] INFO:colcon.colcon_core.task.python.build:Building Python package in '/workspace/repo/src/go2_apportation_mocks'
[2.074s] INFO:colcon.colcon_core.shell:Skip shell extension 'powershell' for command environment: Not usable outside of PowerShell
[2.074s] DEBUG:colcon.colcon_core.shell:Skip shell extension 'dsv' for command environment
[2.517s] INFO:colcon.colcon_core.task.python.build:Building Python package in '/workspace/repo/src/go2_apportation_orchestrator'
[2.518s] INFO:colcon.colcon_core.shell:Skip shell extension 'powershell' for command environment: Not usable outside of PowerShell
[2.518s] DEBUG:colcon.colcon_core.shell:Skip shell extension 'dsv' for command environment
[2.538s] DEBUG:colcon.colcon_core.event_handler.log_command:Invoking command in '/workspace/repo/src/go2_tf_tools': PYTHONPATH=/workspace/repo/build_container/go2_tf_tools/prefix_override:/usr/lib/python3/dist-packages/colcon_core/task/python/colcon_distutils_commands:/workspace/repo/install_container/go2_tf_tools/lib/python3.10/site-packages:${PYTHONPATH} /usr/bin/python3 -W ignore:setup.py install is deprecated -W ignore:easy_install command is deprecated setup.py egg_info --egg-base ../../build_container/go2_tf_tools build --build-base /workspace/repo/build_container/go2_tf_tools/build install --record /workspace/repo/build_container/go2_tf_tools/install.log --single-version-externally-managed install_data
[2.539s] DEBUG:colcon.colcon_core.event_handler.log_command:Invoked command in '/workspace/repo/build_container/go2_description' returned '0': CMAKE_PREFIX_PATH=/opt/ros/humble /usr/bin/cmake /workspace/repo/src/go2_description -DCMAKE_INSTALL_PREFIX=/workspace/repo/install_container/go2_description
[2.540s] DEBUG:colcon.colcon_core.event_handler.log_command:Invoking command in '/workspace/repo/build_container/go2_description': CMAKE_PREFIX_PATH=/opt/ros/humble /usr/bin/cmake --build /workspace/repo/build_container/go2_description -- -j6 -l6
[2.616s] DEBUG:colcon.colcon_core.event_handler.log_command:Invoked command in '/workspace/repo/build_container/go2_description' returned '0': CMAKE_PREFIX_PATH=/opt/ros/humble /usr/bin/cmake --build /workspace/repo/build_container/go2_description -- -j6 -l6
[2.618s] DEBUG:colcon.colcon_core.event_handler.log_command:Invoking command in '/workspace/repo/build_container/go2_description': CMAKE_PREFIX_PATH=/opt/ros/humble /usr/bin/cmake --install /workspace/repo/build_container/go2_description
[2.750s] Level 1:colcon.colcon_core.environment:create_environment_scripts_only(go2_description)
[2.751s] Level 1:colcon.colcon_core.environment:checking '/workspace/repo/install_container/go2_description' for CMake module files
[2.752s] Level 1:colcon.colcon_core.environment:checking '/workspace/repo/install_container/go2_description' for CMake config files
[2.753s] Level 1:colcon.colcon_core.shell:create_environment_hook('go2_description', 'cmake_prefix_path')
[2.753s] INFO:colcon.colcon_core.shell:Creating environment hook '/workspace/repo/install_container/go2_description/share/go2_description/hook/cmake_prefix_path.ps1'
[2.754s] INFO:colcon.colcon_core.shell:Creating environment descriptor '/workspace/repo/install_container/go2_description/share/go2_description/hook/cmake_prefix_path.dsv'
[2.755s] INFO:colcon.colcon_core.shell:Creating environment hook '/workspace/repo/install_container/go2_description/share/go2_description/hook/cmake_prefix_path.sh'
[2.757s] Level 1:colcon.colcon_core.environment:checking '/workspace/repo/install_container/go2_description/bin'
[2.757s] Level 1:colcon.colcon_core.environment:checking '/workspace/repo/install_container/go2_description/lib/pkgconfig/go2_description.pc'
[2.757s] Level 1:colcon.colcon_core.environment:checking '/workspace/repo/install_container/go2_description/lib/python3.10/site-packages'
[2.758s] Level 1:colcon.colcon_core.environment:checking '/workspace/repo/install_container/go2_description/bin'
[2.759s] INFO:colcon.colcon_core.shell:Creating package script '/workspace/repo/install_container/go2_description/share/go2_description/package.ps1'
[2.760s] DEBUG:colcon.colcon_core.event_handler.log_command:Invoked command in '/workspace/repo/build_container/go2_description' returned '0': CMAKE_PREFIX_PATH=/opt/ros/humble /usr/bin/cmake --install /workspace/repo/build_container/go2_description
[2.763s] INFO:colcon.colcon_core.shell:Creating package descriptor '/workspace/repo/install_container/go2_description/share/go2_description/package.dsv'
[2.765s] INFO:colcon.colcon_core.shell:Creating package script '/workspace/repo/install_container/go2_description/share/go2_description/package.sh'
[2.766s] INFO:colcon.colcon_core.shell:Creating package script '/workspace/repo/install_container/go2_description/share/go2_description/package.bash'
[2.767s] INFO:colcon.colcon_core.shell:Creating package script '/workspace/repo/install_container/go2_description/share/go2_description/package.zsh'
[2.768s] Level 1:colcon.colcon_core.environment:create_file_with_runtime_dependencies(/workspace/repo/install_container/go2_description/share/colcon-core/packages/go2_description)
[2.769s] Level 1:colcon.colcon_core.environment:create_environment_scripts_only(go2_description)
[2.770s] Level 1:colcon.colcon_core.environment:checking '/workspace/repo/install_container/go2_description' for CMake module files
[2.771s] Level 1:colcon.colcon_core.environment:checking '/workspace/repo/install_container/go2_description' for CMake config files
[2.771s] Level 1:colcon.colcon_core.shell:create_environment_hook('go2_description', 'cmake_prefix_path')
[2.772s] INFO:colcon.colcon_core.shell:Creating environment hook '/workspace/repo/install_container/go2_description/share/go2_description/hook/cmake_prefix_path.ps1'
[2.773s] INFO:colcon.colcon_core.shell:Creating environment descriptor '/workspace/repo/install_container/go2_description/share/go2_description/hook/cmake_prefix_path.dsv'
[2.774s] INFO:colcon.colcon_core.shell:Creating environment hook '/workspace/repo/install_container/go2_description/share/go2_description/hook/cmake_prefix_path.sh'
[2.775s] Level 1:colcon.colcon_core.environment:checking '/workspace/repo/install_container/go2_description/bin'
[2.775s] Level 1:colcon.colcon_core.environment:checking '/workspace/repo/install_container/go2_description/lib/pkgconfig/go2_description.pc'
[2.776s] Level 1:colcon.colcon_core.environment:checking '/workspace/repo/install_container/go2_description/lib/python3.10/site-packages'
[2.776s] Level 1:colcon.colcon_core.environment:checking '/workspace/repo/install_container/go2_description/bin'
[2.777s] INFO:colcon.colcon_core.shell:Creating package script '/workspace/repo/install_container/go2_description/share/go2_description/package.ps1'
[2.778s] INFO:colcon.colcon_core.shell:Creating package descriptor '/workspace/repo/install_container/go2_description/share/go2_description/package.dsv'
[2.779s] INFO:colcon.colcon_core.shell:Creating package script '/workspace/repo/install_container/go2_description/share/go2_description/package.sh'
[2.780s] INFO:colcon.colcon_core.shell:Creating package script '/workspace/repo/install_container/go2_description/share/go2_description/package.bash'
[2.781s] INFO:colcon.colcon_core.shell:Creating package script '/workspace/repo/install_container/go2_description/share/go2_description/package.zsh'
[2.782s] Level 1:colcon.colcon_core.environment:create_file_with_runtime_dependencies(/workspace/repo/install_container/go2_description/share/colcon-core/packages/go2_description)
[3.078s] Level 1:colcon.colcon_core.environment:checking '/workspace/repo/install_container/go2_tf_tools' for CMake module files
[3.079s] DEBUG:colcon.colcon_core.event_handler.log_command:Invoked command in '/workspace/repo/src/go2_tf_tools' returned '0': PYTHONPATH=/workspace/repo/build_container/go2_tf_tools/prefix_override:/usr/lib/python3/dist-packages/colcon_core/task/python/colcon_distutils_commands:/workspace/repo/install_container/go2_tf_tools/lib/python3.10/site-packages:${PYTHONPATH} /usr/bin/python3 -W ignore:setup.py install is deprecated -W ignore:easy_install command is deprecated setup.py egg_info --egg-base ../../build_container/go2_tf_tools build --build-base /workspace/repo/build_container/go2_tf_tools/build install --record /workspace/repo/build_container/go2_tf_tools/install.log --single-version-externally-managed install_data
[3.079s] Level 1:colcon.colcon_core.environment:checking '/workspace/repo/install_container/go2_tf_tools' for CMake config files
[3.081s] Level 1:colcon.colcon_core.environment:checking '/workspace/repo/install_container/go2_tf_tools/lib'
[3.081s] Level 1:colcon.colcon_core.environment:checking '/workspace/repo/install_container/go2_tf_tools/bin'
[3.081s] Level 1:colcon.colcon_core.environment:checking '/workspace/repo/install_container/go2_tf_tools/lib/pkgconfig/go2_tf_tools.pc'
[3.082s] Level 1:colcon.colcon_core.environment:checking '/workspace/repo/install_container/go2_tf_tools/lib/python3.10/site-packages'
[3.082s] Level 1:colcon.colcon_core.shell:create_environment_hook('go2_tf_tools', 'pythonpath')
[3.082s] INFO:colcon.colcon_core.shell:Creating environment hook '/workspace/repo/install_container/go2_tf_tools/share/go2_tf_tools/hook/pythonpath.ps1'
[3.084s] INFO:colcon.colcon_core.shell:Creating environment descriptor '/workspace/repo/install_container/go2_tf_tools/share/go2_tf_tools/hook/pythonpath.dsv'
[3.085s] INFO:colcon.colcon_core.shell:Creating environment hook '/workspace/repo/install_container/go2_tf_tools/share/go2_tf_tools/hook/pythonpath.sh'
[3.086s] Level 1:colcon.colcon_core.environment:checking '/workspace/repo/install_container/go2_tf_tools/bin'
[3.087s] Level 1:colcon.colcon_core.environment:create_environment_scripts_only(go2_tf_tools)
[3.088s] INFO:colcon.colcon_core.shell:Creating package script '/workspace/repo/install_container/go2_tf_tools/share/go2_tf_tools/package.ps1'
[3.089s] INFO:colcon.colcon_core.shell:Creating package descriptor '/workspace/repo/install_container/go2_tf_tools/share/go2_tf_tools/package.dsv'
[3.090s] INFO:colcon.colcon_core.shell:Creating package script '/workspace/repo/install_container/go2_tf_tools/share/go2_tf_tools/package.sh'
[3.092s] INFO:colcon.colcon_core.shell:Creating package script '/workspace/repo/install_container/go2_tf_tools/share/go2_tf_tools/package.bash'
[3.093s] INFO:colcon.colcon_core.shell:Creating package script '/workspace/repo/install_container/go2_tf_tools/share/go2_tf_tools/package.zsh'
[3.095s] Level 1:colcon.colcon_core.environment:create_file_with_runtime_dependencies(/workspace/repo/install_container/go2_tf_tools/share/colcon-core/packages/go2_tf_tools)
[3.160s] DEBUG:colcon.colcon_core.event_handler.log_command:Invoking command in '/workspace/repo/src/go2_apportation_mocks': CMAKE_PREFIX_PATH=/workspace/repo/install_container/go2_apportation_msgs LD_LIBRARY_PATH=/workspace/repo/install_container/go2_apportation_msgs/lib:${LD_LIBRARY_PATH} PKG_CONFIG_PATH=/workspace/repo/install_container/go2_apportation_msgs/lib/aarch64-linux-gnu/pkgconfig:/workspace/repo/install_container/go2_apportation_msgs/lib/pkgconfig PYTHONPATH=/workspace/repo/build_container/go2_apportation_mocks/prefix_override:/usr/lib/python3/dist-packages/colcon_core/task/python/colcon_distutils_commands:/workspace/repo/install_container/go2_apportation_mocks/lib/python3.10/site-packages:/workspace/repo/install_container/go2_apportation_msgs/local/lib/python3.10/dist-packages:${PYTHONPATH} ROS_PACKAGE_PATH=/workspace/repo/install_container/go2_apportation_msgs/share /usr/bin/python3 -W ignore:setup.py install is deprecated -W ignore:easy_install command is deprecated setup.py egg_info --egg-base ../../build_container/go2_apportation_mocks build --build-base /workspace/repo/build_container/go2_apportation_mocks/build install --record /workspace/repo/build_container/go2_apportation_mocks/install.log --single-version-externally-managed install_data
[3.182s] DEBUG:colcon.colcon_core.event_handler.log_command:Invoking command in '/workspace/repo/src/go2_apportation_orchestrator': CMAKE_PREFIX_PATH=/workspace/repo/install_container/go2_apportation_msgs LD_LIBRARY_PATH=/workspace/repo/install_container/go2_apportation_msgs/lib:${LD_LIBRARY_PATH} PKG_CONFIG_PATH=/workspace/repo/install_container/go2_apportation_msgs/lib/aarch64-linux-gnu/pkgconfig:/workspace/repo/install_container/go2_apportation_msgs/lib/pkgconfig PYTHONPATH=/workspace/repo/build_container/go2_apportation_orchestrator/prefix_override:/usr/lib/python3/dist-packages/colcon_core/task/python/colcon_distutils_commands:/workspace/repo/install_container/go2_apportation_orchestrator/lib/python3.10/site-packages:/workspace/repo/install_container/go2_apportation_msgs/local/lib/python3.10/dist-packages:${PYTHONPATH} ROS_PACKAGE_PATH=/workspace/repo/install_container/go2_apportation_msgs/share /usr/bin/python3 -W ignore:setup.py install is deprecated -W ignore:easy_install command is deprecated setup.py egg_info --egg-base ../../build_container/go2_apportation_orchestrator build --build-base /workspace/repo/build_container/go2_apportation_orchestrator/build install --record /workspace/repo/build_container/go2_apportation_orchestrator/install.log --single-version-externally-managed install_data
[3.720s] Level 1:colcon.colcon_core.environment:checking '/workspace/repo/install_container/go2_apportation_mocks' for CMake module files
[3.722s] DEBUG:colcon.colcon_core.event_handler.log_command:Invoked command in '/workspace/repo/src/go2_apportation_mocks' returned '0': CMAKE_PREFIX_PATH=/workspace/repo/install_container/go2_apportation_msgs LD_LIBRARY_PATH=/workspace/repo/install_container/go2_apportation_msgs/lib:${LD_LIBRARY_PATH} PKG_CONFIG_PATH=/workspace/repo/install_container/go2_apportation_msgs/lib/aarch64-linux-gnu/pkgconfig:/workspace/repo/install_container/go2_apportation_msgs/lib/pkgconfig PYTHONPATH=/workspace/repo/build_container/go2_apportation_mocks/prefix_override:/usr/lib/python3/dist-packages/colcon_core/task/python/colcon_distutils_commands:/workspace/repo/install_container/go2_apportation_mocks/lib/python3.10/site-packages:/workspace/repo/install_container/go2_apportation_msgs/local/lib/python3.10/dist-packages:${PYTHONPATH} ROS_PACKAGE_PATH=/workspace/repo/install_container/go2_apportation_msgs/share /usr/bin/python3 -W ignore:setup.py install is deprecated -W ignore:easy_install command is deprecated setup.py egg_info --egg-base ../../build_container/go2_apportation_mocks build --build-base /workspace/repo/build_container/go2_apportation_mocks/build install --record /workspace/repo/build_container/go2_apportation_mocks/install.log --single-version-externally-managed install_data
[3.723s] Level 1:colcon.colcon_core.environment:checking '/workspace/repo/install_container/go2_apportation_mocks' for CMake config files
[3.725s] Level 1:colcon.colcon_core.environment:checking '/workspace/repo/install_container/go2_apportation_mocks/lib'
[3.726s] Level 1:colcon.colcon_core.environment:checking '/workspace/repo/install_container/go2_apportation_mocks/bin'
[3.726s] Level 1:colcon.colcon_core.environment:checking '/workspace/repo/install_container/go2_apportation_mocks/lib/pkgconfig/go2_apportation_mocks.pc'
[3.727s] Level 1:colcon.colcon_core.environment:checking '/workspace/repo/install_container/go2_apportation_mocks/lib/python3.10/site-packages'
[3.727s] Level 1:colcon.colcon_core.shell:create_environment_hook('go2_apportation_mocks', 'pythonpath')
[3.728s] INFO:colcon.colcon_core.shell:Creating environment hook '/workspace/repo/install_container/go2_apportation_mocks/share/go2_apportation_mocks/hook/pythonpath.ps1'
[3.730s] INFO:colcon.colcon_core.shell:Creating environment descriptor '/workspace/repo/install_container/go2_apportation_mocks/share/go2_apportation_mocks/hook/pythonpath.dsv'
[3.732s] INFO:colcon.colcon_core.shell:Creating environment hook '/workspace/repo/install_container/go2_apportation_mocks/share/go2_apportation_mocks/hook/pythonpath.sh'
[3.735s] Level 1:colcon.colcon_core.environment:checking '/workspace/repo/install_container/go2_apportation_mocks/bin'
[3.735s] Level 1:colcon.colcon_core.environment:create_environment_scripts_only(go2_apportation_mocks)
[3.736s] INFO:colcon.colcon_core.shell:Creating package script '/workspace/repo/install_container/go2_apportation_mocks/share/go2_apportation_mocks/package.ps1'
[3.738s] INFO:colcon.colcon_core.shell:Creating package descriptor '/workspace/repo/install_container/go2_apportation_mocks/share/go2_apportation_mocks/package.dsv'
[3.740s] INFO:colcon.colcon_core.shell:Creating package script '/workspace/repo/install_container/go2_apportation_mocks/share/go2_apportation_mocks/package.sh'
[3.741s] INFO:colcon.colcon_core.shell:Creating package script '/workspace/repo/install_container/go2_apportation_mocks/share/go2_apportation_mocks/package.bash'
[3.743s] INFO:colcon.colcon_core.shell:Creating package script '/workspace/repo/install_container/go2_apportation_mocks/share/go2_apportation_mocks/package.zsh'
[3.744s] Level 1:colcon.colcon_core.environment:create_file_with_runtime_dependencies(/workspace/repo/install_container/go2_apportation_mocks/share/colcon-core/packages/go2_apportation_mocks)
[3.747s] Level 1:colcon.colcon_core.environment:checking '/workspace/repo/install_container/go2_apportation_orchestrator' for CMake module files
[3.748s] DEBUG:colcon.colcon_core.event_handler.log_command:Invoked command in '/workspace/repo/src/go2_apportation_orchestrator' returned '0': CMAKE_PREFIX_PATH=/workspace/repo/install_container/go2_apportation_msgs LD_LIBRARY_PATH=/workspace/repo/install_container/go2_apportation_msgs/lib:${LD_LIBRARY_PATH} PKG_CONFIG_PATH=/workspace/repo/install_container/go2_apportation_msgs/lib/aarch64-linux-gnu/pkgconfig:/workspace/repo/install_container/go2_apportation_msgs/lib/pkgconfig PYTHONPATH=/workspace/repo/build_container/go2_apportation_orchestrator/prefix_override:/usr/lib/python3/dist-packages/colcon_core/task/python/colcon_distutils_commands:/workspace/repo/install_container/go2_apportation_orchestrator/lib/python3.10/site-packages:/workspace/repo/install_container/go2_apportation_msgs/local/lib/python3.10/dist-packages:${PYTHONPATH} ROS_PACKAGE_PATH=/workspace/repo/install_container/go2_apportation_msgs/share /usr/bin/python3 -W ignore:setup.py install is deprecated -W ignore:easy_install command is deprecated setup.py egg_info --egg-base ../../build_container/go2_apportation_orchestrator build --build-base /workspace/repo/build_container/go2_apportation_orchestrator/build install --record /workspace/repo/build_container/go2_apportation_orchestrator/install.log --single-version-externally-managed install_data
[3.748s] Level 1:colcon.colcon_core.environment:checking '/workspace/repo/install_container/go2_apportation_orchestrator' for CMake config files
[3.750s] Level 1:colcon.colcon_core.environment:checking '/workspace/repo/install_container/go2_apportation_orchestrator/lib'
[3.750s] Level 1:colcon.colcon_core.environment:checking '/workspace/repo/install_container/go2_apportation_orchestrator/bin'
[3.750s] Level 1:colcon.colcon_core.environment:checking '/workspace/repo/install_container/go2_apportation_orchestrator/lib/pkgconfig/go2_apportation_orchestrator.pc'
[3.751s] Level 1:colcon.colcon_core.environment:checking '/workspace/repo/install_container/go2_apportation_orchestrator/lib/python3.10/site-packages'
[3.751s] Level 1:colcon.colcon_core.shell:create_environment_hook('go2_apportation_orchestrator', 'pythonpath')
[3.751s] INFO:colcon.colcon_core.shell:Creating environment hook '/workspace/repo/install_container/go2_apportation_orchestrator/share/go2_apportation_orchestrator/hook/pythonpath.ps1'
[3.752s] INFO:colcon.colcon_core.shell:Creating environment descriptor '/workspace/repo/install_container/go2_apportation_orchestrator/share/go2_apportation_orchestrator/hook/pythonpath.dsv'
[3.753s] INFO:colcon.colcon_core.shell:Creating environment hook '/workspace/repo/install_container/go2_apportation_orchestrator/share/go2_apportation_orchestrator/hook/pythonpath.sh'
[3.755s] Level 1:colcon.colcon_core.environment:checking '/workspace/repo/install_container/go2_apportation_orchestrator/bin'
[3.755s] Level 1:colcon.colcon_core.environment:create_environment_scripts_only(go2_apportation_orchestrator)
[3.756s] INFO:colcon.colcon_core.shell:Creating package script '/workspace/repo/install_container/go2_apportation_orchestrator/share/go2_apportation_orchestrator/package.ps1'
[3.757s] INFO:colcon.colcon_core.shell:Creating package descriptor '/workspace/repo/install_container/go2_apportation_orchestrator/share/go2_apportation_orchestrator/package.dsv'
[3.758s] INFO:colcon.colcon_core.shell:Creating package script '/workspace/repo/install_container/go2_apportation_orchestrator/share/go2_apportation_orchestrator/package.sh'
[3.759s] INFO:colcon.colcon_core.shell:Creating package script '/workspace/repo/install_container/go2_apportation_orchestrator/share/go2_apportation_orchestrator/package.bash'
[3.760s] INFO:colcon.colcon_core.shell:Creating package script '/workspace/repo/install_container/go2_apportation_orchestrator/share/go2_apportation_orchestrator/package.zsh'
[3.760s] Level 1:colcon.colcon_core.environment:create_file_with_runtime_dependencies(/workspace/repo/install_container/go2_apportation_orchestrator/share/colcon-core/packages/go2_apportation_orchestrator)
[3.761s] DEBUG:colcon.colcon_parallel_executor.executor.parallel:closing loop
[3.762s] DEBUG:colcon.colcon_parallel_executor.executor.parallel:loop closed
[3.762s] DEBUG:colcon.colcon_parallel_executor.executor.parallel:run_until_complete finished with '0'
[3.762s] DEBUG:colcon.colcon_core.event_reactor:joining thread
[3.776s] INFO:colcon.colcon_core.plugin_system:Skipping extension 'colcon_notification.desktop_notification.notify_send': Could not find 'notify-send'
[3.776s] INFO:colcon.colcon_core.plugin_system:Skipping extension 'colcon_notification.desktop_notification.terminal_notifier': Not used on non-Darwin systems
[3.776s] INFO:colcon.colcon_core.plugin_system:Skipping extension 'colcon_notification.desktop_notification.win32': Not used on non-Windows systems
[3.776s] INFO:colcon.colcon_notification.desktop_notification:Sending desktop notification using 'notify2'
[3.776s] DEBUG:colcon.colcon_notification.desktop_notification.notify2:Failed to initialize notify2: org.freedesktop.DBus.Error.NotSupported: Unable to autolaunch a dbus-daemon without a $DISPLAY for X11
[3.777s] DEBUG:colcon.colcon_core.event_reactor:joined thread
[3.777s] INFO:colcon.colcon_core.shell:Creating prefix script '/workspace/repo/install_container/local_setup.ps1'
[3.780s] INFO:colcon.colcon_core.shell:Creating prefix util module '/workspace/repo/install_container/_local_setup_util_ps1.py'
[3.782s] INFO:colcon.colcon_core.shell:Creating prefix chain script '/workspace/repo/install_container/setup.ps1'
[3.784s] INFO:colcon.colcon_core.shell:Creating prefix script '/workspace/repo/install_container/local_setup.sh'
[3.786s] INFO:colcon.colcon_core.shell:Creating prefix util module '/workspace/repo/install_container/_local_setup_util_sh.py'
[3.787s] INFO:colcon.colcon_core.shell:Creating prefix chain script '/workspace/repo/install_container/setup.sh'
[3.789s] INFO:colcon.colcon_core.shell:Creating prefix script '/workspace/repo/install_container/local_setup.bash'
[3.790s] INFO:colcon.colcon_core.shell:Creating prefix chain script '/workspace/repo/install_container/setup.bash'
[3.792s] INFO:colcon.colcon_core.shell:Creating prefix script '/workspace/repo/install_container/local_setup.zsh'
[3.794s] INFO:colcon.colcon_core.shell:Creating prefix chain script '/workspace/repo/install_container/setup.zsh'
