[0.254s] DEBUG:colcon:Command line arguments: ['/usr/bin/colcon', '--log-base', 'log_container', 'build', '--build-base', 'build_container', '--install-base', 'install_container']
[0.255s] DEBUG:colcon:Parsed command line arguments: Namespace(log_base='log_container', log_level=None, verb_name='build', build_base='/workspace/repo/build_container', install_base='/workspace/repo/install_container', merge_install=False, symlink_install=False, test_result_base=None, continue_on_error=False, executor='parallel', parallel_workers=6, event_handlers=None, ignore_user_meta=False, metas=['./colcon.meta'], base_paths=['.'], packages_ignore=None, packages_ignore_regex=None, paths=None, packages_up_to=None, packages_up_to_regex=None, packages_above=None, packages_above_and_dependencies=None, packages_above_depth=None, packages_select_by_dep=None, packages_skip_by_dep=None, packages_skip_up_to=None, packages_select_build_failed=False, packages_skip_build_finished=False, packages_select_test_failures=False, packages_skip_test_passed=False, packages_select=None, packages_skip=None, packages_select_regex=None, packages_skip_regex=None, packages_start=None, packages_end=None, cmake_args=None, cmake_target=None, cmake_target_skip_unavailable=False, cmake_clean_cache=False, cmake_clean_first=False, cmake_force_configure=False, ament_cmake_args=None, catkin_cmake_args=None, catkin_skip_building_tests=False, mixin_files=None, mixin=None, verb_parser=<colcon_mixin.mixin.mixin_argument.MixinArgumentDecorator object at 0xffffac9d1b10>, verb_extension=<colcon_core.verb.build.BuildVerb object at 0xffffacaf68f0>, main=<bound method BuildVerb.main of <colcon_core.verb.build.BuildVerb object at 0xffffacaf68f0>>, mixin_verb=('build',))
[0.518s] Level 1:colcon.colcon_core.package_discovery:discover_packages(colcon_meta) check parameters
[0.519s] Level 1:colcon.colcon_core.package_discovery:discover_packages(recursive) check parameters
[0.519s] Level 1:colcon.colcon_core.package_discovery:discover_packages(ignore) check parameters
[0.519s] Level 1:colcon.colcon_core.package_discovery:discover_packages(path) check parameters
[0.519s] Level 1:colcon.colcon_core.package_discovery:discover_packages(colcon_meta) discover
[0.519s] Level 1:colcon.colcon_core.package_discovery:discover_packages(recursive) discover
[0.519s] INFO:colcon.colcon_core.package_discovery:Crawling recursively for packages in '/workspace/repo'
[0.520s] Level 1:colcon.colcon_core.package_identification:_identify(.) by extensions ['ignore', 'ignore_ament_install']
[0.520s] Level 1:colcon.colcon_core.package_identification:_identify(.) by extension 'ignore'
[0.520s] Level 1:colcon.colcon_core.package_identification:_identify(.) by extension 'ignore_ament_install'
[0.520s] Level 1:colcon.colcon_core.package_identification:_identify(.) by extensions ['colcon_pkg']
[0.520s] Level 1:colcon.colcon_core.package_identification:_identify(.) by extension 'colcon_pkg'
[0.520s] Level 1:colcon.colcon_core.package_identification:_identify(.) by extensions ['colcon_meta']
[0.520s] Level 1:colcon.colcon_core.package_identification:_identify(.) by extension 'colcon_meta'
[0.521s] Level 1:colcon.colcon_core.package_identification:_identify(.) by extensions ['ros']
[0.521s] Level 1:colcon.colcon_core.package_identification:_identify(.) by extension 'ros'
[0.548s] Level 1:colcon.colcon_core.package_identification:_identify(.) by extensions ['cmake', 'python']
[0.548s] Level 1:colcon.colcon_core.package_identification:_identify(.) by extension 'cmake'
[0.548s] Level 1:colcon.colcon_core.package_identification:_identify(.) by extension 'python'
[0.548s] Level 1:colcon.colcon_core.package_identification:_identify(.) by extensions ['python_setup_py']
[0.548s] Level 1:colcon.colcon_core.package_identification:_identify(.) by extension 'python_setup_py'
[0.549s] Level 1:colcon.colcon_core.package_identification:_identify(artifacts) by extensions ['ignore', 'ignore_ament_install']
[0.549s] Level 1:colcon.colcon_core.package_identification:_identify(artifacts) by extension 'ignore'
[0.549s] Level 1:colcon.colcon_core.package_identification:_identify(artifacts) by extension 'ignore_ament_install'
[0.549s] Level 1:colcon.colcon_core.package_identification:_identify(artifacts) by extensions ['colcon_pkg']
[0.549s] Level 1:colcon.colcon_core.package_identification:_identify(artifacts) by extension 'colcon_pkg'
[0.550s] Level 1:colcon.colcon_core.package_identification:_identify(artifacts) by extensions ['colcon_meta']
[0.550s] Level 1:colcon.colcon_core.package_identification:_identify(artifacts) by extension 'colcon_meta'
[0.550s] Level 1:colcon.colcon_core.package_identification:_identify(artifacts) by extensions ['ros']
[0.550s] Level 1:colcon.colcon_core.package_identification:_identify(artifacts) by extension 'ros'
[0.550s] Level 1:colcon.colcon_core.package_identification:_identify(artifacts) by extensions ['cmake', 'python']
[0.550s] Level 1:colcon.colcon_core.package_identification:_identify(artifacts) by extension 'cmake'
[0.550s] Level 1:colcon.colcon_core.package_identification:_identify(artifacts) by extension 'python'
[0.550s] Level 1:colcon.colcon_core.package_identification:_identify(artifacts) by extensions ['python_setup_py']
[0.550s] Level 1:colcon.colcon_core.package_identification:_identify(artifacts) by extension 'python_setup_py'
[0.551s] Level 1:colcon.colcon_core.package_identification:_identify(artifacts/checks) by extensions ['ignore', 'ignore_ament_install']
[0.551s] Level 1:colcon.colcon_core.package_identification:_identify(artifacts/checks) by extension 'ignore'
[0.551s] Level 1:colcon.colcon_core.package_identification:_identify(artifacts/checks) by extension 'ignore_ament_install'
[0.551s] Level 1:colcon.colcon_core.package_identification:_identify(artifacts/checks) by extensions ['colcon_pkg']
[0.551s] Level 1:colcon.colcon_core.package_identification:_identify(artifacts/checks) by extension 'colcon_pkg'
[0.551s] Level 1:colcon.colcon_core.package_identification:_identify(artifacts/checks) by extensions ['colcon_meta']
[0.551s] Level 1:colcon.colcon_core.package_identification:_identify(artifacts/checks) by extension 'colcon_meta'
[0.551s] Level 1:colcon.colcon_core.package_identification:_identify(artifacts/checks) by extensions ['ros']
[0.551s] Level 1:colcon.colcon_core.package_identification:_identify(artifacts/checks) by extension 'ros'
[0.552s] Level 1:colcon.colcon_core.package_identification:_identify(artifacts/checks) by extensions ['cmake', 'python']
[0.552s] Level 1:colcon.colcon_core.package_identification:_identify(artifacts/checks) by extension 'cmake'
[0.552s] Level 1:colcon.colcon_core.package_identification:_identify(artifacts/checks) by extension 'python'
[0.552s] Level 1:colcon.colcon_core.package_identification:_identify(artifacts/checks) by extensions ['python_setup_py']
[0.552s] Level 1:colcon.colcon_core.package_identification:_identify(artifacts/checks) by extension 'python_setup_py'
[0.552s] Level 1:colcon.colcon_core.package_identification:_identify(artifacts/checks/20260303_182530) by extensions ['ignore', 'ignore_ament_install']
[0.552s] Level 1:colcon.colcon_core.package_identification:_identify(artifacts/checks/20260303_182530) by extension 'ignore'
[0.553s] Level 1:colcon.colcon_core.package_identification:_identify(artifacts/checks/20260303_182530) by extension 'ignore_ament_install'
[0.553s] Level 1:colcon.colcon_core.package_identification:_identify(artifacts/checks/20260303_182530) by extensions ['colcon_pkg']
[0.553s] Level 1:colcon.colcon_core.package_identification:_identify(artifacts/checks/20260303_182530) by extension 'colcon_pkg'
[0.553s] Level 1:colcon.colcon_core.package_identification:_identify(artifacts/checks/20260303_182530) by extensions ['colcon_meta']
[0.553s] Level 1:colcon.colcon_core.package_identification:_identify(artifacts/checks/20260303_182530) by extension 'colcon_meta'
[0.553s] Level 1:colcon.colcon_core.package_identification:_identify(artifacts/checks/20260303_182530) by extensions ['ros']
[0.553s] Level 1:colcon.colcon_core.package_identification:_identify(artifacts/checks/20260303_182530) by extension 'ros'
[0.553s] Level 1:colcon.colcon_core.package_identification:_identify(artifacts/checks/20260303_182530) by extensions ['cmake', 'python']
[0.553s] Level 1:colcon.colcon_core.package_identification:_identify(artifacts/checks/20260303_182530) by extension 'cmake'
[0.553s] Level 1:colcon.colcon_core.package_identification:_identify(artifacts/checks/20260303_182530) by extension 'python'
[0.554s] Level 1:colcon.colcon_core.package_identification:_identify(artifacts/checks/20260303_182530) by extensions ['python_setup_py']
[0.554s] Level 1:colcon.colcon_core.package_identification:_identify(artifacts/checks/20260303_182530) by extension 'python_setup_py'
[0.554s] Level 1:colcon.colcon_core.package_identification:_identify(artifacts/checks/20260303_182614) by extensions ['ignore', 'ignore_ament_install']
[0.554s] Level 1:colcon.colcon_core.package_identification:_identify(artifacts/checks/20260303_182614) by extension 'ignore'
[0.554s] Level 1:colcon.colcon_core.package_identification:_identify(artifacts/checks/20260303_182614) by extension 'ignore_ament_install'
[0.554s] Level 1:colcon.colcon_core.package_identification:_identify(artifacts/checks/20260303_182614) by extensions ['colcon_pkg']
[0.554s] Level 1:colcon.colcon_core.package_identification:_identify(artifacts/checks/20260303_182614) by extension 'colcon_pkg'
[0.555s] Level 1:colcon.colcon_core.package_identification:_identify(artifacts/checks/20260303_182614) by extensions ['colcon_meta']
[0.555s] Level 1:colcon.colcon_core.package_identification:_identify(artifacts/checks/20260303_182614) by extension 'colcon_meta'
[0.555s] Level 1:colcon.colcon_core.package_identification:_identify(artifacts/checks/20260303_182614) by extensions ['ros']
[0.555s] Level 1:colcon.colcon_core.package_identification:_identify(artifacts/checks/20260303_182614) by extension 'ros'
[0.555s] Level 1:colcon.colcon_core.package_identification:_identify(artifacts/checks/20260303_182614) by extensions ['cmake', 'python']
[0.555s] Level 1:colcon.colcon_core.package_identification:_identify(artifacts/checks/20260303_182614) by extension 'cmake'
[0.555s] Level 1:colcon.colcon_core.package_identification:_identify(artifacts/checks/20260303_182614) by extension 'python'
[0.555s] Level 1:colcon.colcon_core.package_identification:_identify(artifacts/checks/20260303_182614) by extensions ['python_setup_py']
[0.555s] Level 1:colcon.colcon_core.package_identification:_identify(artifacts/checks/20260303_182614) by extension 'python_setup_py'
[0.556s] Level 1:colcon.colcon_core.package_identification:_identify(artifacts/checks/20260303_182717) by extensions ['ignore', 'ignore_ament_install']
[0.556s] Level 1:colcon.colcon_core.package_identification:_identify(artifacts/checks/20260303_182717) by extension 'ignore'
[0.556s] Level 1:colcon.colcon_core.package_identification:_identify(artifacts/checks/20260303_182717) by extension 'ignore_ament_install'
[0.556s] Level 1:colcon.colcon_core.package_identification:_identify(artifacts/checks/20260303_182717) by extensions ['colcon_pkg']
[0.556s] Level 1:colcon.colcon_core.package_identification:_identify(artifacts/checks/20260303_182717) by extension 'colcon_pkg'
[0.556s] Level 1:colcon.colcon_core.package_identification:_identify(artifacts/checks/20260303_182717) by extensions ['colcon_meta']
[0.556s] Level 1:colcon.colcon_core.package_identification:_identify(artifacts/checks/20260303_182717) by extension 'colcon_meta'
[0.556s] Level 1:colcon.colcon_core.package_identification:_identify(artifacts/checks/20260303_182717) by extensions ['ros']
[0.556s] Level 1:colcon.colcon_core.package_identification:_identify(artifacts/checks/20260303_182717) by extension 'ros'
[0.557s] Level 1:colcon.colcon_core.package_identification:_identify(artifacts/checks/20260303_182717) by extensions ['cmake', 'python']
[0.557s] Level 1:colcon.colcon_core.package_identification:_identify(artifacts/checks/20260303_182717) by extension 'cmake'
[0.557s] Level 1:colcon.colcon_core.package_identification:_identify(artifacts/checks/20260303_182717) by extension 'python'
[0.557s] Level 1:colcon.colcon_core.package_identification:_identify(artifacts/checks/20260303_182717) by extensions ['python_setup_py']
[0.557s] Level 1:colcon.colcon_core.package_identification:_identify(artifacts/checks/20260303_182717) by extension 'python_setup_py'
[0.557s] Level 1:colcon.colcon_core.package_identification:_identify(artifacts/checks/20260303_182757) by extensions ['ignore', 'ignore_ament_install']
[0.557s] Level 1:colcon.colcon_core.package_identification:_identify(artifacts/checks/20260303_182757) by extension 'ignore'
[0.558s] Level 1:colcon.colcon_core.package_identification:_identify(artifacts/checks/20260303_182757) by extension 'ignore_ament_install'
[0.558s] Level 1:colcon.colcon_core.package_identification:_identify(artifacts/checks/20260303_182757) by extensions ['colcon_pkg']
[0.558s] Level 1:colcon.colcon_core.package_identification:_identify(artifacts/checks/20260303_182757) by extension 'colcon_pkg'
[0.558s] Level 1:colcon.colcon_core.package_identification:_identify(artifacts/checks/20260303_182757) by extensions ['colcon_meta']
[0.558s] Level 1:colcon.colcon_core.package_identification:_identify(artifacts/checks/20260303_182757) by extension 'colcon_meta'
[0.558s] Level 1:colcon.colcon_core.package_identification:_identify(artifacts/checks/20260303_182757) by extensions ['ros']
[0.558s] Level 1:colcon.colcon_core.package_identification:_identify(artifacts/checks/20260303_182757) by extension 'ros'
[0.558s] Level 1:colcon.colcon_core.package_identification:_identify(artifacts/checks/20260303_182757) by extensions ['cmake', 'python']
[0.558s] Level 1:colcon.colcon_core.package_identification:_identify(artifacts/checks/20260303_182757) by extension 'cmake'
[0.558s] Level 1:colcon.colcon_core.package_identification:_identify(artifacts/checks/20260303_182757) by extension 'python'
[0.559s] Level 1:colcon.colcon_core.package_identification:_identify(artifacts/checks/20260303_182757) by extensions ['python_setup_py']
[0.559s] Level 1:colcon.colcon_core.package_identification:_identify(artifacts/checks/20260303_182757) by extension 'python_setup_py'
[0.559s] Level 1:colcon.colcon_core.package_identification:_identify(artifacts/checks/20260303_184343) by extensions ['ignore', 'ignore_ament_install']
[0.559s] Level 1:colcon.colcon_core.package_identification:_identify(artifacts/checks/20260303_184343) by extension 'ignore'
[0.559s] Level 1:colcon.colcon_core.package_identification:_identify(artifacts/checks/20260303_184343) by extension 'ignore_ament_install'
[0.559s] Level 1:colcon.colcon_core.package_identification:_identify(artifacts/checks/20260303_184343) by extensions ['colcon_pkg']
[0.559s] Level 1:colcon.colcon_core.package_identification:_identify(artifacts/checks/20260303_184343) by extension 'colcon_pkg'
[0.559s] Level 1:colcon.colcon_core.package_identification:_identify(artifacts/checks/20260303_184343) by extensions ['colcon_meta']
[0.560s] Level 1:colcon.colcon_core.package_identification:_identify(artifacts/checks/20260303_184343) by extension 'colcon_meta'
[0.560s] Level 1:colcon.colcon_core.package_identification:_identify(artifacts/checks/20260303_184343) by extensions ['ros']
[0.560s] Level 1:colcon.colcon_core.package_identification:_identify(artifacts/checks/20260303_184343) by extension 'ros'
[0.560s] Level 1:colcon.colcon_core.package_identification:_identify(artifacts/checks/20260303_184343) by extensions ['cmake', 'python']
[0.560s] Level 1:colcon.colcon_core.package_identification:_identify(artifacts/checks/20260303_184343) by extension 'cmake'
[0.560s] Level 1:colcon.colcon_core.package_identification:_identify(artifacts/checks/20260303_184343) by extension 'python'
[0.560s] Level 1:colcon.colcon_core.package_identification:_identify(artifacts/checks/20260303_184343) by extensions ['python_setup_py']
[0.560s] Level 1:colcon.colcon_core.package_identification:_identify(artifacts/checks/20260303_184343) by extension 'python_setup_py'
[0.560s] Level 1:colcon.colcon_core.package_identification:_identify(artifacts/checks/20260303_184647) by extensions ['ignore', 'ignore_ament_install']
[0.561s] Level 1:colcon.colcon_core.package_identification:_identify(artifacts/checks/20260303_184647) by extension 'ignore'
[0.561s] Level 1:colcon.colcon_core.package_identification:_identify(artifacts/checks/20260303_184647) by extension 'ignore_ament_install'
[0.561s] Level 1:colcon.colcon_core.package_identification:_identify(artifacts/checks/20260303_184647) by extensions ['colcon_pkg']
[0.561s] Level 1:colcon.colcon_core.package_identification:_identify(artifacts/checks/20260303_184647) by extension 'colcon_pkg'
[0.561s] Level 1:colcon.colcon_core.package_identification:_identify(artifacts/checks/20260303_184647) by extensions ['colcon_meta']
[0.561s] Level 1:colcon.colcon_core.package_identification:_identify(artifacts/checks/20260303_184647) by extension 'colcon_meta'
[0.561s] Level 1:colcon.colcon_core.package_identification:_identify(artifacts/checks/20260303_184647) by extensions ['ros']
[0.561s] Level 1:colcon.colcon_core.package_identification:_identify(artifacts/checks/20260303_184647) by extension 'ros'
[0.562s] Level 1:colcon.colcon_core.package_identification:_identify(artifacts/checks/20260303_184647) by extensions ['cmake', 'python']
[0.562s] Level 1:colcon.colcon_core.package_identification:_identify(artifacts/checks/20260303_184647) by extension 'cmake'
[0.562s] Level 1:colcon.colcon_core.package_identification:_identify(artifacts/checks/20260303_184647) by extension 'python'
[0.562s] Level 1:colcon.colcon_core.package_identification:_identify(artifacts/checks/20260303_184647) by extensions ['python_setup_py']
[0.562s] Level 1:colcon.colcon_core.package_identification:_identify(artifacts/checks/20260303_184647) by extension 'python_setup_py'
[0.562s] Level 1:colcon.colcon_core.package_identification:_identify(build) by extensions ['ignore', 'ignore_ament_install']
[0.562s] Level 1:colcon.colcon_core.package_identification:_identify(build) by extension 'ignore'
[0.563s] Level 1:colcon.colcon_core.package_identification:_identify(build) ignored
[0.563s] Level 1:colcon.colcon_core.package_identification:_identify(build_container) by extensions ['ignore', 'ignore_ament_install']
[0.563s] Level 1:colcon.colcon_core.package_identification:_identify(build_container) by extension 'ignore'
[0.563s] Level 1:colcon.colcon_core.package_identification:_identify(build_container) ignored
[0.563s] Level 1:colcon.colcon_core.package_identification:_identify(build_diag) by extensions ['ignore', 'ignore_ament_install']
[0.564s] Level 1:colcon.colcon_core.package_identification:_identify(build_diag) by extension 'ignore'
[0.564s] Level 1:colcon.colcon_core.package_identification:_identify(build_diag) ignored
[0.564s] Level 1:colcon.colcon_core.package_identification:_identify(build_diag2) by extensions ['ignore', 'ignore_ament_install']
[0.564s] Level 1:colcon.colcon_core.package_identification:_identify(build_diag2) by extension 'ignore'
[0.564s] Level 1:colcon.colcon_core.package_identification:_identify(build_diag2) ignored
[0.564s] Level 1:colcon.colcon_core.package_identification:_identify(config) by extensions ['ignore', 'ignore_ament_install']
[0.565s] Level 1:colcon.colcon_core.package_identification:_identify(config) by extension 'ignore'
[0.565s] Level 1:colcon.colcon_core.package_identification:_identify(config) by extension 'ignore_ament_install'
[0.565s] Level 1:colcon.colcon_core.package_identification:_identify(config) by extensions ['colcon_pkg']
[0.565s] Level 1:colcon.colcon_core.package_identification:_identify(config) by extension 'colcon_pkg'
[0.565s] Level 1:colcon.colcon_core.package_identification:_identify(config) by extensions ['colcon_meta']
[0.565s] Level 1:colcon.colcon_core.package_identification:_identify(config) by extension 'colcon_meta'
[0.565s] Level 1:colcon.colcon_core.package_identification:_identify(config) by extensions ['ros']
[0.565s] Level 1:colcon.colcon_core.package_identification:_identify(config) by extension 'ros'
[0.565s] Level 1:colcon.colcon_core.package_identification:_identify(config) by extensions ['cmake', 'python']
[0.566s] Level 1:colcon.colcon_core.package_identification:_identify(config) by extension 'cmake'
[0.566s] Level 1:colcon.colcon_core.package_identification:_identify(config) by extension 'python'
[0.566s] Level 1:colcon.colcon_core.package_identification:_identify(config) by extensions ['python_setup_py']
[0.566s] Level 1:colcon.colcon_core.package_identification:_identify(config) by extension 'python_setup_py'
[0.566s] Level 1:colcon.colcon_core.package_identification:_identify(docs) by extensions ['ignore', 'ignore_ament_install']
[0.566s] Level 1:colcon.colcon_core.package_identification:_identify(docs) by extension 'ignore'
[0.566s] Level 1:colcon.colcon_core.package_identification:_identify(docs) by extension 'ignore_ament_install'
[0.567s] Level 1:colcon.colcon_core.package_identification:_identify(docs) by extensions ['colcon_pkg']
[0.567s] Level 1:colcon.colcon_core.package_identification:_identify(docs) by extension 'colcon_pkg'
[0.567s] Level 1:colcon.colcon_core.package_identification:_identify(docs) by extensions ['colcon_meta']
[0.567s] Level 1:colcon.colcon_core.package_identification:_identify(docs) by extension 'colcon_meta'
[0.567s] Level 1:colcon.colcon_core.package_identification:_identify(docs) by extensions ['ros']
[0.567s] Level 1:colcon.colcon_core.package_identification:_identify(docs) by extension 'ros'
[0.567s] Level 1:colcon.colcon_core.package_identification:_identify(docs) by extensions ['cmake', 'python']
[0.567s] Level 1:colcon.colcon_core.package_identification:_identify(docs) by extension 'cmake'
[0.567s] Level 1:colcon.colcon_core.package_identification:_identify(docs) by extension 'python'
[0.567s] Level 1:colcon.colcon_core.package_identification:_identify(docs) by extensions ['python_setup_py']
[0.567s] Level 1:colcon.colcon_core.package_identification:_identify(docs) by extension 'python_setup_py'
[0.568s] Level 1:colcon.colcon_core.package_identification:_identify(install) by extensions ['ignore', 'ignore_ament_install']
[0.568s] Level 1:colcon.colcon_core.package_identification:_identify(install) by extension 'ignore'
[0.568s] Level 1:colcon.colcon_core.package_identification:_identify(install) ignored
[0.568s] Level 1:colcon.colcon_core.package_identification:_identify(install_container) by extensions ['ignore', 'ignore_ament_install']
[0.568s] Level 1:colcon.colcon_core.package_identification:_identify(install_container) by extension 'ignore'
[0.568s] Level 1:colcon.colcon_core.package_identification:_identify(install_container) ignored
[0.569s] Level 1:colcon.colcon_core.package_identification:_identify(install_diag) by extensions ['ignore', 'ignore_ament_install']
[0.569s] Level 1:colcon.colcon_core.package_identification:_identify(install_diag) by extension 'ignore'
[0.569s] Level 1:colcon.colcon_core.package_identification:_identify(install_diag) ignored
[0.569s] Level 1:colcon.colcon_core.package_identification:_identify(install_diag2) by extensions ['ignore', 'ignore_ament_install']
[0.569s] Level 1:colcon.colcon_core.package_identification:_identify(install_diag2) by extension 'ignore'
[0.569s] Level 1:colcon.colcon_core.package_identification:_identify(install_diag2) ignored
[0.570s] Level 1:colcon.colcon_core.package_identification:_identify(launch) by extensions ['ignore', 'ignore_ament_install']
[0.570s] Level 1:colcon.colcon_core.package_identification:_identify(launch) by extension 'ignore'
[0.570s] Level 1:colcon.colcon_core.package_identification:_identify(launch) by extension 'ignore_ament_install'
[0.570s] Level 1:colcon.colcon_core.package_identification:_identify(launch) by extensions ['colcon_pkg']
[0.570s] Level 1:colcon.colcon_core.package_identification:_identify(launch) by extension 'colcon_pkg'
[0.570s] Level 1:colcon.colcon_core.package_identification:_identify(launch) by extensions ['colcon_meta']
[0.570s] Level 1:colcon.colcon_core.package_identification:_identify(launch) by extension 'colcon_meta'
[0.570s] Level 1:colcon.colcon_core.package_identification:_identify(launch) by extensions ['ros']
[0.570s] Level 1:colcon.colcon_core.package_identification:_identify(launch) by extension 'ros'
[0.571s] Level 1:colcon.colcon_core.package_identification:_identify(launch) by extensions ['cmake', 'python']
[0.571s] Level 1:colcon.colcon_core.package_identification:_identify(launch) by extension 'cmake'
[0.571s] Level 1:colcon.colcon_core.package_identification:_identify(launch) by extension 'python'
[0.571s] Level 1:colcon.colcon_core.package_identification:_identify(launch) by extensions ['python_setup_py']
[0.571s] Level 1:colcon.colcon_core.package_identification:_identify(launch) by extension 'python_setup_py'
[0.571s] Level 1:colcon.colcon_core.package_identification:_identify(launch/__pycache__) by extensions ['ignore', 'ignore_ament_install']
[0.571s] Level 1:colcon.colcon_core.package_identification:_identify(launch/__pycache__) by extension 'ignore'
[0.571s] Level 1:colcon.colcon_core.package_identification:_identify(launch/__pycache__) by extension 'ignore_ament_install'
[0.572s] Level 1:colcon.colcon_core.package_identification:_identify(launch/__pycache__) by extensions ['colcon_pkg']
[0.572s] Level 1:colcon.colcon_core.package_identification:_identify(launch/__pycache__) by extension 'colcon_pkg'
[0.572s] Level 1:colcon.colcon_core.package_identification:_identify(launch/__pycache__) by extensions ['colcon_meta']
[0.572s] Level 1:colcon.colcon_core.package_identification:_identify(launch/__pycache__) by extension 'colcon_meta'
[0.572s] Level 1:colcon.colcon_core.package_identification:_identify(launch/__pycache__) by extensions ['ros']
[0.572s] Level 1:colcon.colcon_core.package_identification:_identify(launch/__pycache__) by extension 'ros'
[0.572s] Level 1:colcon.colcon_core.package_identification:_identify(launch/__pycache__) by extensions ['cmake', 'python']
[0.572s] Level 1:colcon.colcon_core.package_identification:_identify(launch/__pycache__) by extension 'cmake'
[0.572s] Level 1:colcon.colcon_core.package_identification:_identify(launch/__pycache__) by extension 'python'
[0.572s] Level 1:colcon.colcon_core.package_identification:_identify(launch/__pycache__) by extensions ['python_setup_py']
[0.572s] Level 1:colcon.colcon_core.package_identification:_identify(launch/__pycache__) by extension 'python_setup_py'
[0.573s] Level 1:colcon.colcon_core.package_identification:_identify(log) by extensions ['ignore', 'ignore_ament_install']
[0.573s] Level 1:colcon.colcon_core.package_identification:_identify(log) by extension 'ignore'
[0.573s] Level 1:colcon.colcon_core.package_identification:_identify(log) ignored
[0.573s] Level 1:colcon.colcon_core.package_identification:_identify(log_container) by extensions ['ignore', 'ignore_ament_install']
[0.573s] Level 1:colcon.colcon_core.package_identification:_identify(log_container) by extension 'ignore'
[0.573s] Level 1:colcon.colcon_core.package_identification:_identify(log_container) ignored
[0.574s] Level 1:colcon.colcon_core.package_identification:_identify(log_diag) by extensions ['ignore', 'ignore_ament_install']
[0.574s] Level 1:colcon.colcon_core.package_identification:_identify(log_diag) by extension 'ignore'
[0.574s] Level 1:colcon.colcon_core.package_identification:_identify(log_diag) ignored
[0.574s] Level 1:colcon.colcon_core.package_identification:_identify(log_diag2) by extensions ['ignore', 'ignore_ament_install']
[0.574s] Level 1:colcon.colcon_core.package_identification:_identify(log_diag2) by extension 'ignore'
[0.574s] Level 1:colcon.colcon_core.package_identification:_identify(log_diag2) ignored
[0.575s] Level 1:colcon.colcon_core.package_identification:_identify(scripts) by extensions ['ignore', 'ignore_ament_install']
[0.575s] Level 1:colcon.colcon_core.package_identification:_identify(scripts) by extension 'ignore'
[0.575s] Level 1:colcon.colcon_core.package_identification:_identify(scripts) by extension 'ignore_ament_install'
[0.575s] Level 1:colcon.colcon_core.package_identification:_identify(scripts) by extensions ['colcon_pkg']
[0.575s] Level 1:colcon.colcon_core.package_identification:_identify(scripts) by extension 'colcon_pkg'
[0.575s] Level 1:colcon.colcon_core.package_identification:_identify(scripts) by extensions ['colcon_meta']
[0.575s] Level 1:colcon.colcon_core.package_identification:_identify(scripts) by extension 'colcon_meta'
[0.575s] Level 1:colcon.colcon_core.package_identification:_identify(scripts) by extensions ['ros']
[0.575s] Level 1:colcon.colcon_core.package_identification:_identify(scripts) by extension 'ros'
[0.576s] Level 1:colcon.colcon_core.package_identification:_identify(scripts) by extensions ['cmake', 'python']
[0.576s] Level 1:colcon.colcon_core.package_identification:_identify(scripts) by extension 'cmake'
[0.576s] Level 1:colcon.colcon_core.package_identification:_identify(scripts) by extension 'python'
[0.576s] Level 1:colcon.colcon_core.package_identification:_identify(scripts) by extensions ['python_setup_py']
[0.576s] Level 1:colcon.colcon_core.package_identification:_identify(scripts) by extension 'python_setup_py'
[0.576s] Level 1:colcon.colcon_core.package_identification:_identify(scripts/bringup) by extensions ['ignore', 'ignore_ament_install']
[0.576s] Level 1:colcon.colcon_core.package_identification:_identify(scripts/bringup) by extension 'ignore'
[0.576s] Level 1:colcon.colcon_core.package_identification:_identify(scripts/bringup) by extension 'ignore_ament_install'
[0.577s] Level 1:colcon.colcon_core.package_identification:_identify(scripts/bringup) by extensions ['colcon_pkg']
[0.577s] Level 1:colcon.colcon_core.package_identification:_identify(scripts/bringup) by extension 'colcon_pkg'
[0.577s] Level 1:colcon.colcon_core.package_identification:_identify(scripts/bringup) by extensions ['colcon_meta']
[0.577s] Level 1:colcon.colcon_core.package_identification:_identify(scripts/bringup) by extension 'colcon_meta'
[0.577s] Level 1:colcon.colcon_core.package_identification:_identify(scripts/bringup) by extensions ['ros']
[0.577s] Level 1:colcon.colcon_core.package_identification:_identify(scripts/bringup) by extension 'ros'
[0.577s] Level 1:colcon.colcon_core.package_identification:_identify(scripts/bringup) by extensions ['cmake', 'python']
[0.577s] Level 1:colcon.colcon_core.package_identification:_identify(scripts/bringup) by extension 'cmake'
[0.577s] Level 1:colcon.colcon_core.package_identification:_identify(scripts/bringup) by extension 'python'
[0.577s] Level 1:colcon.colcon_core.package_identification:_identify(scripts/bringup) by extensions ['python_setup_py']
[0.577s] Level 1:colcon.colcon_core.package_identification:_identify(scripts/bringup) by extension 'python_setup_py'
[0.578s] Level 1:colcon.colcon_core.package_identification:_identify(scripts/docker) by extensions ['ignore', 'ignore_ament_install']
[0.578s] Level 1:colcon.colcon_core.package_identification:_identify(scripts/docker) by extension 'ignore'
[0.578s] Level 1:colcon.colcon_core.package_identification:_identify(scripts/docker) by extension 'ignore_ament_install'
[0.578s] Level 1:colcon.colcon_core.package_identification:_identify(scripts/docker) by extensions ['colcon_pkg']
[0.578s] Level 1:colcon.colcon_core.package_identification:_identify(scripts/docker) by extension 'colcon_pkg'
[0.578s] Level 1:colcon.colcon_core.package_identification:_identify(scripts/docker) by extensions ['colcon_meta']
[0.578s] Level 1:colcon.colcon_core.package_identification:_identify(scripts/docker) by extension 'colcon_meta'
[0.578s] Level 1:colcon.colcon_core.package_identification:_identify(scripts/docker) by extensions ['ros']
[0.578s] Level 1:colcon.colcon_core.package_identification:_identify(scripts/docker) by extension 'ros'
[0.579s] Level 1:colcon.colcon_core.package_identification:_identify(scripts/docker) by extensions ['cmake', 'python']
[0.579s] Level 1:colcon.colcon_core.package_identification:_identify(scripts/docker) by extension 'cmake'
[0.579s] Level 1:colcon.colcon_core.package_identification:_identify(scripts/docker) by extension 'python'
[0.579s] Level 1:colcon.colcon_core.package_identification:_identify(scripts/docker) by extensions ['python_setup_py']
[0.579s] Level 1:colcon.colcon_core.package_identification:_identify(scripts/docker) by extension 'python_setup_py'
[0.579s] Level 1:colcon.colcon_core.package_identification:_identify(scripts/rtabmap) by extensions ['ignore', 'ignore_ament_install']
[0.579s] Level 1:colcon.colcon_core.package_identification:_identify(scripts/rtabmap) by extension 'ignore'
[0.579s] Level 1:colcon.colcon_core.package_identification:_identify(scripts/rtabmap) by extension 'ignore_ament_install'
[0.580s] Level 1:colcon.colcon_core.package_identification:_identify(scripts/rtabmap) by extensions ['colcon_pkg']
[0.580s] Level 1:colcon.colcon_core.package_identification:_identify(scripts/rtabmap) by extension 'colcon_pkg'
[0.580s] Level 1:colcon.colcon_core.package_identification:_identify(scripts/rtabmap) by extensions ['colcon_meta']
[0.580s] Level 1:colcon.colcon_core.package_identification:_identify(scripts/rtabmap) by extension 'colcon_meta'
[0.580s] Level 1:colcon.colcon_core.package_identification:_identify(scripts/rtabmap) by extensions ['ros']
[0.580s] Level 1:colcon.colcon_core.package_identification:_identify(scripts/rtabmap) by extension 'ros'
[0.580s] Level 1:colcon.colcon_core.package_identification:_identify(scripts/rtabmap) by extensions ['cmake', 'python']
[0.580s] Level 1:colcon.colcon_core.package_identification:_identify(scripts/rtabmap) by extension 'cmake'
[0.580s] Level 1:colcon.colcon_core.package_identification:_identify(scripts/rtabmap) by extension 'python'
[0.580s] Level 1:colcon.colcon_core.package_identification:_identify(scripts/rtabmap) by extensions ['python_setup_py']
[0.580s] Level 1:colcon.colcon_core.package_identification:_identify(scripts/rtabmap) by extension 'python_setup_py'
[0.581s] Level 1:colcon.colcon_core.package_identification:_identify(src) by extensions ['ignore', 'ignore_ament_install']
[0.581s] Level 1:colcon.colcon_core.package_identification:_identify(src) by extension 'ignore'
[0.581s] Level 1:colcon.colcon_core.package_identification:_identify(src) by extension 'ignore_ament_install'
[0.581s] Level 1:colcon.colcon_core.package_identification:_identify(src) by extensions ['colcon_pkg']
[0.581s] Level 1:colcon.colcon_core.package_identification:_identify(src) by extension 'colcon_pkg'
[0.581s] Level 1:colcon.colcon_core.package_identification:_identify(src) by extensions ['colcon_meta']
[0.581s] Level 1:colcon.colcon_core.package_identification:_identify(src) by extension 'colcon_meta'
[0.581s] Level 1:colcon.colcon_core.package_identification:_identify(src) by extensions ['ros']
[0.581s] Level 1:colcon.colcon_core.package_identification:_identify(src) by extension 'ros'
[0.582s] Level 1:colcon.colcon_core.package_identification:_identify(src) by extensions ['cmake', 'python']
[0.582s] Level 1:colcon.colcon_core.package_identification:_identify(src) by extension 'cmake'
[0.582s] Level 1:colcon.colcon_core.package_identification:_identify(src) by extension 'python'
[0.582s] Level 1:colcon.colcon_core.package_identification:_identify(src) by extensions ['python_setup_py']
[0.582s] Level 1:colcon.colcon_core.package_identification:_identify(src) by extension 'python_setup_py'
[0.582s] Level 1:colcon.colcon_core.package_identification:_identify(src/go2_apportation_mocks) by extensions ['ignore', 'ignore_ament_install']
[0.582s] Level 1:colcon.colcon_core.package_identification:_identify(src/go2_apportation_mocks) by extension 'ignore'
[0.582s] Level 1:colcon.colcon_core.package_identification:_identify(src/go2_apportation_mocks) by extension 'ignore_ament_install'
[0.583s] Level 1:colcon.colcon_core.package_identification:_identify(src/go2_apportation_mocks) by extensions ['colcon_pkg']
[0.583s] Level 1:colcon.colcon_core.package_identification:_identify(src/go2_apportation_mocks) by extension 'colcon_pkg'
[0.583s] Level 1:colcon.colcon_core.package_identification:_identify(src/go2_apportation_mocks) by extensions ['colcon_meta']
[0.583s] Level 1:colcon.colcon_core.package_identification:_identify(src/go2_apportation_mocks) by extension 'colcon_meta'
[0.583s] Level 1:colcon.colcon_core.package_identification:_identify(src/go2_apportation_mocks) by extensions ['ros']
[0.583s] Level 1:colcon.colcon_core.package_identification:_identify(src/go2_apportation_mocks) by extension 'ros'
[0.588s] DEBUG:colcon.colcon_core.package_identification:Package 'src/go2_apportation_mocks' with type 'ros.ament_python' and name 'go2_apportation_mocks'
[0.589s] Level 1:colcon.colcon_core.package_identification:_identify(src/go2_apportation_msgs) by extensions ['ignore', 'ignore_ament_install']
[0.589s] Level 1:colcon.colcon_core.package_identification:_identify(src/go2_apportation_msgs) by extension 'ignore'
[0.589s] Level 1:colcon.colcon_core.package_identification:_identify(src/go2_apportation_msgs) by extension 'ignore_ament_install'
[0.589s] Level 1:colcon.colcon_core.package_identification:_identify(src/go2_apportation_msgs) by extensions ['colcon_pkg']
[0.589s] Level 1:colcon.colcon_core.package_identification:_identify(src/go2_apportation_msgs) by extension 'colcon_pkg'
[0.590s] Level 1:colcon.colcon_core.package_identification:_identify(src/go2_apportation_msgs) by extensions ['colcon_meta']
[0.590s] Level 1:colcon.colcon_core.package_identification:_identify(src/go2_apportation_msgs) by extension 'colcon_meta'
[0.590s] Level 1:colcon.colcon_core.package_identification:_identify(src/go2_apportation_msgs) by extensions ['ros']
[0.590s] Level 1:colcon.colcon_core.package_identification:_identify(src/go2_apportation_msgs) by extension 'ros'
[0.592s] DEBUG:colcon.colcon_core.package_identification:Package 'src/go2_apportation_msgs' with type 'ros.catkin' and name 'go2_apportation_msgs'
[0.592s] Level 1:colcon.colcon_core.package_identification:_identify(src/go2_apportation_orchestrator) by extensions ['ignore', 'ignore_ament_install']
[0.593s] Level 1:colcon.colcon_core.package_identification:_identify(src/go2_apportation_orchestrator) by extension 'ignore'
[0.593s] Level 1:colcon.colcon_core.package_identification:_identify(src/go2_apportation_orchestrator) by extension 'ignore_ament_install'
[0.593s] Level 1:colcon.colcon_core.package_identification:_identify(src/go2_apportation_orchestrator) by extensions ['colcon_pkg']
[0.593s] Level 1:colcon.colcon_core.package_identification:_identify(src/go2_apportation_orchestrator) by extension 'colcon_pkg'
[0.593s] Level 1:colcon.colcon_core.package_identification:_identify(src/go2_apportation_orchestrator) by extensions ['colcon_meta']
[0.593s] Level 1:colcon.colcon_core.package_identification:_identify(src/go2_apportation_orchestrator) by extension 'colcon_meta'
[0.593s] Level 1:colcon.colcon_core.package_identification:_identify(src/go2_apportation_orchestrator) by extensions ['ros']
[0.594s] Level 1:colcon.colcon_core.package_identification:_identify(src/go2_apportation_orchestrator) by extension 'ros'
[0.595s] DEBUG:colcon.colcon_core.package_identification:Package 'src/go2_apportation_orchestrator' with type 'ros.ament_python' and name 'go2_apportation_orchestrator'
[0.595s] Level 1:colcon.colcon_core.package_identification:_identify(src/go2_tf_tools) by extensions ['ignore', 'ignore_ament_install']
[0.595s] Level 1:colcon.colcon_core.package_identification:_identify(src/go2_tf_tools) by extension 'ignore'
[0.595s] Level 1:colcon.colcon_core.package_identification:_identify(src/go2_tf_tools) by extension 'ignore_ament_install'
[0.596s] Level 1:colcon.colcon_core.package_identification:_identify(src/go2_tf_tools) by extensions ['colcon_pkg']
[0.596s] Level 1:colcon.colcon_core.package_identification:_identify(src/go2_tf_tools) by extension 'colcon_pkg'
[0.596s] Level 1:colcon.colcon_core.package_identification:_identify(src/go2_tf_tools) by extensions ['colcon_meta']
[0.596s] Level 1:colcon.colcon_core.package_identification:_identify(src/go2_tf_tools) by extension 'colcon_meta'
[0.596s] Level 1:colcon.colcon_core.package_identification:_identify(src/go2_tf_tools) by extensions ['ros']
[0.596s] Level 1:colcon.colcon_core.package_identification:_identify(src/go2_tf_tools) by extension 'ros'
[0.597s] DEBUG:colcon.colcon_core.package_identification:Package 'src/go2_tf_tools' with type 'ros.ament_python' and name 'go2_tf_tools'
[0.597s] Level 1:colcon.colcon_core.package_identification:_identify(tests) by extensions ['ignore', 'ignore_ament_install']
[0.598s] Level 1:colcon.colcon_core.package_identification:_identify(tests) by extension 'ignore'
[0.598s] Level 1:colcon.colcon_core.package_identification:_identify(tests) by extension 'ignore_ament_install'
[0.598s] Level 1:colcon.colcon_core.package_identification:_identify(tests) by extensions ['colcon_pkg']
[0.598s] Level 1:colcon.colcon_core.package_identification:_identify(tests) by extension 'colcon_pkg'
[0.598s] Level 1:colcon.colcon_core.package_identification:_identify(tests) by extensions ['colcon_meta']
[0.598s] Level 1:colcon.colcon_core.package_identification:_identify(tests) by extension 'colcon_meta'
[0.598s] Level 1:colcon.colcon_core.package_identification:_identify(tests) by extensions ['ros']
[0.598s] Level 1:colcon.colcon_core.package_identification:_identify(tests) by extension 'ros'
[0.599s] Level 1:colcon.colcon_core.package_identification:_identify(tests) by extensions ['cmake', 'python']
[0.599s] Level 1:colcon.colcon_core.package_identification:_identify(tests) by extension 'cmake'
[0.599s] Level 1:colcon.colcon_core.package_identification:_identify(tests) by extension 'python'
[0.599s] Level 1:colcon.colcon_core.package_identification:_identify(tests) by extensions ['python_setup_py']
[0.599s] Level 1:colcon.colcon_core.package_identification:_identify(tests) by extension 'python_setup_py'
[0.599s] Level 1:colcon.colcon_core.package_identification:_identify(tests/__pycache__) by extensions ['ignore', 'ignore_ament_install']
[0.599s] Level 1:colcon.colcon_core.package_identification:_identify(tests/__pycache__) by extension 'ignore'
[0.599s] Level 1:colcon.colcon_core.package_identification:_identify(tests/__pycache__) by extension 'ignore_ament_install'
[0.600s] Level 1:colcon.colcon_core.package_identification:_identify(tests/__pycache__) by extensions ['colcon_pkg']
[0.600s] Level 1:colcon.colcon_core.package_identification:_identify(tests/__pycache__) by extension 'colcon_pkg'
[0.600s] Level 1:colcon.colcon_core.package_identification:_identify(tests/__pycache__) by extensions ['colcon_meta']
[0.600s] Level 1:colcon.colcon_core.package_identification:_identify(tests/__pycache__) by extension 'colcon_meta'
[0.600s] Level 1:colcon.colcon_core.package_identification:_identify(tests/__pycache__) by extensions ['ros']
[0.600s] Level 1:colcon.colcon_core.package_identification:_identify(tests/__pycache__) by extension 'ros'
[0.600s] Level 1:colcon.colcon_core.package_identification:_identify(tests/__pycache__) by extensions ['cmake', 'python']
[0.600s] Level 1:colcon.colcon_core.package_identification:_identify(tests/__pycache__) by extension 'cmake'
[0.600s] Level 1:colcon.colcon_core.package_identification:_identify(tests/__pycache__) by extension 'python'
[0.600s] Level 1:colcon.colcon_core.package_identification:_identify(tests/__pycache__) by extensions ['python_setup_py']
[0.600s] Level 1:colcon.colcon_core.package_identification:_identify(tests/__pycache__) by extension 'python_setup_py'
[0.601s] Level 1:colcon.colcon_core.package_discovery:discover_packages(recursive) using defaults
[0.601s] Level 1:colcon.colcon_core.package_discovery:discover_packages(ignore) discover
[0.601s] Level 1:colcon.colcon_core.package_discovery:discover_packages(ignore) using defaults
[0.601s] Level 1:colcon.colcon_core.package_discovery:discover_packages(path) discover
[0.601s] Level 1:colcon.colcon_core.package_discovery:discover_packages(path) using defaults
[0.650s] Level 5:colcon.colcon_core.verb:set package 'go2_apportation_msgs' build argument 'cmake_args' from command line to 'None'
[0.650s] Level 5:colcon.colcon_core.verb:set package 'go2_apportation_msgs' build argument 'cmake_target' from command line to 'None'
[0.650s] Level 5:colcon.colcon_core.verb:set package 'go2_apportation_msgs' build argument 'cmake_target_skip_unavailable' from command line to 'False'
[0.650s] Level 5:colcon.colcon_core.verb:set package 'go2_apportation_msgs' build argument 'cmake_clean_cache' from command line to 'False'
[0.650s] Level 5:colcon.colcon_core.verb:set package 'go2_apportation_msgs' build argument 'cmake_clean_first' from command line to 'False'
[0.650s] Level 5:colcon.colcon_core.verb:set package 'go2_apportation_msgs' build argument 'cmake_force_configure' from command line to 'False'
[0.650s] Level 5:colcon.colcon_core.verb:set package 'go2_apportation_msgs' build argument 'ament_cmake_args' from command line to 'None'
[0.650s] Level 5:colcon.colcon_core.verb:set package 'go2_apportation_msgs' build argument 'catkin_cmake_args' from command line to 'None'
[0.650s] Level 5:colcon.colcon_core.verb:set package 'go2_apportation_msgs' build argument 'catkin_skip_building_tests' from command line to 'False'
[0.651s] DEBUG:colcon.colcon_core.verb:Building package 'go2_apportation_msgs' with the following arguments: {'ament_cmake_args': None, 'build_base': '/workspace/repo/build_container/go2_apportation_msgs', 'catkin_cmake_args': None, 'catkin_skip_building_tests': False, 'cmake_args': None, 'cmake_clean_cache': False, 'cmake_clean_first': False, 'cmake_force_configure': False, 'cmake_target': None, 'cmake_target_skip_unavailable': False, 'install_base': '/workspace/repo/install_container/go2_apportation_msgs', 'merge_install': False, 'path': '/workspace/repo/src/go2_apportation_msgs', 'symlink_install': False, 'test_result_base': None}
[0.651s] Level 5:colcon.colcon_core.verb:set package 'go2_tf_tools' build argument 'cmake_args' from command line to 'None'
[0.651s] Level 5:colcon.colcon_core.verb:set package 'go2_tf_tools' build argument 'cmake_target' from command line to 'None'
[0.651s] Level 5:colcon.colcon_core.verb:set package 'go2_tf_tools' build argument 'cmake_target_skip_unavailable' from command line to 'False'
[0.651s] Level 5:colcon.colcon_core.verb:set package 'go2_tf_tools' build argument 'cmake_clean_cache' from command line to 'False'
[0.652s] Level 5:colcon.colcon_core.verb:set package 'go2_tf_tools' build argument 'cmake_clean_first' from command line to 'False'
[0.652s] Level 5:colcon.colcon_core.verb:set package 'go2_tf_tools' build argument 'cmake_force_configure' from command line to 'False'
[0.652s] Level 5:colcon.colcon_core.verb:set package 'go2_tf_tools' build argument 'ament_cmake_args' from command line to 'None'
[0.652s] Level 5:colcon.colcon_core.verb:set package 'go2_tf_tools' build argument 'catkin_cmake_args' from command line to 'None'
[0.652s] Level 5:colcon.colcon_core.verb:set package 'go2_tf_tools' build argument 'catkin_skip_building_tests' from command line to 'False'
[0.652s] DEBUG:colcon.colcon_core.verb:Building package 'go2_tf_tools' with the following arguments: {'ament_cmake_args': None, 'build_base': '/workspace/repo/build_container/go2_tf_tools', 'catkin_cmake_args': None, 'catkin_skip_building_tests': False, 'cmake_args': None, 'cmake_clean_cache': False, 'cmake_clean_first': False, 'cmake_force_configure': False, 'cmake_target': None, 'cmake_target_skip_unavailable': False, 'install_base': '/workspace/repo/install_container/go2_tf_tools', 'merge_install': False, 'path': '/workspace/repo/src/go2_tf_tools', 'symlink_install': False, 'test_result_base': None}
[0.653s] Level 5:colcon.colcon_core.verb:set package 'go2_apportation_mocks' build argument 'cmake_args' from command line to 'None'
[0.653s] Level 5:colcon.colcon_core.verb:set package 'go2_apportation_mocks' build argument 'cmake_target' from command line to 'None'
[0.653s] Level 5:colcon.colcon_core.verb:set package 'go2_apportation_mocks' build argument 'cmake_target_skip_unavailable' from command line to 'False'
[0.653s] Level 5:colcon.colcon_core.verb:set package 'go2_apportation_mocks' build argument 'cmake_clean_cache' from command line to 'False'
[0.653s] Level 5:colcon.colcon_core.verb:set package 'go2_apportation_mocks' build argument 'cmake_clean_first' from command line to 'False'
[0.653s] Level 5:colcon.colcon_core.verb:set package 'go2_apportation_mocks' build argument 'cmake_force_configure' from command line to 'False'
[0.653s] Level 5:colcon.colcon_core.verb:set package 'go2_apportation_mocks' build argument 'ament_cmake_args' from command line to 'None'
[0.653s] Level 5:colcon.colcon_core.verb:set package 'go2_apportation_mocks' build argument 'catkin_cmake_args' from command line to 'None'
[0.653s] Level 5:colcon.colcon_core.verb:set package 'go2_apportation_mocks' build argument 'catkin_skip_building_tests' from command line to 'False'
[0.653s] DEBUG:colcon.colcon_core.verb:Building package 'go2_apportation_mocks' with the following arguments: {'ament_cmake_args': None, 'build_base': '/workspace/repo/build_container/go2_apportation_mocks', 'catkin_cmake_args': None, 'catkin_skip_building_tests': False, 'cmake_args': None, 'cmake_clean_cache': False, 'cmake_clean_first': False, 'cmake_force_configure': False, 'cmake_target': None, 'cmake_target_skip_unavailable': False, 'install_base': '/workspace/repo/install_container/go2_apportation_mocks', 'merge_install': False, 'path': '/workspace/repo/src/go2_apportation_mocks', 'symlink_install': False, 'test_result_base': None}
[0.654s] Level 5:colcon.colcon_core.verb:set package 'go2_apportation_orchestrator' build argument 'cmake_args' from command line to 'None'
[0.654s] Level 5:colcon.colcon_core.verb:set package 'go2_apportation_orchestrator' build argument 'cmake_target' from command line to 'None'
[0.654s] Level 5:colcon.colcon_core.verb:set package 'go2_apportation_orchestrator' build argument 'cmake_target_skip_unavailable' from command line to 'False'
[0.654s] Level 5:colcon.colcon_core.verb:set package 'go2_apportation_orchestrator' build argument 'cmake_clean_cache' from command line to 'False'
[0.654s] Level 5:colcon.colcon_core.verb:set package 'go2_apportation_orchestrator' build argument 'cmake_clean_first' from command line to 'False'
[0.654s] Level 5:colcon.colcon_core.verb:set package 'go2_apportation_orchestrator' build argument 'cmake_force_configure' from command line to 'False'
[0.654s] Level 5:colcon.colcon_core.verb:set package 'go2_apportation_orchestrator' build argument 'ament_cmake_args' from command line to 'None'
[0.654s] Level 5:colcon.colcon_core.verb:set package 'go2_apportation_orchestrator' build argument 'catkin_cmake_args' from command line to 'None'
[0.654s] Level 5:colcon.colcon_core.verb:set package 'go2_apportation_orchestrator' build argument 'catkin_skip_building_tests' from command line to 'False'
[0.654s] DEBUG:colcon.colcon_core.verb:Building package 'go2_apportation_orchestrator' with the following arguments: {'ament_cmake_args': None, 'build_base': '/workspace/repo/build_container/go2_apportation_orchestrator', 'catkin_cmake_args': None, 'catkin_skip_building_tests': False, 'cmake_args': None, 'cmake_clean_cache': False, 'cmake_clean_first': False, 'cmake_force_configure': False, 'cmake_target': None, 'cmake_target_skip_unavailable': False, 'install_base': '/workspace/repo/install_container/go2_apportation_orchestrator', 'merge_install': False, 'path': '/workspace/repo/src/go2_apportation_orchestrator', 'symlink_install': False, 'test_result_base': None}
[0.655s] INFO:colcon.colcon_core.executor:Executing jobs using 'parallel' executor
[0.657s] DEBUG:colcon.colcon_parallel_executor.executor.parallel:run_until_complete
[0.658s] INFO:colcon.colcon_ros.task.catkin.build:Building ROS package in '/workspace/repo/src/go2_apportation_msgs' with build type 'catkin'
[0.659s] INFO:colcon.colcon_cmake.task.cmake.build:Building CMake package in '/workspace/repo/src/go2_apportation_msgs'
[0.664s] INFO:colcon.colcon_core.plugin_system:Skipping extension 'colcon_core.shell.bat': Not used on non-Windows systems
[0.664s] INFO:colcon.colcon_core.shell:Skip shell extension 'powershell' for command environment: Not usable outside of PowerShell
[0.665s] DEBUG:colcon.colcon_core.shell:Skip shell extension 'dsv' for command environment
[0.673s] INFO:colcon.colcon_ros.task.ament_python.build:Building ROS package in '/workspace/repo/src/go2_tf_tools' with build type 'ament_python'
[0.674s] Level 1:colcon.colcon_core.shell:create_environment_hook('go2_tf_tools', 'ament_prefix_path')
[0.674s] INFO:colcon.colcon_core.shell:Creating environment hook '/workspace/repo/install_container/go2_tf_tools/share/go2_tf_tools/hook/ament_prefix_path.ps1'
[0.676s] INFO:colcon.colcon_core.shell:Creating environment descriptor '/workspace/repo/install_container/go2_tf_tools/share/go2_tf_tools/hook/ament_prefix_path.dsv'
[0.677s] INFO:colcon.colcon_core.shell:Creating environment hook '/workspace/repo/install_container/go2_tf_tools/share/go2_tf_tools/hook/ament_prefix_path.sh'
[0.679s] INFO:colcon.colcon_core.shell:Skip shell extension 'powershell' for command environment: Not usable outside of PowerShell
[0.679s] DEBUG:colcon.colcon_core.shell:Skip shell extension 'dsv' for command environment
[0.691s] DEBUG:colcon.colcon_core.event_handler.log_command:Invoking command in '/workspace/repo/build_container/go2_apportation_msgs': /usr/bin/cmake --build /workspace/repo/build_container/go2_apportation_msgs -- -j6 -l6
[1.226s] INFO:colcon.colcon_core.task.python.build:Building Python package in '/workspace/repo/src/go2_tf_tools'
[1.227s] INFO:colcon.colcon_core.shell:Skip shell extension 'powershell' for command environment: Not usable outside of PowerShell
[1.227s] DEBUG:colcon.colcon_core.shell:Skip shell extension 'dsv' for command environment
[1.468s] DEBUG:colcon.colcon_core.event_handler.log_command:Invoked command in '/workspace/repo/build_container/go2_apportation_msgs' returned '0': /usr/bin/cmake --build /workspace/repo/build_container/go2_apportation_msgs -- -j6 -l6
[1.487s] DEBUG:colcon.colcon_core.event_handler.log_command:Invoking command in '/workspace/repo/build_container/go2_apportation_msgs': /usr/bin/cmake --install /workspace/repo/build_container/go2_apportation_msgs
[1.630s] DEBUG:colcon.colcon_core.event_handler.log_command:Invoked command in '/workspace/repo/build_container/go2_apportation_msgs' returned '0': /usr/bin/cmake --install /workspace/repo/build_container/go2_apportation_msgs
[1.631s] Level 1:colcon.colcon_core.shell:create_environment_hook('go2_apportation_msgs', 'ros_package_path')
[1.633s] INFO:colcon.colcon_core.shell:Creating environment hook '/workspace/repo/install_container/go2_apportation_msgs/share/go2_apportation_msgs/hook/ros_package_path.ps1'
[1.635s] INFO:colcon.colcon_core.shell:Creating environment descriptor '/workspace/repo/install_container/go2_apportation_msgs/share/go2_apportation_msgs/hook/ros_package_path.dsv'
[1.636s] INFO:colcon.colcon_core.shell:Creating environment hook '/workspace/repo/install_container/go2_apportation_msgs/share/go2_apportation_msgs/hook/ros_package_path.sh'
[1.638s] Level 1:colcon.colcon_ros.task.catkin:checking '/workspace/repo/install_container/go2_apportation_msgs/local/lib/python3.10/dist-packages'
[1.638s] Level 1:colcon.colcon_core.shell:create_environment_hook('go2_apportation_msgs', 'catkin_pythonpath')
[1.638s] INFO:colcon.colcon_core.shell:Creating environment hook '/workspace/repo/install_container/go2_apportation_msgs/share/go2_apportation_msgs/hook/catkin_pythonpath.ps1'
[1.642s] INFO:colcon.colcon_core.shell:Creating environment descriptor '/workspace/repo/install_container/go2_apportation_msgs/share/go2_apportation_msgs/hook/catkin_pythonpath.dsv'
[1.644s] INFO:colcon.colcon_core.shell:Creating environment hook '/workspace/repo/install_container/go2_apportation_msgs/share/go2_apportation_msgs/hook/catkin_pythonpath.sh'
[1.646s] Level 1:colcon.colcon_core.shell:create_environment_hook('go2_apportation_msgs', 'pkg_config_path')
[1.647s] INFO:colcon.colcon_core.shell:Creating environment hook '/workspace/repo/install_container/go2_apportation_msgs/share/go2_apportation_msgs/hook/pkg_config_path.ps1'
[1.648s] INFO:colcon.colcon_core.shell:Creating environment descriptor '/workspace/repo/install_container/go2_apportation_msgs/share/go2_apportation_msgs/hook/pkg_config_path.dsv'
[1.650s] INFO:colcon.colcon_core.shell:Creating environment hook '/workspace/repo/install_container/go2_apportation_msgs/share/go2_apportation_msgs/hook/pkg_config_path.sh'
[1.660s] Level 1:colcon.colcon_core.shell:create_environment_hook('go2_apportation_msgs', 'pkg_config_path_multiarch')
[1.661s] INFO:colcon.colcon_core.shell:Creating environment hook '/workspace/repo/install_container/go2_apportation_msgs/share/go2_apportation_msgs/hook/pkg_config_path_multiarch.ps1'
[1.663s] INFO:colcon.colcon_core.shell:Creating environment descriptor '/workspace/repo/install_container/go2_apportation_msgs/share/go2_apportation_msgs/hook/pkg_config_path_multiarch.dsv'
[1.665s] INFO:colcon.colcon_core.shell:Creating environment hook '/workspace/repo/install_container/go2_apportation_msgs/share/go2_apportation_msgs/hook/pkg_config_path_multiarch.sh'
[1.667s] Level 1:colcon.colcon_core.environment:create_environment_scripts_only(go2_apportation_msgs)
[1.674s] Level 1:colcon.colcon_core.environment:checking '/workspace/repo/install_container/go2_apportation_msgs' for CMake module files
[1.675s] Level 1:colcon.colcon_core.environment:checking '/workspace/repo/install_container/go2_apportation_msgs' for CMake config files
[1.677s] Level 1:colcon.colcon_core.shell:create_environment_hook('go2_apportation_msgs', 'cmake_prefix_path')
[1.678s] INFO:colcon.colcon_core.shell:Creating environment hook '/workspace/repo/install_container/go2_apportation_msgs/share/go2_apportation_msgs/hook/cmake_prefix_path.ps1'
[1.679s] INFO:colcon.colcon_core.shell:Creating environment descriptor '/workspace/repo/install_container/go2_apportation_msgs/share/go2_apportation_msgs/hook/cmake_prefix_path.dsv'
[1.680s] INFO:colcon.colcon_core.shell:Creating environment hook '/workspace/repo/install_container/go2_apportation_msgs/share/go2_apportation_msgs/hook/cmake_prefix_path.sh'
[1.682s] Level 1:colcon.colcon_core.environment:checking '/workspace/repo/install_container/go2_apportation_msgs/lib'
[1.682s] Level 1:colcon.colcon_core.shell:create_environment_hook('go2_apportation_msgs', 'ld_library_path_lib')
[1.683s] INFO:colcon.colcon_core.shell:Creating environment hook '/workspace/repo/install_container/go2_apportation_msgs/share/go2_apportation_msgs/hook/ld_library_path_lib.ps1'
[1.684s] INFO:colcon.colcon_core.shell:Creating environment descriptor '/workspace/repo/install_container/go2_apportation_msgs/share/go2_apportation_msgs/hook/ld_library_path_lib.dsv'
[1.685s] INFO:colcon.colcon_core.shell:Creating environment hook '/workspace/repo/install_container/go2_apportation_msgs/share/go2_apportation_msgs/hook/ld_library_path_lib.sh'
[1.686s] Level 1:colcon.colcon_core.environment:checking '/workspace/repo/install_container/go2_apportation_msgs/bin'
[1.686s] Level 1:colcon.colcon_core.environment:checking '/workspace/repo/install_container/go2_apportation_msgs/lib/pkgconfig/go2_apportation_msgs.pc'
[1.687s] Level 1:colcon.colcon_core.environment:checking '/workspace/repo/install_container/go2_apportation_msgs/lib/python3.10/site-packages'
[1.687s] Level 1:colcon.colcon_core.environment:checking '/workspace/repo/install_container/go2_apportation_msgs/bin'
[1.689s] INFO:colcon.colcon_core.shell:Creating package script '/workspace/repo/install_container/go2_apportation_msgs/share/go2_apportation_msgs/package.ps1'
[1.692s] INFO:colcon.colcon_core.shell:Creating package descriptor '/workspace/repo/install_container/go2_apportation_msgs/share/go2_apportation_msgs/package.dsv'
[1.694s] INFO:colcon.colcon_core.shell:Creating package script '/workspace/repo/install_container/go2_apportation_msgs/share/go2_apportation_msgs/package.sh'
[1.697s] INFO:colcon.colcon_core.shell:Creating package script '/workspace/repo/install_container/go2_apportation_msgs/share/go2_apportation_msgs/package.bash'
[1.699s] INFO:colcon.colcon_core.shell:Creating package script '/workspace/repo/install_container/go2_apportation_msgs/share/go2_apportation_msgs/package.zsh'
[1.701s] Level 1:colcon.colcon_core.environment:create_file_with_runtime_dependencies(/workspace/repo/install_container/go2_apportation_msgs/share/colcon-core/packages/go2_apportation_msgs)
[1.704s] INFO:colcon.colcon_ros.task.ament_python.build:Building ROS package in '/workspace/repo/src/go2_apportation_mocks' with build type 'ament_python'
[1.705s] Level 1:colcon.colcon_core.shell:create_environment_hook('go2_apportation_mocks', 'ament_prefix_path')
[1.706s] INFO:colcon.colcon_core.shell:Creating environment hook '/workspace/repo/install_container/go2_apportation_mocks/share/go2_apportation_mocks/hook/ament_prefix_path.ps1'
[1.707s] INFO:colcon.colcon_core.shell:Creating environment descriptor '/workspace/repo/install_container/go2_apportation_mocks/share/go2_apportation_mocks/hook/ament_prefix_path.dsv'
[1.708s] INFO:colcon.colcon_core.shell:Creating environment hook '/workspace/repo/install_container/go2_apportation_mocks/share/go2_apportation_mocks/hook/ament_prefix_path.sh'
[1.709s] INFO:colcon.colcon_core.shell:Skip shell extension 'powershell' for command environment: Not usable outside of PowerShell
[1.709s] DEBUG:colcon.colcon_core.shell:Skip shell extension 'dsv' for command environment
[1.716s] INFO:colcon.colcon_ros.task.ament_python.build:Building ROS package in '/workspace/repo/src/go2_apportation_orchestrator' with build type 'ament_python'
[1.717s] Level 1:colcon.colcon_core.shell:create_environment_hook('go2_apportation_orchestrator', 'ament_prefix_path')
[1.718s] INFO:colcon.colcon_core.shell:Creating environment hook '/workspace/repo/install_container/go2_apportation_orchestrator/share/go2_apportation_orchestrator/hook/ament_prefix_path.ps1'
[1.719s] INFO:colcon.colcon_core.shell:Creating environment descriptor '/workspace/repo/install_container/go2_apportation_orchestrator/share/go2_apportation_orchestrator/hook/ament_prefix_path.dsv'
[1.720s] INFO:colcon.colcon_core.shell:Creating environment hook '/workspace/repo/install_container/go2_apportation_orchestrator/share/go2_apportation_orchestrator/hook/ament_prefix_path.sh'
[1.723s] INFO:colcon.colcon_core.shell:Skip shell extension 'powershell' for command environment: Not usable outside of PowerShell
[1.723s] DEBUG:colcon.colcon_core.shell:Skip shell extension 'dsv' for command environment
[2.238s] INFO:colcon.colcon_core.task.python.build:Building Python package in '/workspace/repo/src/go2_apportation_mocks'
[2.239s] INFO:colcon.colcon_core.shell:Skip shell extension 'powershell' for command environment: Not usable outside of PowerShell
[2.239s] DEBUG:colcon.colcon_core.shell:Skip shell extension 'dsv' for command environment
[2.682s] INFO:colcon.colcon_core.task.python.build:Building Python package in '/workspace/repo/src/go2_apportation_orchestrator'
[2.682s] INFO:colcon.colcon_core.shell:Skip shell extension 'powershell' for command environment: Not usable outside of PowerShell
[2.683s] DEBUG:colcon.colcon_core.shell:Skip shell extension 'dsv' for command environment
[2.691s] DEBUG:colcon.colcon_core.event_handler.log_command:Invoking command in '/workspace/repo/src/go2_tf_tools': PYTHONPATH=/workspace/repo/build_container/go2_tf_tools/prefix_override:/usr/lib/python3/dist-packages/colcon_core/task/python/colcon_distutils_commands:/workspace/repo/install_container/go2_tf_tools/lib/python3.10/site-packages:${PYTHONPATH} /usr/bin/python3 -W ignore:setup.py install is deprecated -W ignore:easy_install command is deprecated setup.py egg_info --egg-base ../../build_container/go2_tf_tools build --build-base /workspace/repo/build_container/go2_tf_tools/build install --record /workspace/repo/build_container/go2_tf_tools/install.log --single-version-externally-managed install_data
[3.233s] Level 1:colcon.colcon_core.environment:checking '/workspace/repo/install_container/go2_tf_tools' for CMake module files
[3.235s] DEBUG:colcon.colcon_core.event_handler.log_command:Invoked command in '/workspace/repo/src/go2_tf_tools' returned '0': PYTHONPATH=/workspace/repo/build_container/go2_tf_tools/prefix_override:/usr/lib/python3/dist-packages/colcon_core/task/python/colcon_distutils_commands:/workspace/repo/install_container/go2_tf_tools/lib/python3.10/site-packages:${PYTHONPATH} /usr/bin/python3 -W ignore:setup.py install is deprecated -W ignore:easy_install command is deprecated setup.py egg_info --egg-base ../../build_container/go2_tf_tools build --build-base /workspace/repo/build_container/go2_tf_tools/build install --record /workspace/repo/build_container/go2_tf_tools/install.log --single-version-externally-managed install_data
[3.236s] Level 1:colcon.colcon_core.environment:checking '/workspace/repo/install_container/go2_tf_tools' for CMake config files
[3.238s] Level 1:colcon.colcon_core.environment:checking '/workspace/repo/install_container/go2_tf_tools/lib'
[3.238s] Level 1:colcon.colcon_core.environment:checking '/workspace/repo/install_container/go2_tf_tools/bin'
[3.238s] Level 1:colcon.colcon_core.environment:checking '/workspace/repo/install_container/go2_tf_tools/lib/pkgconfig/go2_tf_tools.pc'
[3.239s] Level 1:colcon.colcon_core.environment:checking '/workspace/repo/install_container/go2_tf_tools/lib/python3.10/site-packages'
[3.239s] Level 1:colcon.colcon_core.shell:create_environment_hook('go2_tf_tools', 'pythonpath')
[3.240s] INFO:colcon.colcon_core.shell:Creating environment hook '/workspace/repo/install_container/go2_tf_tools/share/go2_tf_tools/hook/pythonpath.ps1'
[3.241s] INFO:colcon.colcon_core.shell:Creating environment descriptor '/workspace/repo/install_container/go2_tf_tools/share/go2_tf_tools/hook/pythonpath.dsv'
[3.243s] INFO:colcon.colcon_core.shell:Creating environment hook '/workspace/repo/install_container/go2_tf_tools/share/go2_tf_tools/hook/pythonpath.sh'
[3.246s] Level 1:colcon.colcon_core.environment:checking '/workspace/repo/install_container/go2_tf_tools/bin'
[3.246s] Level 1:colcon.colcon_core.environment:create_environment_scripts_only(go2_tf_tools)
[3.248s] INFO:colcon.colcon_core.shell:Creating package script '/workspace/repo/install_container/go2_tf_tools/share/go2_tf_tools/package.ps1'
[3.250s] INFO:colcon.colcon_core.shell:Creating package descriptor '/workspace/repo/install_container/go2_tf_tools/share/go2_tf_tools/package.dsv'
[3.251s] INFO:colcon.colcon_core.shell:Creating package script '/workspace/repo/install_container/go2_tf_tools/share/go2_tf_tools/package.sh'
[3.253s] INFO:colcon.colcon_core.shell:Creating package script '/workspace/repo/install_container/go2_tf_tools/share/go2_tf_tools/package.bash'
[3.254s] INFO:colcon.colcon_core.shell:Creating package script '/workspace/repo/install_container/go2_tf_tools/share/go2_tf_tools/package.zsh'
[3.255s] Level 1:colcon.colcon_core.environment:create_file_with_runtime_dependencies(/workspace/repo/install_container/go2_tf_tools/share/colcon-core/packages/go2_tf_tools)
[3.341s] DEBUG:colcon.colcon_core.event_handler.log_command:Invoking command in '/workspace/repo/src/go2_apportation_mocks': CMAKE_PREFIX_PATH=/workspace/repo/install_container/go2_apportation_msgs LD_LIBRARY_PATH=/workspace/repo/install_container/go2_apportation_msgs/lib:${LD_LIBRARY_PATH} PKG_CONFIG_PATH=/workspace/repo/install_container/go2_apportation_msgs/lib/aarch64-linux-gnu/pkgconfig:/workspace/repo/install_container/go2_apportation_msgs/lib/pkgconfig PYTHONPATH=/workspace/repo/build_container/go2_apportation_mocks/prefix_override:/usr/lib/python3/dist-packages/colcon_core/task/python/colcon_distutils_commands:/workspace/repo/install_container/go2_apportation_mocks/lib/python3.10/site-packages:/workspace/repo/install_container/go2_apportation_msgs/local/lib/python3.10/dist-packages:${PYTHONPATH} ROS_PACKAGE_PATH=/workspace/repo/install_container/go2_apportation_msgs/share /usr/bin/python3 -W ignore:setup.py install is deprecated -W ignore:easy_install command is deprecated setup.py egg_info --egg-base ../../build_container/go2_apportation_mocks build --build-base /workspace/repo/build_container/go2_apportation_mocks/build install --record /workspace/repo/build_container/go2_apportation_mocks/install.log --single-version-externally-managed install_data
[3.358s] DEBUG:colcon.colcon_core.event_handler.log_command:Invoking command in '/workspace/repo/src/go2_apportation_orchestrator': CMAKE_PREFIX_PATH=/workspace/repo/install_container/go2_apportation_msgs LD_LIBRARY_PATH=/workspace/repo/install_container/go2_apportation_msgs/lib:${LD_LIBRARY_PATH} PKG_CONFIG_PATH=/workspace/repo/install_container/go2_apportation_msgs/lib/aarch64-linux-gnu/pkgconfig:/workspace/repo/install_container/go2_apportation_msgs/lib/pkgconfig PYTHONPATH=/workspace/repo/build_container/go2_apportation_orchestrator/prefix_override:/usr/lib/python3/dist-packages/colcon_core/task/python/colcon_distutils_commands:/workspace/repo/install_container/go2_apportation_orchestrator/lib/python3.10/site-packages:/workspace/repo/install_container/go2_apportation_msgs/local/lib/python3.10/dist-packages:${PYTHONPATH} ROS_PACKAGE_PATH=/workspace/repo/install_container/go2_apportation_msgs/share /usr/bin/python3 -W ignore:setup.py install is deprecated -W ignore:easy_install command is deprecated setup.py egg_info --egg-base ../../build_container/go2_apportation_orchestrator build --build-base /workspace/repo/build_container/go2_apportation_orchestrator/build install --record /workspace/repo/build_container/go2_apportation_orchestrator/install.log --single-version-externally-managed install_data
[3.891s] Level 1:colcon.colcon_core.environment:checking '/workspace/repo/install_container/go2_apportation_mocks' for CMake module files
[3.892s] DEBUG:colcon.colcon_core.event_handler.log_command:Invoked command in '/workspace/repo/src/go2_apportation_mocks' returned '0': CMAKE_PREFIX_PATH=/workspace/repo/install_container/go2_apportation_msgs LD_LIBRARY_PATH=/workspace/repo/install_container/go2_apportation_msgs/lib:${LD_LIBRARY_PATH} PKG_CONFIG_PATH=/workspace/repo/install_container/go2_apportation_msgs/lib/aarch64-linux-gnu/pkgconfig:/workspace/repo/install_container/go2_apportation_msgs/lib/pkgconfig PYTHONPATH=/workspace/repo/build_container/go2_apportation_mocks/prefix_override:/usr/lib/python3/dist-packages/colcon_core/task/python/colcon_distutils_commands:/workspace/repo/install_container/go2_apportation_mocks/lib/python3.10/site-packages:/workspace/repo/install_container/go2_apportation_msgs/local/lib/python3.10/dist-packages:${PYTHONPATH} ROS_PACKAGE_PATH=/workspace/repo/install_container/go2_apportation_msgs/share /usr/bin/python3 -W ignore:setup.py install is deprecated -W ignore:easy_install command is deprecated setup.py egg_info --egg-base ../../build_container/go2_apportation_mocks build --build-base /workspace/repo/build_container/go2_apportation_mocks/build install --record /workspace/repo/build_container/go2_apportation_mocks/install.log --single-version-externally-managed install_data
[3.893s] Level 1:colcon.colcon_core.environment:checking '/workspace/repo/install_container/go2_apportation_mocks' for CMake config files
[3.895s] Level 1:colcon.colcon_core.environment:checking '/workspace/repo/install_container/go2_apportation_mocks/lib'
[3.895s] Level 1:colcon.colcon_core.environment:checking '/workspace/repo/install_container/go2_apportation_mocks/bin'
[3.895s] Level 1:colcon.colcon_core.environment:checking '/workspace/repo/install_container/go2_apportation_mocks/lib/pkgconfig/go2_apportation_mocks.pc'
[3.896s] Level 1:colcon.colcon_core.environment:checking '/workspace/repo/install_container/go2_apportation_mocks/lib/python3.10/site-packages'
[3.896s] Level 1:colcon.colcon_core.shell:create_environment_hook('go2_apportation_mocks', 'pythonpath')
[3.896s] INFO:colcon.colcon_core.shell:Creating environment hook '/workspace/repo/install_container/go2_apportation_mocks/share/go2_apportation_mocks/hook/pythonpath.ps1'
[3.898s] INFO:colcon.colcon_core.shell:Creating environment descriptor '/workspace/repo/install_container/go2_apportation_mocks/share/go2_apportation_mocks/hook/pythonpath.dsv'
[3.899s] INFO:colcon.colcon_core.shell:Creating environment hook '/workspace/repo/install_container/go2_apportation_mocks/share/go2_apportation_mocks/hook/pythonpath.sh'
[3.901s] Level 1:colcon.colcon_core.environment:checking '/workspace/repo/install_container/go2_apportation_mocks/bin'
[3.901s] Level 1:colcon.colcon_core.environment:create_environment_scripts_only(go2_apportation_mocks)
[3.902s] INFO:colcon.colcon_core.shell:Creating package script '/workspace/repo/install_container/go2_apportation_mocks/share/go2_apportation_mocks/package.ps1'
[3.903s] INFO:colcon.colcon_core.shell:Creating package descriptor '/workspace/repo/install_container/go2_apportation_mocks/share/go2_apportation_mocks/package.dsv'
[3.904s] INFO:colcon.colcon_core.shell:Creating package script '/workspace/repo/install_container/go2_apportation_mocks/share/go2_apportation_mocks/package.sh'
[3.905s] INFO:colcon.colcon_core.shell:Creating package script '/workspace/repo/install_container/go2_apportation_mocks/share/go2_apportation_mocks/package.bash'
[3.906s] INFO:colcon.colcon_core.shell:Creating package script '/workspace/repo/install_container/go2_apportation_mocks/share/go2_apportation_mocks/package.zsh'
[3.907s] Level 1:colcon.colcon_core.environment:create_file_with_runtime_dependencies(/workspace/repo/install_container/go2_apportation_mocks/share/colcon-core/packages/go2_apportation_mocks)
[3.910s] Level 1:colcon.colcon_core.environment:checking '/workspace/repo/install_container/go2_apportation_orchestrator' for CMake module files
[3.911s] DEBUG:colcon.colcon_core.event_handler.log_command:Invoked command in '/workspace/repo/src/go2_apportation_orchestrator' returned '0': CMAKE_PREFIX_PATH=/workspace/repo/install_container/go2_apportation_msgs LD_LIBRARY_PATH=/workspace/repo/install_container/go2_apportation_msgs/lib:${LD_LIBRARY_PATH} PKG_CONFIG_PATH=/workspace/repo/install_container/go2_apportation_msgs/lib/aarch64-linux-gnu/pkgconfig:/workspace/repo/install_container/go2_apportation_msgs/lib/pkgconfig PYTHONPATH=/workspace/repo/build_container/go2_apportation_orchestrator/prefix_override:/usr/lib/python3/dist-packages/colcon_core/task/python/colcon_distutils_commands:/workspace/repo/install_container/go2_apportation_orchestrator/lib/python3.10/site-packages:/workspace/repo/install_container/go2_apportation_msgs/local/lib/python3.10/dist-packages:${PYTHONPATH} ROS_PACKAGE_PATH=/workspace/repo/install_container/go2_apportation_msgs/share /usr/bin/python3 -W ignore:setup.py install is deprecated -W ignore:easy_install command is deprecated setup.py egg_info --egg-base ../../build_container/go2_apportation_orchestrator build --build-base /workspace/repo/build_container/go2_apportation_orchestrator/build install --record /workspace/repo/build_container/go2_apportation_orchestrator/install.log --single-version-externally-managed install_data
[3.912s] Level 1:colcon.colcon_core.environment:checking '/workspace/repo/install_container/go2_apportation_orchestrator' for CMake config files
[3.914s] Level 1:colcon.colcon_core.environment:checking '/workspace/repo/install_container/go2_apportation_orchestrator/lib'
[3.914s] Level 1:colcon.colcon_core.environment:checking '/workspace/repo/install_container/go2_apportation_orchestrator/bin'
[3.914s] Level 1:colcon.colcon_core.environment:checking '/workspace/repo/install_container/go2_apportation_orchestrator/lib/pkgconfig/go2_apportation_orchestrator.pc'
[3.915s] Level 1:colcon.colcon_core.environment:checking '/workspace/repo/install_container/go2_apportation_orchestrator/lib/python3.10/site-packages'
[3.915s] Level 1:colcon.colcon_core.shell:create_environment_hook('go2_apportation_orchestrator', 'pythonpath')
[3.916s] INFO:colcon.colcon_core.shell:Creating environment hook '/workspace/repo/install_container/go2_apportation_orchestrator/share/go2_apportation_orchestrator/hook/pythonpath.ps1'
[3.917s] INFO:colcon.colcon_core.shell:Creating environment descriptor '/workspace/repo/install_container/go2_apportation_orchestrator/share/go2_apportation_orchestrator/hook/pythonpath.dsv'
[3.918s] INFO:colcon.colcon_core.shell:Creating environment hook '/workspace/repo/install_container/go2_apportation_orchestrator/share/go2_apportation_orchestrator/hook/pythonpath.sh'
[3.920s] Level 1:colcon.colcon_core.environment:checking '/workspace/repo/install_container/go2_apportation_orchestrator/bin'
[3.920s] Level 1:colcon.colcon_core.environment:create_environment_scripts_only(go2_apportation_orchestrator)
[3.921s] INFO:colcon.colcon_core.shell:Creating package script '/workspace/repo/install_container/go2_apportation_orchestrator/share/go2_apportation_orchestrator/package.ps1'
[3.922s] INFO:colcon.colcon_core.shell:Creating package descriptor '/workspace/repo/install_container/go2_apportation_orchestrator/share/go2_apportation_orchestrator/package.dsv'
[3.923s] INFO:colcon.colcon_core.shell:Creating package script '/workspace/repo/install_container/go2_apportation_orchestrator/share/go2_apportation_orchestrator/package.sh'
[3.924s] INFO:colcon.colcon_core.shell:Creating package script '/workspace/repo/install_container/go2_apportation_orchestrator/share/go2_apportation_orchestrator/package.bash'
[3.925s] INFO:colcon.colcon_core.shell:Creating package script '/workspace/repo/install_container/go2_apportation_orchestrator/share/go2_apportation_orchestrator/package.zsh'
[3.926s] Level 1:colcon.colcon_core.environment:create_file_with_runtime_dependencies(/workspace/repo/install_container/go2_apportation_orchestrator/share/colcon-core/packages/go2_apportation_orchestrator)
[3.927s] DEBUG:colcon.colcon_parallel_executor.executor.parallel:closing loop
[3.927s] DEBUG:colcon.colcon_parallel_executor.executor.parallel:loop closed
[3.927s] DEBUG:colcon.colcon_parallel_executor.executor.parallel:run_until_complete finished with '0'
[3.927s] DEBUG:colcon.colcon_core.event_reactor:joining thread
[3.940s] INFO:colcon.colcon_core.plugin_system:Skipping extension 'colcon_notification.desktop_notification.notify_send': Could not find 'notify-send'
[3.940s] INFO:colcon.colcon_core.plugin_system:Skipping extension 'colcon_notification.desktop_notification.terminal_notifier': Not used on non-Darwin systems
[3.941s] INFO:colcon.colcon_core.plugin_system:Skipping extension 'colcon_notification.desktop_notification.win32': Not used on non-Windows systems
[3.941s] INFO:colcon.colcon_notification.desktop_notification:Sending desktop notification using 'notify2'
[3.941s] DEBUG:colcon.colcon_notification.desktop_notification.notify2:Failed to initialize notify2: org.freedesktop.DBus.Error.NotSupported: Unable to autolaunch a dbus-daemon without a $DISPLAY for X11
[3.941s] DEBUG:colcon.colcon_core.event_reactor:joined thread
[3.942s] INFO:colcon.colcon_core.shell:Creating prefix script '/workspace/repo/install_container/local_setup.ps1'
[3.944s] INFO:colcon.colcon_core.shell:Creating prefix util module '/workspace/repo/install_container/_local_setup_util_ps1.py'
[3.947s] INFO:colcon.colcon_core.shell:Creating prefix chain script '/workspace/repo/install_container/setup.ps1'
[3.949s] INFO:colcon.colcon_core.shell:Creating prefix script '/workspace/repo/install_container/local_setup.sh'
[3.950s] INFO:colcon.colcon_core.shell:Creating prefix util module '/workspace/repo/install_container/_local_setup_util_sh.py'
[3.952s] INFO:colcon.colcon_core.shell:Creating prefix chain script '/workspace/repo/install_container/setup.sh'
[3.954s] INFO:colcon.colcon_core.shell:Creating prefix script '/workspace/repo/install_container/local_setup.bash'
[3.955s] INFO:colcon.colcon_core.shell:Creating prefix chain script '/workspace/repo/install_container/setup.bash'
[3.957s] INFO:colcon.colcon_core.shell:Creating prefix script '/workspace/repo/install_container/local_setup.zsh'
[3.959s] INFO:colcon.colcon_core.shell:Creating prefix chain script '/workspace/repo/install_container/setup.zsh'
