running egg_info
creating ../../../build_container/coco_detector/coco_detector.egg-info
writing ../../../build_container/coco_detector/coco_detector.egg-info/PKG-INFO
writing dependency_links to ../../../build_container/coco_detector/coco_detector.egg-info/dependency_links.txt
writing entry points to ../../../build_container/coco_detector/coco_detector.egg-info/entry_points.txt
writing requirements to ../../../build_container/coco_detector/coco_detector.egg-info/requires.txt
writing top-level names to ../../../build_container/coco_detector/coco_detector.egg-info/top_level.txt
writing manifest file '../../../build_container/coco_detector/coco_detector.egg-info/SOURCES.txt'
reading manifest file '../../../build_container/coco_detector/coco_detector.egg-info/SOURCES.txt'
writing manifest file '../../../build_container/coco_detector/coco_detector.egg-info/SOURCES.txt'
running build
running build_py
creating /workspace/repo/build_container/coco_detector/build
creating /workspace/repo/build_container/coco_detector/build/lib
creating /workspace/repo/build_container/coco_detector/build/lib/coco_detector
copying coco_detector/coco_detector_node.py -> /workspace/repo/build_container/coco_detector/build/lib/coco_detector
copying coco_detector/__init__.py -> /workspace/repo/build_container/coco_detector/build/lib/coco_detector
running install
running install_lib
creating /workspace/repo/install_container/coco_detector/lib/python3.10/site-packages/coco_detector
copying /workspace/repo/build_container/coco_detector/build/lib/coco_detector/coco_detector_node.py -> /workspace/repo/install_container/coco_detector/lib/python3.10/site-packages/coco_detector
copying /workspace/repo/build_container/coco_detector/build/lib/coco_detector/__init__.py -> /workspace/repo/install_container/coco_detector/lib/python3.10/site-packages/coco_detector
byte-compiling /workspace/repo/install_container/coco_detector/lib/python3.10/site-packages/coco_detector/coco_detector_node.py to coco_detector_node.cpython-310.pyc
byte-compiling /workspace/repo/install_container/coco_detector/lib/python3.10/site-packages/coco_detector/__init__.py to __init__.cpython-310.pyc
running install_data
creating /workspace/repo/install_container/coco_detector/share/ament_index
creating /workspace/repo/install_container/coco_detector/share/ament_index/resource_index
creating /workspace/repo/install_container/coco_detector/share/ament_index/resource_index/packages
copying resource/coco_detector -> /workspace/repo/install_container/coco_detector/share/ament_index/resource_index/packages
copying package.xml -> /workspace/repo/install_container/coco_detector/share/coco_detector
running install_egg_info
Copying ../../../build_container/coco_detector/coco_detector.egg-info to /workspace/repo/install_container/coco_detector/lib/python3.10/site-packages/coco_detector-0.0.0-py3.10.egg-info
running install_scripts
Installing coco_detector_node script to /workspace/repo/install_container/coco_detector/lib/coco_detector
writing list of installed files to '/workspace/repo/build_container/coco_detector/install.log'
