[2.763s] Invoking command in '/workspace/repo/community_sdk/go2_ros2_sdk-master/coco_detector': PYTHONPATH=/workspace/repo/build_container/coco_detector/prefix_override:/usr/lib/python3/dist-packages/colcon_core/task/python/colcon_distutils_commands:/workspace/repo/install_container/coco_detector/lib/python3.10/site-packages:${PYTHONPATH} /usr/bin/python3 -W ignore:setup.py install is deprecated -W ignore:easy_install command is deprecated setup.py egg_info --egg-base ../../../build_container/coco_detector build --build-base /workspace/repo/build_container/coco_detector/build install --record /workspace/repo/build_container/coco_detector/install.log --single-version-externally-managed install_data
[3.631s] running egg_info
[3.632s] creating ../../../build_container/coco_detector/coco_detector.egg-info
[3.632s] writing ../../../build_container/coco_detector/coco_detector.egg-info/PKG-INFO
[3.633s] writing dependency_links to ../../../build_container/coco_detector/coco_detector.egg-info/dependency_links.txt
[3.645s] writing entry points to ../../../build_container/coco_detector/coco_detector.egg-info/entry_points.txt
[3.646s] writing requirements to ../../../build_container/coco_detector/coco_detector.egg-info/requires.txt
[3.646s] writing top-level names to ../../../build_container/coco_detector/coco_detector.egg-info/top_level.txt
[3.647s] writing manifest file '../../../build_container/coco_detector/coco_detector.egg-info/SOURCES.txt'
[3.647s] reading manifest file '../../../build_container/coco_detector/coco_detector.egg-info/SOURCES.txt'
[3.647s] writing manifest file '../../../build_container/coco_detector/coco_detector.egg-info/SOURCES.txt'
[3.648s] running build
[3.648s] running build_py
[3.648s] creating /workspace/repo/build_container/coco_detector/build
[3.649s] creating /workspace/repo/build_container/coco_detector/build/lib
[3.649s] creating /workspace/repo/build_container/coco_detector/build/lib/coco_detector
[3.650s] copying coco_detector/coco_detector_node.py -> /workspace/repo/build_container/coco_detector/build/lib/coco_detector
[3.650s] copying coco_detector/__init__.py -> /workspace/repo/build_container/coco_detector/build/lib/coco_detector
[3.650s] running install
[3.651s] running install_lib
[3.657s] creating /workspace/repo/install_container/coco_detector/lib/python3.10/site-packages/coco_detector
[3.657s] copying /workspace/repo/build_container/coco_detector/build/lib/coco_detector/coco_detector_node.py -> /workspace/repo/install_container/coco_detector/lib/python3.10/site-packages/coco_detector
[3.658s] copying /workspace/repo/build_container/coco_detector/build/lib/coco_detector/__init__.py -> /workspace/repo/install_container/coco_detector/lib/python3.10/site-packages/coco_detector
[3.664s] byte-compiling /workspace/repo/install_container/coco_detector/lib/python3.10/site-packages/coco_detector/coco_detector_node.py to coco_detector_node.cpython-310.pyc
[3.666s] byte-compiling /workspace/repo/install_container/coco_detector/lib/python3.10/site-packages/coco_detector/__init__.py to __init__.cpython-310.pyc
[3.668s] running install_data
[3.669s] creating /workspace/repo/install_container/coco_detector/share/ament_index
[3.670s] creating /workspace/repo/install_container/coco_detector/share/ament_index/resource_index
[3.670s] creating /workspace/repo/install_container/coco_detector/share/ament_index/resource_index/packages
[3.670s] copying resource/coco_detector -> /workspace/repo/install_container/coco_detector/share/ament_index/resource_index/packages
[3.670s] copying package.xml -> /workspace/repo/install_container/coco_detector/share/coco_detector
[3.671s] running install_egg_info
[3.671s] Copying ../../../build_container/coco_detector/coco_detector.egg-info to /workspace/repo/install_container/coco_detector/lib/python3.10/site-packages/coco_detector-0.0.0-py3.10.egg-info
[3.693s] running install_scripts
[3.803s] Installing coco_detector_node script to /workspace/repo/install_container/coco_detector/lib/coco_detector
[3.803s] writing list of installed files to '/workspace/repo/build_container/coco_detector/install.log'
[3.928s] Invoked command in '/workspace/repo/community_sdk/go2_ros2_sdk-master/coco_detector' returned '0': PYTHONPATH=/workspace/repo/build_container/coco_detector/prefix_override:/usr/lib/python3/dist-packages/colcon_core/task/python/colcon_distutils_commands:/workspace/repo/install_container/coco_detector/lib/python3.10/site-packages:${PYTHONPATH} /usr/bin/python3 -W ignore:setup.py install is deprecated -W ignore:easy_install command is deprecated setup.py egg_info --egg-base ../../../build_container/coco_detector build --build-base /workspace/repo/build_container/coco_detector/build install --record /workspace/repo/build_container/coco_detector/install.log --single-version-externally-managed install_data
