[0.029s] Invoking command in '/workspace/repo/build_diag2/go2_apportation_msgs': /usr/bin/cmake /workspace/repo/src/go2_apportation_msgs -DCATKIN_INSTALL_INTO_PREFIX_ROOT=0 -DCMAKE_INSTALL_PREFIX=/workspace/repo/install_diag2/go2_apportation_msgs
[0.478s] -- The C compiler identification is GNU 11.4.0
[0.479s] -- The CXX compiler identification is GNU 11.4.0
[0.479s] -- Detecting C compiler ABI info
[0.479s] -- Detecting C compiler ABI info - done
[0.479s] -- Check for working C compiler: /usr/bin/cc - skipped
[0.480s] -- Detecting C compile features
[0.481s] -- Detecting C compile features - done
[0.481s] -- Detecting CXX compiler ABI info
[0.548s] -- Detecting CXX compiler ABI info - done
[0.562s] -- Check for working CXX compiler: /usr/bin/c++ - skipped
[0.562s] -- Detecting CXX compile features
[0.562s] -- Detecting CXX compile features - done
[0.569s] -- Found ament_cmake: 1.3.12 (/opt/ros/humble/share/ament_cmake/cmake)
[0.822s] -- Found Python3: /usr/bin/python3 (found version "3.10.12") found components: Interpreter 
[0.998s] -- Found rosidl_default_generators: 1.2.0 (/opt/ros/humble/share/rosidl_default_generators/cmake)
[1.003s] -- Using all available rosidl_typesupport_c: rosidl_typesupport_fastrtps_c;rosidl_typesupport_introspection_c
[1.016s] -- Found rosidl_adapter: 3.1.8 (/opt/ros/humble/share/rosidl_adapter/cmake)
[1.089s] -- Using all available rosidl_typesupport_cpp: rosidl_typesupport_fastrtps_cpp;rosidl_typesupport_introspection_cpp
[1.157s] -- Found builtin_interfaces: 1.2.2 (/opt/ros/humble/share/builtin_interfaces/cmake)
[1.185s] -- Found geometry_msgs: 4.9.0 (/opt/ros/humble/share/geometry_msgs/cmake)
[1.927s] -- Found ament_cmake_ros: 0.10.0 (/opt/ros/humble/share/ament_cmake_ros/cmake)
[2.392s] -- Using all available rosidl_typesupport_c: rosidl_typesupport_fastrtps_c;rosidl_typesupport_introspection_c
[3.010s] -- Using all available rosidl_typesupport_cpp: rosidl_typesupport_fastrtps_cpp;rosidl_typesupport_introspection_cpp
[3.047s] -- Found PythonInterp: /usr/bin/python3 (found suitable version "3.10.12", minimum required is "3.6") 
[3.050s] -- Found python_cmake_module: 0.10.0 (/opt/ros/humble/share/python_cmake_module/cmake)
[3.091s] -- Found PythonLibs: /usr/lib/aarch64-linux-gnu/libpython3.10.so (found suitable version "3.10.12", minimum required is "3.5") 
[3.092s] -- Using PYTHON_EXECUTABLE: /usr/bin/python3
[3.092s] -- Using PYTHON_INCLUDE_DIRS: /usr/include/python3.10
[3.092s] -- Using PYTHON_LIBRARIES: /usr/lib/aarch64-linux-gnu/libpython3.10.so
[3.124s] -- Found PythonExtra: .so  
[3.253s] -- Configuring done
[3.350s] -- Generating done
[3.355s] CMake Warning:
[3.355s]   Manually-specified variables were not used by the project:
[3.355s] 
[3.355s]     CATKIN_INSTALL_INTO_PREFIX_ROOT
[3.355s] 
[3.355s] 
[3.378s] -- Build files have been written to: /workspace/repo/build_diag2/go2_apportation_msgs
[3.398s] Invoked command in '/workspace/repo/build_diag2/go2_apportation_msgs' returned '0': /usr/bin/cmake /workspace/repo/src/go2_apportation_msgs -DCATKIN_INSTALL_INTO_PREFIX_ROOT=0 -DCMAKE_INSTALL_PREFIX=/workspace/repo/install_diag2/go2_apportation_msgs
[3.401s] Invoking command in '/workspace/repo/build_diag2/go2_apportation_msgs': /usr/bin/cmake --build /workspace/repo/build_diag2/go2_apportation_msgs -- -j6 -l6
[3.480s] [  1%] Generating C code for ROS interfaces
[3.498s] [  2%] Generating C++ code for ROS interfaces
[3.518s] [  2%] Built target ament_cmake_python_copy_go2_apportation_msgs
[3.923s] running egg_info
[3.924s] creating go2_apportation_msgs.egg-info
[3.924s] writing go2_apportation_msgs.egg-info/PKG-INFO
[3.925s] writing dependency_links to go2_apportation_msgs.egg-info/dependency_links.txt
[3.925s] writing top-level names to go2_apportation_msgs.egg-info/top_level.txt
[3.925s] writing manifest file 'go2_apportation_msgs.egg-info/SOURCES.txt'
[3.929s] reading manifest file 'go2_apportation_msgs.egg-info/SOURCES.txt'
[3.930s] writing manifest file 'go2_apportation_msgs.egg-info/SOURCES.txt'
[4.002s] [  2%] Built target ament_cmake_python_build_go2_apportation_msgs_egg
[5.189s] [  4%] Building C object CMakeFiles/go2_apportation_msgs__rosidl_generator_c.dir/rosidl_generator_c/go2_apportation_msgs/msg/detail/detection3_d__functions.c.o
[5.207s] [  5%] Building C object CMakeFiles/go2_apportation_msgs__rosidl_generator_c.dir/rosidl_generator_c/go2_apportation_msgs/msg/detail/detection3_d_array__functions.c.o
[5.211s] [  7%] Building C object CMakeFiles/go2_apportation_msgs__rosidl_generator_c.dir/rosidl_generator_c/go2_apportation_msgs/msg/detail/object_state__functions.c.o
[5.220s] [  8%] Building C object CMakeFiles/go2_apportation_msgs__rosidl_generator_c.dir/rosidl_generator_c/go2_apportation_msgs/msg/detail/throw_status__functions.c.o
[5.231s] [  9%] Building C object CMakeFiles/go2_apportation_msgs__rosidl_generator_c.dir/rosidl_generator_c/go2_apportation_msgs/action/detail/pick_object__functions.c.o
[5.239s] [  9%] Built target go2_apportation_msgs__cpp
[5.259s] [ 11%] Building C object CMakeFiles/go2_apportation_msgs__rosidl_generator_c.dir/rosidl_generator_c/go2_apportation_msgs/srv/detail/release_object__functions.c.o
[5.332s] [ 12%] Generating C++ type support dispatch for ROS interfaces
[5.337s] [ 14%] Generating C++ introspection for ROS interfaces
[5.338s] [ 15%] Generating C++ type support for eProsima Fast-RTPS
[5.579s] [ 16%] Linking C shared library libgo2_apportation_msgs__rosidl_generator_c.so
[5.654s] [ 16%] Built target go2_apportation_msgs__rosidl_generator_c
[5.675s] [ 18%] Generating C type support dispatch for ROS interfaces
[5.685s] [ 19%] Generating C introspection for ROS interfaces
[5.686s] [ 21%] Generating C type support for eProsima Fast-RTPS
[6.479s] [ 22%] Building CXX object CMakeFiles/go2_apportation_msgs__rosidl_typesupport_cpp.dir/rosidl_typesupport_cpp/go2_apportation_msgs/msg/detection3_d__type_support.cpp.o
[6.895s] [ 23%] Building CXX object CMakeFiles/go2_apportation_msgs__rosidl_typesupport_introspection_cpp.dir/rosidl_typesupport_introspection_cpp/go2_apportation_msgs/msg/detail/detection3_d__type_support.cpp.o
[7.021s] [ 25%] Building CXX object CMakeFiles/go2_apportation_msgs__rosidl_typesupport_c.dir/rosidl_typesupport_c/go2_apportation_msgs/msg/detection3_d__type_support.cpp.o
[7.117s] [ 26%] Building CXX object CMakeFiles/go2_apportation_msgs__rosidl_typesupport_c.dir/rosidl_typesupport_c/go2_apportation_msgs/msg/detection3_d_array__type_support.cpp.o
[7.157s] [ 28%] Building CXX object CMakeFiles/go2_apportation_msgs__rosidl_typesupport_fastrtps_cpp.dir/rosidl_typesupport_fastrtps_cpp/go2_apportation_msgs/msg/detail/dds_fastrtps/detection3_d__type_support.cpp.o
[7.201s] [ 29%] Building CXX object CMakeFiles/go2_apportation_msgs__rosidl_typesupport_cpp.dir/rosidl_typesupport_cpp/go2_apportation_msgs/msg/detection3_d_array__type_support.cpp.o
[7.204s] [ 30%] Building CXX object CMakeFiles/go2_apportation_msgs__rosidl_typesupport_c.dir/rosidl_typesupport_c/go2_apportation_msgs/msg/object_state__type_support.cpp.o
[7.297s] [ 32%] Building CXX object CMakeFiles/go2_apportation_msgs__rosidl_typesupport_c.dir/rosidl_typesupport_c/go2_apportation_msgs/msg/throw_status__type_support.cpp.o
[7.386s] [ 33%] Building CXX object CMakeFiles/go2_apportation_msgs__rosidl_typesupport_c.dir/rosidl_typesupport_c/go2_apportation_msgs/action/pick_object__type_support.cpp.o
[7.429s] [ 35%] Building C object CMakeFiles/go2_apportation_msgs__rosidl_typesupport_introspection_c.dir/rosidl_typesupport_introspection_c/go2_apportation_msgs/msg/detail/detection3_d__type_support.c.o
[7.506s] [ 36%] Building CXX object CMakeFiles/go2_apportation_msgs__rosidl_typesupport_c.dir/rosidl_typesupport_c/go2_apportation_msgs/srv/release_object__type_support.cpp.o
[7.513s] [ 38%] Building C object CMakeFiles/go2_apportation_msgs__rosidl_typesupport_introspection_c.dir/rosidl_typesupport_introspection_c/go2_apportation_msgs/msg/detail/detection3_d_array__type_support.c.o
[7.589s] [ 39%] Linking CXX shared library libgo2_apportation_msgs__rosidl_typesupport_c.so
[7.643s] [ 40%] Building CXX object CMakeFiles/go2_apportation_msgs__rosidl_typesupport_fastrtps_c.dir/rosidl_typesupport_fastrtps_c/go2_apportation_msgs/msg/detail/detection3_d__type_support_c.cpp.o
[7.651s] [ 42%] Building C object CMakeFiles/go2_apportation_msgs__rosidl_typesupport_introspection_c.dir/rosidl_typesupport_introspection_c/go2_apportation_msgs/msg/detail/object_state__type_support.c.o
[7.685s] [ 42%] Built target go2_apportation_msgs__rosidl_typesupport_c
[7.710s] [ 43%] Building C object CMakeFiles/go2_apportation_msgs__rosidl_typesupport_introspection_c.dir/rosidl_typesupport_introspection_c/go2_apportation_msgs/msg/detail/throw_status__type_support.c.o
[7.771s] [ 45%] Building C object CMakeFiles/go2_apportation_msgs__rosidl_typesupport_introspection_c.dir/rosidl_typesupport_introspection_c/go2_apportation_msgs/action/detail/pick_object__type_support.c.o
[7.809s] [ 46%] Building CXX object CMakeFiles/go2_apportation_msgs__rosidl_typesupport_introspection_cpp.dir/rosidl_typesupport_introspection_cpp/go2_apportation_msgs/msg/detail/detection3_d_array__type_support.cpp.o
[7.822s] [ 47%] Building CXX object CMakeFiles/go2_apportation_msgs__rosidl_typesupport_fastrtps_c.dir/rosidl_typesupport_fastrtps_c/go2_apportation_msgs/msg/detail/detection3_d_array__type_support_c.cpp.o
[7.956s] [ 49%] Building C object CMakeFiles/go2_apportation_msgs__rosidl_typesupport_introspection_c.dir/rosidl_typesupport_introspection_c/go2_apportation_msgs/srv/detail/release_object__type_support.c.o
[7.994s] [ 50%] Building CXX object CMakeFiles/go2_apportation_msgs__rosidl_typesupport_cpp.dir/rosidl_typesupport_cpp/go2_apportation_msgs/msg/object_state__type_support.cpp.o
[8.069s] [ 52%] Linking C shared library libgo2_apportation_msgs__rosidl_typesupport_introspection_c.so
[8.188s] [ 52%] Built target go2_apportation_msgs__rosidl_typesupport_introspection_c
[8.209s] [ 53%] Building CXX object CMakeFiles/go2_apportation_msgs__rosidl_typesupport_cpp.dir/rosidl_typesupport_cpp/go2_apportation_msgs/msg/throw_status__type_support.cpp.o
[8.246s] [ 54%] Building CXX object CMakeFiles/go2_apportation_msgs__rosidl_typesupport_fastrtps_cpp.dir/rosidl_typesupport_fastrtps_cpp/go2_apportation_msgs/msg/detail/dds_fastrtps/detection3_d_array__type_support.cpp.o
[8.507s] [ 56%] Building CXX object CMakeFiles/go2_apportation_msgs__rosidl_typesupport_fastrtps_c.dir/rosidl_typesupport_fastrtps_c/go2_apportation_msgs/msg/detail/object_state__type_support_c.cpp.o
[8.652s] [ 57%] Building CXX object CMakeFiles/go2_apportation_msgs__rosidl_typesupport_cpp.dir/rosidl_typesupport_cpp/go2_apportation_msgs/action/pick_object__type_support.cpp.o
[8.817s] [ 59%] Building CXX object CMakeFiles/go2_apportation_msgs__rosidl_typesupport_fastrtps_c.dir/rosidl_typesupport_fastrtps_c/go2_apportation_msgs/msg/detail/throw_status__type_support_c.cpp.o
[9.069s] [ 60%] Building CXX object CMakeFiles/go2_apportation_msgs__rosidl_typesupport_cpp.dir/rosidl_typesupport_cpp/go2_apportation_msgs/srv/release_object__type_support.cpp.o
[9.186s] [ 61%] Building CXX object CMakeFiles/go2_apportation_msgs__rosidl_typesupport_introspection_cpp.dir/rosidl_typesupport_introspection_cpp/go2_apportation_msgs/msg/detail/object_state__type_support.cpp.o
[9.443s] [ 63%] Building CXX object CMakeFiles/go2_apportation_msgs__rosidl_typesupport_fastrtps_c.dir/rosidl_typesupport_fastrtps_c/go2_apportation_msgs/action/detail/pick_object__type_support_c.cpp.o
[9.543s] [ 64%] Building CXX object CMakeFiles/go2_apportation_msgs__rosidl_typesupport_fastrtps_cpp.dir/rosidl_typesupport_fastrtps_cpp/go2_apportation_msgs/msg/detail/dds_fastrtps/object_state__type_support.cpp.o
[9.689s] [ 66%] Building CXX object CMakeFiles/go2_apportation_msgs__rosidl_typesupport_fastrtps_c.dir/rosidl_typesupport_fastrtps_c/go2_apportation_msgs/srv/detail/release_object__type_support_c.cpp.o
[9.801s] [ 67%] Building CXX object CMakeFiles/go2_apportation_msgs__rosidl_typesupport_introspection_cpp.dir/rosidl_typesupport_introspection_cpp/go2_apportation_msgs/msg/detail/throw_status__type_support.cpp.o
[9.904s] [ 69%] Linking CXX shared library libgo2_apportation_msgs__rosidl_typesupport_cpp.so
[10.055s] [ 69%] Built target go2_apportation_msgs__rosidl_typesupport_cpp
[10.088s] [ 70%] Building CXX object CMakeFiles/go2_apportation_msgs__rosidl_typesupport_introspection_cpp.dir/rosidl_typesupport_introspection_cpp/go2_apportation_msgs/action/detail/pick_object__type_support.cpp.o
[10.255s] [ 71%] Building CXX object CMakeFiles/go2_apportation_msgs__rosidl_typesupport_introspection_cpp.dir/rosidl_typesupport_introspection_cpp/go2_apportation_msgs/srv/detail/release_object__type_support.cpp.o
[10.659s] [ 73%] Building CXX object CMakeFiles/go2_apportation_msgs__rosidl_typesupport_fastrtps_cpp.dir/rosidl_typesupport_fastrtps_cpp/go2_apportation_msgs/msg/detail/dds_fastrtps/throw_status__type_support.cpp.o
[10.787s] [ 74%] Linking CXX shared library libgo2_apportation_msgs__rosidl_typesupport_fastrtps_c.so
[10.799s] [ 76%] Building CXX object CMakeFiles/go2_apportation_msgs__rosidl_typesupport_fastrtps_cpp.dir/rosidl_typesupport_fastrtps_cpp/go2_apportation_msgs/action/detail/dds_fastrtps/pick_object__type_support.cpp.o
[10.851s] [ 77%] Building CXX object CMakeFiles/go2_apportation_msgs__rosidl_typesupport_fastrtps_cpp.dir/rosidl_typesupport_fastrtps_cpp/go2_apportation_msgs/srv/detail/dds_fastrtps/release_object__type_support.cpp.o
[11.061s] [ 77%] Built target go2_apportation_msgs__rosidl_typesupport_fastrtps_c
[11.779s] [ 78%] Linking CXX shared library libgo2_apportation_msgs__rosidl_typesupport_introspection_cpp.so
[11.944s] [ 78%] Built target go2_apportation_msgs__rosidl_typesupport_introspection_cpp
[12.202s] [ 80%] Linking CXX shared library libgo2_apportation_msgs__rosidl_typesupport_fastrtps_cpp.so
[12.358s] [ 80%] Built target go2_apportation_msgs__rosidl_typesupport_fastrtps_cpp
[12.395s] [ 80%] Built target go2_apportation_msgs
[12.435s] [ 81%] Generating Python code for ROS interfaces
[15.322s] [ 81%] Built target go2_apportation_msgs__py
[15.361s] [ 85%] Building C object CMakeFiles/go2_apportation_msgs__rosidl_generator_py.dir/rosidl_generator_py/go2_apportation_msgs/msg/_throw_status_s.c.o
[15.361s] [ 85%] Building C object CMakeFiles/go2_apportation_msgs__rosidl_generator_py.dir/rosidl_generator_py/go2_apportation_msgs/msg/_detection3_d_s.c.o
[15.363s] [ 87%] Building C object CMakeFiles/go2_apportation_msgs__rosidl_generator_py.dir/rosidl_generator_py/go2_apportation_msgs/msg/_object_state_s.c.o
[15.367s] [ 85%] Building C object CMakeFiles/go2_apportation_msgs__rosidl_generator_py.dir/rosidl_generator_py/go2_apportation_msgs/msg/_detection3_d_array_s.c.o
[15.368s] [ 88%] Building C object CMakeFiles/go2_apportation_msgs__rosidl_generator_py.dir/rosidl_generator_py/go2_apportation_msgs/action/_pick_object_s.c.o
[15.378s] [ 90%] Building C object CMakeFiles/go2_apportation_msgs__rosidl_generator_py.dir/rosidl_generator_py/go2_apportation_msgs/srv/_release_object_s.c.o
[15.762s] [ 91%] Linking C shared library rosidl_generator_py/go2_apportation_msgs/libgo2_apportation_msgs__rosidl_generator_py.so
[15.847s] [ 91%] Built target go2_apportation_msgs__rosidl_generator_py
[15.887s] [ 95%] Building C object CMakeFiles/go2_apportation_msgs__rosidl_typesupport_c__pyext.dir/rosidl_generator_py/go2_apportation_msgs/_go2_apportation_msgs_s.ep.rosidl_typesupport_c.c.o
[15.887s] [ 95%] Building C object CMakeFiles/go2_apportation_msgs__rosidl_typesupport_fastrtps_c__pyext.dir/rosidl_generator_py/go2_apportation_msgs/_go2_apportation_msgs_s.ep.rosidl_typesupport_fastrtps_c.c.o
[15.887s] [ 95%] Building C object CMakeFiles/go2_apportation_msgs__rosidl_typesupport_introspection_c__pyext.dir/rosidl_generator_py/go2_apportation_msgs/_go2_apportation_msgs_s.ep.rosidl_typesupport_introspection_c.c.o
[16.212s] [ 98%] Linking C shared library rosidl_generator_py/go2_apportation_msgs/go2_apportation_msgs_s__rosidl_typesupport_fastrtps_c.cpython-310-aarch64-linux-gnu.so
[16.212s] [ 98%] Linking C shared library rosidl_generator_py/go2_apportation_msgs/go2_apportation_msgs_s__rosidl_typesupport_c.cpython-310-aarch64-linux-gnu.so
[16.228s] [100%] Linking C shared library rosidl_generator_py/go2_apportation_msgs/go2_apportation_msgs_s__rosidl_typesupport_introspection_c.cpython-310-aarch64-linux-gnu.so
[16.303s] [100%] Built target go2_apportation_msgs__rosidl_typesupport_c__pyext
[16.303s] [100%] Built target go2_apportation_msgs__rosidl_typesupport_fastrtps_c__pyext
[16.325s] [100%] Built target go2_apportation_msgs__rosidl_typesupport_introspection_c__pyext
[16.350s] Invoked command in '/workspace/repo/build_diag2/go2_apportation_msgs' returned '0': /usr/bin/cmake --build /workspace/repo/build_diag2/go2_apportation_msgs -- -j6 -l6
[16.369s] Invoking command in '/workspace/repo/build_diag2/go2_apportation_msgs': /usr/bin/cmake --install /workspace/repo/build_diag2/go2_apportation_msgs
[16.386s] -- Install configuration: ""
[16.386s] -- Installing: /workspace/repo/install_diag2/go2_apportation_msgs/share/ament_index/resource_index/rosidl_interfaces/go2_apportation_msgs
[16.387s] -- Installing: /workspace/repo/install_diag2/go2_apportation_msgs/include/go2_apportation_msgs/go2_apportation_msgs
[16.387s] -- Installing: /workspace/repo/install_diag2/go2_apportation_msgs/include/go2_apportation_msgs/go2_apportation_msgs/msg
[16.387s] -- Installing: /workspace/repo/install_diag2/go2_apportation_msgs/include/go2_apportation_msgs/go2_apportation_msgs/msg/detection3_d_array.h
[16.388s] -- Installing: /workspace/repo/install_diag2/go2_apportation_msgs/include/go2_apportation_msgs/go2_apportation_msgs/msg/rosidl_generator_c__visibility_control.h
[16.388s] -- Installing: /workspace/repo/install_diag2/go2_apportation_msgs/include/go2_apportation_msgs/go2_apportation_msgs/msg/detail
[16.388s] -- Installing: /workspace/repo/install_diag2/go2_apportation_msgs/include/go2_apportation_msgs/go2_apportation_msgs/msg/detail/detection3_d_array__functions.h
[16.388s] -- Installing: /workspace/repo/install_diag2/go2_apportation_msgs/include/go2_apportation_msgs/go2_apportation_msgs/msg/detail/detection3_d_array__functions.c
[16.389s] -- Installing: /workspace/repo/install_diag2/go2_apportation_msgs/include/go2_apportation_msgs/go2_apportation_msgs/msg/detail/detection3_d_array__type_support.h
[16.389s] -- Installing: /workspace/repo/install_diag2/go2_apportation_msgs/include/go2_apportation_msgs/go2_apportation_msgs/msg/detail/object_state__type_support.h
[16.389s] -- Installing: /workspace/repo/install_diag2/go2_apportation_msgs/include/go2_apportation_msgs/go2_apportation_msgs/msg/detail/throw_status__struct.h
[16.389s] -- Installing: /workspace/repo/install_diag2/go2_apportation_msgs/include/go2_apportation_msgs/go2_apportation_msgs/msg/detail/object_state__struct.h
[16.389s] -- Installing: /workspace/repo/install_diag2/go2_apportation_msgs/include/go2_apportation_msgs/go2_apportation_msgs/msg/detail/throw_status__functions.h
[16.390s] -- Installing: /workspace/repo/install_diag2/go2_apportation_msgs/include/go2_apportation_msgs/go2_apportation_msgs/msg/detail/throw_status__functions.c
[16.390s] -- Installing: /workspace/repo/install_diag2/go2_apportation_msgs/include/go2_apportation_msgs/go2_apportation_msgs/msg/detail/object_state__functions.h
[16.390s] -- Installing: /workspace/repo/install_diag2/go2_apportation_msgs/include/go2_apportation_msgs/go2_apportation_msgs/msg/detail/throw_status__type_support.h
[16.390s] -- Installing: /workspace/repo/install_diag2/go2_apportation_msgs/include/go2_apportation_msgs/go2_apportation_msgs/msg/detail/detection3_d__struct.h
[16.390s] -- Installing: /workspace/repo/install_diag2/go2_apportation_msgs/include/go2_apportation_msgs/go2_apportation_msgs/msg/detail/detection3_d__functions.h
[16.390s] -- Installing: /workspace/repo/install_diag2/go2_apportation_msgs/include/go2_apportation_msgs/go2_apportation_msgs/msg/detail/object_state__functions.c
[16.391s] -- Installing: /workspace/repo/install_diag2/go2_apportation_msgs/include/go2_apportation_msgs/go2_apportation_msgs/msg/detail/detection3_d__type_support.h
[16.391s] -- Installing: /workspace/repo/install_diag2/go2_apportation_msgs/include/go2_apportation_msgs/go2_apportation_msgs/msg/detail/detection3_d_array__struct.h
[16.391s] -- Installing: /workspace/repo/install_diag2/go2_apportation_msgs/include/go2_apportation_msgs/go2_apportation_msgs/msg/detail/detection3_d__functions.c
[16.392s] -- Installing: /workspace/repo/install_diag2/go2_apportation_msgs/include/go2_apportation_msgs/go2_apportation_msgs/msg/throw_status.h
[16.392s] -- Installing: /workspace/repo/install_diag2/go2_apportation_msgs/include/go2_apportation_msgs/go2_apportation_msgs/msg/detection3_d.h
[16.392s] -- Installing: /workspace/repo/install_diag2/go2_apportation_msgs/include/go2_apportation_msgs/go2_apportation_msgs/msg/object_state.h
[16.392s] -- Installing: /workspace/repo/install_diag2/go2_apportation_msgs/include/go2_apportation_msgs/go2_apportation_msgs/srv
[16.392s] -- Installing: /workspace/repo/install_diag2/go2_apportation_msgs/include/go2_apportation_msgs/go2_apportation_msgs/srv/release_object.h
[16.393s] -- Installing: /workspace/repo/install_diag2/go2_apportation_msgs/include/go2_apportation_msgs/go2_apportation_msgs/srv/detail
[16.393s] -- Installing: /workspace/repo/install_diag2/go2_apportation_msgs/include/go2_apportation_msgs/go2_apportation_msgs/srv/detail/release_object__functions.c
[16.393s] -- Installing: /workspace/repo/install_diag2/go2_apportation_msgs/include/go2_apportation_msgs/go2_apportation_msgs/srv/detail/release_object__functions.h
[16.393s] -- Installing: /workspace/repo/install_diag2/go2_apportation_msgs/include/go2_apportation_msgs/go2_apportation_msgs/srv/detail/release_object__struct.h
[16.394s] -- Installing: /workspace/repo/install_diag2/go2_apportation_msgs/include/go2_apportation_msgs/go2_apportation_msgs/srv/detail/release_object__type_support.h
[16.394s] -- Installing: /workspace/repo/install_diag2/go2_apportation_msgs/include/go2_apportation_msgs/go2_apportation_msgs/action
[16.394s] -- Installing: /workspace/repo/install_diag2/go2_apportation_msgs/include/go2_apportation_msgs/go2_apportation_msgs/action/pick_object.h
[16.394s] -- Installing: /workspace/repo/install_diag2/go2_apportation_msgs/include/go2_apportation_msgs/go2_apportation_msgs/action/detail
[16.394s] -- Installing: /workspace/repo/install_diag2/go2_apportation_msgs/include/go2_apportation_msgs/go2_apportation_msgs/action/detail/pick_object__type_support.h
[16.394s] -- Installing: /workspace/repo/install_diag2/go2_apportation_msgs/include/go2_apportation_msgs/go2_apportation_msgs/action/detail/pick_object__functions.h
[16.395s] -- Installing: /workspace/repo/install_diag2/go2_apportation_msgs/include/go2_apportation_msgs/go2_apportation_msgs/action/detail/pick_object__struct.h
[16.395s] -- Installing: /workspace/repo/install_diag2/go2_apportation_msgs/include/go2_apportation_msgs/go2_apportation_msgs/action/detail/pick_object__functions.c
[16.395s] -- Installing: /workspace/repo/install_diag2/go2_apportation_msgs/share/go2_apportation_msgs/environment/library_path.sh
[16.395s] -- Installing: /workspace/repo/install_diag2/go2_apportation_msgs/share/go2_apportation_msgs/environment/library_path.dsv
[16.396s] -- Installing: /workspace/repo/install_diag2/go2_apportation_msgs/lib/libgo2_apportation_msgs__rosidl_generator_c.so
[16.397s] -- Set runtime path of "/workspace/repo/install_diag2/go2_apportation_msgs/lib/libgo2_apportation_msgs__rosidl_generator_c.so" to ""
[16.398s] -- Up-to-date: /workspace/repo/install_diag2/go2_apportation_msgs/include/go2_apportation_msgs/go2_apportation_msgs
[16.398s] -- Up-to-date: /workspace/repo/install_diag2/go2_apportation_msgs/include/go2_apportation_msgs/go2_apportation_msgs/msg
[16.398s] -- Installing: /workspace/repo/install_diag2/go2_apportation_msgs/include/go2_apportation_msgs/go2_apportation_msgs/msg/rosidl_typesupport_fastrtps_c__visibility_control.h
[16.398s] -- Up-to-date: /workspace/repo/install_diag2/go2_apportation_msgs/include/go2_apportation_msgs/go2_apportation_msgs/msg/detail
[16.398s] -- Installing: /workspace/repo/install_diag2/go2_apportation_msgs/include/go2_apportation_msgs/go2_apportation_msgs/msg/detail/object_state__rosidl_typesupport_fastrtps_c.h
[16.399s] -- Installing: /workspace/repo/install_diag2/go2_apportation_msgs/include/go2_apportation_msgs/go2_apportation_msgs/msg/detail/detection3_d__rosidl_typesupport_fastrtps_c.h
[16.399s] -- Installing: /workspace/repo/install_diag2/go2_apportation_msgs/include/go2_apportation_msgs/go2_apportation_msgs/msg/detail/throw_status__rosidl_typesupport_fastrtps_c.h
[16.399s] -- Installing: /workspace/repo/install_diag2/go2_apportation_msgs/include/go2_apportation_msgs/go2_apportation_msgs/msg/detail/detection3_d_array__rosidl_typesupport_fastrtps_c.h
[16.400s] -- Up-to-date: /workspace/repo/install_diag2/go2_apportation_msgs/include/go2_apportation_msgs/go2_apportation_msgs/srv
[16.400s] -- Up-to-date: /workspace/repo/install_diag2/go2_apportation_msgs/include/go2_apportation_msgs/go2_apportation_msgs/srv/detail
[16.400s] -- Installing: /workspace/repo/install_diag2/go2_apportation_msgs/include/go2_apportation_msgs/go2_apportation_msgs/srv/detail/release_object__rosidl_typesupport_fastrtps_c.h
[16.400s] -- Up-to-date: /workspace/repo/install_diag2/go2_apportation_msgs/include/go2_apportation_msgs/go2_apportation_msgs/action
[16.400s] -- Up-to-date: /workspace/repo/install_diag2/go2_apportation_msgs/include/go2_apportation_msgs/go2_apportation_msgs/action/detail
[16.400s] -- Installing: /workspace/repo/install_diag2/go2_apportation_msgs/include/go2_apportation_msgs/go2_apportation_msgs/action/detail/pick_object__rosidl_typesupport_fastrtps_c.h
[16.401s] -- Installing: /workspace/repo/install_diag2/go2_apportation_msgs/lib/libgo2_apportation_msgs__rosidl_typesupport_fastrtps_c.so
[16.402s] -- Set runtime path of "/workspace/repo/install_diag2/go2_apportation_msgs/lib/libgo2_apportation_msgs__rosidl_typesupport_fastrtps_c.so" to ""
[16.402s] -- Up-to-date: /workspace/repo/install_diag2/go2_apportation_msgs/include/go2_apportation_msgs/go2_apportation_msgs
[16.402s] -- Up-to-date: /workspace/repo/install_diag2/go2_apportation_msgs/include/go2_apportation_msgs/go2_apportation_msgs/msg
[16.403s] -- Up-to-date: /workspace/repo/install_diag2/go2_apportation_msgs/include/go2_apportation_msgs/go2_apportation_msgs/msg/detail
[16.403s] -- Installing: /workspace/repo/install_diag2/go2_apportation_msgs/include/go2_apportation_msgs/go2_apportation_msgs/msg/detail/object_state__rosidl_typesupport_introspection_c.h
[16.403s] -- Installing: /workspace/repo/install_diag2/go2_apportation_msgs/include/go2_apportation_msgs/go2_apportation_msgs/msg/detail/detection3_d_array__rosidl_typesupport_introspection_c.h
[16.403s] -- Installing: /workspace/repo/install_diag2/go2_apportation_msgs/include/go2_apportation_msgs/go2_apportation_msgs/msg/detail/throw_status__type_support.c
[16.403s] -- Installing: /workspace/repo/install_diag2/go2_apportation_msgs/include/go2_apportation_msgs/go2_apportation_msgs/msg/detail/throw_status__rosidl_typesupport_introspection_c.h
[16.404s] -- Installing: /workspace/repo/install_diag2/go2_apportation_msgs/include/go2_apportation_msgs/go2_apportation_msgs/msg/detail/detection3_d__type_support.c
[16.404s] -- Installing: /workspace/repo/install_diag2/go2_apportation_msgs/include/go2_apportation_msgs/go2_apportation_msgs/msg/detail/detection3_d__rosidl_typesupport_introspection_c.h
[16.404s] -- Installing: /workspace/repo/install_diag2/go2_apportation_msgs/include/go2_apportation_msgs/go2_apportation_msgs/msg/detail/detection3_d_array__type_support.c
[16.404s] -- Installing: /workspace/repo/install_diag2/go2_apportation_msgs/include/go2_apportation_msgs/go2_apportation_msgs/msg/detail/object_state__type_support.c
[16.404s] -- Installing: /workspace/repo/install_diag2/go2_apportation_msgs/include/go2_apportation_msgs/go2_apportation_msgs/msg/rosidl_typesupport_introspection_c__visibility_control.h
[16.405s] -- Up-to-date: /workspace/repo/install_diag2/go2_apportation_msgs/include/go2_apportation_msgs/go2_apportation_msgs/srv
[16.405s] -- Up-to-date: /workspace/repo/install_diag2/go2_apportation_msgs/include/go2_apportation_msgs/go2_apportation_msgs/srv/detail
[16.405s] -- Installing: /workspace/repo/install_diag2/go2_apportation_msgs/include/go2_apportation_msgs/go2_apportation_msgs/srv/detail/release_object__rosidl_typesupport_introspection_c.h
[16.405s] -- Installing: /workspace/repo/install_diag2/go2_apportation_msgs/include/go2_apportation_msgs/go2_apportation_msgs/srv/detail/release_object__type_support.c
[16.405s] -- Up-to-date: /workspace/repo/install_diag2/go2_apportation_msgs/include/go2_apportation_msgs/go2_apportation_msgs/action
[16.406s] -- Up-to-date: /workspace/repo/install_diag2/go2_apportation_msgs/include/go2_apportation_msgs/go2_apportation_msgs/action/detail
[16.406s] -- Installing: /workspace/repo/install_diag2/go2_apportation_msgs/include/go2_apportation_msgs/go2_apportation_msgs/action/detail/pick_object__rosidl_typesupport_introspection_c.h
[16.406s] -- Installing: /workspace/repo/install_diag2/go2_apportation_msgs/include/go2_apportation_msgs/go2_apportation_msgs/action/detail/pick_object__type_support.c
[16.406s] -- Installing: /workspace/repo/install_diag2/go2_apportation_msgs/lib/libgo2_apportation_msgs__rosidl_typesupport_introspection_c.so
[16.407s] -- Set runtime path of "/workspace/repo/install_diag2/go2_apportation_msgs/lib/libgo2_apportation_msgs__rosidl_typesupport_introspection_c.so" to ""
[16.407s] -- Installing: /workspace/repo/install_diag2/go2_apportation_msgs/lib/libgo2_apportation_msgs__rosidl_typesupport_c.so
[16.408s] -- Set runtime path of "/workspace/repo/install_diag2/go2_apportation_msgs/lib/libgo2_apportation_msgs__rosidl_typesupport_c.so" to ""
[16.408s] -- Up-to-date: /workspace/repo/install_diag2/go2_apportation_msgs/include/go2_apportation_msgs/go2_apportation_msgs
[16.408s] -- Up-to-date: /workspace/repo/install_diag2/go2_apportation_msgs/include/go2_apportation_msgs/go2_apportation_msgs/msg
[16.409s] -- Installing: /workspace/repo/install_diag2/go2_apportation_msgs/include/go2_apportation_msgs/go2_apportation_msgs/msg/detection3_d.hpp
[16.409s] -- Installing: /workspace/repo/install_diag2/go2_apportation_msgs/include/go2_apportation_msgs/go2_apportation_msgs/msg/detection3_d_array.hpp
[16.409s] -- Up-to-date: /workspace/repo/install_diag2/go2_apportation_msgs/include/go2_apportation_msgs/go2_apportation_msgs/msg/detail
[16.410s] -- Installing: /workspace/repo/install_diag2/go2_apportation_msgs/include/go2_apportation_msgs/go2_apportation_msgs/msg/detail/detection3_d_array__type_support.hpp
[16.410s] -- Installing: /workspace/repo/install_diag2/go2_apportation_msgs/include/go2_apportation_msgs/go2_apportation_msgs/msg/detail/detection3_d__type_support.hpp
[16.410s] -- Installing: /workspace/repo/install_diag2/go2_apportation_msgs/include/go2_apportation_msgs/go2_apportation_msgs/msg/detail/throw_status__type_support.hpp
[16.410s] -- Installing: /workspace/repo/install_diag2/go2_apportation_msgs/include/go2_apportation_msgs/go2_apportation_msgs/msg/detail/detection3_d_array__builder.hpp
[16.411s] -- Installing: /workspace/repo/install_diag2/go2_apportation_msgs/include/go2_apportation_msgs/go2_apportation_msgs/msg/detail/throw_status__struct.hpp
[16.411s] -- Installing: /workspace/repo/install_diag2/go2_apportation_msgs/include/go2_apportation_msgs/go2_apportation_msgs/msg/detail/detection3_d__builder.hpp
[16.411s] -- Installing: /workspace/repo/install_diag2/go2_apportation_msgs/include/go2_apportation_msgs/go2_apportation_msgs/msg/detail/object_state__type_support.hpp
[16.411s] -- Installing: /workspace/repo/install_diag2/go2_apportation_msgs/include/go2_apportation_msgs/go2_apportation_msgs/msg/detail/detection3_d__struct.hpp
[16.411s] -- Installing: /workspace/repo/install_diag2/go2_apportation_msgs/include/go2_apportation_msgs/go2_apportation_msgs/msg/detail/detection3_d_array__traits.hpp
[16.412s] -- Installing: /workspace/repo/install_diag2/go2_apportation_msgs/include/go2_apportation_msgs/go2_apportation_msgs/msg/detail/throw_status__traits.hpp
[16.412s] -- Installing: /workspace/repo/install_diag2/go2_apportation_msgs/include/go2_apportation_msgs/go2_apportation_msgs/msg/detail/object_state__builder.hpp
[16.412s] -- Installing: /workspace/repo/install_diag2/go2_apportation_msgs/include/go2_apportation_msgs/go2_apportation_msgs/msg/detail/detection3_d_array__struct.hpp
[16.412s] -- Installing: /workspace/repo/install_diag2/go2_apportation_msgs/include/go2_apportation_msgs/go2_apportation_msgs/msg/detail/object_state__struct.hpp
[16.412s] -- Installing: /workspace/repo/install_diag2/go2_apportation_msgs/include/go2_apportation_msgs/go2_apportation_msgs/msg/detail/detection3_d__traits.hpp
[16.413s] -- Installing: /workspace/repo/install_diag2/go2_apportation_msgs/include/go2_apportation_msgs/go2_apportation_msgs/msg/detail/throw_status__builder.hpp
[16.413s] -- Installing: /workspace/repo/install_diag2/go2_apportation_msgs/include/go2_apportation_msgs/go2_apportation_msgs/msg/detail/object_state__traits.hpp
[16.413s] -- Installing: /workspace/repo/install_diag2/go2_apportation_msgs/include/go2_apportation_msgs/go2_apportation_msgs/msg/object_state.hpp
[16.413s] -- Installing: /workspace/repo/install_diag2/go2_apportation_msgs/include/go2_apportation_msgs/go2_apportation_msgs/msg/throw_status.hpp
[16.413s] -- Installing: /workspace/repo/install_diag2/go2_apportation_msgs/include/go2_apportation_msgs/go2_apportation_msgs/msg/rosidl_generator_cpp__visibility_control.hpp
[16.414s] -- Up-to-date: /workspace/repo/install_diag2/go2_apportation_msgs/include/go2_apportation_msgs/go2_apportation_msgs/srv
[16.414s] -- Installing: /workspace/repo/install_diag2/go2_apportation_msgs/include/go2_apportation_msgs/go2_apportation_msgs/srv/release_object.hpp
[16.414s] -- Up-to-date: /workspace/repo/install_diag2/go2_apportation_msgs/include/go2_apportation_msgs/go2_apportation_msgs/srv/detail
[16.414s] -- Installing: /workspace/repo/install_diag2/go2_apportation_msgs/include/go2_apportation_msgs/go2_apportation_msgs/srv/detail/release_object__builder.hpp
[16.414s] -- Installing: /workspace/repo/install_diag2/go2_apportation_msgs/include/go2_apportation_msgs/go2_apportation_msgs/srv/detail/release_object__type_support.hpp
[16.415s] -- Installing: /workspace/repo/install_diag2/go2_apportation_msgs/include/go2_apportation_msgs/go2_apportation_msgs/srv/detail/release_object__traits.hpp
[16.415s] -- Installing: /workspace/repo/install_diag2/go2_apportation_msgs/include/go2_apportation_msgs/go2_apportation_msgs/srv/detail/release_object__struct.hpp
[16.415s] -- Up-to-date: /workspace/repo/install_diag2/go2_apportation_msgs/include/go2_apportation_msgs/go2_apportation_msgs/action
[16.415s] -- Up-to-date: /workspace/repo/install_diag2/go2_apportation_msgs/include/go2_apportation_msgs/go2_apportation_msgs/action/detail
[16.415s] -- Installing: /workspace/repo/install_diag2/go2_apportation_msgs/include/go2_apportation_msgs/go2_apportation_msgs/action/detail/pick_object__traits.hpp
[16.415s] -- Installing: /workspace/repo/install_diag2/go2_apportation_msgs/include/go2_apportation_msgs/go2_apportation_msgs/action/detail/pick_object__builder.hpp
[16.416s] -- Installing: /workspace/repo/install_diag2/go2_apportation_msgs/include/go2_apportation_msgs/go2_apportation_msgs/action/detail/pick_object__struct.hpp
[16.416s] -- Installing: /workspace/repo/install_diag2/go2_apportation_msgs/include/go2_apportation_msgs/go2_apportation_msgs/action/detail/pick_object__type_support.hpp
[16.416s] -- Installing: /workspace/repo/install_diag2/go2_apportation_msgs/include/go2_apportation_msgs/go2_apportation_msgs/action/pick_object.hpp
[16.417s] -- Up-to-date: /workspace/repo/install_diag2/go2_apportation_msgs/include/go2_apportation_msgs/go2_apportation_msgs
[16.418s] -- Up-to-date: /workspace/repo/install_diag2/go2_apportation_msgs/include/go2_apportation_msgs/go2_apportation_msgs/msg
[16.419s] -- Installing: /workspace/repo/install_diag2/go2_apportation_msgs/include/go2_apportation_msgs/go2_apportation_msgs/msg/rosidl_typesupport_fastrtps_cpp__visibility_control.h
[16.420s] -- Up-to-date: /workspace/repo/install_diag2/go2_apportation_msgs/include/go2_apportation_msgs/go2_apportation_msgs/msg/detail
[16.420s] -- Installing: /workspace/repo/install_diag2/go2_apportation_msgs/include/go2_apportation_msgs/go2_apportation_msgs/msg/detail/detection3_d__rosidl_typesupport_fastrtps_cpp.hpp
[16.421s] -- Installing: /workspace/repo/install_diag2/go2_apportation_msgs/include/go2_apportation_msgs/go2_apportation_msgs/msg/detail/object_state__rosidl_typesupport_fastrtps_cpp.hpp
[16.421s] -- Installing: /workspace/repo/install_diag2/go2_apportation_msgs/include/go2_apportation_msgs/go2_apportation_msgs/msg/detail/dds_fastrtps
[16.421s] -- Installing: /workspace/repo/install_diag2/go2_apportation_msgs/include/go2_apportation_msgs/go2_apportation_msgs/msg/detail/throw_status__rosidl_typesupport_fastrtps_cpp.hpp
[16.421s] -- Installing: /workspace/repo/install_diag2/go2_apportation_msgs/include/go2_apportation_msgs/go2_apportation_msgs/msg/detail/detection3_d_array__rosidl_typesupport_fastrtps_cpp.hpp
[16.422s] -- Up-to-date: /workspace/repo/install_diag2/go2_apportation_msgs/include/go2_apportation_msgs/go2_apportation_msgs/srv
[16.422s] -- Up-to-date: /workspace/repo/install_diag2/go2_apportation_msgs/include/go2_apportation_msgs/go2_apportation_msgs/srv/detail
[16.422s] -- Installing: /workspace/repo/install_diag2/go2_apportation_msgs/include/go2_apportation_msgs/go2_apportation_msgs/srv/detail/release_object__rosidl_typesupport_fastrtps_cpp.hpp
[16.423s] -- Installing: /workspace/repo/install_diag2/go2_apportation_msgs/include/go2_apportation_msgs/go2_apportation_msgs/srv/detail/dds_fastrtps
[16.423s] -- Up-to-date: /workspace/repo/install_diag2/go2_apportation_msgs/include/go2_apportation_msgs/go2_apportation_msgs/action
[16.423s] -- Up-to-date: /workspace/repo/install_diag2/go2_apportation_msgs/include/go2_apportation_msgs/go2_apportation_msgs/action/detail
[16.423s] -- Installing: /workspace/repo/install_diag2/go2_apportation_msgs/include/go2_apportation_msgs/go2_apportation_msgs/action/detail/dds_fastrtps
[16.423s] -- Installing: /workspace/repo/install_diag2/go2_apportation_msgs/include/go2_apportation_msgs/go2_apportation_msgs/action/detail/pick_object__rosidl_typesupport_fastrtps_cpp.hpp
[16.423s] -- Installing: /workspace/repo/install_diag2/go2_apportation_msgs/lib/libgo2_apportation_msgs__rosidl_typesupport_fastrtps_cpp.so
[16.424s] -- Set runtime path of "/workspace/repo/install_diag2/go2_apportation_msgs/lib/libgo2_apportation_msgs__rosidl_typesupport_fastrtps_cpp.so" to ""
[16.424s] -- Up-to-date: /workspace/repo/install_diag2/go2_apportation_msgs/include/go2_apportation_msgs/go2_apportation_msgs
[16.424s] -- Up-to-date: /workspace/repo/install_diag2/go2_apportation_msgs/include/go2_apportation_msgs/go2_apportation_msgs/msg
[16.424s] -- Up-to-date: /workspace/repo/install_diag2/go2_apportation_msgs/include/go2_apportation_msgs/go2_apportation_msgs/msg/detail
[16.424s] -- Installing: /workspace/repo/install_diag2/go2_apportation_msgs/include/go2_apportation_msgs/go2_apportation_msgs/msg/detail/throw_status__type_support.cpp
[16.424s] -- Installing: /workspace/repo/install_diag2/go2_apportation_msgs/include/go2_apportation_msgs/go2_apportation_msgs/msg/detail/detection3_d__rosidl_typesupport_introspection_cpp.hpp
[16.425s] -- Installing: /workspace/repo/install_diag2/go2_apportation_msgs/include/go2_apportation_msgs/go2_apportation_msgs/msg/detail/object_state__type_support.cpp
[16.425s] -- Installing: /workspace/repo/install_diag2/go2_apportation_msgs/include/go2_apportation_msgs/go2_apportation_msgs/msg/detail/object_state__rosidl_typesupport_introspection_cpp.hpp
[16.425s] -- Installing: /workspace/repo/install_diag2/go2_apportation_msgs/include/go2_apportation_msgs/go2_apportation_msgs/msg/detail/detection3_d_array__type_support.cpp
[16.425s] -- Installing: /workspace/repo/install_diag2/go2_apportation_msgs/include/go2_apportation_msgs/go2_apportation_msgs/msg/detail/detection3_d__type_support.cpp
[16.425s] -- Installing: /workspace/repo/install_diag2/go2_apportation_msgs/include/go2_apportation_msgs/go2_apportation_msgs/msg/detail/throw_status__rosidl_typesupport_introspection_cpp.hpp
[16.425s] -- Installing: /workspace/repo/install_diag2/go2_apportation_msgs/include/go2_apportation_msgs/go2_apportation_msgs/msg/detail/detection3_d_array__rosidl_typesupport_introspection_cpp.hpp
[16.425s] -- Up-to-date: /workspace/repo/install_diag2/go2_apportation_msgs/include/go2_apportation_msgs/go2_apportation_msgs/srv
[16.426s] -- Up-to-date: /workspace/repo/install_diag2/go2_apportation_msgs/include/go2_apportation_msgs/go2_apportation_msgs/srv/detail
[16.426s] -- Installing: /workspace/repo/install_diag2/go2_apportation_msgs/include/go2_apportation_msgs/go2_apportation_msgs/srv/detail/release_object__type_support.cpp
[16.426s] -- Installing: /workspace/repo/install_diag2/go2_apportation_msgs/include/go2_apportation_msgs/go2_apportation_msgs/srv/detail/release_object__rosidl_typesupport_introspection_cpp.hpp
[16.426s] -- Up-to-date: /workspace/repo/install_diag2/go2_apportation_msgs/include/go2_apportation_msgs/go2_apportation_msgs/action
[16.427s] -- Up-to-date: /workspace/repo/install_diag2/go2_apportation_msgs/include/go2_apportation_msgs/go2_apportation_msgs/action/detail
[16.427s] -- Installing: /workspace/repo/install_diag2/go2_apportation_msgs/include/go2_apportation_msgs/go2_apportation_msgs/action/detail/pick_object__rosidl_typesupport_introspection_cpp.hpp
[16.427s] -- Installing: /workspace/repo/install_diag2/go2_apportation_msgs/include/go2_apportation_msgs/go2_apportation_msgs/action/detail/pick_object__type_support.cpp
[16.427s] -- Installing: /workspace/repo/install_diag2/go2_apportation_msgs/lib/libgo2_apportation_msgs__rosidl_typesupport_introspection_cpp.so
[16.428s] -- Set runtime path of "/workspace/repo/install_diag2/go2_apportation_msgs/lib/libgo2_apportation_msgs__rosidl_typesupport_introspection_cpp.so" to ""
[16.428s] -- Installing: /workspace/repo/install_diag2/go2_apportation_msgs/lib/libgo2_apportation_msgs__rosidl_typesupport_cpp.so
[16.428s] -- Set runtime path of "/workspace/repo/install_diag2/go2_apportation_msgs/lib/libgo2_apportation_msgs__rosidl_typesupport_cpp.so" to ""
[16.428s] -- Installing: /workspace/repo/install_diag2/go2_apportation_msgs/share/go2_apportation_msgs/environment/pythonpath.sh
[16.428s] -- Installing: /workspace/repo/install_diag2/go2_apportation_msgs/share/go2_apportation_msgs/environment/pythonpath.dsv
[16.428s] -- Installing: /workspace/repo/install_diag2/go2_apportation_msgs/local/lib/python3.10/dist-packages/go2_apportation_msgs-0.0.0-py3.10.egg-info
[16.428s] -- Installing: /workspace/repo/install_diag2/go2_apportation_msgs/local/lib/python3.10/dist-packages/go2_apportation_msgs-0.0.0-py3.10.egg-info/top_level.txt
[16.429s] -- Installing: /workspace/repo/install_diag2/go2_apportation_msgs/local/lib/python3.10/dist-packages/go2_apportation_msgs-0.0.0-py3.10.egg-info/PKG-INFO
[16.429s] -- Installing: /workspace/repo/install_diag2/go2_apportation_msgs/local/lib/python3.10/dist-packages/go2_apportation_msgs-0.0.0-py3.10.egg-info/dependency_links.txt
[16.429s] -- Installing: /workspace/repo/install_diag2/go2_apportation_msgs/local/lib/python3.10/dist-packages/go2_apportation_msgs-0.0.0-py3.10.egg-info/SOURCES.txt
[16.429s] -- Installing: /workspace/repo/install_diag2/go2_apportation_msgs/local/lib/python3.10/dist-packages/go2_apportation_msgs
[16.429s] -- Installing: /workspace/repo/install_diag2/go2_apportation_msgs/local/lib/python3.10/dist-packages/go2_apportation_msgs/_go2_apportation_msgs_s.ep.rosidl_typesupport_c.c
[16.430s] -- Installing: /workspace/repo/install_diag2/go2_apportation_msgs/local/lib/python3.10/dist-packages/go2_apportation_msgs/go2_apportation_msgs_s__rosidl_typesupport_c.cpython-310-aarch64-linux-gnu.so
[16.430s] -- Installing: /workspace/repo/install_diag2/go2_apportation_msgs/local/lib/python3.10/dist-packages/go2_apportation_msgs/_go2_apportation_msgs_s.ep.rosidl_typesupport_fastrtps_c.c
[16.430s] -- Installing: /workspace/repo/install_diag2/go2_apportation_msgs/local/lib/python3.10/dist-packages/go2_apportation_msgs/__init__.py
[16.430s] -- Installing: /workspace/repo/install_diag2/go2_apportation_msgs/local/lib/python3.10/dist-packages/go2_apportation_msgs/msg
[16.431s] -- Installing: /workspace/repo/install_diag2/go2_apportation_msgs/local/lib/python3.10/dist-packages/go2_apportation_msgs/msg/_throw_status_s.c
[16.431s] -- Installing: /workspace/repo/install_diag2/go2_apportation_msgs/local/lib/python3.10/dist-packages/go2_apportation_msgs/msg/_detection3_d_array.py
[16.431s] -- Installing: /workspace/repo/install_diag2/go2_apportation_msgs/local/lib/python3.10/dist-packages/go2_apportation_msgs/msg/_detection3_d_array_s.c
[16.431s] -- Installing: /workspace/repo/install_diag2/go2_apportation_msgs/local/lib/python3.10/dist-packages/go2_apportation_msgs/msg/_throw_status.py
[16.431s] -- Installing: /workspace/repo/install_diag2/go2_apportation_msgs/local/lib/python3.10/dist-packages/go2_apportation_msgs/msg/__init__.py
[16.432s] -- Installing: /workspace/repo/install_diag2/go2_apportation_msgs/local/lib/python3.10/dist-packages/go2_apportation_msgs/msg/_detection3_d.py
[16.432s] -- Installing: /workspace/repo/install_diag2/go2_apportation_msgs/local/lib/python3.10/dist-packages/go2_apportation_msgs/msg/_object_state.py
[16.432s] -- Installing: /workspace/repo/install_diag2/go2_apportation_msgs/local/lib/python3.10/dist-packages/go2_apportation_msgs/msg/_detection3_d_s.c
[16.432s] -- Installing: /workspace/repo/install_diag2/go2_apportation_msgs/local/lib/python3.10/dist-packages/go2_apportation_msgs/msg/_object_state_s.c
[16.432s] -- Installing: /workspace/repo/install_diag2/go2_apportation_msgs/local/lib/python3.10/dist-packages/go2_apportation_msgs/go2_apportation_msgs_s__rosidl_typesupport_fastrtps_c.cpython-310-aarch64-linux-gnu.so
[16.432s] -- Installing: /workspace/repo/install_diag2/go2_apportation_msgs/local/lib/python3.10/dist-packages/go2_apportation_msgs/srv
[16.433s] -- Installing: /workspace/repo/install_diag2/go2_apportation_msgs/local/lib/python3.10/dist-packages/go2_apportation_msgs/srv/_release_object_s.c
[16.433s] -- Installing: /workspace/repo/install_diag2/go2_apportation_msgs/local/lib/python3.10/dist-packages/go2_apportation_msgs/srv/_release_object.py
[16.433s] -- Installing: /workspace/repo/install_diag2/go2_apportation_msgs/local/lib/python3.10/dist-packages/go2_apportation_msgs/srv/__init__.py
[16.434s] -- Installing: /workspace/repo/install_diag2/go2_apportation_msgs/local/lib/python3.10/dist-packages/go2_apportation_msgs/libgo2_apportation_msgs__rosidl_generator_py.so
[16.434s] -- Installing: /workspace/repo/install_diag2/go2_apportation_msgs/local/lib/python3.10/dist-packages/go2_apportation_msgs/_go2_apportation_msgs_s.ep.rosidl_typesupport_introspection_c.c
[16.434s] -- Installing: /workspace/repo/install_diag2/go2_apportation_msgs/local/lib/python3.10/dist-packages/go2_apportation_msgs/go2_apportation_msgs_s__rosidl_typesupport_introspection_c.cpython-310-aarch64-linux-gnu.so
[16.435s] -- Installing: /workspace/repo/install_diag2/go2_apportation_msgs/local/lib/python3.10/dist-packages/go2_apportation_msgs/action
[16.435s] -- Installing: /workspace/repo/install_diag2/go2_apportation_msgs/local/lib/python3.10/dist-packages/go2_apportation_msgs/action/_pick_object.py
[16.435s] -- Installing: /workspace/repo/install_diag2/go2_apportation_msgs/local/lib/python3.10/dist-packages/go2_apportation_msgs/action/__init__.py
[16.436s] -- Installing: /workspace/repo/install_diag2/go2_apportation_msgs/local/lib/python3.10/dist-packages/go2_apportation_msgs/action/_pick_object_s.c
[16.529s] Listing '/workspace/repo/install_diag2/go2_apportation_msgs/local/lib/python3.10/dist-packages/go2_apportation_msgs'...
[16.529s] Compiling '/workspace/repo/install_diag2/go2_apportation_msgs/local/lib/python3.10/dist-packages/go2_apportation_msgs/__init__.py'...
[16.529s] Listing '/workspace/repo/install_diag2/go2_apportation_msgs/local/lib/python3.10/dist-packages/go2_apportation_msgs/action'...
[16.529s] Compiling '/workspace/repo/install_diag2/go2_apportation_msgs/local/lib/python3.10/dist-packages/go2_apportation_msgs/action/__init__.py'...
[16.529s] Compiling '/workspace/repo/install_diag2/go2_apportation_msgs/local/lib/python3.10/dist-packages/go2_apportation_msgs/action/_pick_object.py'...
[16.529s] Listing '/workspace/repo/install_diag2/go2_apportation_msgs/local/lib/python3.10/dist-packages/go2_apportation_msgs/msg'...
[16.530s] Compiling '/workspace/repo/install_diag2/go2_apportation_msgs/local/lib/python3.10/dist-packages/go2_apportation_msgs/msg/__init__.py'...
[16.530s] Compiling '/workspace/repo/install_diag2/go2_apportation_msgs/local/lib/python3.10/dist-packages/go2_apportation_msgs/msg/_detection3_d.py'...
[16.530s] Compiling '/workspace/repo/install_diag2/go2_apportation_msgs/local/lib/python3.10/dist-packages/go2_apportation_msgs/msg/_detection3_d_array.py'...
[16.530s] Compiling '/workspace/repo/install_diag2/go2_apportation_msgs/local/lib/python3.10/dist-packages/go2_apportation_msgs/msg/_object_state.py'...
[16.530s] Compiling '/workspace/repo/install_diag2/go2_apportation_msgs/local/lib/python3.10/dist-packages/go2_apportation_msgs/msg/_throw_status.py'...
[16.530s] Listing '/workspace/repo/install_diag2/go2_apportation_msgs/local/lib/python3.10/dist-packages/go2_apportation_msgs/srv'...
[16.530s] Compiling '/workspace/repo/install_diag2/go2_apportation_msgs/local/lib/python3.10/dist-packages/go2_apportation_msgs/srv/__init__.py'...
[16.530s] Compiling '/workspace/repo/install_diag2/go2_apportation_msgs/local/lib/python3.10/dist-packages/go2_apportation_msgs/srv/_release_object.py'...
[16.542s] -- Installing: /workspace/repo/install_diag2/go2_apportation_msgs/local/lib/python3.10/dist-packages/go2_apportation_msgs/go2_apportation_msgs_s__rosidl_typesupport_fastrtps_c.cpython-310-aarch64-linux-gnu.so
[16.543s] -- Set runtime path of "/workspace/repo/install_diag2/go2_apportation_msgs/local/lib/python3.10/dist-packages/go2_apportation_msgs/go2_apportation_msgs_s__rosidl_typesupport_fastrtps_c.cpython-310-aarch64-linux-gnu.so" to ""
[16.543s] -- Installing: /workspace/repo/install_diag2/go2_apportation_msgs/local/lib/python3.10/dist-packages/go2_apportation_msgs/go2_apportation_msgs_s__rosidl_typesupport_introspection_c.cpython-310-aarch64-linux-gnu.so
[16.544s] -- Set runtime path of "/workspace/repo/install_diag2/go2_apportation_msgs/local/lib/python3.10/dist-packages/go2_apportation_msgs/go2_apportation_msgs_s__rosidl_typesupport_introspection_c.cpython-310-aarch64-linux-gnu.so" to ""
[16.544s] -- Installing: /workspace/repo/install_diag2/go2_apportation_msgs/local/lib/python3.10/dist-packages/go2_apportation_msgs/go2_apportation_msgs_s__rosidl_typesupport_c.cpython-310-aarch64-linux-gnu.so
[16.545s] -- Set runtime path of "/workspace/repo/install_diag2/go2_apportation_msgs/local/lib/python3.10/dist-packages/go2_apportation_msgs/go2_apportation_msgs_s__rosidl_typesupport_c.cpython-310-aarch64-linux-gnu.so" to ""
[16.545s] -- Installing: /workspace/repo/install_diag2/go2_apportation_msgs/lib/libgo2_apportation_msgs__rosidl_generator_py.so
[16.546s] -- Set runtime path of "/workspace/repo/install_diag2/go2_apportation_msgs/lib/libgo2_apportation_msgs__rosidl_generator_py.so" to ""
[16.547s] -- Installing: /workspace/repo/install_diag2/go2_apportation_msgs/share/go2_apportation_msgs/msg/Detection3D.idl
[16.547s] -- Installing: /workspace/repo/install_diag2/go2_apportation_msgs/share/go2_apportation_msgs/msg/Detection3DArray.idl
[16.547s] -- Installing: /workspace/repo/install_diag2/go2_apportation_msgs/share/go2_apportation_msgs/msg/ObjectState.idl
[16.548s] -- Installing: /workspace/repo/install_diag2/go2_apportation_msgs/share/go2_apportation_msgs/msg/ThrowStatus.idl
[16.548s] -- Installing: /workspace/repo/install_diag2/go2_apportation_msgs/share/go2_apportation_msgs/action/PickObject.idl
[16.549s] -- Installing: /workspace/repo/install_diag2/go2_apportation_msgs/share/go2_apportation_msgs/srv/ReleaseObject.idl
[16.549s] -- Installing: /workspace/repo/install_diag2/go2_apportation_msgs/share/go2_apportation_msgs/msg/Detection3D.msg
[16.549s] -- Installing: /workspace/repo/install_diag2/go2_apportation_msgs/share/go2_apportation_msgs/msg/Detection3DArray.msg
[16.550s] -- Installing: /workspace/repo/install_diag2/go2_apportation_msgs/share/go2_apportation_msgs/msg/ObjectState.msg
[16.550s] -- Installing: /workspace/repo/install_diag2/go2_apportation_msgs/share/go2_apportation_msgs/msg/ThrowStatus.msg
[16.550s] -- Installing: /workspace/repo/install_diag2/go2_apportation_msgs/share/go2_apportation_msgs/action/PickObject.action
[16.551s] -- Installing: /workspace/repo/install_diag2/go2_apportation_msgs/share/go2_apportation_msgs/srv/ReleaseObject.srv
[16.551s] -- Installing: /workspace/repo/install_diag2/go2_apportation_msgs/share/go2_apportation_msgs/srv/ReleaseObject_Request.msg
[16.551s] -- Installing: /workspace/repo/install_diag2/go2_apportation_msgs/share/go2_apportation_msgs/srv/ReleaseObject_Response.msg
[16.552s] -- Installing: /workspace/repo/install_diag2/go2_apportation_msgs/share/ament_index/resource_index/package_run_dependencies/go2_apportation_msgs
[16.553s] -- Installing: /workspace/repo/install_diag2/go2_apportation_msgs/share/ament_index/resource_index/parent_prefix_path/go2_apportation_msgs
[16.553s] -- Installing: /workspace/repo/install_diag2/go2_apportation_msgs/share/go2_apportation_msgs/environment/ament_prefix_path.sh
[16.554s] -- Installing: /workspace/repo/install_diag2/go2_apportation_msgs/share/go2_apportation_msgs/environment/ament_prefix_path.dsv
[16.554s] -- Installing: /workspace/repo/install_diag2/go2_apportation_msgs/share/go2_apportation_msgs/environment/path.sh
[16.555s] -- Installing: /workspace/repo/install_diag2/go2_apportation_msgs/share/go2_apportation_msgs/environment/path.dsv
[16.556s] -- Installing: /workspace/repo/install_diag2/go2_apportation_msgs/share/go2_apportation_msgs/local_setup.bash
[16.556s] -- Installing: /workspace/repo/install_diag2/go2_apportation_msgs/share/go2_apportation_msgs/local_setup.sh
[16.557s] -- Installing: /workspace/repo/install_diag2/go2_apportation_msgs/share/go2_apportation_msgs/local_setup.zsh
[16.557s] -- Installing: /workspace/repo/install_diag2/go2_apportation_msgs/share/go2_apportation_msgs/local_setup.dsv
[16.557s] -- Installing: /workspace/repo/install_diag2/go2_apportation_msgs/share/go2_apportation_msgs/package.dsv
[16.558s] -- Installing: /workspace/repo/install_diag2/go2_apportation_msgs/share/ament_index/resource_index/packages/go2_apportation_msgs
[16.558s] -- Installing: /workspace/repo/install_diag2/go2_apportation_msgs/share/go2_apportation_msgs/cmake/export_go2_apportation_msgs__rosidl_generator_cExport.cmake
[16.559s] -- Installing: /workspace/repo/install_diag2/go2_apportation_msgs/share/go2_apportation_msgs/cmake/export_go2_apportation_msgs__rosidl_generator_cExport-noconfig.cmake
[16.559s] -- Installing: /workspace/repo/install_diag2/go2_apportation_msgs/share/go2_apportation_msgs/cmake/export_go2_apportation_msgs__rosidl_typesupport_fastrtps_cExport.cmake
[16.560s] -- Installing: /workspace/repo/install_diag2/go2_apportation_msgs/share/go2_apportation_msgs/cmake/export_go2_apportation_msgs__rosidl_typesupport_fastrtps_cExport-noconfig.cmake
[16.560s] -- Installing: /workspace/repo/install_diag2/go2_apportation_msgs/share/go2_apportation_msgs/cmake/go2_apportation_msgs__rosidl_typesupport_introspection_cExport.cmake
[16.560s] -- Installing: /workspace/repo/install_diag2/go2_apportation_msgs/share/go2_apportation_msgs/cmake/go2_apportation_msgs__rosidl_typesupport_introspection_cExport-noconfig.cmake
[16.561s] -- Installing: /workspace/repo/install_diag2/go2_apportation_msgs/share/go2_apportation_msgs/cmake/go2_apportation_msgs__rosidl_typesupport_cExport.cmake
[16.561s] -- Installing: /workspace/repo/install_diag2/go2_apportation_msgs/share/go2_apportation_msgs/cmake/go2_apportation_msgs__rosidl_typesupport_cExport-noconfig.cmake
[16.561s] -- Installing: /workspace/repo/install_diag2/go2_apportation_msgs/share/go2_apportation_msgs/cmake/export_go2_apportation_msgs__rosidl_generator_cppExport.cmake
[16.562s] -- Installing: /workspace/repo/install_diag2/go2_apportation_msgs/share/go2_apportation_msgs/cmake/export_go2_apportation_msgs__rosidl_typesupport_fastrtps_cppExport.cmake
[16.562s] -- Installing: /workspace/repo/install_diag2/go2_apportation_msgs/share/go2_apportation_msgs/cmake/export_go2_apportation_msgs__rosidl_typesupport_fastrtps_cppExport-noconfig.cmake
[16.562s] -- Installing: /workspace/repo/install_diag2/go2_apportation_msgs/share/go2_apportation_msgs/cmake/go2_apportation_msgs__rosidl_typesupport_introspection_cppExport.cmake
[16.563s] -- Installing: /workspace/repo/install_diag2/go2_apportation_msgs/share/go2_apportation_msgs/cmake/go2_apportation_msgs__rosidl_typesupport_introspection_cppExport-noconfig.cmake
[16.563s] -- Installing: /workspace/repo/install_diag2/go2_apportation_msgs/share/go2_apportation_msgs/cmake/go2_apportation_msgs__rosidl_typesupport_cppExport.cmake
[16.563s] -- Installing: /workspace/repo/install_diag2/go2_apportation_msgs/share/go2_apportation_msgs/cmake/go2_apportation_msgs__rosidl_typesupport_cppExport-noconfig.cmake
[16.563s] -- Installing: /workspace/repo/install_diag2/go2_apportation_msgs/share/go2_apportation_msgs/cmake/export_go2_apportation_msgs__rosidl_generator_pyExport.cmake
[16.563s] -- Installing: /workspace/repo/install_diag2/go2_apportation_msgs/share/go2_apportation_msgs/cmake/export_go2_apportation_msgs__rosidl_generator_pyExport-noconfig.cmake
[16.564s] -- Installing: /workspace/repo/install_diag2/go2_apportation_msgs/share/go2_apportation_msgs/cmake/rosidl_cmake-extras.cmake
[16.564s] -- Installing: /workspace/repo/install_diag2/go2_apportation_msgs/share/go2_apportation_msgs/cmake/ament_cmake_export_dependencies-extras.cmake
[16.564s] -- Installing: /workspace/repo/install_diag2/go2_apportation_msgs/share/go2_apportation_msgs/cmake/ament_cmake_export_include_directories-extras.cmake
[16.564s] -- Installing: /workspace/repo/install_diag2/go2_apportation_msgs/share/go2_apportation_msgs/cmake/ament_cmake_export_libraries-extras.cmake
[16.564s] -- Installing: /workspace/repo/install_diag2/go2_apportation_msgs/share/go2_apportation_msgs/cmake/ament_cmake_export_targets-extras.cmake
[16.565s] -- Installing: /workspace/repo/install_diag2/go2_apportation_msgs/share/go2_apportation_msgs/cmake/rosidl_cmake_export_typesupport_targets-extras.cmake
[16.565s] -- Installing: /workspace/repo/install_diag2/go2_apportation_msgs/share/go2_apportation_msgs/cmake/rosidl_cmake_export_typesupport_libraries-extras.cmake
[16.565s] -- Installing: /workspace/repo/install_diag2/go2_apportation_msgs/share/go2_apportation_msgs/cmake/go2_apportation_msgsConfig.cmake
[16.565s] -- Installing: /workspace/repo/install_diag2/go2_apportation_msgs/share/go2_apportation_msgs/cmake/go2_apportation_msgsConfig-version.cmake
[16.565s] -- Installing: /workspace/repo/install_diag2/go2_apportation_msgs/share/go2_apportation_msgs/package.xml
[16.568s] Invoked command in '/workspace/repo/build_diag2/go2_apportation_msgs' returned '0': /usr/bin/cmake --install /workspace/repo/build_diag2/go2_apportation_msgs
