[3.122s] Invoking command in '/workspace/repo/community_sdk/go2_ros2_sdk-master/coco_detector': PYTHONPATH=/workspace/repo/build_container/coco_detector/prefix_override:/usr/lib/python3/dist-packages/colcon_core/task/python/colcon_distutils_commands:/workspace/repo/install_container/coco_detector/lib/python3.10/site-packages:${PYTHONPATH} /usr/bin/python3 -W ignore:setup.py install is deprecated -W ignore:easy_install command is deprecated setup.py egg_info --egg-base ../../../build_container/coco_detector build --build-base /workspace/repo/build_container/coco_detector/build install --record /workspace/repo/build_container/coco_detector/install.log --single-version-externally-managed install_data
[4.226s] running egg_info
[4.226s] writing ../../../build_container/coco_detector/coco_detector.egg-info/PKG-INFO
[4.227s] writing dependency_links to ../../../build_container/coco_detector/coco_detector.egg-info/dependency_links.txt
[4.227s] writing entry points to ../../../build_container/coco_detector/coco_detector.egg-info/entry_points.txt
[4.227s] writing requirements to ../../../build_container/coco_detector/coco_detector.egg-info/requires.txt
[4.228s] writing top-level names to ../../../build_container/coco_detector/coco_detector.egg-info/top_level.txt
[4.228s] reading manifest file '../../../build_container/coco_detector/coco_detector.egg-info/SOURCES.txt'
[4.228s] writing manifest file '../../../build_container/coco_detector/coco_detector.egg-info/SOURCES.txt'
[4.228s] running build
[4.229s] running build_py
[4.229s] running install
[4.229s] running install_lib
[4.229s] running install_data
[4.230s] running install_egg_info
[4.230s] removing '/workspace/repo/install_container/coco_detector/lib/python3.10/site-packages/coco_detector-0.0.0-py3.10.egg-info' (and everything under it)
[4.230s] Copying ../../../build_container/coco_detector/coco_detector.egg-info to /workspace/repo/install_container/coco_detector/lib/python3.10/site-packages/coco_detector-0.0.0-py3.10.egg-info
[4.230s] running install_scripts
[4.230s] Installing coco_detector_node script to /workspace/repo/install_container/coco_detector/lib/coco_detector
[4.231s] writing list of installed files to '/workspace/repo/build_container/coco_detector/install.log'
[4.251s] Invoked command in '/workspace/repo/community_sdk/go2_ros2_sdk-master/coco_detector' returned '0': PYTHONPATH=/workspace/repo/build_container/coco_detector/prefix_override:/usr/lib/python3/dist-packages/colcon_core/task/python/colcon_distutils_commands:/workspace/repo/install_container/coco_detector/lib/python3.10/site-packages:${PYTHONPATH} /usr/bin/python3 -W ignore:setup.py install is deprecated -W ignore:easy_install command is deprecated setup.py egg_info --egg-base ../../../build_container/coco_detector build --build-base /workspace/repo/build_container/coco_detector/build install --record /workspace/repo/build_container/coco_detector/install.log --single-version-externally-managed install_data
