[0.070s] Invoking command in '/workspace/repo/build_container/go2_apportation_msgs': /usr/bin/cmake --build /workspace/repo/build_container/go2_apportation_msgs -- -j6 -l6
[1.785s] [ 11%] Built target go2_apportation_msgs__rosidl_generator_c
[1.786s] [ 12%] Built target go2_apportation_msgs__cpp
[1.787s] [ 12%] Built target ament_cmake_python_copy_go2_apportation_msgs
[1.787s] [ 23%] Built target go2_apportation_msgs__rosidl_typesupport_fastrtps_c
[1.788s] [ 35%] Built target go2_apportation_msgs__rosidl_typesupport_introspection_c
[1.788s] [ 46%] Built target go2_apportation_msgs__rosidl_typesupport_c
[1.788s] [ 57%] Built target go2_apportation_msgs__rosidl_typesupport_cpp
[1.788s] [ 69%] Built target go2_apportation_msgs__rosidl_typesupport_fastrtps_cpp
[1.789s] [ 80%] Built target go2_apportation_msgs__rosidl_typesupport_introspection_cpp
[1.789s] [ 80%] Built target go2_apportation_msgs
[1.790s] [ 81%] Built target go2_apportation_msgs__py
[1.790s] [ 91%] Built target go2_apportation_msgs__rosidl_generator_py
[1.790s] [ 94%] Built target go2_apportation_msgs__rosidl_typesupport_fastrtps_c__pyext
[1.790s] [ 97%] Built target go2_apportation_msgs__rosidl_typesupport_introspection_c__pyext
[1.791s] [100%] Built target go2_apportation_msgs__rosidl_typesupport_c__pyext
[1.791s] running egg_info
[1.791s] writing go2_apportation_msgs.egg-info/PKG-INFO
[1.791s] writing dependency_links to go2_apportation_msgs.egg-info/dependency_links.txt
[1.791s] writing top-level names to go2_apportation_msgs.egg-info/top_level.txt
[1.791s] reading manifest file 'go2_apportation_msgs.egg-info/SOURCES.txt'
[1.791s] writing manifest file 'go2_apportation_msgs.egg-info/SOURCES.txt'
[1.791s] [100%] Built target ament_cmake_python_build_go2_apportation_msgs_egg
[1.794s] Invoked command in '/workspace/repo/build_container/go2_apportation_msgs' returned '0': /usr/bin/cmake --build /workspace/repo/build_container/go2_apportation_msgs -- -j6 -l6
[1.807s] Invoking command in '/workspace/repo/build_container/go2_apportation_msgs': /usr/bin/cmake --install /workspace/repo/build_container/go2_apportation_msgs
[1.877s] -- Install configuration: ""
[1.877s] -- Up-to-date: /workspace/repo/install_container/go2_apportation_msgs/share/ament_index/resource_index/rosidl_interfaces/go2_apportation_msgs
[1.877s] -- Up-to-date: /workspace/repo/install_container/go2_apportation_msgs/include/go2_apportation_msgs/go2_apportation_msgs
[1.877s] -- Up-to-date: /workspace/repo/install_container/go2_apportation_msgs/include/go2_apportation_msgs/go2_apportation_msgs/msg
[1.877s] -- Up-to-date: /workspace/repo/install_container/go2_apportation_msgs/include/go2_apportation_msgs/go2_apportation_msgs/msg/detection3_d_array.h
[1.877s] -- Up-to-date: /workspace/repo/install_container/go2_apportation_msgs/include/go2_apportation_msgs/go2_apportation_msgs/msg/rosidl_generator_c__visibility_control.h
[1.877s] -- Up-to-date: /workspace/repo/install_container/go2_apportation_msgs/include/go2_apportation_msgs/go2_apportation_msgs/msg/detail
[1.878s] -- Up-to-date: /workspace/repo/install_container/go2_apportation_msgs/include/go2_apportation_msgs/go2_apportation_msgs/msg/detail/detection3_d_array__functions.h
[1.878s] -- Up-to-date: /workspace/repo/install_container/go2_apportation_msgs/include/go2_apportation_msgs/go2_apportation_msgs/msg/detail/detection3_d_array__functions.c
[1.878s] -- Up-to-date: /workspace/repo/install_container/go2_apportation_msgs/include/go2_apportation_msgs/go2_apportation_msgs/msg/detail/detection3_d_array__type_support.h
[1.878s] -- Up-to-date: /workspace/repo/install_container/go2_apportation_msgs/include/go2_apportation_msgs/go2_apportation_msgs/msg/detail/object_state__type_support.h
[1.879s] -- Up-to-date: /workspace/repo/install_container/go2_apportation_msgs/include/go2_apportation_msgs/go2_apportation_msgs/msg/detail/throw_status__struct.h
[1.879s] -- Up-to-date: /workspace/repo/install_container/go2_apportation_msgs/include/go2_apportation_msgs/go2_apportation_msgs/msg/detail/object_state__struct.h
[1.879s] -- Up-to-date: /workspace/repo/install_container/go2_apportation_msgs/include/go2_apportation_msgs/go2_apportation_msgs/msg/detail/throw_status__functions.h
[1.879s] -- Up-to-date: /workspace/repo/install_container/go2_apportation_msgs/include/go2_apportation_msgs/go2_apportation_msgs/msg/detail/throw_status__functions.c
[1.879s] -- Up-to-date: /workspace/repo/install_container/go2_apportation_msgs/include/go2_apportation_msgs/go2_apportation_msgs/msg/detail/object_state__functions.h
[1.879s] -- Up-to-date: /workspace/repo/install_container/go2_apportation_msgs/include/go2_apportation_msgs/go2_apportation_msgs/msg/detail/throw_status__type_support.h
[1.879s] -- Up-to-date: /workspace/repo/install_container/go2_apportation_msgs/include/go2_apportation_msgs/go2_apportation_msgs/msg/detail/detection3_d__struct.h
[1.880s] -- Up-to-date: /workspace/repo/install_container/go2_apportation_msgs/include/go2_apportation_msgs/go2_apportation_msgs/msg/detail/detection3_d__functions.h
[1.880s] -- Up-to-date: /workspace/repo/install_container/go2_apportation_msgs/include/go2_apportation_msgs/go2_apportation_msgs/msg/detail/object_state__functions.c
[1.880s] -- Up-to-date: /workspace/repo/install_container/go2_apportation_msgs/include/go2_apportation_msgs/go2_apportation_msgs/msg/detail/detection3_d__type_support.h
[1.880s] -- Up-to-date: /workspace/repo/install_container/go2_apportation_msgs/include/go2_apportation_msgs/go2_apportation_msgs/msg/detail/detection3_d_array__struct.h
[1.880s] -- Up-to-date: /workspace/repo/install_container/go2_apportation_msgs/include/go2_apportation_msgs/go2_apportation_msgs/msg/detail/detection3_d__functions.c
[1.880s] -- Up-to-date: /workspace/repo/install_container/go2_apportation_msgs/include/go2_apportation_msgs/go2_apportation_msgs/msg/throw_status.h
[1.880s] -- Up-to-date: /workspace/repo/install_container/go2_apportation_msgs/include/go2_apportation_msgs/go2_apportation_msgs/msg/detection3_d.h
[1.880s] -- Up-to-date: /workspace/repo/install_container/go2_apportation_msgs/include/go2_apportation_msgs/go2_apportation_msgs/msg/object_state.h
[1.880s] -- Up-to-date: /workspace/repo/install_container/go2_apportation_msgs/include/go2_apportation_msgs/go2_apportation_msgs/srv
[1.881s] -- Up-to-date: /workspace/repo/install_container/go2_apportation_msgs/include/go2_apportation_msgs/go2_apportation_msgs/srv/release_object.h
[1.881s] -- Up-to-date: /workspace/repo/install_container/go2_apportation_msgs/include/go2_apportation_msgs/go2_apportation_msgs/srv/detail
[1.881s] -- Up-to-date: /workspace/repo/install_container/go2_apportation_msgs/include/go2_apportation_msgs/go2_apportation_msgs/srv/detail/release_object__functions.c
[1.881s] -- Up-to-date: /workspace/repo/install_container/go2_apportation_msgs/include/go2_apportation_msgs/go2_apportation_msgs/srv/detail/release_object__functions.h
[1.881s] -- Up-to-date: /workspace/repo/install_container/go2_apportation_msgs/include/go2_apportation_msgs/go2_apportation_msgs/srv/detail/release_object__struct.h
[1.881s] -- Up-to-date: /workspace/repo/install_container/go2_apportation_msgs/include/go2_apportation_msgs/go2_apportation_msgs/srv/detail/release_object__type_support.h
[1.881s] -- Up-to-date: /workspace/repo/install_container/go2_apportation_msgs/include/go2_apportation_msgs/go2_apportation_msgs/action
[1.881s] -- Up-to-date: /workspace/repo/install_container/go2_apportation_msgs/include/go2_apportation_msgs/go2_apportation_msgs/action/pick_object.h
[1.882s] -- Up-to-date: /workspace/repo/install_container/go2_apportation_msgs/include/go2_apportation_msgs/go2_apportation_msgs/action/detail
[1.882s] -- Up-to-date: /workspace/repo/install_container/go2_apportation_msgs/include/go2_apportation_msgs/go2_apportation_msgs/action/detail/pick_object__type_support.h
[1.882s] -- Up-to-date: /workspace/repo/install_container/go2_apportation_msgs/include/go2_apportation_msgs/go2_apportation_msgs/action/detail/pick_object__functions.h
[1.882s] -- Up-to-date: /workspace/repo/install_container/go2_apportation_msgs/include/go2_apportation_msgs/go2_apportation_msgs/action/detail/pick_object__struct.h
[1.882s] -- Up-to-date: /workspace/repo/install_container/go2_apportation_msgs/include/go2_apportation_msgs/go2_apportation_msgs/action/detail/pick_object__functions.c
[1.882s] -- Up-to-date: /workspace/repo/install_container/go2_apportation_msgs/share/go2_apportation_msgs/environment/library_path.sh
[1.882s] -- Up-to-date: /workspace/repo/install_container/go2_apportation_msgs/share/go2_apportation_msgs/environment/library_path.dsv
[1.882s] -- Up-to-date: /workspace/repo/install_container/go2_apportation_msgs/lib/libgo2_apportation_msgs__rosidl_generator_c.so
[1.883s] -- Up-to-date: /workspace/repo/install_container/go2_apportation_msgs/include/go2_apportation_msgs/go2_apportation_msgs
[1.883s] -- Up-to-date: /workspace/repo/install_container/go2_apportation_msgs/include/go2_apportation_msgs/go2_apportation_msgs/msg
[1.883s] -- Up-to-date: /workspace/repo/install_container/go2_apportation_msgs/include/go2_apportation_msgs/go2_apportation_msgs/msg/rosidl_typesupport_fastrtps_c__visibility_control.h
[1.883s] -- Up-to-date: /workspace/repo/install_container/go2_apportation_msgs/include/go2_apportation_msgs/go2_apportation_msgs/msg/detail
[1.883s] -- Up-to-date: /workspace/repo/install_container/go2_apportation_msgs/include/go2_apportation_msgs/go2_apportation_msgs/msg/detail/object_state__rosidl_typesupport_fastrtps_c.h
[1.883s] -- Up-to-date: /workspace/repo/install_container/go2_apportation_msgs/include/go2_apportation_msgs/go2_apportation_msgs/msg/detail/detection3_d__rosidl_typesupport_fastrtps_c.h
[1.883s] -- Up-to-date: /workspace/repo/install_container/go2_apportation_msgs/include/go2_apportation_msgs/go2_apportation_msgs/msg/detail/throw_status__rosidl_typesupport_fastrtps_c.h
[1.883s] -- Up-to-date: /workspace/repo/install_container/go2_apportation_msgs/include/go2_apportation_msgs/go2_apportation_msgs/msg/detail/detection3_d_array__rosidl_typesupport_fastrtps_c.h
[1.893s] -- Up-to-date: /workspace/repo/install_container/go2_apportation_msgs/include/go2_apportation_msgs/go2_apportation_msgs/srv
[1.893s] -- Up-to-date: /workspace/repo/install_container/go2_apportation_msgs/include/go2_apportation_msgs/go2_apportation_msgs/srv/detail
[1.893s] -- Up-to-date: /workspace/repo/install_container/go2_apportation_msgs/include/go2_apportation_msgs/go2_apportation_msgs/srv/detail/release_object__rosidl_typesupport_fastrtps_c.h
[1.893s] -- Up-to-date: /workspace/repo/install_container/go2_apportation_msgs/include/go2_apportation_msgs/go2_apportation_msgs/action
[1.893s] -- Up-to-date: /workspace/repo/install_container/go2_apportation_msgs/include/go2_apportation_msgs/go2_apportation_msgs/action/detail
[1.894s] -- Up-to-date: /workspace/repo/install_container/go2_apportation_msgs/include/go2_apportation_msgs/go2_apportation_msgs/action/detail/pick_object__rosidl_typesupport_fastrtps_c.h
[1.894s] -- Up-to-date: /workspace/repo/install_container/go2_apportation_msgs/lib/libgo2_apportation_msgs__rosidl_typesupport_fastrtps_c.so
[1.894s] -- Up-to-date: /workspace/repo/install_container/go2_apportation_msgs/include/go2_apportation_msgs/go2_apportation_msgs
[1.894s] -- Up-to-date: /workspace/repo/install_container/go2_apportation_msgs/include/go2_apportation_msgs/go2_apportation_msgs/msg
[1.894s] -- Up-to-date: /workspace/repo/install_container/go2_apportation_msgs/include/go2_apportation_msgs/go2_apportation_msgs/msg/detail
[1.894s] -- Up-to-date: /workspace/repo/install_container/go2_apportation_msgs/include/go2_apportation_msgs/go2_apportation_msgs/msg/detail/object_state__rosidl_typesupport_introspection_c.h
[1.894s] -- Up-to-date: /workspace/repo/install_container/go2_apportation_msgs/include/go2_apportation_msgs/go2_apportation_msgs/msg/detail/detection3_d_array__rosidl_typesupport_introspection_c.h
[1.894s] -- Up-to-date: /workspace/repo/install_container/go2_apportation_msgs/include/go2_apportation_msgs/go2_apportation_msgs/msg/detail/throw_status__type_support.c
[1.894s] -- Up-to-date: /workspace/repo/install_container/go2_apportation_msgs/include/go2_apportation_msgs/go2_apportation_msgs/msg/detail/throw_status__rosidl_typesupport_introspection_c.h
[1.895s] -- Up-to-date: /workspace/repo/install_container/go2_apportation_msgs/include/go2_apportation_msgs/go2_apportation_msgs/msg/detail/detection3_d__type_support.c
[1.895s] -- Up-to-date: /workspace/repo/install_container/go2_apportation_msgs/include/go2_apportation_msgs/go2_apportation_msgs/msg/detail/detection3_d__rosidl_typesupport_introspection_c.h
[1.895s] -- Up-to-date: /workspace/repo/install_container/go2_apportation_msgs/include/go2_apportation_msgs/go2_apportation_msgs/msg/detail/detection3_d_array__type_support.c
[1.895s] -- Up-to-date: /workspace/repo/install_container/go2_apportation_msgs/include/go2_apportation_msgs/go2_apportation_msgs/msg/detail/object_state__type_support.c
[1.895s] -- Up-to-date: /workspace/repo/install_container/go2_apportation_msgs/include/go2_apportation_msgs/go2_apportation_msgs/msg/rosidl_typesupport_introspection_c__visibility_control.h
[1.895s] -- Up-to-date: /workspace/repo/install_container/go2_apportation_msgs/include/go2_apportation_msgs/go2_apportation_msgs/srv
[1.895s] -- Up-to-date: /workspace/repo/install_container/go2_apportation_msgs/include/go2_apportation_msgs/go2_apportation_msgs/srv/detail
[1.895s] -- Up-to-date: /workspace/repo/install_container/go2_apportation_msgs/include/go2_apportation_msgs/go2_apportation_msgs/srv/detail/release_object__rosidl_typesupport_introspection_c.h
[1.896s] -- Up-to-date: /workspace/repo/install_container/go2_apportation_msgs/include/go2_apportation_msgs/go2_apportation_msgs/srv/detail/release_object__type_support.c
[1.896s] -- Up-to-date: /workspace/repo/install_container/go2_apportation_msgs/include/go2_apportation_msgs/go2_apportation_msgs/action
[1.896s] -- Up-to-date: /workspace/repo/install_container/go2_apportation_msgs/include/go2_apportation_msgs/go2_apportation_msgs/action/detail
[1.896s] -- Up-to-date: /workspace/repo/install_container/go2_apportation_msgs/include/go2_apportation_msgs/go2_apportation_msgs/action/detail/pick_object__rosidl_typesupport_introspection_c.h
[1.896s] -- Up-to-date: /workspace/repo/install_container/go2_apportation_msgs/include/go2_apportation_msgs/go2_apportation_msgs/action/detail/pick_object__type_support.c
[1.896s] -- Up-to-date: /workspace/repo/install_container/go2_apportation_msgs/lib/libgo2_apportation_msgs__rosidl_typesupport_introspection_c.so
[1.896s] -- Up-to-date: /workspace/repo/install_container/go2_apportation_msgs/lib/libgo2_apportation_msgs__rosidl_typesupport_c.so
[1.896s] -- Up-to-date: /workspace/repo/install_container/go2_apportation_msgs/include/go2_apportation_msgs/go2_apportation_msgs
[1.897s] -- Up-to-date: /workspace/repo/install_container/go2_apportation_msgs/include/go2_apportation_msgs/go2_apportation_msgs/msg
[1.897s] -- Up-to-date: /workspace/repo/install_container/go2_apportation_msgs/include/go2_apportation_msgs/go2_apportation_msgs/msg/detection3_d.hpp
[1.897s] -- Up-to-date: /workspace/repo/install_container/go2_apportation_msgs/include/go2_apportation_msgs/go2_apportation_msgs/msg/detection3_d_array.hpp
[1.897s] -- Up-to-date: /workspace/repo/install_container/go2_apportation_msgs/include/go2_apportation_msgs/go2_apportation_msgs/msg/detail
[1.897s] -- Up-to-date: /workspace/repo/install_container/go2_apportation_msgs/include/go2_apportation_msgs/go2_apportation_msgs/msg/detail/detection3_d_array__type_support.hpp
[1.897s] -- Up-to-date: /workspace/repo/install_container/go2_apportation_msgs/include/go2_apportation_msgs/go2_apportation_msgs/msg/detail/detection3_d__type_support.hpp
[1.897s] -- Up-to-date: /workspace/repo/install_container/go2_apportation_msgs/include/go2_apportation_msgs/go2_apportation_msgs/msg/detail/throw_status__type_support.hpp
[1.897s] -- Up-to-date: /workspace/repo/install_container/go2_apportation_msgs/include/go2_apportation_msgs/go2_apportation_msgs/msg/detail/detection3_d_array__builder.hpp
[1.897s] -- Up-to-date: /workspace/repo/install_container/go2_apportation_msgs/include/go2_apportation_msgs/go2_apportation_msgs/msg/detail/throw_status__struct.hpp
[1.898s] -- Up-to-date: /workspace/repo/install_container/go2_apportation_msgs/include/go2_apportation_msgs/go2_apportation_msgs/msg/detail/detection3_d__builder.hpp
[1.898s] -- Up-to-date: /workspace/repo/install_container/go2_apportation_msgs/include/go2_apportation_msgs/go2_apportation_msgs/msg/detail/object_state__type_support.hpp
[1.898s] -- Up-to-date: /workspace/repo/install_container/go2_apportation_msgs/include/go2_apportation_msgs/go2_apportation_msgs/msg/detail/detection3_d__struct.hpp
[1.898s] -- Up-to-date: /workspace/repo/install_container/go2_apportation_msgs/include/go2_apportation_msgs/go2_apportation_msgs/msg/detail/detection3_d_array__traits.hpp
[1.898s] -- Up-to-date: /workspace/repo/install_container/go2_apportation_msgs/include/go2_apportation_msgs/go2_apportation_msgs/msg/detail/throw_status__traits.hpp
[1.898s] -- Up-to-date: /workspace/repo/install_container/go2_apportation_msgs/include/go2_apportation_msgs/go2_apportation_msgs/msg/detail/object_state__builder.hpp
[1.898s] -- Up-to-date: /workspace/repo/install_container/go2_apportation_msgs/include/go2_apportation_msgs/go2_apportation_msgs/msg/detail/detection3_d_array__struct.hpp
[1.898s] -- Up-to-date: /workspace/repo/install_container/go2_apportation_msgs/include/go2_apportation_msgs/go2_apportation_msgs/msg/detail/object_state__struct.hpp
[1.899s] -- Up-to-date: /workspace/repo/install_container/go2_apportation_msgs/include/go2_apportation_msgs/go2_apportation_msgs/msg/detail/detection3_d__traits.hpp
[1.899s] -- Up-to-date: /workspace/repo/install_container/go2_apportation_msgs/include/go2_apportation_msgs/go2_apportation_msgs/msg/detail/throw_status__builder.hpp
[1.899s] -- Up-to-date: /workspace/repo/install_container/go2_apportation_msgs/include/go2_apportation_msgs/go2_apportation_msgs/msg/detail/object_state__traits.hpp
[1.899s] -- Up-to-date: /workspace/repo/install_container/go2_apportation_msgs/include/go2_apportation_msgs/go2_apportation_msgs/msg/object_state.hpp
[1.899s] -- Up-to-date: /workspace/repo/install_container/go2_apportation_msgs/include/go2_apportation_msgs/go2_apportation_msgs/msg/throw_status.hpp
[1.899s] -- Up-to-date: /workspace/repo/install_container/go2_apportation_msgs/include/go2_apportation_msgs/go2_apportation_msgs/msg/rosidl_generator_cpp__visibility_control.hpp
[1.899s] -- Up-to-date: /workspace/repo/install_container/go2_apportation_msgs/include/go2_apportation_msgs/go2_apportation_msgs/srv
[1.899s] -- Up-to-date: /workspace/repo/install_container/go2_apportation_msgs/include/go2_apportation_msgs/go2_apportation_msgs/srv/release_object.hpp
[1.900s] -- Up-to-date: /workspace/repo/install_container/go2_apportation_msgs/include/go2_apportation_msgs/go2_apportation_msgs/srv/detail
[1.900s] -- Up-to-date: /workspace/repo/install_container/go2_apportation_msgs/include/go2_apportation_msgs/go2_apportation_msgs/srv/detail/release_object__builder.hpp
[1.900s] -- Up-to-date: /workspace/repo/install_container/go2_apportation_msgs/include/go2_apportation_msgs/go2_apportation_msgs/srv/detail/release_object__type_support.hpp
[1.900s] -- Up-to-date: /workspace/repo/install_container/go2_apportation_msgs/include/go2_apportation_msgs/go2_apportation_msgs/srv/detail/release_object__traits.hpp
[1.900s] -- Up-to-date: /workspace/repo/install_container/go2_apportation_msgs/include/go2_apportation_msgs/go2_apportation_msgs/srv/detail/release_object__struct.hpp
[1.900s] -- Up-to-date: /workspace/repo/install_container/go2_apportation_msgs/include/go2_apportation_msgs/go2_apportation_msgs/action
[1.900s] -- Up-to-date: /workspace/repo/install_container/go2_apportation_msgs/include/go2_apportation_msgs/go2_apportation_msgs/action/detail
[1.900s] -- Up-to-date: /workspace/repo/install_container/go2_apportation_msgs/include/go2_apportation_msgs/go2_apportation_msgs/action/detail/pick_object__traits.hpp
[1.900s] -- Up-to-date: /workspace/repo/install_container/go2_apportation_msgs/include/go2_apportation_msgs/go2_apportation_msgs/action/detail/pick_object__builder.hpp
[1.901s] -- Up-to-date: /workspace/repo/install_container/go2_apportation_msgs/include/go2_apportation_msgs/go2_apportation_msgs/action/detail/pick_object__struct.hpp
[1.901s] -- Up-to-date: /workspace/repo/install_container/go2_apportation_msgs/include/go2_apportation_msgs/go2_apportation_msgs/action/detail/pick_object__type_support.hpp
[1.901s] -- Up-to-date: /workspace/repo/install_container/go2_apportation_msgs/include/go2_apportation_msgs/go2_apportation_msgs/action/pick_object.hpp
[1.901s] -- Up-to-date: /workspace/repo/install_container/go2_apportation_msgs/include/go2_apportation_msgs/go2_apportation_msgs
[1.901s] -- Up-to-date: /workspace/repo/install_container/go2_apportation_msgs/include/go2_apportation_msgs/go2_apportation_msgs/msg
[1.901s] -- Up-to-date: /workspace/repo/install_container/go2_apportation_msgs/include/go2_apportation_msgs/go2_apportation_msgs/msg/rosidl_typesupport_fastrtps_cpp__visibility_control.h
[1.901s] -- Up-to-date: /workspace/repo/install_container/go2_apportation_msgs/include/go2_apportation_msgs/go2_apportation_msgs/msg/detail
[1.901s] -- Up-to-date: /workspace/repo/install_container/go2_apportation_msgs/include/go2_apportation_msgs/go2_apportation_msgs/msg/detail/detection3_d__rosidl_typesupport_fastrtps_cpp.hpp
[1.901s] -- Up-to-date: /workspace/repo/install_container/go2_apportation_msgs/include/go2_apportation_msgs/go2_apportation_msgs/msg/detail/object_state__rosidl_typesupport_fastrtps_cpp.hpp
[1.902s] -- Up-to-date: /workspace/repo/install_container/go2_apportation_msgs/include/go2_apportation_msgs/go2_apportation_msgs/msg/detail/dds_fastrtps
[1.902s] -- Up-to-date: /workspace/repo/install_container/go2_apportation_msgs/include/go2_apportation_msgs/go2_apportation_msgs/msg/detail/throw_status__rosidl_typesupport_fastrtps_cpp.hpp
[1.902s] -- Up-to-date: /workspace/repo/install_container/go2_apportation_msgs/include/go2_apportation_msgs/go2_apportation_msgs/msg/detail/detection3_d_array__rosidl_typesupport_fastrtps_cpp.hpp
[1.902s] -- Up-to-date: /workspace/repo/install_container/go2_apportation_msgs/include/go2_apportation_msgs/go2_apportation_msgs/srv
[1.921s] -- Up-to-date: /workspace/repo/install_container/go2_apportation_msgs/include/go2_apportation_msgs/go2_apportation_msgs/srv/detail
[1.921s] -- Up-to-date: /workspace/repo/install_container/go2_apportation_msgs/include/go2_apportation_msgs/go2_apportation_msgs/srv/detail/release_object__rosidl_typesupport_fastrtps_cpp.hpp
[1.921s] -- Up-to-date: /workspace/repo/install_container/go2_apportation_msgs/include/go2_apportation_msgs/go2_apportation_msgs/srv/detail/dds_fastrtps
[1.921s] -- Up-to-date: /workspace/repo/install_container/go2_apportation_msgs/include/go2_apportation_msgs/go2_apportation_msgs/action
[1.922s] -- Up-to-date: /workspace/repo/install_container/go2_apportation_msgs/include/go2_apportation_msgs/go2_apportation_msgs/action/detail
[1.922s] -- Up-to-date: /workspace/repo/install_container/go2_apportation_msgs/include/go2_apportation_msgs/go2_apportation_msgs/action/detail/dds_fastrtps
[1.922s] -- Up-to-date: /workspace/repo/install_container/go2_apportation_msgs/include/go2_apportation_msgs/go2_apportation_msgs/action/detail/pick_object__rosidl_typesupport_fastrtps_cpp.hpp
[1.922s] -- Up-to-date: /workspace/repo/install_container/go2_apportation_msgs/lib/libgo2_apportation_msgs__rosidl_typesupport_fastrtps_cpp.so
[1.922s] -- Up-to-date: /workspace/repo/install_container/go2_apportation_msgs/include/go2_apportation_msgs/go2_apportation_msgs
[1.923s] -- Up-to-date: /workspace/repo/install_container/go2_apportation_msgs/include/go2_apportation_msgs/go2_apportation_msgs/msg
[1.923s] -- Up-to-date: /workspace/repo/install_container/go2_apportation_msgs/include/go2_apportation_msgs/go2_apportation_msgs/msg/detail
[1.923s] -- Up-to-date: /workspace/repo/install_container/go2_apportation_msgs/include/go2_apportation_msgs/go2_apportation_msgs/msg/detail/throw_status__type_support.cpp
[1.923s] -- Up-to-date: /workspace/repo/install_container/go2_apportation_msgs/include/go2_apportation_msgs/go2_apportation_msgs/msg/detail/detection3_d__rosidl_typesupport_introspection_cpp.hpp
[1.923s] -- Up-to-date: /workspace/repo/install_container/go2_apportation_msgs/include/go2_apportation_msgs/go2_apportation_msgs/msg/detail/object_state__type_support.cpp
[1.923s] -- Up-to-date: /workspace/repo/install_container/go2_apportation_msgs/include/go2_apportation_msgs/go2_apportation_msgs/msg/detail/object_state__rosidl_typesupport_introspection_cpp.hpp
[1.924s] -- Up-to-date: /workspace/repo/install_container/go2_apportation_msgs/include/go2_apportation_msgs/go2_apportation_msgs/msg/detail/detection3_d_array__type_support.cpp
[1.924s] -- Up-to-date: /workspace/repo/install_container/go2_apportation_msgs/include/go2_apportation_msgs/go2_apportation_msgs/msg/detail/detection3_d__type_support.cpp
[1.924s] -- Up-to-date: /workspace/repo/install_container/go2_apportation_msgs/include/go2_apportation_msgs/go2_apportation_msgs/msg/detail/throw_status__rosidl_typesupport_introspection_cpp.hpp
[1.924s] -- Up-to-date: /workspace/repo/install_container/go2_apportation_msgs/include/go2_apportation_msgs/go2_apportation_msgs/msg/detail/detection3_d_array__rosidl_typesupport_introspection_cpp.hpp
[1.924s] -- Up-to-date: /workspace/repo/install_container/go2_apportation_msgs/include/go2_apportation_msgs/go2_apportation_msgs/srv
[1.924s] -- Up-to-date: /workspace/repo/install_container/go2_apportation_msgs/include/go2_apportation_msgs/go2_apportation_msgs/srv/detail
[1.924s] -- Up-to-date: /workspace/repo/install_container/go2_apportation_msgs/include/go2_apportation_msgs/go2_apportation_msgs/srv/detail/release_object__type_support.cpp
[1.924s] -- Up-to-date: /workspace/repo/install_container/go2_apportation_msgs/include/go2_apportation_msgs/go2_apportation_msgs/srv/detail/release_object__rosidl_typesupport_introspection_cpp.hpp
[1.925s] -- Up-to-date: /workspace/repo/install_container/go2_apportation_msgs/include/go2_apportation_msgs/go2_apportation_msgs/action
[1.925s] -- Up-to-date: /workspace/repo/install_container/go2_apportation_msgs/include/go2_apportation_msgs/go2_apportation_msgs/action/detail
[1.925s] -- Up-to-date: /workspace/repo/install_container/go2_apportation_msgs/include/go2_apportation_msgs/go2_apportation_msgs/action/detail/pick_object__rosidl_typesupport_introspection_cpp.hpp
[1.925s] -- Up-to-date: /workspace/repo/install_container/go2_apportation_msgs/include/go2_apportation_msgs/go2_apportation_msgs/action/detail/pick_object__type_support.cpp
[1.925s] -- Up-to-date: /workspace/repo/install_container/go2_apportation_msgs/lib/libgo2_apportation_msgs__rosidl_typesupport_introspection_cpp.so
[1.925s] -- Up-to-date: /workspace/repo/install_container/go2_apportation_msgs/lib/libgo2_apportation_msgs__rosidl_typesupport_cpp.so
[1.925s] -- Up-to-date: /workspace/repo/install_container/go2_apportation_msgs/share/go2_apportation_msgs/environment/pythonpath.sh
[1.925s] -- Up-to-date: /workspace/repo/install_container/go2_apportation_msgs/share/go2_apportation_msgs/environment/pythonpath.dsv
[1.926s] -- Up-to-date: /workspace/repo/install_container/go2_apportation_msgs/local/lib/python3.10/dist-packages/go2_apportation_msgs-0.0.0-py3.10.egg-info
[1.926s] -- Installing: /workspace/repo/install_container/go2_apportation_msgs/local/lib/python3.10/dist-packages/go2_apportation_msgs-0.0.0-py3.10.egg-info/top_level.txt
[1.926s] -- Installing: /workspace/repo/install_container/go2_apportation_msgs/local/lib/python3.10/dist-packages/go2_apportation_msgs-0.0.0-py3.10.egg-info/PKG-INFO
[1.926s] -- Installing: /workspace/repo/install_container/go2_apportation_msgs/local/lib/python3.10/dist-packages/go2_apportation_msgs-0.0.0-py3.10.egg-info/dependency_links.txt
[1.926s] -- Installing: /workspace/repo/install_container/go2_apportation_msgs/local/lib/python3.10/dist-packages/go2_apportation_msgs-0.0.0-py3.10.egg-info/SOURCES.txt
[1.947s] -- Up-to-date: /workspace/repo/install_container/go2_apportation_msgs/local/lib/python3.10/dist-packages/go2_apportation_msgs
[1.947s] -- Up-to-date: /workspace/repo/install_container/go2_apportation_msgs/local/lib/python3.10/dist-packages/go2_apportation_msgs/_go2_apportation_msgs_s.ep.rosidl_typesupport_c.c
[1.947s] -- Up-to-date: /workspace/repo/install_container/go2_apportation_msgs/local/lib/python3.10/dist-packages/go2_apportation_msgs/go2_apportation_msgs_s__rosidl_typesupport_c.cpython-310-aarch64-linux-gnu.so
[1.947s] -- Up-to-date: /workspace/repo/install_container/go2_apportation_msgs/local/lib/python3.10/dist-packages/go2_apportation_msgs/_go2_apportation_msgs_s.ep.rosidl_typesupport_fastrtps_c.c
[1.947s] -- Up-to-date: /workspace/repo/install_container/go2_apportation_msgs/local/lib/python3.10/dist-packages/go2_apportation_msgs/__init__.py
[1.947s] -- Up-to-date: /workspace/repo/install_container/go2_apportation_msgs/local/lib/python3.10/dist-packages/go2_apportation_msgs/msg
[1.948s] -- Up-to-date: /workspace/repo/install_container/go2_apportation_msgs/local/lib/python3.10/dist-packages/go2_apportation_msgs/msg/_throw_status_s.c
[1.948s] -- Up-to-date: /workspace/repo/install_container/go2_apportation_msgs/local/lib/python3.10/dist-packages/go2_apportation_msgs/msg/_detection3_d_array.py
[1.948s] -- Up-to-date: /workspace/repo/install_container/go2_apportation_msgs/local/lib/python3.10/dist-packages/go2_apportation_msgs/msg/_detection3_d_array_s.c
[1.948s] -- Up-to-date: /workspace/repo/install_container/go2_apportation_msgs/local/lib/python3.10/dist-packages/go2_apportation_msgs/msg/_throw_status.py
[1.948s] -- Up-to-date: /workspace/repo/install_container/go2_apportation_msgs/local/lib/python3.10/dist-packages/go2_apportation_msgs/msg/__init__.py
[1.948s] -- Up-to-date: /workspace/repo/install_container/go2_apportation_msgs/local/lib/python3.10/dist-packages/go2_apportation_msgs/msg/_detection3_d.py
[1.948s] -- Up-to-date: /workspace/repo/install_container/go2_apportation_msgs/local/lib/python3.10/dist-packages/go2_apportation_msgs/msg/_object_state.py
[1.948s] -- Up-to-date: /workspace/repo/install_container/go2_apportation_msgs/local/lib/python3.10/dist-packages/go2_apportation_msgs/msg/_detection3_d_s.c
[1.949s] -- Up-to-date: /workspace/repo/install_container/go2_apportation_msgs/local/lib/python3.10/dist-packages/go2_apportation_msgs/msg/_object_state_s.c
[1.949s] -- Up-to-date: /workspace/repo/install_container/go2_apportation_msgs/local/lib/python3.10/dist-packages/go2_apportation_msgs/go2_apportation_msgs_s__rosidl_typesupport_fastrtps_c.cpython-310-aarch64-linux-gnu.so
[1.949s] -- Up-to-date: /workspace/repo/install_container/go2_apportation_msgs/local/lib/python3.10/dist-packages/go2_apportation_msgs/srv
[1.949s] -- Up-to-date: /workspace/repo/install_container/go2_apportation_msgs/local/lib/python3.10/dist-packages/go2_apportation_msgs/srv/_release_object_s.c
[1.949s] -- Up-to-date: /workspace/repo/install_container/go2_apportation_msgs/local/lib/python3.10/dist-packages/go2_apportation_msgs/srv/_release_object.py
[1.949s] -- Up-to-date: /workspace/repo/install_container/go2_apportation_msgs/local/lib/python3.10/dist-packages/go2_apportation_msgs/srv/__init__.py
[1.950s] -- Up-to-date: /workspace/repo/install_container/go2_apportation_msgs/local/lib/python3.10/dist-packages/go2_apportation_msgs/libgo2_apportation_msgs__rosidl_generator_py.so
[1.950s] -- Up-to-date: /workspace/repo/install_container/go2_apportation_msgs/local/lib/python3.10/dist-packages/go2_apportation_msgs/_go2_apportation_msgs_s.ep.rosidl_typesupport_introspection_c.c
[1.950s] -- Up-to-date: /workspace/repo/install_container/go2_apportation_msgs/local/lib/python3.10/dist-packages/go2_apportation_msgs/go2_apportation_msgs_s__rosidl_typesupport_introspection_c.cpython-310-aarch64-linux-gnu.so
[1.950s] -- Up-to-date: /workspace/repo/install_container/go2_apportation_msgs/local/lib/python3.10/dist-packages/go2_apportation_msgs/action
[1.951s] -- Up-to-date: /workspace/repo/install_container/go2_apportation_msgs/local/lib/python3.10/dist-packages/go2_apportation_msgs/action/_pick_object.py
[1.951s] -- Up-to-date: /workspace/repo/install_container/go2_apportation_msgs/local/lib/python3.10/dist-packages/go2_apportation_msgs/action/__init__.py
[1.951s] -- Up-to-date: /workspace/repo/install_container/go2_apportation_msgs/local/lib/python3.10/dist-packages/go2_apportation_msgs/action/_pick_object_s.c
[2.225s] Listing '/workspace/repo/install_container/go2_apportation_msgs/local/lib/python3.10/dist-packages/go2_apportation_msgs'...
[2.225s] Listing '/workspace/repo/install_container/go2_apportation_msgs/local/lib/python3.10/dist-packages/go2_apportation_msgs/action'...
[2.225s] Listing '/workspace/repo/install_container/go2_apportation_msgs/local/lib/python3.10/dist-packages/go2_apportation_msgs/msg'...
[2.226s] Listing '/workspace/repo/install_container/go2_apportation_msgs/local/lib/python3.10/dist-packages/go2_apportation_msgs/srv'...
[2.226s] -- Up-to-date: /workspace/repo/install_container/go2_apportation_msgs/local/lib/python3.10/dist-packages/go2_apportation_msgs/go2_apportation_msgs_s__rosidl_typesupport_fastrtps_c.cpython-310-aarch64-linux-gnu.so
[2.226s] -- Up-to-date: /workspace/repo/install_container/go2_apportation_msgs/local/lib/python3.10/dist-packages/go2_apportation_msgs/go2_apportation_msgs_s__rosidl_typesupport_introspection_c.cpython-310-aarch64-linux-gnu.so
[2.226s] -- Up-to-date: /workspace/repo/install_container/go2_apportation_msgs/local/lib/python3.10/dist-packages/go2_apportation_msgs/go2_apportation_msgs_s__rosidl_typesupport_c.cpython-310-aarch64-linux-gnu.so
[2.226s] -- Up-to-date: /workspace/repo/install_container/go2_apportation_msgs/lib/libgo2_apportation_msgs__rosidl_generator_py.so
[2.226s] -- Up-to-date: /workspace/repo/install_container/go2_apportation_msgs/share/go2_apportation_msgs/msg/Detection3D.idl
[2.226s] -- Up-to-date: /workspace/repo/install_container/go2_apportation_msgs/share/go2_apportation_msgs/msg/Detection3DArray.idl
[2.226s] -- Up-to-date: /workspace/repo/install_container/go2_apportation_msgs/share/go2_apportation_msgs/msg/ObjectState.idl
[2.227s] -- Up-to-date: /workspace/repo/install_container/go2_apportation_msgs/share/go2_apportation_msgs/msg/ThrowStatus.idl
[2.227s] -- Up-to-date: /workspace/repo/install_container/go2_apportation_msgs/share/go2_apportation_msgs/action/PickObject.idl
[2.227s] -- Up-to-date: /workspace/repo/install_container/go2_apportation_msgs/share/go2_apportation_msgs/srv/ReleaseObject.idl
[2.227s] -- Up-to-date: /workspace/repo/install_container/go2_apportation_msgs/share/go2_apportation_msgs/msg/Detection3D.msg
[2.227s] -- Up-to-date: /workspace/repo/install_container/go2_apportation_msgs/share/go2_apportation_msgs/msg/Detection3DArray.msg
[2.228s] -- Up-to-date: /workspace/repo/install_container/go2_apportation_msgs/share/go2_apportation_msgs/msg/ObjectState.msg
[2.228s] -- Up-to-date: /workspace/repo/install_container/go2_apportation_msgs/share/go2_apportation_msgs/msg/ThrowStatus.msg
[2.229s] -- Up-to-date: /workspace/repo/install_container/go2_apportation_msgs/share/go2_apportation_msgs/action/PickObject.action
[2.229s] -- Up-to-date: /workspace/repo/install_container/go2_apportation_msgs/share/go2_apportation_msgs/srv/ReleaseObject.srv
[2.229s] -- Up-to-date: /workspace/repo/install_container/go2_apportation_msgs/share/go2_apportation_msgs/srv/ReleaseObject_Request.msg
[2.229s] -- Up-to-date: /workspace/repo/install_container/go2_apportation_msgs/share/go2_apportation_msgs/srv/ReleaseObject_Response.msg
[2.229s] -- Up-to-date: /workspace/repo/install_container/go2_apportation_msgs/share/ament_index/resource_index/package_run_dependencies/go2_apportation_msgs
[2.229s] -- Up-to-date: /workspace/repo/install_container/go2_apportation_msgs/share/ament_index/resource_index/parent_prefix_path/go2_apportation_msgs
[2.229s] -- Up-to-date: /workspace/repo/install_container/go2_apportation_msgs/share/go2_apportation_msgs/environment/ament_prefix_path.sh
[2.229s] -- Up-to-date: /workspace/repo/install_container/go2_apportation_msgs/share/go2_apportation_msgs/environment/ament_prefix_path.dsv
[2.229s] -- Up-to-date: /workspace/repo/install_container/go2_apportation_msgs/share/go2_apportation_msgs/environment/path.sh
[2.230s] -- Up-to-date: /workspace/repo/install_container/go2_apportation_msgs/share/go2_apportation_msgs/environment/path.dsv
[2.235s] -- Up-to-date: /workspace/repo/install_container/go2_apportation_msgs/share/go2_apportation_msgs/local_setup.bash
[2.235s] -- Up-to-date: /workspace/repo/install_container/go2_apportation_msgs/share/go2_apportation_msgs/local_setup.sh
[2.235s] -- Up-to-date: /workspace/repo/install_container/go2_apportation_msgs/share/go2_apportation_msgs/local_setup.zsh
[2.235s] -- Up-to-date: /workspace/repo/install_container/go2_apportation_msgs/share/go2_apportation_msgs/local_setup.dsv
[2.235s] -- Installing: /workspace/repo/install_container/go2_apportation_msgs/share/go2_apportation_msgs/package.dsv
[2.236s] -- Up-to-date: /workspace/repo/install_container/go2_apportation_msgs/share/ament_index/resource_index/packages/go2_apportation_msgs
[2.236s] -- Up-to-date: /workspace/repo/install_container/go2_apportation_msgs/share/go2_apportation_msgs/cmake/export_go2_apportation_msgs__rosidl_generator_cExport.cmake
[2.236s] -- Up-to-date: /workspace/repo/install_container/go2_apportation_msgs/share/go2_apportation_msgs/cmake/export_go2_apportation_msgs__rosidl_generator_cExport-noconfig.cmake
[2.236s] -- Up-to-date: /workspace/repo/install_container/go2_apportation_msgs/share/go2_apportation_msgs/cmake/export_go2_apportation_msgs__rosidl_typesupport_fastrtps_cExport.cmake
[2.236s] -- Up-to-date: /workspace/repo/install_container/go2_apportation_msgs/share/go2_apportation_msgs/cmake/export_go2_apportation_msgs__rosidl_typesupport_fastrtps_cExport-noconfig.cmake
[2.236s] -- Up-to-date: /workspace/repo/install_container/go2_apportation_msgs/share/go2_apportation_msgs/cmake/go2_apportation_msgs__rosidl_typesupport_introspection_cExport.cmake
[2.236s] -- Up-to-date: /workspace/repo/install_container/go2_apportation_msgs/share/go2_apportation_msgs/cmake/go2_apportation_msgs__rosidl_typesupport_introspection_cExport-noconfig.cmake
[2.236s] -- Up-to-date: /workspace/repo/install_container/go2_apportation_msgs/share/go2_apportation_msgs/cmake/go2_apportation_msgs__rosidl_typesupport_cExport.cmake
[2.236s] -- Up-to-date: /workspace/repo/install_container/go2_apportation_msgs/share/go2_apportation_msgs/cmake/go2_apportation_msgs__rosidl_typesupport_cExport-noconfig.cmake
[2.237s] -- Up-to-date: /workspace/repo/install_container/go2_apportation_msgs/share/go2_apportation_msgs/cmake/export_go2_apportation_msgs__rosidl_generator_cppExport.cmake
[2.237s] -- Up-to-date: /workspace/repo/install_container/go2_apportation_msgs/share/go2_apportation_msgs/cmake/export_go2_apportation_msgs__rosidl_typesupport_fastrtps_cppExport.cmake
[2.237s] -- Up-to-date: /workspace/repo/install_container/go2_apportation_msgs/share/go2_apportation_msgs/cmake/export_go2_apportation_msgs__rosidl_typesupport_fastrtps_cppExport-noconfig.cmake
[2.237s] -- Up-to-date: /workspace/repo/install_container/go2_apportation_msgs/share/go2_apportation_msgs/cmake/go2_apportation_msgs__rosidl_typesupport_introspection_cppExport.cmake
[2.237s] -- Up-to-date: /workspace/repo/install_container/go2_apportation_msgs/share/go2_apportation_msgs/cmake/go2_apportation_msgs__rosidl_typesupport_introspection_cppExport-noconfig.cmake
[2.237s] -- Up-to-date: /workspace/repo/install_container/go2_apportation_msgs/share/go2_apportation_msgs/cmake/go2_apportation_msgs__rosidl_typesupport_cppExport.cmake
[2.237s] -- Up-to-date: /workspace/repo/install_container/go2_apportation_msgs/share/go2_apportation_msgs/cmake/go2_apportation_msgs__rosidl_typesupport_cppExport-noconfig.cmake
[2.237s] -- Up-to-date: /workspace/repo/install_container/go2_apportation_msgs/share/go2_apportation_msgs/cmake/export_go2_apportation_msgs__rosidl_generator_pyExport.cmake
[2.237s] -- Up-to-date: /workspace/repo/install_container/go2_apportation_msgs/share/go2_apportation_msgs/cmake/export_go2_apportation_msgs__rosidl_generator_pyExport-noconfig.cmake
[2.238s] -- Up-to-date: /workspace/repo/install_container/go2_apportation_msgs/share/go2_apportation_msgs/cmake/rosidl_cmake-extras.cmake
[2.238s] -- Up-to-date: /workspace/repo/install_container/go2_apportation_msgs/share/go2_apportation_msgs/cmake/ament_cmake_export_dependencies-extras.cmake
[2.238s] -- Up-to-date: /workspace/repo/install_container/go2_apportation_msgs/share/go2_apportation_msgs/cmake/ament_cmake_export_include_directories-extras.cmake
[2.238s] -- Up-to-date: /workspace/repo/install_container/go2_apportation_msgs/share/go2_apportation_msgs/cmake/ament_cmake_export_libraries-extras.cmake
[2.238s] -- Up-to-date: /workspace/repo/install_container/go2_apportation_msgs/share/go2_apportation_msgs/cmake/ament_cmake_export_targets-extras.cmake
[2.250s] -- Up-to-date: /workspace/repo/install_container/go2_apportation_msgs/share/go2_apportation_msgs/cmake/rosidl_cmake_export_typesupport_targets-extras.cmake
[2.250s] -- Up-to-date: /workspace/repo/install_container/go2_apportation_msgs/share/go2_apportation_msgs/cmake/rosidl_cmake_export_typesupport_libraries-extras.cmake
[2.250s] -- Up-to-date: /workspace/repo/install_container/go2_apportation_msgs/share/go2_apportation_msgs/cmake/go2_apportation_msgsConfig.cmake
[2.251s] -- Up-to-date: /workspace/repo/install_container/go2_apportation_msgs/share/go2_apportation_msgs/cmake/go2_apportation_msgsConfig-version.cmake
[2.251s] -- Up-to-date: /workspace/repo/install_container/go2_apportation_msgs/share/go2_apportation_msgs/package.xml
[2.252s] Invoked command in '/workspace/repo/build_container/go2_apportation_msgs' returned '0': /usr/bin/cmake --install /workspace/repo/build_container/go2_apportation_msgs
