[1.118s] Invoking command in '/workspace/repo/src/go2_tf_tools': PYTHONPATH=/workspace/repo/build_diag/go2_tf_tools/prefix_override:/usr/lib/python3/dist-packages/colcon_core/task/python/colcon_distutils_commands:/workspace/repo/install_diag/go2_tf_tools/lib/python3.10/site-packages:${PYTHONPATH} /usr/bin/python3 -W ignore:setup.py install is deprecated -W ignore:easy_install command is deprecated setup.py egg_info --egg-base ../../build_diag/go2_tf_tools build --build-base /workspace/repo/build_diag/go2_tf_tools/build install --record /workspace/repo/build_diag/go2_tf_tools/install.log --single-version-externally-managed install_data
[1.513s] running egg_info
[1.514s] creating ../../build_diag/go2_tf_tools/go2_tf_tools.egg-info
[1.515s] writing ../../build_diag/go2_tf_tools/go2_tf_tools.egg-info/PKG-INFO
[1.515s] writing dependency_links to ../../build_diag/go2_tf_tools/go2_tf_tools.egg-info/dependency_links.txt
[1.515s] writing entry points to ../../build_diag/go2_tf_tools/go2_tf_tools.egg-info/entry_points.txt
[1.516s] writing requirements to ../../build_diag/go2_tf_tools/go2_tf_tools.egg-info/requires.txt
[1.516s] writing top-level names to ../../build_diag/go2_tf_tools/go2_tf_tools.egg-info/top_level.txt
[1.516s] writing manifest file '../../build_diag/go2_tf_tools/go2_tf_tools.egg-info/SOURCES.txt'
[1.521s] reading manifest file '../../build_diag/go2_tf_tools/go2_tf_tools.egg-info/SOURCES.txt'
[1.522s] writing manifest file '../../build_diag/go2_tf_tools/go2_tf_tools.egg-info/SOURCES.txt'
[1.522s] running build
[1.522s] running build_py
[1.523s] creating /workspace/repo/build_diag/go2_tf_tools/build
[1.523s] creating /workspace/repo/build_diag/go2_tf_tools/build/lib
[1.524s] creating /workspace/repo/build_diag/go2_tf_tools/build/lib/go2_tf_tools
[1.524s] copying go2_tf_tools/odom_to_tf_broadcaster.py -> /workspace/repo/build_diag/go2_tf_tools/build/lib/go2_tf_tools
[1.524s] copying go2_tf_tools/__init__.py -> /workspace/repo/build_diag/go2_tf_tools/build/lib/go2_tf_tools
[1.524s] running install
[1.524s] running install_lib
[1.526s] creating /workspace/repo/install_diag/go2_tf_tools/lib/python3.10/site-packages/go2_tf_tools
[1.526s] copying /workspace/repo/build_diag/go2_tf_tools/build/lib/go2_tf_tools/odom_to_tf_broadcaster.py -> /workspace/repo/install_diag/go2_tf_tools/lib/python3.10/site-packages/go2_tf_tools
[1.527s] copying /workspace/repo/build_diag/go2_tf_tools/build/lib/go2_tf_tools/__init__.py -> /workspace/repo/install_diag/go2_tf_tools/lib/python3.10/site-packages/go2_tf_tools
[1.528s] byte-compiling /workspace/repo/install_diag/go2_tf_tools/lib/python3.10/site-packages/go2_tf_tools/odom_to_tf_broadcaster.py to odom_to_tf_broadcaster.cpython-310.pyc
[1.530s] byte-compiling /workspace/repo/install_diag/go2_tf_tools/lib/python3.10/site-packages/go2_tf_tools/__init__.py to __init__.cpython-310.pyc
[1.530s] running install_data
[1.530s] creating /workspace/repo/install_diag/go2_tf_tools/share/ament_index
[1.531s] creating /workspace/repo/install_diag/go2_tf_tools/share/ament_index/resource_index
[1.531s] creating /workspace/repo/install_diag/go2_tf_tools/share/ament_index/resource_index/packages
[1.531s] copying resource/go2_tf_tools -> /workspace/repo/install_diag/go2_tf_tools/share/ament_index/resource_index/packages
[1.531s] copying package.xml -> /workspace/repo/install_diag/go2_tf_tools/share/go2_tf_tools
[1.531s] running install_egg_info
[1.535s] Copying ../../build_diag/go2_tf_tools/go2_tf_tools.egg-info to /workspace/repo/install_diag/go2_tf_tools/lib/python3.10/site-packages/go2_tf_tools-0.0.0-py3.10.egg-info
[1.537s] running install_scripts
[1.584s] Installing odom_to_tf_broadcaster script to /workspace/repo/install_diag/go2_tf_tools/lib/go2_tf_tools
[1.584s] writing list of installed files to '/workspace/repo/build_diag/go2_tf_tools/install.log'
[1.655s] Invoked command in '/workspace/repo/src/go2_tf_tools' returned '0': PYTHONPATH=/workspace/repo/build_diag/go2_tf_tools/prefix_override:/usr/lib/python3/dist-packages/colcon_core/task/python/colcon_distutils_commands:/workspace/repo/install_diag/go2_tf_tools/lib/python3.10/site-packages:${PYTHONPATH} /usr/bin/python3 -W ignore:setup.py install is deprecated -W ignore:easy_install command is deprecated setup.py egg_info --egg-base ../../build_diag/go2_tf_tools build --build-base /workspace/repo/build_diag/go2_tf_tools/build install --record /workspace/repo/build_diag/go2_tf_tools/install.log --single-version-externally-managed install_data
