[0.000000] (-) TimerEvent: {}
[0.000576] (go2_apportation_msgs) JobQueued: {'identifier': 'go2_apportation_msgs', 'dependencies': OrderedDict()}
[0.001202] (go2_description) JobQueued: {'identifier': 'go2_description', 'dependencies': OrderedDict()}
[0.001476] (go2_tf_tools) JobQueued: {'identifier': 'go2_tf_tools', 'dependencies': OrderedDict()}
[0.001684] (go2_apportation_mocks) JobQueued: {'identifier': 'go2_apportation_mocks', 'dependencies': OrderedDict([('go2_apportation_msgs', '/workspace/repo/install_container/go2_apportation_msgs')])}
[0.001800] (go2_apportation_orchestrator) JobQueued: {'identifier': 'go2_apportation_orchestrator', 'dependencies': OrderedDict([('go2_apportation_msgs', '/workspace/repo/install_container/go2_apportation_msgs')])}
[0.001979] (go2_apportation_msgs) JobStarted: {'identifier': 'go2_apportation_msgs'}
[0.015716] (go2_description) JobStarted: {'identifier': 'go2_description'}
[0.021402] (go2_tf_tools) JobStarted: {'identifier': 'go2_tf_tools'}
[0.033059] (go2_apportation_msgs) JobProgress: {'identifier': 'go2_apportation_msgs', 'progress': 'cmake'}
[0.034358] (go2_apportation_msgs) JobProgress: {'identifier': 'go2_apportation_msgs', 'progress': 'build'}
[0.035621] (go2_apportation_msgs) Command: {'cmd': ['/usr/bin/cmake', '--build', '/workspace/repo/build_container/go2_apportation_msgs', '--', '-j6', '-l6'], 'cwd': '/workspace/repo/build_container/go2_apportation_msgs', 'env': OrderedDict([('HOSTNAME', 'ubuntu'), ('SHLVL', '0'), ('LD_LIBRARY_PATH', '/opt/ros/humble/lib/aarch64-linux-gnu:/opt/ros/humble/lib'), ('HOME', '/tmp'), ('ROS_PYTHON_VERSION', '3'), ('ROS_DISTRO', 'humble'), ('_', '/usr/bin/colcon'), ('ROS_VERSION', '2'), ('ROS_LOCALHOST_ONLY', '0'), ('PATH', '/opt/ros/humble/bin:/usr/local/sbin:/usr/local/bin:/usr/sbin:/usr/bin:/sbin:/bin'), ('LANG', 'C.UTF-8'), ('AMENT_PREFIX_PATH', '/opt/ros/humble'), ('PWD', '/workspace/repo/build_container/go2_apportation_msgs'), ('LC_ALL', 'C.UTF-8'), ('PYTHONPATH', '/opt/ros/humble/lib/python3.10/site-packages:/opt/ros/humble/local/lib/python3.10/dist-packages'), ('COLCON', '1')]), 'shell': False}
[0.038100] (go2_description) JobProgress: {'identifier': 'go2_description', 'progress': 'cmake'}
[0.038773] (go2_description) JobProgress: {'identifier': 'go2_description', 'progress': 'build'}
[0.039152] (go2_description) Command: {'cmd': ['/usr/bin/cmake', '--build', '/workspace/repo/build_container/go2_description', '--', '-j6', '-l6'], 'cwd': '/workspace/repo/build_container/go2_description', 'env': OrderedDict([('HOSTNAME', 'ubuntu'), ('SHLVL', '0'), ('LD_LIBRARY_PATH', '/opt/ros/humble/lib/aarch64-linux-gnu:/opt/ros/humble/lib'), ('HOME', '/tmp'), ('ROS_PYTHON_VERSION', '3'), ('ROS_DISTRO', 'humble'), ('_', '/usr/bin/colcon'), ('ROS_VERSION', '2'), ('ROS_LOCALHOST_ONLY', '0'), ('PATH', '/opt/ros/humble/bin:/usr/local/sbin:/usr/local/bin:/usr/sbin:/usr/bin:/sbin:/bin'), ('LANG', 'C.UTF-8'), ('AMENT_PREFIX_PATH', '/opt/ros/humble'), ('PWD', '/workspace/repo/build_container/go2_description'), ('LC_ALL', 'C.UTF-8'), ('PYTHONPATH', '/opt/ros/humble/lib/python3.10/site-packages:/opt/ros/humble/local/lib/python3.10/dist-packages'), ('COLCON', '1'), ('CMAKE_PREFIX_PATH', '/opt/ros/humble')]), 'shell': False}
[0.099279] (-) TimerEvent: {}
[0.200241] (-) TimerEvent: {}
[0.300812] (-) TimerEvent: {}
[0.401187] (-) TimerEvent: {}
[0.501842] (-) TimerEvent: {}
[0.516010] (go2_apportation_msgs) StdoutLine: {'line': b'[  1%] Built target go2_apportation_msgs__cpp\n'}
[0.516699] (go2_apportation_msgs) StdoutLine: {'line': b'[ 12%] Built target go2_apportation_msgs__rosidl_generator_c\n'}
[0.517209] (go2_apportation_msgs) StdoutLine: {'line': b'[ 12%] Built target ament_cmake_python_copy_go2_apportation_msgs\n'}
[0.517672] (go2_apportation_msgs) StdoutLine: {'line': b'[ 25%] Built target go2_apportation_msgs__rosidl_typesupport_introspection_cpp\n'}
[0.518444] (go2_apportation_msgs) StdoutLine: {'line': b'[ 36%] Built target go2_apportation_msgs__rosidl_typesupport_fastrtps_cpp\n'}
[0.518629] (go2_apportation_msgs) StdoutLine: {'line': b'[ 46%] Built target go2_apportation_msgs__rosidl_typesupport_cpp\n'}
[0.518803] (go2_apportation_msgs) StdoutLine: {'line': b'[ 67%] Built target go2_apportation_msgs__rosidl_typesupport_fastrtps_c\n'}
[0.518940] (go2_apportation_msgs) StdoutLine: {'line': b'[ 69%] Built target go2_apportation_msgs__rosidl_typesupport_introspection_c\n'}
[0.519070] (go2_apportation_msgs) StdoutLine: {'line': b'[ 80%] Built target go2_apportation_msgs__rosidl_typesupport_c\n'}
[0.519194] (go2_apportation_msgs) StdoutLine: {'line': b'[ 80%] Built target go2_apportation_msgs\n'}
[0.519321] (go2_apportation_msgs) StdoutLine: {'line': b'[ 81%] Built target go2_apportation_msgs__py\n'}
[0.519439] (go2_apportation_msgs) StdoutLine: {'line': b'[ 91%] Built target go2_apportation_msgs__rosidl_generator_py\n'}
[0.519555] (go2_apportation_msgs) StdoutLine: {'line': b'[ 94%] Built target go2_apportation_msgs__rosidl_typesupport_introspection_c__pyext\n'}
[0.519670] (go2_apportation_msgs) StdoutLine: {'line': b'[100%] Built target go2_apportation_msgs__rosidl_typesupport_c__pyext\n'}
[0.519783] (go2_apportation_msgs) StdoutLine: {'line': b'[100%] Built target go2_apportation_msgs__rosidl_typesupport_fastrtps_c__pyext\n'}
[0.519896] (go2_description) CommandEnded: {'returncode': 0}
[0.520371] (go2_description) JobProgress: {'identifier': 'go2_description', 'progress': 'install'}
[0.532859] (go2_description) Command: {'cmd': ['/usr/bin/cmake', '--install', '/workspace/repo/build_container/go2_description'], 'cwd': '/workspace/repo/build_container/go2_description', 'env': OrderedDict([('HOSTNAME', 'ubuntu'), ('SHLVL', '0'), ('LD_LIBRARY_PATH', '/opt/ros/humble/lib/aarch64-linux-gnu:/opt/ros/humble/lib'), ('HOME', '/tmp'), ('ROS_PYTHON_VERSION', '3'), ('ROS_DISTRO', 'humble'), ('_', '/usr/bin/colcon'), ('ROS_VERSION', '2'), ('ROS_LOCALHOST_ONLY', '0'), ('PATH', '/opt/ros/humble/bin:/usr/local/sbin:/usr/local/bin:/usr/sbin:/usr/bin:/sbin:/bin'), ('LANG', 'C.UTF-8'), ('AMENT_PREFIX_PATH', '/opt/ros/humble'), ('PWD', '/workspace/repo/build_container/go2_description'), ('LC_ALL', 'C.UTF-8'), ('PYTHONPATH', '/opt/ros/humble/lib/python3.10/site-packages:/opt/ros/humble/local/lib/python3.10/dist-packages'), ('COLCON', '1'), ('CMAKE_PREFIX_PATH', '/opt/ros/humble')]), 'shell': False}
[0.548659] (go2_description) StdoutLine: {'line': b'-- Install configuration: ""\n'}
[0.550233] (go2_description) StdoutLine: {'line': b'-- Up-to-date: /workspace/repo/install_container/go2_description/share/go2_description/urdf\n'}
[0.550456] (go2_description) StdoutLine: {'line': b'-- Up-to-date: /workspace/repo/install_container/go2_description/share/go2_description/urdf/go2.urdf\n'}
[0.550600] (go2_description) StdoutLine: {'line': b'-- Up-to-date: /workspace/repo/install_container/go2_description/share/go2_description/meshes\n'}
[0.550727] (go2_description) StdoutLine: {'line': b'-- Up-to-date: /workspace/repo/install_container/go2_description/share/go2_description/meshes/hip.dae\n'}
[0.550847] (go2_description) StdoutLine: {'line': b'-- Up-to-date: /workspace/repo/install_container/go2_description/share/go2_description/meshes/calf_mirror.dae\n'}
[0.550970] (go2_description) StdoutLine: {'line': b'-- Up-to-date: /workspace/repo/install_container/go2_description/share/go2_description/meshes/thigh.dae\n'}
[0.551090] (go2_description) StdoutLine: {'line': b'-- Up-to-date: /workspace/repo/install_container/go2_description/share/go2_description/meshes/trunk.dae\n'}
[0.551206] (go2_description) StdoutLine: {'line': b'-- Up-to-date: /workspace/repo/install_container/go2_description/share/go2_description/meshes/foot.dae\n'}
[0.551325] (go2_description) StdoutLine: {'line': b'-- Up-to-date: /workspace/repo/install_container/go2_description/share/go2_description/meshes/calf.dae\n'}
[0.552046] (go2_description) StdoutLine: {'line': b'-- Up-to-date: /workspace/repo/install_container/go2_description/share/go2_description/meshes/thigh_mirror.dae\n'}
[0.552253] (go2_description) StdoutLine: {'line': b'-- Up-to-date: /workspace/repo/install_container/go2_description/share/go2_description/dae\n'}
[0.552413] (go2_description) StdoutLine: {'line': b'-- Up-to-date: /workspace/repo/install_container/go2_description/share/go2_description/dae/hip.dae\n'}
[0.552574] (go2_description) StdoutLine: {'line': b'-- Up-to-date: /workspace/repo/install_container/go2_description/share/go2_description/dae/calf_mirror.dae\n'}
[0.552703] (go2_description) StdoutLine: {'line': b'-- Up-to-date: /workspace/repo/install_container/go2_description/share/go2_description/dae/base.dae\n'}
[0.552825] (go2_description) StdoutLine: {'line': b'-- Up-to-date: /workspace/repo/install_container/go2_description/share/go2_description/dae/thigh.dae\n'}
[0.552943] (go2_description) StdoutLine: {'line': b'-- Up-to-date: /workspace/repo/install_container/go2_description/share/go2_description/dae/foot.dae\n'}
[0.553070] (go2_description) StdoutLine: {'line': b'-- Up-to-date: /workspace/repo/install_container/go2_description/share/go2_description/dae/calf.dae\n'}
[0.553187] (go2_description) StdoutLine: {'line': b'-- Up-to-date: /workspace/repo/install_container/go2_description/share/go2_description/dae/thigh_mirror.dae\n'}
[0.553306] (go2_description) StdoutLine: {'line': b'-- Up-to-date: /workspace/repo/install_container/go2_description/share/go2_description/xacro\n'}
[0.553425] (go2_description) StdoutLine: {'line': b'-- Up-to-date: /workspace/repo/install_container/go2_description/share/go2_description/xacro/materials.xacro\n'}
[0.553543] (go2_description) StdoutLine: {'line': b'-- Up-to-date: /workspace/repo/install_container/go2_description/share/go2_description/xacro/robot.xacro\n'}
[0.553657] (go2_description) StdoutLine: {'line': b'-- Up-to-date: /workspace/repo/install_container/go2_description/share/go2_description/xacro/transmission.xacro\n'}
[0.553771] (go2_description) StdoutLine: {'line': b'-- Up-to-date: /workspace/repo/install_container/go2_description/share/go2_description/xacro/const.xacro\n'}
[0.553884] (go2_description) StdoutLine: {'line': b'-- Up-to-date: /workspace/repo/install_container/go2_description/share/go2_description/xacro/gazebo.xacro\n'}
[0.554000] (go2_description) StdoutLine: {'line': b'-- Up-to-date: /workspace/repo/install_container/go2_description/share/go2_description/xacro/leg.xacro\n'}
[0.554110] (go2_description) StdoutLine: {'line': b'-- Up-to-date: /workspace/repo/install_container/go2_description/share/go2_description/launch\n'}
[0.554222] (go2_description) StdoutLine: {'line': b'-- Up-to-date: /workspace/repo/install_container/go2_description/share/go2_description/launch/base_link_bridge.launch.py\n'}
[0.554337] (go2_description) StdoutLine: {'line': b'-- Up-to-date: /workspace/repo/install_container/go2_description/share/go2_description/launch/__pycache__\n'}
[0.554600] (go2_description) StdoutLine: {'line': b'-- Up-to-date: /workspace/repo/install_container/go2_description/share/go2_description/launch/__pycache__/robot_state_publisher.launch.cpython-38.pyc\n'}
[0.554846] (go2_description) StdoutLine: {'line': b'-- Up-to-date: /workspace/repo/install_container/go2_description/share/go2_description/launch/__pycache__/base_link_bridge.launch.cpython-38.pyc\n'}
[0.554974] (go2_description) StdoutLine: {'line': b'-- Up-to-date: /workspace/repo/install_container/go2_description/share/go2_description/launch/robot_state_publisher.launch.py\n'}
[0.555127] (go2_description) StdoutLine: {'line': b'-- Up-to-date: /workspace/repo/install_container/go2_description/share/ament_index/resource_index/package_run_dependencies/go2_description\n'}
[0.555256] (go2_description) StdoutLine: {'line': b'-- Up-to-date: /workspace/repo/install_container/go2_description/share/ament_index/resource_index/parent_prefix_path/go2_description\n'}
[0.555376] (go2_description) StdoutLine: {'line': b'-- Up-to-date: /workspace/repo/install_container/go2_description/share/go2_description/environment/ament_prefix_path.sh\n'}
[0.555492] (go2_description) StdoutLine: {'line': b'-- Up-to-date: /workspace/repo/install_container/go2_description/share/go2_description/environment/ament_prefix_path.dsv\n'}
[0.555605] (go2_description) StdoutLine: {'line': b'-- Up-to-date: /workspace/repo/install_container/go2_description/share/go2_description/environment/path.sh\n'}
[0.555745] (go2_description) StdoutLine: {'line': b'-- Up-to-date: /workspace/repo/install_container/go2_description/share/go2_description/environment/path.dsv\n'}
[0.555865] (go2_description) StdoutLine: {'line': b'-- Up-to-date: /workspace/repo/install_container/go2_description/share/go2_description/local_setup.bash\n'}
[0.556014] (go2_description) StdoutLine: {'line': b'-- Up-to-date: /workspace/repo/install_container/go2_description/share/go2_description/local_setup.sh\n'}
[0.556132] (go2_description) StdoutLine: {'line': b'-- Up-to-date: /workspace/repo/install_container/go2_description/share/go2_description/local_setup.zsh\n'}
[0.556252] (go2_description) StdoutLine: {'line': b'-- Up-to-date: /workspace/repo/install_container/go2_description/share/go2_description/local_setup.dsv\n'}
[0.556398] (go2_description) StdoutLine: {'line': b'-- Installing: /workspace/repo/install_container/go2_description/share/go2_description/package.dsv\n'}
[0.556528] (go2_description) StdoutLine: {'line': b'-- Up-to-date: /workspace/repo/install_container/go2_description/share/ament_index/resource_index/packages/go2_description\n'}
[0.556647] (go2_description) StdoutLine: {'line': b'-- Up-to-date: /workspace/repo/install_container/go2_description/share/go2_description/cmake/go2_descriptionConfig.cmake\n'}
[0.556759] (go2_description) StdoutLine: {'line': b'-- Up-to-date: /workspace/repo/install_container/go2_description/share/go2_description/cmake/go2_descriptionConfig-version.cmake\n'}
[0.556873] (go2_description) StdoutLine: {'line': b'-- Up-to-date: /workspace/repo/install_container/go2_description/share/go2_description/package.xml\n'}
[0.568529] (go2_description) CommandEnded: {'returncode': 0}
[0.598797] (go2_description) JobEnded: {'identifier': 'go2_description', 'rc': 0}
[0.601899] (-) TimerEvent: {}
[0.615136] (go2_apportation_msgs) StdoutLine: {'line': b'running egg_info\n'}
[0.618438] (go2_apportation_msgs) StdoutLine: {'line': b'writing go2_apportation_msgs.egg-info/PKG-INFO\n'}
[0.618757] (go2_apportation_msgs) StdoutLine: {'line': b'writing dependency_links to go2_apportation_msgs.egg-info/dependency_links.txt\n'}
[0.618905] (go2_apportation_msgs) StdoutLine: {'line': b'writing top-level names to go2_apportation_msgs.egg-info/top_level.txt\n'}
[0.625213] (go2_apportation_msgs) StdoutLine: {'line': b"reading manifest file 'go2_apportation_msgs.egg-info/SOURCES.txt'\n"}
[0.625534] (go2_apportation_msgs) StdoutLine: {'line': b"writing manifest file 'go2_apportation_msgs.egg-info/SOURCES.txt'\n"}
[0.701805] (go2_apportation_msgs) StdoutLine: {'line': b'[100%] Built target ament_cmake_python_build_go2_apportation_msgs_egg\n'}
[0.702264] (-) TimerEvent: {}
[0.724460] (go2_apportation_msgs) CommandEnded: {'returncode': 0}
[0.726323] (go2_apportation_msgs) JobProgress: {'identifier': 'go2_apportation_msgs', 'progress': 'install'}
[0.727662] (go2_apportation_msgs) Command: {'cmd': ['/usr/bin/cmake', '--install', '/workspace/repo/build_container/go2_apportation_msgs'], 'cwd': '/workspace/repo/build_container/go2_apportation_msgs', 'env': OrderedDict([('HOSTNAME', 'ubuntu'), ('SHLVL', '0'), ('LD_LIBRARY_PATH', '/opt/ros/humble/lib/aarch64-linux-gnu:/opt/ros/humble/lib'), ('HOME', '/tmp'), ('ROS_PYTHON_VERSION', '3'), ('ROS_DISTRO', 'humble'), ('_', '/usr/bin/colcon'), ('ROS_VERSION', '2'), ('ROS_LOCALHOST_ONLY', '0'), ('PATH', '/opt/ros/humble/bin:/usr/local/sbin:/usr/local/bin:/usr/sbin:/usr/bin:/sbin:/bin'), ('LANG', 'C.UTF-8'), ('AMENT_PREFIX_PATH', '/opt/ros/humble'), ('PWD', '/workspace/repo/build_container/go2_apportation_msgs'), ('LC_ALL', 'C.UTF-8'), ('PYTHONPATH', '/opt/ros/humble/lib/python3.10/site-packages:/opt/ros/humble/local/lib/python3.10/dist-packages'), ('COLCON', '1')]), 'shell': False}
[0.743202] (go2_apportation_msgs) StdoutLine: {'line': b'-- Install configuration: ""\n'}
[0.743751] (go2_apportation_msgs) StdoutLine: {'line': b'-- Up-to-date: /workspace/repo/install_container/go2_apportation_msgs/share/ament_index/resource_index/rosidl_interfaces/go2_apportation_msgs\n'}
[0.744282] (go2_apportation_msgs) StdoutLine: {'line': b'-- Up-to-date: /workspace/repo/install_container/go2_apportation_msgs/include/go2_apportation_msgs/go2_apportation_msgs\n'}
[0.744539] (go2_apportation_msgs) StdoutLine: {'line': b'-- Up-to-date: /workspace/repo/install_container/go2_apportation_msgs/include/go2_apportation_msgs/go2_apportation_msgs/msg\n'}
[0.744691] (go2_apportation_msgs) StdoutLine: {'line': b'-- Up-to-date: /workspace/repo/install_container/go2_apportation_msgs/include/go2_apportation_msgs/go2_apportation_msgs/msg/detection3_d_array.h\n'}
[0.744825] (go2_apportation_msgs) StdoutLine: {'line': b'-- Up-to-date: /workspace/repo/install_container/go2_apportation_msgs/include/go2_apportation_msgs/go2_apportation_msgs/msg/rosidl_generator_c__visibility_control.h\n'}
[0.744950] (go2_apportation_msgs) StdoutLine: {'line': b'-- Up-to-date: /workspace/repo/install_container/go2_apportation_msgs/include/go2_apportation_msgs/go2_apportation_msgs/msg/detail\n'}
[0.745069] (go2_apportation_msgs) StdoutLine: {'line': b'-- Up-to-date: /workspace/repo/install_container/go2_apportation_msgs/include/go2_apportation_msgs/go2_apportation_msgs/msg/detail/detection3_d_array__functions.h\n'}
[0.745187] (go2_apportation_msgs) StdoutLine: {'line': b'-- Up-to-date: /workspace/repo/install_container/go2_apportation_msgs/include/go2_apportation_msgs/go2_apportation_msgs/msg/detail/detection3_d_array__functions.c\n'}
[0.745303] (go2_apportation_msgs) StdoutLine: {'line': b'-- Up-to-date: /workspace/repo/install_container/go2_apportation_msgs/include/go2_apportation_msgs/go2_apportation_msgs/msg/detail/detection3_d_array__type_support.h\n'}
[0.745423] (go2_apportation_msgs) StdoutLine: {'line': b'-- Up-to-date: /workspace/repo/install_container/go2_apportation_msgs/include/go2_apportation_msgs/go2_apportation_msgs/msg/detail/object_state__type_support.h\n'}
[0.745540] (go2_apportation_msgs) StdoutLine: {'line': b'-- Up-to-date: /workspace/repo/install_container/go2_apportation_msgs/include/go2_apportation_msgs/go2_apportation_msgs/msg/detail/throw_status__struct.h\n'}
[0.745657] (go2_apportation_msgs) StdoutLine: {'line': b'-- Up-to-date: /workspace/repo/install_container/go2_apportation_msgs/include/go2_apportation_msgs/go2_apportation_msgs/msg/detail/object_state__struct.h\n'}
[0.745771] (go2_apportation_msgs) StdoutLine: {'line': b'-- Up-to-date: /workspace/repo/install_container/go2_apportation_msgs/include/go2_apportation_msgs/go2_apportation_msgs/msg/detail/throw_status__functions.h\n'}
[0.745920] (go2_apportation_msgs) StdoutLine: {'line': b'-- Up-to-date: /workspace/repo/install_container/go2_apportation_msgs/include/go2_apportation_msgs/go2_apportation_msgs/msg/detail/throw_status__functions.c\n'}
[0.746046] (go2_apportation_msgs) StdoutLine: {'line': b'-- Up-to-date: /workspace/repo/install_container/go2_apportation_msgs/include/go2_apportation_msgs/go2_apportation_msgs/msg/detail/object_state__functions.h\n'}
[0.746167] (go2_apportation_msgs) StdoutLine: {'line': b'-- Up-to-date: /workspace/repo/install_container/go2_apportation_msgs/include/go2_apportation_msgs/go2_apportation_msgs/msg/detail/throw_status__type_support.h\n'}
[0.746288] (go2_apportation_msgs) StdoutLine: {'line': b'-- Up-to-date: /workspace/repo/install_container/go2_apportation_msgs/include/go2_apportation_msgs/go2_apportation_msgs/msg/detail/detection3_d__struct.h\n'}
[0.746405] (go2_apportation_msgs) StdoutLine: {'line': b'-- Up-to-date: /workspace/repo/install_container/go2_apportation_msgs/include/go2_apportation_msgs/go2_apportation_msgs/msg/detail/detection3_d__functions.h\n'}
[0.747304] (go2_apportation_msgs) StdoutLine: {'line': b'-- Up-to-date: /workspace/repo/install_container/go2_apportation_msgs/include/go2_apportation_msgs/go2_apportation_msgs/msg/detail/object_state__functions.c\n'}
[0.747481] (go2_apportation_msgs) StdoutLine: {'line': b'-- Up-to-date: /workspace/repo/install_container/go2_apportation_msgs/include/go2_apportation_msgs/go2_apportation_msgs/msg/detail/detection3_d__type_support.h\n'}
[0.747640] (go2_apportation_msgs) StdoutLine: {'line': b'-- Up-to-date: /workspace/repo/install_container/go2_apportation_msgs/include/go2_apportation_msgs/go2_apportation_msgs/msg/detail/detection3_d_array__struct.h\n'}
[0.747768] (go2_apportation_msgs) StdoutLine: {'line': b'-- Up-to-date: /workspace/repo/install_container/go2_apportation_msgs/include/go2_apportation_msgs/go2_apportation_msgs/msg/detail/detection3_d__functions.c\n'}
[0.747889] (go2_apportation_msgs) StdoutLine: {'line': b'-- Up-to-date: /workspace/repo/install_container/go2_apportation_msgs/include/go2_apportation_msgs/go2_apportation_msgs/msg/throw_status.h\n'}
[0.748012] (go2_apportation_msgs) StdoutLine: {'line': b'-- Up-to-date: /workspace/repo/install_container/go2_apportation_msgs/include/go2_apportation_msgs/go2_apportation_msgs/msg/detection3_d.h\n'}
[0.748130] (go2_apportation_msgs) StdoutLine: {'line': b'-- Up-to-date: /workspace/repo/install_container/go2_apportation_msgs/include/go2_apportation_msgs/go2_apportation_msgs/msg/object_state.h\n'}
[0.748249] (go2_apportation_msgs) StdoutLine: {'line': b'-- Up-to-date: /workspace/repo/install_container/go2_apportation_msgs/include/go2_apportation_msgs/go2_apportation_msgs/srv\n'}
[0.748496] (go2_apportation_msgs) StdoutLine: {'line': b'-- Up-to-date: /workspace/repo/install_container/go2_apportation_msgs/include/go2_apportation_msgs/go2_apportation_msgs/srv/release_object.h\n'}
[0.748639] (go2_apportation_msgs) StdoutLine: {'line': b'-- Up-to-date: /workspace/repo/install_container/go2_apportation_msgs/include/go2_apportation_msgs/go2_apportation_msgs/srv/detail\n'}
[0.748766] (go2_apportation_msgs) StdoutLine: {'line': b'-- Up-to-date: /workspace/repo/install_container/go2_apportation_msgs/include/go2_apportation_msgs/go2_apportation_msgs/srv/detail/release_object__functions.c\n'}
[0.748889] (go2_apportation_msgs) StdoutLine: {'line': b'-- Up-to-date: /workspace/repo/install_container/go2_apportation_msgs/include/go2_apportation_msgs/go2_apportation_msgs/srv/detail/release_object__functions.h\n'}
[0.749005] (go2_apportation_msgs) StdoutLine: {'line': b'-- Up-to-date: /workspace/repo/install_container/go2_apportation_msgs/include/go2_apportation_msgs/go2_apportation_msgs/srv/detail/release_object__struct.h\n'}
[0.749121] (go2_apportation_msgs) StdoutLine: {'line': b'-- Up-to-date: /workspace/repo/install_container/go2_apportation_msgs/include/go2_apportation_msgs/go2_apportation_msgs/srv/detail/release_object__type_support.h\n'}
[0.749234] (go2_apportation_msgs) StdoutLine: {'line': b'-- Up-to-date: /workspace/repo/install_container/go2_apportation_msgs/include/go2_apportation_msgs/go2_apportation_msgs/action\n'}
[0.749349] (go2_apportation_msgs) StdoutLine: {'line': b'-- Up-to-date: /workspace/repo/install_container/go2_apportation_msgs/include/go2_apportation_msgs/go2_apportation_msgs/action/pick_object.h\n'}
[0.749464] (go2_apportation_msgs) StdoutLine: {'line': b'-- Up-to-date: /workspace/repo/install_container/go2_apportation_msgs/include/go2_apportation_msgs/go2_apportation_msgs/action/detail\n'}
[0.749578] (go2_apportation_msgs) StdoutLine: {'line': b'-- Up-to-date: /workspace/repo/install_container/go2_apportation_msgs/include/go2_apportation_msgs/go2_apportation_msgs/action/detail/pick_object__type_support.h\n'}
[0.749693] (go2_apportation_msgs) StdoutLine: {'line': b'-- Up-to-date: /workspace/repo/install_container/go2_apportation_msgs/include/go2_apportation_msgs/go2_apportation_msgs/action/detail/pick_object__functions.h\n'}
[0.749813] (go2_apportation_msgs) StdoutLine: {'line': b'-- Up-to-date: /workspace/repo/install_container/go2_apportation_msgs/include/go2_apportation_msgs/go2_apportation_msgs/action/detail/pick_object__struct.h\n'}
[0.749924] (go2_apportation_msgs) StdoutLine: {'line': b'-- Up-to-date: /workspace/repo/install_container/go2_apportation_msgs/include/go2_apportation_msgs/go2_apportation_msgs/action/detail/pick_object__functions.c\n'}
[0.750060] (go2_apportation_msgs) StdoutLine: {'line': b'-- Up-to-date: /workspace/repo/install_container/go2_apportation_msgs/share/go2_apportation_msgs/environment/library_path.sh\n'}
[0.750197] (go2_apportation_msgs) StdoutLine: {'line': b'-- Up-to-date: /workspace/repo/install_container/go2_apportation_msgs/share/go2_apportation_msgs/environment/library_path.dsv\n'}
[0.750318] (go2_apportation_msgs) StdoutLine: {'line': b'-- Up-to-date: /workspace/repo/install_container/go2_apportation_msgs/lib/libgo2_apportation_msgs__rosidl_generator_c.so\n'}
[0.750433] (go2_apportation_msgs) StdoutLine: {'line': b'-- Up-to-date: /workspace/repo/install_container/go2_apportation_msgs/include/go2_apportation_msgs/go2_apportation_msgs\n'}
[0.750544] (go2_apportation_msgs) StdoutLine: {'line': b'-- Up-to-date: /workspace/repo/install_container/go2_apportation_msgs/include/go2_apportation_msgs/go2_apportation_msgs/msg\n'}
[0.750661] (go2_apportation_msgs) StdoutLine: {'line': b'-- Up-to-date: /workspace/repo/install_container/go2_apportation_msgs/include/go2_apportation_msgs/go2_apportation_msgs/msg/rosidl_typesupport_fastrtps_c__visibility_control.h\n'}
[0.750777] (go2_apportation_msgs) StdoutLine: {'line': b'-- Up-to-date: /workspace/repo/install_container/go2_apportation_msgs/include/go2_apportation_msgs/go2_apportation_msgs/msg/detail\n'}
[0.750931] (go2_apportation_msgs) StdoutLine: {'line': b'-- Up-to-date: /workspace/repo/install_container/go2_apportation_msgs/include/go2_apportation_msgs/go2_apportation_msgs/msg/detail/object_state__rosidl_typesupport_fastrtps_c.h\n'}
[0.751055] (go2_apportation_msgs) StdoutLine: {'line': b'-- Up-to-date: /workspace/repo/install_container/go2_apportation_msgs/include/go2_apportation_msgs/go2_apportation_msgs/msg/detail/detection3_d__rosidl_typesupport_fastrtps_c.h\n'}
[0.751178] (go2_apportation_msgs) StdoutLine: {'line': b'-- Up-to-date: /workspace/repo/install_container/go2_apportation_msgs/include/go2_apportation_msgs/go2_apportation_msgs/msg/detail/throw_status__rosidl_typesupport_fastrtps_c.h\n'}
[0.751296] (go2_apportation_msgs) StdoutLine: {'line': b'-- Up-to-date: /workspace/repo/install_container/go2_apportation_msgs/include/go2_apportation_msgs/go2_apportation_msgs/msg/detail/detection3_d_array__rosidl_typesupport_fastrtps_c.h\n'}
[0.751414] (go2_apportation_msgs) StdoutLine: {'line': b'-- Up-to-date: /workspace/repo/install_container/go2_apportation_msgs/include/go2_apportation_msgs/go2_apportation_msgs/srv\n'}
[0.751530] (go2_apportation_msgs) StdoutLine: {'line': b'-- Up-to-date: /workspace/repo/install_container/go2_apportation_msgs/include/go2_apportation_msgs/go2_apportation_msgs/srv/detail\n'}
[0.751649] (go2_apportation_msgs) StdoutLine: {'line': b'-- Up-to-date: /workspace/repo/install_container/go2_apportation_msgs/include/go2_apportation_msgs/go2_apportation_msgs/srv/detail/release_object__rosidl_typesupport_fastrtps_c.h\n'}
[0.751771] (go2_apportation_msgs) StdoutLine: {'line': b'-- Up-to-date: /workspace/repo/install_container/go2_apportation_msgs/include/go2_apportation_msgs/go2_apportation_msgs/action\n'}
[0.751888] (go2_apportation_msgs) StdoutLine: {'line': b'-- Up-to-date: /workspace/repo/install_container/go2_apportation_msgs/include/go2_apportation_msgs/go2_apportation_msgs/action/detail\n'}
[0.752985] (go2_apportation_msgs) StdoutLine: {'line': b'-- Up-to-date: /workspace/repo/install_container/go2_apportation_msgs/include/go2_apportation_msgs/go2_apportation_msgs/action/detail/pick_object__rosidl_typesupport_fastrtps_c.h\n'}
[0.753182] (go2_apportation_msgs) StdoutLine: {'line': b'-- Up-to-date: /workspace/repo/install_container/go2_apportation_msgs/lib/libgo2_apportation_msgs__rosidl_typesupport_fastrtps_c.so\n'}
[0.753316] (go2_apportation_msgs) StdoutLine: {'line': b'-- Up-to-date: /workspace/repo/install_container/go2_apportation_msgs/include/go2_apportation_msgs/go2_apportation_msgs\n'}
[0.753444] (go2_apportation_msgs) StdoutLine: {'line': b'-- Up-to-date: /workspace/repo/install_container/go2_apportation_msgs/include/go2_apportation_msgs/go2_apportation_msgs/msg\n'}
[0.753568] (go2_apportation_msgs) StdoutLine: {'line': b'-- Up-to-date: /workspace/repo/install_container/go2_apportation_msgs/include/go2_apportation_msgs/go2_apportation_msgs/msg/detail\n'}
[0.753719] (go2_apportation_msgs) StdoutLine: {'line': b'-- Up-to-date: /workspace/repo/install_container/go2_apportation_msgs/include/go2_apportation_msgs/go2_apportation_msgs/msg/detail/object_state__rosidl_typesupport_introspection_c.h\n'}
[0.753845] (go2_apportation_msgs) StdoutLine: {'line': b'-- Up-to-date: /workspace/repo/install_container/go2_apportation_msgs/include/go2_apportation_msgs/go2_apportation_msgs/msg/detail/detection3_d_array__rosidl_typesupport_introspection_c.h\n'}
[0.753969] (go2_apportation_msgs) StdoutLine: {'line': b'-- Up-to-date: /workspace/repo/install_container/go2_apportation_msgs/include/go2_apportation_msgs/go2_apportation_msgs/msg/detail/throw_status__type_support.c\n'}
[0.754087] (go2_apportation_msgs) StdoutLine: {'line': b'-- Up-to-date: /workspace/repo/install_container/go2_apportation_msgs/include/go2_apportation_msgs/go2_apportation_msgs/msg/detail/throw_status__rosidl_typesupport_introspection_c.h\n'}
[0.754227] (go2_apportation_msgs) StdoutLine: {'line': b'-- Up-to-date: /workspace/repo/install_container/go2_apportation_msgs/include/go2_apportation_msgs/go2_apportation_msgs/msg/detail/detection3_d__type_support.c\n'}
[0.754350] (go2_apportation_msgs) StdoutLine: {'line': b'-- Up-to-date: /workspace/repo/install_container/go2_apportation_msgs/include/go2_apportation_msgs/go2_apportation_msgs/msg/detail/detection3_d__rosidl_typesupport_introspection_c.h\n'}
[0.754472] (go2_apportation_msgs) StdoutLine: {'line': b'-- Up-to-date: /workspace/repo/install_container/go2_apportation_msgs/include/go2_apportation_msgs/go2_apportation_msgs/msg/detail/detection3_d_array__type_support.c\n'}
[0.754595] (go2_apportation_msgs) StdoutLine: {'line': b'-- Up-to-date: /workspace/repo/install_container/go2_apportation_msgs/include/go2_apportation_msgs/go2_apportation_msgs/msg/detail/object_state__type_support.c\n'}
[0.754715] (go2_apportation_msgs) StdoutLine: {'line': b'-- Up-to-date: /workspace/repo/install_container/go2_apportation_msgs/include/go2_apportation_msgs/go2_apportation_msgs/msg/rosidl_typesupport_introspection_c__visibility_control.h\n'}
[0.754829] (go2_apportation_msgs) StdoutLine: {'line': b'-- Up-to-date: /workspace/repo/install_container/go2_apportation_msgs/include/go2_apportation_msgs/go2_apportation_msgs/srv\n'}
[0.754947] (go2_apportation_msgs) StdoutLine: {'line': b'-- Up-to-date: /workspace/repo/install_container/go2_apportation_msgs/include/go2_apportation_msgs/go2_apportation_msgs/srv/detail\n'}
[0.755063] (go2_apportation_msgs) StdoutLine: {'line': b'-- Up-to-date: /workspace/repo/install_container/go2_apportation_msgs/include/go2_apportation_msgs/go2_apportation_msgs/srv/detail/release_object__rosidl_typesupport_introspection_c.h\n'}
[0.755218] (go2_apportation_msgs) StdoutLine: {'line': b'-- Up-to-date: /workspace/repo/install_container/go2_apportation_msgs/include/go2_apportation_msgs/go2_apportation_msgs/srv/detail/release_object__type_support.c\n'}
[0.755341] (go2_apportation_msgs) StdoutLine: {'line': b'-- Up-to-date: /workspace/repo/install_container/go2_apportation_msgs/include/go2_apportation_msgs/go2_apportation_msgs/action\n'}
[0.755461] (go2_apportation_msgs) StdoutLine: {'line': b'-- Up-to-date: /workspace/repo/install_container/go2_apportation_msgs/include/go2_apportation_msgs/go2_apportation_msgs/action/detail\n'}
[0.755576] (go2_apportation_msgs) StdoutLine: {'line': b'-- Up-to-date: /workspace/repo/install_container/go2_apportation_msgs/include/go2_apportation_msgs/go2_apportation_msgs/action/detail/pick_object__rosidl_typesupport_introspection_c.h\n'}
[0.755691] (go2_apportation_msgs) StdoutLine: {'line': b'-- Up-to-date: /workspace/repo/install_container/go2_apportation_msgs/include/go2_apportation_msgs/go2_apportation_msgs/action/detail/pick_object__type_support.c\n'}
[0.755807] (go2_apportation_msgs) StdoutLine: {'line': b'-- Up-to-date: /workspace/repo/install_container/go2_apportation_msgs/lib/libgo2_apportation_msgs__rosidl_typesupport_introspection_c.so\n'}
[0.755949] (go2_apportation_msgs) StdoutLine: {'line': b'-- Up-to-date: /workspace/repo/install_container/go2_apportation_msgs/lib/libgo2_apportation_msgs__rosidl_typesupport_c.so\n'}
[0.756067] (go2_apportation_msgs) StdoutLine: {'line': b'-- Up-to-date: /workspace/repo/install_container/go2_apportation_msgs/include/go2_apportation_msgs/go2_apportation_msgs\n'}
[0.756193] (go2_apportation_msgs) StdoutLine: {'line': b'-- Up-to-date: /workspace/repo/install_container/go2_apportation_msgs/include/go2_apportation_msgs/go2_apportation_msgs/msg\n'}
[0.756310] (go2_apportation_msgs) StdoutLine: {'line': b'-- Up-to-date: /workspace/repo/install_container/go2_apportation_msgs/include/go2_apportation_msgs/go2_apportation_msgs/msg/detection3_d.hpp\n'}
[0.756466] (go2_apportation_msgs) StdoutLine: {'line': b'-- Up-to-date: /workspace/repo/install_container/go2_apportation_msgs/include/go2_apportation_msgs/go2_apportation_msgs/msg/detection3_d_array.hpp\n'}
[0.756590] (go2_apportation_msgs) StdoutLine: {'line': b'-- Up-to-date: /workspace/repo/install_container/go2_apportation_msgs/include/go2_apportation_msgs/go2_apportation_msgs/msg/detail\n'}
[0.756707] (go2_apportation_msgs) StdoutLine: {'line': b'-- Up-to-date: /workspace/repo/install_container/go2_apportation_msgs/include/go2_apportation_msgs/go2_apportation_msgs/msg/detail/detection3_d_array__type_support.hpp\n'}
[0.756824] (go2_apportation_msgs) StdoutLine: {'line': b'-- Up-to-date: /workspace/repo/install_container/go2_apportation_msgs/include/go2_apportation_msgs/go2_apportation_msgs/msg/detail/detection3_d__type_support.hpp\n'}
[0.757509] (go2_apportation_msgs) StdoutLine: {'line': b'-- Up-to-date: /workspace/repo/install_container/go2_apportation_msgs/include/go2_apportation_msgs/go2_apportation_msgs/msg/detail/throw_status__type_support.hpp\n'}
[0.757652] (go2_apportation_msgs) StdoutLine: {'line': b'-- Up-to-date: /workspace/repo/install_container/go2_apportation_msgs/include/go2_apportation_msgs/go2_apportation_msgs/msg/detail/detection3_d_array__builder.hpp\n'}
[0.757779] (go2_apportation_msgs) StdoutLine: {'line': b'-- Up-to-date: /workspace/repo/install_container/go2_apportation_msgs/include/go2_apportation_msgs/go2_apportation_msgs/msg/detail/throw_status__struct.hpp\n'}
[0.758070] (go2_apportation_msgs) StdoutLine: {'line': b'-- Up-to-date: /workspace/repo/install_container/go2_apportation_msgs/include/go2_apportation_msgs/go2_apportation_msgs/msg/detail/detection3_d__builder.hpp\n'}
[0.758624] (go2_apportation_msgs) StdoutLine: {'line': b'-- Up-to-date: /workspace/repo/install_container/go2_apportation_msgs/include/go2_apportation_msgs/go2_apportation_msgs/msg/detail/object_state__type_support.hpp\n'}
[0.758773] (go2_apportation_msgs) StdoutLine: {'line': b'-- Up-to-date: /workspace/repo/install_container/go2_apportation_msgs/include/go2_apportation_msgs/go2_apportation_msgs/msg/detail/detection3_d__struct.hpp\n'}
[0.758905] (go2_apportation_msgs) StdoutLine: {'line': b'-- Up-to-date: /workspace/repo/install_container/go2_apportation_msgs/include/go2_apportation_msgs/go2_apportation_msgs/msg/detail/detection3_d_array__traits.hpp\n'}
[0.761814] (go2_apportation_msgs) StdoutLine: {'line': b'-- Up-to-date: /workspace/repo/install_container/go2_apportation_msgs/include/go2_apportation_msgs/go2_apportation_msgs/msg/detail/throw_status__traits.hpp\n'}
[0.762001] (go2_apportation_msgs) StdoutLine: {'line': b'-- Up-to-date: /workspace/repo/install_container/go2_apportation_msgs/include/go2_apportation_msgs/go2_apportation_msgs/msg/detail/object_state__builder.hpp\n'}
[0.762142] (go2_apportation_msgs) StdoutLine: {'line': b'-- Up-to-date: /workspace/repo/install_container/go2_apportation_msgs/include/go2_apportation_msgs/go2_apportation_msgs/msg/detail/detection3_d_array__struct.hpp\n'}
[0.762270] (go2_apportation_msgs) StdoutLine: {'line': b'-- Up-to-date: /workspace/repo/install_container/go2_apportation_msgs/include/go2_apportation_msgs/go2_apportation_msgs/msg/detail/object_state__struct.hpp\n'}
[0.762392] (go2_apportation_msgs) StdoutLine: {'line': b'-- Up-to-date: /workspace/repo/install_container/go2_apportation_msgs/include/go2_apportation_msgs/go2_apportation_msgs/msg/detail/detection3_d__traits.hpp\n'}
[0.762545] (go2_apportation_msgs) StdoutLine: {'line': b'-- Up-to-date: /workspace/repo/install_container/go2_apportation_msgs/include/go2_apportation_msgs/go2_apportation_msgs/msg/detail/throw_status__builder.hpp\n'}
[0.762668] (go2_apportation_msgs) StdoutLine: {'line': b'-- Up-to-date: /workspace/repo/install_container/go2_apportation_msgs/include/go2_apportation_msgs/go2_apportation_msgs/msg/detail/object_state__traits.hpp\n'}
[0.762824] (go2_apportation_msgs) StdoutLine: {'line': b'-- Up-to-date: /workspace/repo/install_container/go2_apportation_msgs/include/go2_apportation_msgs/go2_apportation_msgs/msg/object_state.hpp\n'}
[0.762955] (go2_apportation_msgs) StdoutLine: {'line': b'-- Up-to-date: /workspace/repo/install_container/go2_apportation_msgs/include/go2_apportation_msgs/go2_apportation_msgs/msg/throw_status.hpp\n'}
[0.763078] (go2_apportation_msgs) StdoutLine: {'line': b'-- Up-to-date: /workspace/repo/install_container/go2_apportation_msgs/include/go2_apportation_msgs/go2_apportation_msgs/msg/rosidl_generator_cpp__visibility_control.hpp\n'}
[0.763196] (go2_apportation_msgs) StdoutLine: {'line': b'-- Up-to-date: /workspace/repo/install_container/go2_apportation_msgs/include/go2_apportation_msgs/go2_apportation_msgs/srv\n'}
[0.763311] (go2_apportation_msgs) StdoutLine: {'line': b'-- Up-to-date: /workspace/repo/install_container/go2_apportation_msgs/include/go2_apportation_msgs/go2_apportation_msgs/srv/release_object.hpp\n'}
[0.763427] (go2_apportation_msgs) StdoutLine: {'line': b'-- Up-to-date: /workspace/repo/install_container/go2_apportation_msgs/include/go2_apportation_msgs/go2_apportation_msgs/srv/detail\n'}
[0.763544] (go2_apportation_msgs) StdoutLine: {'line': b'-- Up-to-date: /workspace/repo/install_container/go2_apportation_msgs/include/go2_apportation_msgs/go2_apportation_msgs/srv/detail/release_object__builder.hpp\n'}
[0.763662] (go2_apportation_msgs) StdoutLine: {'line': b'-- Up-to-date: /workspace/repo/install_container/go2_apportation_msgs/include/go2_apportation_msgs/go2_apportation_msgs/srv/detail/release_object__type_support.hpp\n'}
[0.763777] (go2_apportation_msgs) StdoutLine: {'line': b'-- Up-to-date: /workspace/repo/install_container/go2_apportation_msgs/include/go2_apportation_msgs/go2_apportation_msgs/srv/detail/release_object__traits.hpp\n'}
[0.763894] (go2_apportation_msgs) StdoutLine: {'line': b'-- Up-to-date: /workspace/repo/install_container/go2_apportation_msgs/include/go2_apportation_msgs/go2_apportation_msgs/srv/detail/release_object__struct.hpp\n'}
[0.764012] (go2_apportation_msgs) StdoutLine: {'line': b'-- Up-to-date: /workspace/repo/install_container/go2_apportation_msgs/include/go2_apportation_msgs/go2_apportation_msgs/action\n'}
[0.764128] (go2_apportation_msgs) StdoutLine: {'line': b'-- Up-to-date: /workspace/repo/install_container/go2_apportation_msgs/include/go2_apportation_msgs/go2_apportation_msgs/action/detail\n'}
[0.764239] (go2_apportation_msgs) StdoutLine: {'line': b'-- Up-to-date: /workspace/repo/install_container/go2_apportation_msgs/include/go2_apportation_msgs/go2_apportation_msgs/action/detail/pick_object__traits.hpp\n'}
[0.764402] (go2_apportation_msgs) StdoutLine: {'line': b'-- Up-to-date: /workspace/repo/install_container/go2_apportation_msgs/include/go2_apportation_msgs/go2_apportation_msgs/action/detail/pick_object__builder.hpp\n'}
[0.764546] (go2_apportation_msgs) StdoutLine: {'line': b'-- Up-to-date: /workspace/repo/install_container/go2_apportation_msgs/include/go2_apportation_msgs/go2_apportation_msgs/action/detail/pick_object__struct.hpp\n'}
[0.764689] (go2_apportation_msgs) StdoutLine: {'line': b'-- Up-to-date: /workspace/repo/install_container/go2_apportation_msgs/include/go2_apportation_msgs/go2_apportation_msgs/action/detail/pick_object__type_support.hpp\n'}
[0.764818] (go2_apportation_msgs) StdoutLine: {'line': b'-- Up-to-date: /workspace/repo/install_container/go2_apportation_msgs/include/go2_apportation_msgs/go2_apportation_msgs/action/pick_object.hpp\n'}
[0.764959] (go2_apportation_msgs) StdoutLine: {'line': b'-- Up-to-date: /workspace/repo/install_container/go2_apportation_msgs/include/go2_apportation_msgs/go2_apportation_msgs\n'}
[0.765080] (go2_apportation_msgs) StdoutLine: {'line': b'-- Up-to-date: /workspace/repo/install_container/go2_apportation_msgs/include/go2_apportation_msgs/go2_apportation_msgs/msg\n'}
[0.765202] (go2_apportation_msgs) StdoutLine: {'line': b'-- Up-to-date: /workspace/repo/install_container/go2_apportation_msgs/include/go2_apportation_msgs/go2_apportation_msgs/msg/rosidl_typesupport_fastrtps_cpp__visibility_control.h\n'}
[0.765323] (go2_apportation_msgs) StdoutLine: {'line': b'-- Up-to-date: /workspace/repo/install_container/go2_apportation_msgs/include/go2_apportation_msgs/go2_apportation_msgs/msg/detail\n'}
[0.765440] (go2_apportation_msgs) StdoutLine: {'line': b'-- Up-to-date: /workspace/repo/install_container/go2_apportation_msgs/include/go2_apportation_msgs/go2_apportation_msgs/msg/detail/detection3_d__rosidl_typesupport_fastrtps_cpp.hpp\n'}
[0.765556] (go2_apportation_msgs) StdoutLine: {'line': b'-- Up-to-date: /workspace/repo/install_container/go2_apportation_msgs/include/go2_apportation_msgs/go2_apportation_msgs/msg/detail/object_state__rosidl_typesupport_fastrtps_cpp.hpp\n'}
[0.765674] (go2_apportation_msgs) StdoutLine: {'line': b'-- Up-to-date: /workspace/repo/install_container/go2_apportation_msgs/include/go2_apportation_msgs/go2_apportation_msgs/msg/detail/dds_fastrtps\n'}
[0.765788] (go2_apportation_msgs) StdoutLine: {'line': b'-- Up-to-date: /workspace/repo/install_container/go2_apportation_msgs/include/go2_apportation_msgs/go2_apportation_msgs/msg/detail/throw_status__rosidl_typesupport_fastrtps_cpp.hpp\n'}
[0.765910] (go2_apportation_msgs) StdoutLine: {'line': b'-- Up-to-date: /workspace/repo/install_container/go2_apportation_msgs/include/go2_apportation_msgs/go2_apportation_msgs/msg/detail/detection3_d_array__rosidl_typesupport_fastrtps_cpp.hpp\n'}
[0.766065] (go2_apportation_msgs) StdoutLine: {'line': b'-- Up-to-date: /workspace/repo/install_container/go2_apportation_msgs/include/go2_apportation_msgs/go2_apportation_msgs/srv\n'}
[0.766190] (go2_apportation_msgs) StdoutLine: {'line': b'-- Up-to-date: /workspace/repo/install_container/go2_apportation_msgs/include/go2_apportation_msgs/go2_apportation_msgs/srv/detail\n'}
[0.766312] (go2_apportation_msgs) StdoutLine: {'line': b'-- Up-to-date: /workspace/repo/install_container/go2_apportation_msgs/include/go2_apportation_msgs/go2_apportation_msgs/srv/detail/release_object__rosidl_typesupport_fastrtps_cpp.hpp\n'}
[0.766438] (go2_apportation_msgs) StdoutLine: {'line': b'-- Up-to-date: /workspace/repo/install_container/go2_apportation_msgs/include/go2_apportation_msgs/go2_apportation_msgs/srv/detail/dds_fastrtps\n'}
[0.766563] (go2_apportation_msgs) StdoutLine: {'line': b'-- Up-to-date: /workspace/repo/install_container/go2_apportation_msgs/include/go2_apportation_msgs/go2_apportation_msgs/action\n'}
[0.766687] (go2_apportation_msgs) StdoutLine: {'line': b'-- Up-to-date: /workspace/repo/install_container/go2_apportation_msgs/include/go2_apportation_msgs/go2_apportation_msgs/action/detail\n'}
[0.766807] (go2_apportation_msgs) StdoutLine: {'line': b'-- Up-to-date: /workspace/repo/install_container/go2_apportation_msgs/include/go2_apportation_msgs/go2_apportation_msgs/action/detail/dds_fastrtps\n'}
[0.766925] (go2_apportation_msgs) StdoutLine: {'line': b'-- Up-to-date: /workspace/repo/install_container/go2_apportation_msgs/include/go2_apportation_msgs/go2_apportation_msgs/action/detail/pick_object__rosidl_typesupport_fastrtps_cpp.hpp\n'}
[0.767040] (go2_apportation_msgs) StdoutLine: {'line': b'-- Up-to-date: /workspace/repo/install_container/go2_apportation_msgs/lib/libgo2_apportation_msgs__rosidl_typesupport_fastrtps_cpp.so\n'}
[0.767155] (go2_apportation_msgs) StdoutLine: {'line': b'-- Up-to-date: /workspace/repo/install_container/go2_apportation_msgs/include/go2_apportation_msgs/go2_apportation_msgs\n'}
[0.767270] (go2_apportation_msgs) StdoutLine: {'line': b'-- Up-to-date: /workspace/repo/install_container/go2_apportation_msgs/include/go2_apportation_msgs/go2_apportation_msgs/msg\n'}
[0.767420] (go2_apportation_msgs) StdoutLine: {'line': b'-- Up-to-date: /workspace/repo/install_container/go2_apportation_msgs/include/go2_apportation_msgs/go2_apportation_msgs/msg/detail\n'}
[0.767542] (go2_apportation_msgs) StdoutLine: {'line': b'-- Up-to-date: /workspace/repo/install_container/go2_apportation_msgs/include/go2_apportation_msgs/go2_apportation_msgs/msg/detail/throw_status__type_support.cpp\n'}
[0.767664] (go2_apportation_msgs) StdoutLine: {'line': b'-- Up-to-date: /workspace/repo/install_container/go2_apportation_msgs/include/go2_apportation_msgs/go2_apportation_msgs/msg/detail/detection3_d__rosidl_typesupport_introspection_cpp.hpp\n'}
[0.767783] (go2_apportation_msgs) StdoutLine: {'line': b'-- Up-to-date: /workspace/repo/install_container/go2_apportation_msgs/include/go2_apportation_msgs/go2_apportation_msgs/msg/detail/object_state__type_support.cpp\n'}
[0.767921] (go2_apportation_msgs) StdoutLine: {'line': b'-- Up-to-date: /workspace/repo/install_container/go2_apportation_msgs/include/go2_apportation_msgs/go2_apportation_msgs/msg/detail/object_state__rosidl_typesupport_introspection_cpp.hpp\n'}
[0.768050] (go2_apportation_msgs) StdoutLine: {'line': b'-- Up-to-date: /workspace/repo/install_container/go2_apportation_msgs/include/go2_apportation_msgs/go2_apportation_msgs/msg/detail/detection3_d_array__type_support.cpp\n'}
[0.768177] (go2_apportation_msgs) StdoutLine: {'line': b'-- Up-to-date: /workspace/repo/install_container/go2_apportation_msgs/include/go2_apportation_msgs/go2_apportation_msgs/msg/detail/detection3_d__type_support.cpp\n'}
[0.768309] (go2_apportation_msgs) StdoutLine: {'line': b'-- Up-to-date: /workspace/repo/install_container/go2_apportation_msgs/include/go2_apportation_msgs/go2_apportation_msgs/msg/detail/throw_status__rosidl_typesupport_introspection_cpp.hpp\n'}
[0.768478] (go2_apportation_msgs) StdoutLine: {'line': b'-- Up-to-date: /workspace/repo/install_container/go2_apportation_msgs/include/go2_apportation_msgs/go2_apportation_msgs/msg/detail/detection3_d_array__rosidl_typesupport_introspection_cpp.hpp\n'}
[0.768606] (go2_apportation_msgs) StdoutLine: {'line': b'-- Up-to-date: /workspace/repo/install_container/go2_apportation_msgs/include/go2_apportation_msgs/go2_apportation_msgs/srv\n'}
[0.768733] (go2_apportation_msgs) StdoutLine: {'line': b'-- Up-to-date: /workspace/repo/install_container/go2_apportation_msgs/include/go2_apportation_msgs/go2_apportation_msgs/srv/detail\n'}
[0.768850] (go2_apportation_msgs) StdoutLine: {'line': b'-- Up-to-date: /workspace/repo/install_container/go2_apportation_msgs/include/go2_apportation_msgs/go2_apportation_msgs/srv/detail/release_object__type_support.cpp\n'}
[0.768967] (go2_apportation_msgs) StdoutLine: {'line': b'-- Up-to-date: /workspace/repo/install_container/go2_apportation_msgs/include/go2_apportation_msgs/go2_apportation_msgs/srv/detail/release_object__rosidl_typesupport_introspection_cpp.hpp\n'}
[0.769084] (go2_apportation_msgs) StdoutLine: {'line': b'-- Up-to-date: /workspace/repo/install_container/go2_apportation_msgs/include/go2_apportation_msgs/go2_apportation_msgs/action\n'}
[0.769201] (go2_apportation_msgs) StdoutLine: {'line': b'-- Up-to-date: /workspace/repo/install_container/go2_apportation_msgs/include/go2_apportation_msgs/go2_apportation_msgs/action/detail\n'}
[0.769324] (go2_apportation_msgs) StdoutLine: {'line': b'-- Up-to-date: /workspace/repo/install_container/go2_apportation_msgs/include/go2_apportation_msgs/go2_apportation_msgs/action/detail/pick_object__rosidl_typesupport_introspection_cpp.hpp\n'}
[0.769479] (go2_apportation_msgs) StdoutLine: {'line': b'-- Up-to-date: /workspace/repo/install_container/go2_apportation_msgs/include/go2_apportation_msgs/go2_apportation_msgs/action/detail/pick_object__type_support.cpp\n'}
[0.769603] (go2_apportation_msgs) StdoutLine: {'line': b'-- Up-to-date: /workspace/repo/install_container/go2_apportation_msgs/lib/libgo2_apportation_msgs__rosidl_typesupport_introspection_cpp.so\n'}
[0.769741] (go2_apportation_msgs) StdoutLine: {'line': b'-- Up-to-date: /workspace/repo/install_container/go2_apportation_msgs/lib/libgo2_apportation_msgs__rosidl_typesupport_cpp.so\n'}
[0.769861] (go2_apportation_msgs) StdoutLine: {'line': b'-- Up-to-date: /workspace/repo/install_container/go2_apportation_msgs/share/go2_apportation_msgs/environment/pythonpath.sh\n'}
[0.769979] (go2_apportation_msgs) StdoutLine: {'line': b'-- Up-to-date: /workspace/repo/install_container/go2_apportation_msgs/share/go2_apportation_msgs/environment/pythonpath.dsv\n'}
[0.770095] (go2_apportation_msgs) StdoutLine: {'line': b'-- Up-to-date: /workspace/repo/install_container/go2_apportation_msgs/local/lib/python3.10/dist-packages/go2_apportation_msgs-0.0.0-py3.10.egg-info\n'}
[0.770212] (go2_apportation_msgs) StdoutLine: {'line': b'-- Installing: /workspace/repo/install_container/go2_apportation_msgs/local/lib/python3.10/dist-packages/go2_apportation_msgs-0.0.0-py3.10.egg-info/top_level.txt\n'}
[0.770335] (go2_apportation_msgs) StdoutLine: {'line': b'-- Installing: /workspace/repo/install_container/go2_apportation_msgs/local/lib/python3.10/dist-packages/go2_apportation_msgs-0.0.0-py3.10.egg-info/PKG-INFO\n'}
[0.770451] (go2_apportation_msgs) StdoutLine: {'line': b'-- Installing: /workspace/repo/install_container/go2_apportation_msgs/local/lib/python3.10/dist-packages/go2_apportation_msgs-0.0.0-py3.10.egg-info/dependency_links.txt\n'}
[0.770567] (go2_apportation_msgs) StdoutLine: {'line': b'-- Installing: /workspace/repo/install_container/go2_apportation_msgs/local/lib/python3.10/dist-packages/go2_apportation_msgs-0.0.0-py3.10.egg-info/SOURCES.txt\n'}
[0.770683] (go2_apportation_msgs) StdoutLine: {'line': b'-- Up-to-date: /workspace/repo/install_container/go2_apportation_msgs/local/lib/python3.10/dist-packages/go2_apportation_msgs\n'}
[0.770799] (go2_apportation_msgs) StdoutLine: {'line': b'-- Up-to-date: /workspace/repo/install_container/go2_apportation_msgs/local/lib/python3.10/dist-packages/go2_apportation_msgs/_go2_apportation_msgs_s.ep.rosidl_typesupport_c.c\n'}
[0.770915] (go2_apportation_msgs) StdoutLine: {'line': b'-- Up-to-date: /workspace/repo/install_container/go2_apportation_msgs/local/lib/python3.10/dist-packages/go2_apportation_msgs/go2_apportation_msgs_s__rosidl_typesupport_c.cpython-310-aarch64-linux-gnu.so\n'}
[0.771056] (go2_apportation_msgs) StdoutLine: {'line': b'-- Up-to-date: /workspace/repo/install_container/go2_apportation_msgs/local/lib/python3.10/dist-packages/go2_apportation_msgs/_go2_apportation_msgs_s.ep.rosidl_typesupport_fastrtps_c.c\n'}
[0.771179] (go2_apportation_msgs) StdoutLine: {'line': b'-- Up-to-date: /workspace/repo/install_container/go2_apportation_msgs/local/lib/python3.10/dist-packages/go2_apportation_msgs/__init__.py\n'}
[0.771301] (go2_apportation_msgs) StdoutLine: {'line': b'-- Up-to-date: /workspace/repo/install_container/go2_apportation_msgs/local/lib/python3.10/dist-packages/go2_apportation_msgs/msg\n'}
[0.771421] (go2_apportation_msgs) StdoutLine: {'line': b'-- Up-to-date: /workspace/repo/install_container/go2_apportation_msgs/local/lib/python3.10/dist-packages/go2_apportation_msgs/msg/_throw_status_s.c\n'}
[0.771536] (go2_apportation_msgs) StdoutLine: {'line': b'-- Up-to-date: /workspace/repo/install_container/go2_apportation_msgs/local/lib/python3.10/dist-packages/go2_apportation_msgs/msg/_detection3_d_array.py\n'}
[0.771652] (go2_apportation_msgs) StdoutLine: {'line': b'-- Up-to-date: /workspace/repo/install_container/go2_apportation_msgs/local/lib/python3.10/dist-packages/go2_apportation_msgs/msg/_detection3_d_array_s.c\n'}
[0.771764] (go2_apportation_msgs) StdoutLine: {'line': b'-- Up-to-date: /workspace/repo/install_container/go2_apportation_msgs/local/lib/python3.10/dist-packages/go2_apportation_msgs/msg/_throw_status.py\n'}
[0.771878] (go2_apportation_msgs) StdoutLine: {'line': b'-- Up-to-date: /workspace/repo/install_container/go2_apportation_msgs/local/lib/python3.10/dist-packages/go2_apportation_msgs/msg/__init__.py\n'}
[0.771992] (go2_apportation_msgs) StdoutLine: {'line': b'-- Up-to-date: /workspace/repo/install_container/go2_apportation_msgs/local/lib/python3.10/dist-packages/go2_apportation_msgs/msg/_detection3_d.py\n'}
[0.772132] (go2_apportation_msgs) StdoutLine: {'line': b'-- Up-to-date: /workspace/repo/install_container/go2_apportation_msgs/local/lib/python3.10/dist-packages/go2_apportation_msgs/msg/_object_state.py\n'}
[0.772255] (go2_apportation_msgs) StdoutLine: {'line': b'-- Up-to-date: /workspace/repo/install_container/go2_apportation_msgs/local/lib/python3.10/dist-packages/go2_apportation_msgs/msg/_detection3_d_s.c\n'}
[0.772778] (go2_apportation_msgs) StdoutLine: {'line': b'-- Up-to-date: /workspace/repo/install_container/go2_apportation_msgs/local/lib/python3.10/dist-packages/go2_apportation_msgs/msg/_object_state_s.c\n'}
[0.772970] (go2_apportation_msgs) StdoutLine: {'line': b'-- Up-to-date: /workspace/repo/install_container/go2_apportation_msgs/local/lib/python3.10/dist-packages/go2_apportation_msgs/go2_apportation_msgs_s__rosidl_typesupport_fastrtps_c.cpython-310-aarch64-linux-gnu.so\n'}
[0.773102] (go2_apportation_msgs) StdoutLine: {'line': b'-- Up-to-date: /workspace/repo/install_container/go2_apportation_msgs/local/lib/python3.10/dist-packages/go2_apportation_msgs/srv\n'}
[0.773263] (go2_apportation_msgs) StdoutLine: {'line': b'-- Up-to-date: /workspace/repo/install_container/go2_apportation_msgs/local/lib/python3.10/dist-packages/go2_apportation_msgs/srv/_release_object_s.c\n'}
[0.773388] (go2_apportation_msgs) StdoutLine: {'line': b'-- Up-to-date: /workspace/repo/install_container/go2_apportation_msgs/local/lib/python3.10/dist-packages/go2_apportation_msgs/srv/_release_object.py\n'}
[0.773508] (go2_apportation_msgs) StdoutLine: {'line': b'-- Up-to-date: /workspace/repo/install_container/go2_apportation_msgs/local/lib/python3.10/dist-packages/go2_apportation_msgs/srv/__init__.py\n'}
[0.773628] (go2_apportation_msgs) StdoutLine: {'line': b'-- Up-to-date: /workspace/repo/install_container/go2_apportation_msgs/local/lib/python3.10/dist-packages/go2_apportation_msgs/libgo2_apportation_msgs__rosidl_generator_py.so\n'}
[0.773755] (go2_apportation_msgs) StdoutLine: {'line': b'-- Up-to-date: /workspace/repo/install_container/go2_apportation_msgs/local/lib/python3.10/dist-packages/go2_apportation_msgs/_go2_apportation_msgs_s.ep.rosidl_typesupport_introspection_c.c\n'}
[0.773877] (go2_apportation_msgs) StdoutLine: {'line': b'-- Up-to-date: /workspace/repo/install_container/go2_apportation_msgs/local/lib/python3.10/dist-packages/go2_apportation_msgs/go2_apportation_msgs_s__rosidl_typesupport_introspection_c.cpython-310-aarch64-linux-gnu.so\n'}
[0.773994] (go2_apportation_msgs) StdoutLine: {'line': b'-- Up-to-date: /workspace/repo/install_container/go2_apportation_msgs/local/lib/python3.10/dist-packages/go2_apportation_msgs/action\n'}
[0.774108] (go2_apportation_msgs) StdoutLine: {'line': b'-- Up-to-date: /workspace/repo/install_container/go2_apportation_msgs/local/lib/python3.10/dist-packages/go2_apportation_msgs/action/_pick_object.py\n'}
[0.774221] (go2_apportation_msgs) StdoutLine: {'line': b'-- Up-to-date: /workspace/repo/install_container/go2_apportation_msgs/local/lib/python3.10/dist-packages/go2_apportation_msgs/action/__init__.py\n'}
[0.774335] (go2_apportation_msgs) StdoutLine: {'line': b'-- Up-to-date: /workspace/repo/install_container/go2_apportation_msgs/local/lib/python3.10/dist-packages/go2_apportation_msgs/action/_pick_object_s.c\n'}
[0.803974] (-) TimerEvent: {}
[0.832596] (go2_apportation_msgs) StdoutLine: {'line': b"Listing '/workspace/repo/install_container/go2_apportation_msgs/local/lib/python3.10/dist-packages/go2_apportation_msgs'...\n"}
[0.833044] (go2_apportation_msgs) StdoutLine: {'line': b"Listing '/workspace/repo/install_container/go2_apportation_msgs/local/lib/python3.10/dist-packages/go2_apportation_msgs/action'...\n"}
[0.833208] (go2_apportation_msgs) StdoutLine: {'line': b"Listing '/workspace/repo/install_container/go2_apportation_msgs/local/lib/python3.10/dist-packages/go2_apportation_msgs/msg'...\n"}
[0.833346] (go2_apportation_msgs) StdoutLine: {'line': b"Listing '/workspace/repo/install_container/go2_apportation_msgs/local/lib/python3.10/dist-packages/go2_apportation_msgs/srv'...\n"}
[0.844732] (go2_apportation_msgs) StdoutLine: {'line': b'-- Up-to-date: /workspace/repo/install_container/go2_apportation_msgs/local/lib/python3.10/dist-packages/go2_apportation_msgs/go2_apportation_msgs_s__rosidl_typesupport_fastrtps_c.cpython-310-aarch64-linux-gnu.so\n'}
[0.845338] (go2_apportation_msgs) StdoutLine: {'line': b'-- Up-to-date: /workspace/repo/install_container/go2_apportation_msgs/local/lib/python3.10/dist-packages/go2_apportation_msgs/go2_apportation_msgs_s__rosidl_typesupport_introspection_c.cpython-310-aarch64-linux-gnu.so\n'}
[0.845513] (go2_apportation_msgs) StdoutLine: {'line': b'-- Up-to-date: /workspace/repo/install_container/go2_apportation_msgs/local/lib/python3.10/dist-packages/go2_apportation_msgs/go2_apportation_msgs_s__rosidl_typesupport_c.cpython-310-aarch64-linux-gnu.so\n'}
[0.845834] (go2_apportation_msgs) StdoutLine: {'line': b'-- Up-to-date: /workspace/repo/install_container/go2_apportation_msgs/lib/libgo2_apportation_msgs__rosidl_generator_py.so\n'}
[0.846210] (go2_apportation_msgs) StdoutLine: {'line': b'-- Up-to-date: /workspace/repo/install_container/go2_apportation_msgs/share/go2_apportation_msgs/msg/Detection3D.idl\n'}
[0.847057] (go2_apportation_msgs) StdoutLine: {'line': b'-- Up-to-date: /workspace/repo/install_container/go2_apportation_msgs/share/go2_apportation_msgs/msg/Detection3DArray.idl\n'}
[0.847860] (go2_apportation_msgs) StdoutLine: {'line': b'-- Up-to-date: /workspace/repo/install_container/go2_apportation_msgs/share/go2_apportation_msgs/msg/ObjectState.idl\n'}
[0.848552] (go2_apportation_msgs) StdoutLine: {'line': b'-- Up-to-date: /workspace/repo/install_container/go2_apportation_msgs/share/go2_apportation_msgs/msg/ThrowStatus.idl\n'}
[0.849094] (go2_apportation_msgs) StdoutLine: {'line': b'-- Up-to-date: /workspace/repo/install_container/go2_apportation_msgs/share/go2_apportation_msgs/action/PickObject.idl\n'}
[0.849244] (go2_apportation_msgs) StdoutLine: {'line': b'-- Up-to-date: /workspace/repo/install_container/go2_apportation_msgs/share/go2_apportation_msgs/srv/ReleaseObject.idl\n'}
[0.849377] (go2_apportation_msgs) StdoutLine: {'line': b'-- Up-to-date: /workspace/repo/install_container/go2_apportation_msgs/share/go2_apportation_msgs/msg/Detection3D.msg\n'}
[0.849975] (go2_apportation_msgs) StdoutLine: {'line': b'-- Up-to-date: /workspace/repo/install_container/go2_apportation_msgs/share/go2_apportation_msgs/msg/Detection3DArray.msg\n'}
[0.850349] (go2_apportation_msgs) StdoutLine: {'line': b'-- Up-to-date: /workspace/repo/install_container/go2_apportation_msgs/share/go2_apportation_msgs/msg/ObjectState.msg\n'}
[0.850695] (go2_apportation_msgs) StdoutLine: {'line': b'-- Up-to-date: /workspace/repo/install_container/go2_apportation_msgs/share/go2_apportation_msgs/msg/ThrowStatus.msg\n'}
[0.851037] (go2_apportation_msgs) StdoutLine: {'line': b'-- Up-to-date: /workspace/repo/install_container/go2_apportation_msgs/share/go2_apportation_msgs/action/PickObject.action\n'}
[0.851282] (go2_apportation_msgs) StdoutLine: {'line': b'-- Up-to-date: /workspace/repo/install_container/go2_apportation_msgs/share/go2_apportation_msgs/srv/ReleaseObject.srv\n'}
[0.851607] (go2_apportation_msgs) StdoutLine: {'line': b'-- Up-to-date: /workspace/repo/install_container/go2_apportation_msgs/share/go2_apportation_msgs/srv/ReleaseObject_Request.msg\n'}
[0.851737] (go2_apportation_msgs) StdoutLine: {'line': b'-- Up-to-date: /workspace/repo/install_container/go2_apportation_msgs/share/go2_apportation_msgs/srv/ReleaseObject_Response.msg\n'}
[0.851859] (go2_apportation_msgs) StdoutLine: {'line': b'-- Up-to-date: /workspace/repo/install_container/go2_apportation_msgs/share/ament_index/resource_index/package_run_dependencies/go2_apportation_msgs\n'}
[0.852284] (go2_apportation_msgs) StdoutLine: {'line': b'-- Up-to-date: /workspace/repo/install_container/go2_apportation_msgs/share/ament_index/resource_index/parent_prefix_path/go2_apportation_msgs\n'}
[0.852732] (go2_apportation_msgs) StdoutLine: {'line': b'-- Up-to-date: /workspace/repo/install_container/go2_apportation_msgs/share/go2_apportation_msgs/environment/ament_prefix_path.sh\n'}
[0.854314] (go2_apportation_msgs) StdoutLine: {'line': b'-- Up-to-date: /workspace/repo/install_container/go2_apportation_msgs/share/go2_apportation_msgs/environment/ament_prefix_path.dsv\n'}
[0.854455] (go2_apportation_msgs) StdoutLine: {'line': b'-- Up-to-date: /workspace/repo/install_container/go2_apportation_msgs/share/go2_apportation_msgs/environment/path.sh\n'}
[0.854584] (go2_apportation_msgs) StdoutLine: {'line': b'-- Up-to-date: /workspace/repo/install_container/go2_apportation_msgs/share/go2_apportation_msgs/environment/path.dsv\n'}
[0.854714] (go2_apportation_msgs) StdoutLine: {'line': b'-- Up-to-date: /workspace/repo/install_container/go2_apportation_msgs/share/go2_apportation_msgs/local_setup.bash\n'}
[0.854863] (go2_apportation_msgs) StdoutLine: {'line': b'-- Up-to-date: /workspace/repo/install_container/go2_apportation_msgs/share/go2_apportation_msgs/local_setup.sh\n'}
[0.854989] (go2_apportation_msgs) StdoutLine: {'line': b'-- Up-to-date: /workspace/repo/install_container/go2_apportation_msgs/share/go2_apportation_msgs/local_setup.zsh\n'}
[0.855108] (go2_apportation_msgs) StdoutLine: {'line': b'-- Up-to-date: /workspace/repo/install_container/go2_apportation_msgs/share/go2_apportation_msgs/local_setup.dsv\n'}
[0.855226] (go2_apportation_msgs) StdoutLine: {'line': b'-- Installing: /workspace/repo/install_container/go2_apportation_msgs/share/go2_apportation_msgs/package.dsv\n'}
[0.855342] (go2_apportation_msgs) StdoutLine: {'line': b'-- Up-to-date: /workspace/repo/install_container/go2_apportation_msgs/share/ament_index/resource_index/packages/go2_apportation_msgs\n'}
[0.855458] (go2_apportation_msgs) StdoutLine: {'line': b'-- Up-to-date: /workspace/repo/install_container/go2_apportation_msgs/share/go2_apportation_msgs/cmake/export_go2_apportation_msgs__rosidl_generator_cExport.cmake\n'}
[0.855579] (go2_apportation_msgs) StdoutLine: {'line': b'-- Up-to-date: /workspace/repo/install_container/go2_apportation_msgs/share/go2_apportation_msgs/cmake/export_go2_apportation_msgs__rosidl_generator_cExport-noconfig.cmake\n'}
[0.855696] (go2_apportation_msgs) StdoutLine: {'line': b'-- Up-to-date: /workspace/repo/install_container/go2_apportation_msgs/share/go2_apportation_msgs/cmake/export_go2_apportation_msgs__rosidl_typesupport_fastrtps_cExport.cmake\n'}
[0.855813] (go2_apportation_msgs) StdoutLine: {'line': b'-- Up-to-date: /workspace/repo/install_container/go2_apportation_msgs/share/go2_apportation_msgs/cmake/export_go2_apportation_msgs__rosidl_typesupport_fastrtps_cExport-noconfig.cmake\n'}
[0.855933] (go2_apportation_msgs) StdoutLine: {'line': b'-- Up-to-date: /workspace/repo/install_container/go2_apportation_msgs/share/go2_apportation_msgs/cmake/go2_apportation_msgs__rosidl_typesupport_introspection_cExport.cmake\n'}
[0.856048] (go2_apportation_msgs) StdoutLine: {'line': b'-- Up-to-date: /workspace/repo/install_container/go2_apportation_msgs/share/go2_apportation_msgs/cmake/go2_apportation_msgs__rosidl_typesupport_introspection_cExport-noconfig.cmake\n'}
[0.856162] (go2_apportation_msgs) StdoutLine: {'line': b'-- Up-to-date: /workspace/repo/install_container/go2_apportation_msgs/share/go2_apportation_msgs/cmake/go2_apportation_msgs__rosidl_typesupport_cExport.cmake\n'}
[0.856279] (go2_apportation_msgs) StdoutLine: {'line': b'-- Up-to-date: /workspace/repo/install_container/go2_apportation_msgs/share/go2_apportation_msgs/cmake/go2_apportation_msgs__rosidl_typesupport_cExport-noconfig.cmake\n'}
[0.856437] (go2_apportation_msgs) StdoutLine: {'line': b'-- Up-to-date: /workspace/repo/install_container/go2_apportation_msgs/share/go2_apportation_msgs/cmake/export_go2_apportation_msgs__rosidl_generator_cppExport.cmake\n'}
[0.856564] (go2_apportation_msgs) StdoutLine: {'line': b'-- Up-to-date: /workspace/repo/install_container/go2_apportation_msgs/share/go2_apportation_msgs/cmake/export_go2_apportation_msgs__rosidl_typesupport_fastrtps_cppExport.cmake\n'}
[0.856725] (go2_apportation_msgs) StdoutLine: {'line': b'-- Up-to-date: /workspace/repo/install_container/go2_apportation_msgs/share/go2_apportation_msgs/cmake/export_go2_apportation_msgs__rosidl_typesupport_fastrtps_cppExport-noconfig.cmake\n'}
[0.856849] (go2_apportation_msgs) StdoutLine: {'line': b'-- Up-to-date: /workspace/repo/install_container/go2_apportation_msgs/share/go2_apportation_msgs/cmake/go2_apportation_msgs__rosidl_typesupport_introspection_cppExport.cmake\n'}
[0.856968] (go2_apportation_msgs) StdoutLine: {'line': b'-- Up-to-date: /workspace/repo/install_container/go2_apportation_msgs/share/go2_apportation_msgs/cmake/go2_apportation_msgs__rosidl_typesupport_introspection_cppExport-noconfig.cmake\n'}
[0.857133] (go2_apportation_msgs) StdoutLine: {'line': b'-- Up-to-date: /workspace/repo/install_container/go2_apportation_msgs/share/go2_apportation_msgs/cmake/go2_apportation_msgs__rosidl_typesupport_cppExport.cmake\n'}
[0.857260] (go2_apportation_msgs) StdoutLine: {'line': b'-- Up-to-date: /workspace/repo/install_container/go2_apportation_msgs/share/go2_apportation_msgs/cmake/go2_apportation_msgs__rosidl_typesupport_cppExport-noconfig.cmake\n'}
[0.857381] (go2_apportation_msgs) StdoutLine: {'line': b'-- Up-to-date: /workspace/repo/install_container/go2_apportation_msgs/share/go2_apportation_msgs/cmake/export_go2_apportation_msgs__rosidl_generator_pyExport.cmake\n'}
[0.857502] (go2_apportation_msgs) StdoutLine: {'line': b'-- Up-to-date: /workspace/repo/install_container/go2_apportation_msgs/share/go2_apportation_msgs/cmake/export_go2_apportation_msgs__rosidl_generator_pyExport-noconfig.cmake\n'}
[0.875209] (go2_apportation_msgs) StdoutLine: {'line': b'-- Up-to-date: /workspace/repo/install_container/go2_apportation_msgs/share/go2_apportation_msgs/cmake/rosidl_cmake-extras.cmake\n'}
[0.875426] (go2_apportation_msgs) StdoutLine: {'line': b'-- Up-to-date: /workspace/repo/install_container/go2_apportation_msgs/share/go2_apportation_msgs/cmake/ament_cmake_export_dependencies-extras.cmake\n'}
[0.875577] (go2_apportation_msgs) StdoutLine: {'line': b'-- Up-to-date: /workspace/repo/install_container/go2_apportation_msgs/share/go2_apportation_msgs/cmake/ament_cmake_export_include_directories-extras.cmake\n'}
[0.875742] (go2_apportation_msgs) StdoutLine: {'line': b'-- Up-to-date: /workspace/repo/install_container/go2_apportation_msgs/share/go2_apportation_msgs/cmake/ament_cmake_export_libraries-extras.cmake\n'}
[0.875880] (go2_apportation_msgs) StdoutLine: {'line': b'-- Up-to-date: /workspace/repo/install_container/go2_apportation_msgs/share/go2_apportation_msgs/cmake/ament_cmake_export_targets-extras.cmake\n'}
[0.876020] (go2_apportation_msgs) StdoutLine: {'line': b'-- Up-to-date: /workspace/repo/install_container/go2_apportation_msgs/share/go2_apportation_msgs/cmake/rosidl_cmake_export_typesupport_targets-extras.cmake\n'}
[0.876144] (go2_apportation_msgs) StdoutLine: {'line': b'-- Up-to-date: /workspace/repo/install_container/go2_apportation_msgs/share/go2_apportation_msgs/cmake/rosidl_cmake_export_typesupport_libraries-extras.cmake\n'}
[0.876263] (go2_apportation_msgs) StdoutLine: {'line': b'-- Up-to-date: /workspace/repo/install_container/go2_apportation_msgs/share/go2_apportation_msgs/cmake/go2_apportation_msgsConfig.cmake\n'}
[0.876411] (go2_apportation_msgs) StdoutLine: {'line': b'-- Up-to-date: /workspace/repo/install_container/go2_apportation_msgs/share/go2_apportation_msgs/cmake/go2_apportation_msgsConfig-version.cmake\n'}
[0.876552] (go2_apportation_msgs) StdoutLine: {'line': b'-- Up-to-date: /workspace/repo/install_container/go2_apportation_msgs/share/go2_apportation_msgs/package.xml\n'}
[0.876681] (go2_apportation_msgs) CommandEnded: {'returncode': 0}
[0.903524] (go2_apportation_msgs) JobEnded: {'identifier': 'go2_apportation_msgs', 'rc': 0}
[0.904250] (-) TimerEvent: {}
[0.904940] (go2_apportation_mocks) JobStarted: {'identifier': 'go2_apportation_mocks'}
[0.924617] (go2_apportation_orchestrator) JobStarted: {'identifier': 'go2_apportation_orchestrator'}
[1.004457] (-) TimerEvent: {}
[1.104826] (-) TimerEvent: {}
[1.205196] (-) TimerEvent: {}
[1.305551] (-) TimerEvent: {}
[1.405937] (-) TimerEvent: {}
[1.506399] (-) TimerEvent: {}
[1.606862] (-) TimerEvent: {}
[1.707289] (-) TimerEvent: {}
[1.807705] (-) TimerEvent: {}
[1.864317] (go2_tf_tools) Command: {'cmd': ['/usr/bin/python3', '-W', 'ignore:setup.py install is deprecated', '-W', 'ignore:easy_install command is deprecated', 'setup.py', 'egg_info', '--egg-base', '../../build_container/go2_tf_tools', 'build', '--build-base', '/workspace/repo/build_container/go2_tf_tools/build', 'install', '--record', '/workspace/repo/build_container/go2_tf_tools/install.log', '--single-version-externally-managed', 'install_data'], 'cwd': '/workspace/repo/src/go2_tf_tools', 'env': {'HOSTNAME': 'ubuntu', 'SHLVL': '0', 'LD_LIBRARY_PATH': '/opt/ros/humble/lib/aarch64-linux-gnu:/opt/ros/humble/lib', 'HOME': '/tmp', 'ROS_PYTHON_VERSION': '3', 'ROS_DISTRO': 'humble', '_': '/usr/bin/colcon', 'ROS_VERSION': '2', 'ROS_LOCALHOST_ONLY': '0', 'PATH': '/opt/ros/humble/bin:/usr/local/sbin:/usr/local/bin:/usr/sbin:/usr/bin:/sbin:/bin', 'LANG': 'C.UTF-8', 'AMENT_PREFIX_PATH': '/opt/ros/humble', 'PWD': '/workspace/repo/build_container/go2_tf_tools', 'LC_ALL': 'C.UTF-8', 'PYTHONPATH': '/workspace/repo/build_container/go2_tf_tools/prefix_override:/usr/lib/python3/dist-packages/colcon_core/task/python/colcon_distutils_commands:/workspace/repo/install_container/go2_tf_tools/lib/python3.10/site-packages:/opt/ros/humble/lib/python3.10/site-packages:/opt/ros/humble/local/lib/python3.10/dist-packages', 'COLCON': '1'}, 'shell': False}
[1.907866] (-) TimerEvent: {}
[2.008209] (-) TimerEvent: {}
[2.108597] (-) TimerEvent: {}
[2.208954] (-) TimerEvent: {}
[2.297182] (go2_tf_tools) StdoutLine: {'line': b'running egg_info\n'}
[2.298708] (go2_tf_tools) StdoutLine: {'line': b'writing ../../build_container/go2_tf_tools/go2_tf_tools.egg-info/PKG-INFO\n'}
[2.299657] (go2_tf_tools) StdoutLine: {'line': b'writing dependency_links to ../../build_container/go2_tf_tools/go2_tf_tools.egg-info/dependency_links.txt\n'}
[2.300604] (go2_tf_tools) StdoutLine: {'line': b'writing entry points to ../../build_container/go2_tf_tools/go2_tf_tools.egg-info/entry_points.txt\n'}
[2.300790] (go2_tf_tools) StdoutLine: {'line': b'writing requirements to ../../build_container/go2_tf_tools/go2_tf_tools.egg-info/requires.txt\n'}
[2.302022] (go2_tf_tools) StdoutLine: {'line': b'writing top-level names to ../../build_container/go2_tf_tools/go2_tf_tools.egg-info/top_level.txt\n'}
[2.304574] (go2_tf_tools) StdoutLine: {'line': b"reading manifest file '../../build_container/go2_tf_tools/go2_tf_tools.egg-info/SOURCES.txt'\n"}
[2.306161] (go2_tf_tools) StdoutLine: {'line': b"writing manifest file '../../build_container/go2_tf_tools/go2_tf_tools.egg-info/SOURCES.txt'\n"}
[2.306918] (go2_tf_tools) StdoutLine: {'line': b'running build\n'}
[2.307105] (go2_tf_tools) StdoutLine: {'line': b'running build_py\n'}
[2.308057] (go2_tf_tools) StdoutLine: {'line': b'running install\n'}
[2.308802] (go2_tf_tools) StdoutLine: {'line': b'running install_lib\n'}
[2.308977] (-) TimerEvent: {}
[2.311966] (go2_tf_tools) StdoutLine: {'line': b'running install_data\n'}
[2.313153] (go2_tf_tools) StdoutLine: {'line': b'running install_egg_info\n'}
[2.316512] (go2_tf_tools) StdoutLine: {'line': b"removing '/workspace/repo/install_container/go2_tf_tools/lib/python3.10/site-packages/go2_tf_tools-0.0.0-py3.10.egg-info' (and everything under it)\n"}
[2.320449] (go2_tf_tools) StdoutLine: {'line': b'Copying ../../build_container/go2_tf_tools/go2_tf_tools.egg-info to /workspace/repo/install_container/go2_tf_tools/lib/python3.10/site-packages/go2_tf_tools-0.0.0-py3.10.egg-info\n'}
[2.320725] (go2_tf_tools) StdoutLine: {'line': b'running install_scripts\n'}
[2.367166] (go2_tf_tools) StdoutLine: {'line': b'Installing odom_to_tf_broadcaster script to /workspace/repo/install_container/go2_tf_tools/lib/go2_tf_tools\n'}
[2.368299] (go2_tf_tools) StdoutLine: {'line': b"writing list of installed files to '/workspace/repo/build_container/go2_tf_tools/install.log'\n"}
[2.409192] (-) TimerEvent: {}
[2.459131] (go2_tf_tools) CommandEnded: {'returncode': 0}
[2.475959] (go2_tf_tools) JobEnded: {'identifier': 'go2_tf_tools', 'rc': 0}
[2.489002] (go2_apportation_orchestrator) Command: {'cmd': ['/usr/bin/python3', '-W', 'ignore:setup.py install is deprecated', '-W', 'ignore:easy_install command is deprecated', 'setup.py', 'egg_info', '--egg-base', '../../build_container/go2_apportation_orchestrator', 'build', '--build-base', '/workspace/repo/build_container/go2_apportation_orchestrator/build', 'install', '--record', '/workspace/repo/build_container/go2_apportation_orchestrator/install.log', '--single-version-externally-managed', 'install_data'], 'cwd': '/workspace/repo/src/go2_apportation_orchestrator', 'env': {'HOSTNAME': 'ubuntu', 'ROS_PACKAGE_PATH': '/workspace/repo/install_container/go2_apportation_msgs/share', 'SHLVL': '0', 'LD_LIBRARY_PATH': '/workspace/repo/install_container/go2_apportation_msgs/lib:/opt/ros/humble/lib/aarch64-linux-gnu:/opt/ros/humble/lib', 'HOME': '/tmp', 'ROS_PYTHON_VERSION': '3', 'ROS_DISTRO': 'humble', '_': '/usr/bin/colcon', 'ROS_VERSION': '2', 'PKG_CONFIG_PATH': '/workspace/repo/install_container/go2_apportation_msgs/lib/aarch64-linux-gnu/pkgconfig:/workspace/repo/install_container/go2_apportation_msgs/lib/pkgconfig', 'ROS_LOCALHOST_ONLY': '0', 'PATH': '/opt/ros/humble/bin:/usr/local/sbin:/usr/local/bin:/usr/sbin:/usr/bin:/sbin:/bin', 'LANG': 'C.UTF-8', 'AMENT_PREFIX_PATH': '/opt/ros/humble', 'PWD': '/workspace/repo/build_container/go2_apportation_orchestrator', 'LC_ALL': 'C.UTF-8', 'PYTHONPATH': '/workspace/repo/build_container/go2_apportation_orchestrator/prefix_override:/usr/lib/python3/dist-packages/colcon_core/task/python/colcon_distutils_commands:/workspace/repo/install_container/go2_apportation_orchestrator/lib/python3.10/site-packages:/workspace/repo/install_container/go2_apportation_msgs/local/lib/python3.10/dist-packages:/opt/ros/humble/lib/python3.10/site-packages:/opt/ros/humble/local/lib/python3.10/dist-packages', 'COLCON': '1', 'CMAKE_PREFIX_PATH': '/workspace/repo/install_container/go2_apportation_msgs'}, 'shell': False}
[2.507387] (go2_apportation_mocks) Command: {'cmd': ['/usr/bin/python3', '-W', 'ignore:setup.py install is deprecated', '-W', 'ignore:easy_install command is deprecated', 'setup.py', 'egg_info', '--egg-base', '../../build_container/go2_apportation_mocks', 'build', '--build-base', '/workspace/repo/build_container/go2_apportation_mocks/build', 'install', '--record', '/workspace/repo/build_container/go2_apportation_mocks/install.log', '--single-version-externally-managed', 'install_data'], 'cwd': '/workspace/repo/src/go2_apportation_mocks', 'env': {'HOSTNAME': 'ubuntu', 'ROS_PACKAGE_PATH': '/workspace/repo/install_container/go2_apportation_msgs/share', 'SHLVL': '0', 'LD_LIBRARY_PATH': '/workspace/repo/install_container/go2_apportation_msgs/lib:/opt/ros/humble/lib/aarch64-linux-gnu:/opt/ros/humble/lib', 'HOME': '/tmp', 'ROS_PYTHON_VERSION': '3', 'ROS_DISTRO': 'humble', '_': '/usr/bin/colcon', 'ROS_VERSION': '2', 'PKG_CONFIG_PATH': '/workspace/repo/install_container/go2_apportation_msgs/lib/aarch64-linux-gnu/pkgconfig:/workspace/repo/install_container/go2_apportation_msgs/lib/pkgconfig', 'ROS_LOCALHOST_ONLY': '0', 'PATH': '/opt/ros/humble/bin:/usr/local/sbin:/usr/local/bin:/usr/sbin:/usr/bin:/sbin:/bin', 'LANG': 'C.UTF-8', 'AMENT_PREFIX_PATH': '/opt/ros/humble', 'PWD': '/workspace/repo/build_container/go2_apportation_mocks', 'LC_ALL': 'C.UTF-8', 'PYTHONPATH': '/workspace/repo/build_container/go2_apportation_mocks/prefix_override:/usr/lib/python3/dist-packages/colcon_core/task/python/colcon_distutils_commands:/workspace/repo/install_container/go2_apportation_mocks/lib/python3.10/site-packages:/workspace/repo/install_container/go2_apportation_msgs/local/lib/python3.10/dist-packages:/opt/ros/humble/lib/python3.10/site-packages:/opt/ros/humble/local/lib/python3.10/dist-packages', 'COLCON': '1', 'CMAKE_PREFIX_PATH': '/workspace/repo/install_container/go2_apportation_msgs'}, 'shell': False}
[2.510373] (-) TimerEvent: {}
[2.610643] (-) TimerEvent: {}
[2.711023] (-) TimerEvent: {}
[2.811404] (-) TimerEvent: {}
[2.885075] (go2_apportation_orchestrator) StdoutLine: {'line': b'running egg_info\n'}
[2.886532] (go2_apportation_orchestrator) StdoutLine: {'line': b'writing ../../build_container/go2_apportation_orchestrator/go2_apportation_orchestrator.egg-info/PKG-INFO\n'}
[2.887233] (go2_apportation_orchestrator) StdoutLine: {'line': b'writing dependency_links to ../../build_container/go2_apportation_orchestrator/go2_apportation_orchestrator.egg-info/dependency_links.txt\n'}
[2.887655] (go2_apportation_orchestrator) StdoutLine: {'line': b'writing entry points to ../../build_container/go2_apportation_orchestrator/go2_apportation_orchestrator.egg-info/entry_points.txt\n'}
[2.888160] (go2_apportation_orchestrator) StdoutLine: {'line': b'writing requirements to ../../build_container/go2_apportation_orchestrator/go2_apportation_orchestrator.egg-info/requires.txt\n'}
[2.888343] (go2_apportation_orchestrator) StdoutLine: {'line': b'writing top-level names to ../../build_container/go2_apportation_orchestrator/go2_apportation_orchestrator.egg-info/top_level.txt\n'}
[2.892472] (go2_apportation_orchestrator) StdoutLine: {'line': b"reading manifest file '../../build_container/go2_apportation_orchestrator/go2_apportation_orchestrator.egg-info/SOURCES.txt'\n"}
[2.900942] (go2_apportation_orchestrator) StdoutLine: {'line': b"writing manifest file '../../build_container/go2_apportation_orchestrator/go2_apportation_orchestrator.egg-info/SOURCES.txt'\n"}
[2.901393] (go2_apportation_orchestrator) StdoutLine: {'line': b'running build\n'}
[2.901558] (go2_apportation_orchestrator) StdoutLine: {'line': b'running build_py\n'}
[2.901695] (go2_apportation_orchestrator) StdoutLine: {'line': b'running install\n'}
[2.901819] (go2_apportation_orchestrator) StdoutLine: {'line': b'running install_lib\n'}
[2.904387] (go2_apportation_orchestrator) StdoutLine: {'line': b'running install_data\n'}
[2.904945] (go2_apportation_orchestrator) StdoutLine: {'line': b'running install_egg_info\n'}
[2.909219] (go2_apportation_orchestrator) StdoutLine: {'line': b"removing '/workspace/repo/install_container/go2_apportation_orchestrator/lib/python3.10/site-packages/go2_apportation_orchestrator-0.0.0-py3.10.egg-info' (and everything under it)\n"}
[2.912053] (go2_apportation_orchestrator) StdoutLine: {'line': b'Copying ../../build_container/go2_apportation_orchestrator/go2_apportation_orchestrator.egg-info to /workspace/repo/install_container/go2_apportation_orchestrator/lib/python3.10/site-packages/go2_apportation_orchestrator-0.0.0-py3.10.egg-info\n'}
[2.912419] (-) TimerEvent: {}
[2.914373] (go2_apportation_orchestrator) StdoutLine: {'line': b'running install_scripts\n'}
[2.917727] (go2_apportation_mocks) StdoutLine: {'line': b'running egg_info\n'}
[2.919590] (go2_apportation_mocks) StdoutLine: {'line': b'writing ../../build_container/go2_apportation_mocks/go2_apportation_mocks.egg-info/PKG-INFO\n'}
[2.920228] (go2_apportation_mocks) StdoutLine: {'line': b'writing dependency_links to ../../build_container/go2_apportation_mocks/go2_apportation_mocks.egg-info/dependency_links.txt\n'}
[2.920735] (go2_apportation_mocks) StdoutLine: {'line': b'writing entry points to ../../build_container/go2_apportation_mocks/go2_apportation_mocks.egg-info/entry_points.txt\n'}
[2.921424] (go2_apportation_mocks) StdoutLine: {'line': b'writing requirements to ../../build_container/go2_apportation_mocks/go2_apportation_mocks.egg-info/requires.txt\n'}
[2.921659] (go2_apportation_mocks) StdoutLine: {'line': b'writing top-level names to ../../build_container/go2_apportation_mocks/go2_apportation_mocks.egg-info/top_level.txt\n'}
[2.926013] (go2_apportation_mocks) StdoutLine: {'line': b"reading manifest file '../../build_container/go2_apportation_mocks/go2_apportation_mocks.egg-info/SOURCES.txt'\n"}
[2.927753] (go2_apportation_mocks) StdoutLine: {'line': b"writing manifest file '../../build_container/go2_apportation_mocks/go2_apportation_mocks.egg-info/SOURCES.txt'\n"}
[2.928242] (go2_apportation_mocks) StdoutLine: {'line': b'running build\n'}
[2.928514] (go2_apportation_mocks) StdoutLine: {'line': b'running build_py\n'}
[2.929753] (go2_apportation_mocks) StdoutLine: {'line': b'running install\n'}
[2.930346] (go2_apportation_mocks) StdoutLine: {'line': b'running install_lib\n'}
[2.933309] (go2_apportation_mocks) StdoutLine: {'line': b'running install_data\n'}
[2.933913] (go2_apportation_mocks) StdoutLine: {'line': b'running install_egg_info\n'}
[2.937913] (go2_apportation_mocks) StdoutLine: {'line': b"removing '/workspace/repo/install_container/go2_apportation_mocks/lib/python3.10/site-packages/go2_apportation_mocks-0.0.0-py3.10.egg-info' (and everything under it)\n"}
[2.940121] (go2_apportation_mocks) StdoutLine: {'line': b'Copying ../../build_container/go2_apportation_mocks/go2_apportation_mocks.egg-info to /workspace/repo/install_container/go2_apportation_mocks/lib/python3.10/site-packages/go2_apportation_mocks-0.0.0-py3.10.egg-info\n'}
[2.941211] (go2_apportation_mocks) StdoutLine: {'line': b'running install_scripts\n'}
[2.961655] (go2_apportation_orchestrator) StdoutLine: {'line': b'Installing orchestrator_runtime script to /workspace/repo/install_container/go2_apportation_orchestrator/lib/go2_apportation_orchestrator\n'}
[2.962069] (go2_apportation_orchestrator) StdoutLine: {'line': b'Installing orchestrator_stub script to /workspace/repo/install_container/go2_apportation_orchestrator/lib/go2_apportation_orchestrator\n'}
[2.963487] (go2_apportation_orchestrator) StdoutLine: {'line': b"writing list of installed files to '/workspace/repo/build_container/go2_apportation_orchestrator/install.log'\n"}
[2.990098] (go2_apportation_mocks) StdoutLine: {'line': b'Installing mock_manipulation_server script to /workspace/repo/install_container/go2_apportation_mocks/lib/go2_apportation_mocks\n'}
[2.990685] (go2_apportation_mocks) StdoutLine: {'line': b'Installing mock_nav2_server script to /workspace/repo/install_container/go2_apportation_mocks/lib/go2_apportation_mocks\n'}
[2.991480] (go2_apportation_mocks) StdoutLine: {'line': b"writing list of installed files to '/workspace/repo/build_container/go2_apportation_mocks/install.log'\n"}
[3.014301] (-) TimerEvent: {}
[3.049195] (go2_apportation_orchestrator) CommandEnded: {'returncode': 0}
[3.062622] (go2_apportation_orchestrator) JobEnded: {'identifier': 'go2_apportation_orchestrator', 'rc': 0}
[3.074494] (go2_apportation_mocks) CommandEnded: {'returncode': 0}
[3.090546] (go2_apportation_mocks) JobEnded: {'identifier': 'go2_apportation_mocks', 'rc': 0}
[3.092003] (-) EventReactorShutdown: {}
