[1.557s] Invoking command in '/workspace/repo/src/go2_apportation_orchestrator': CMAKE_PREFIX_PATH=/workspace/repo/install_container/go2_apportation_msgs LD_LIBRARY_PATH=/workspace/repo/install_container/go2_apportation_msgs/lib:${LD_LIBRARY_PATH} PKG_CONFIG_PATH=/workspace/repo/install_container/go2_apportation_msgs/lib/aarch64-linux-gnu/pkgconfig:/workspace/repo/install_container/go2_apportation_msgs/lib/pkgconfig PYTHONPATH=/workspace/repo/build_container/go2_apportation_orchestrator/prefix_override:/usr/lib/python3/dist-packages/colcon_core/task/python/colcon_distutils_commands:/workspace/repo/install_container/go2_apportation_orchestrator/lib/python3.10/site-packages:/workspace/repo/install_container/go2_apportation_msgs/local/lib/python3.10/dist-packages:${PYTHONPATH} ROS_PACKAGE_PATH=/workspace/repo/install_container/go2_apportation_msgs/share /usr/bin/python3 -W ignore:setup.py install is deprecated -W ignore:easy_install command is deprecated setup.py egg_info --egg-base ../../build_container/go2_apportation_orchestrator build --build-base /workspace/repo/build_container/go2_apportation_orchestrator/build install --record /workspace/repo/build_container/go2_apportation_orchestrator/install.log --single-version-externally-managed install_data
[1.959s] running egg_info
[1.960s] creating ../../build_container/go2_apportation_orchestrator/go2_apportation_orchestrator.egg-info
[1.960s] writing ../../build_container/go2_apportation_orchestrator/go2_apportation_orchestrator.egg-info/PKG-INFO
[1.961s] writing dependency_links to ../../build_container/go2_apportation_orchestrator/go2_apportation_orchestrator.egg-info/dependency_links.txt
[1.961s] writing entry points to ../../build_container/go2_apportation_orchestrator/go2_apportation_orchestrator.egg-info/entry_points.txt
[1.962s] writing requirements to ../../build_container/go2_apportation_orchestrator/go2_apportation_orchestrator.egg-info/requires.txt
[1.962s] writing top-level names to ../../build_container/go2_apportation_orchestrator/go2_apportation_orchestrator.egg-info/top_level.txt
[1.962s] writing manifest file '../../build_container/go2_apportation_orchestrator/go2_apportation_orchestrator.egg-info/SOURCES.txt'
[1.966s] reading manifest file '../../build_container/go2_apportation_orchestrator/go2_apportation_orchestrator.egg-info/SOURCES.txt'
[1.968s] writing manifest file '../../build_container/go2_apportation_orchestrator/go2_apportation_orchestrator.egg-info/SOURCES.txt'
[1.969s] running build
[1.969s] running build_py
[1.969s] creating /workspace/repo/build_container/go2_apportation_orchestrator/build
[1.970s] creating /workspace/repo/build_container/go2_apportation_orchestrator/build/lib
[1.970s] creating /workspace/repo/build_container/go2_apportation_orchestrator/build/lib/go2_apportation_orchestrator
[1.971s] copying go2_apportation_orchestrator/transition_engine_pure.py -> /workspace/repo/build_container/go2_apportation_orchestrator/build/lib/go2_apportation_orchestrator
[1.971s] copying go2_apportation_orchestrator/state_contracts.py -> /workspace/repo/build_container/go2_apportation_orchestrator/build/lib/go2_apportation_orchestrator
[1.971s] copying go2_apportation_orchestrator/__init__.py -> /workspace/repo/build_container/go2_apportation_orchestrator/build/lib/go2_apportation_orchestrator
[1.971s] copying go2_apportation_orchestrator/transition_resolver.py -> /workspace/repo/build_container/go2_apportation_orchestrator/build/lib/go2_apportation_orchestrator
[1.972s] copying go2_apportation_orchestrator/orchestrator_runtime_core.py -> /workspace/repo/build_container/go2_apportation_orchestrator/build/lib/go2_apportation_orchestrator
[1.972s] copying go2_apportation_orchestrator/transition_spec.py -> /workspace/repo/build_container/go2_apportation_orchestrator/build/lib/go2_apportation_orchestrator
[1.973s] copying go2_apportation_orchestrator/transition_context.py -> /workspace/repo/build_container/go2_apportation_orchestrator/build/lib/go2_apportation_orchestrator
[1.973s] copying go2_apportation_orchestrator/orchestrator_node.py -> /workspace/repo/build_container/go2_apportation_orchestrator/build/lib/go2_apportation_orchestrator
[1.973s] copying go2_apportation_orchestrator/action_token_dispatcher.py -> /workspace/repo/build_container/go2_apportation_orchestrator/build/lib/go2_apportation_orchestrator
[1.974s] copying go2_apportation_orchestrator/orchestrator_runtime_node.py -> /workspace/repo/build_container/go2_apportation_orchestrator/build/lib/go2_apportation_orchestrator
[1.974s] creating /workspace/repo/build_container/go2_apportation_orchestrator/build/lib/go2_apportation_orchestrator/skills
[1.974s] copying go2_apportation_orchestrator/skills/nav2_skill_ros_client.py -> /workspace/repo/build_container/go2_apportation_orchestrator/build/lib/go2_apportation_orchestrator/skills
[1.974s] copying go2_apportation_orchestrator/skills/nav2_skill_real_client.py -> /workspace/repo/build_container/go2_apportation_orchestrator/build/lib/go2_apportation_orchestrator/skills
[1.974s] copying go2_apportation_orchestrator/skills/release_mode_constants.py -> /workspace/repo/build_container/go2_apportation_orchestrator/build/lib/go2_apportation_orchestrator/skills
[1.975s] copying go2_apportation_orchestrator/skills/nav2_skill_stub.py -> /workspace/repo/build_container/go2_apportation_orchestrator/build/lib/go2_apportation_orchestrator/skills
[1.975s] copying go2_apportation_orchestrator/skills/real_backend_placeholder.py -> /workspace/repo/build_container/go2_apportation_orchestrator/build/lib/go2_apportation_orchestrator/skills
[1.975s] copying go2_apportation_orchestrator/skills/__init__.py -> /workspace/repo/build_container/go2_apportation_orchestrator/build/lib/go2_apportation_orchestrator/skills
[1.976s] copying go2_apportation_orchestrator/skills/manipulation_skill_stub.py -> /workspace/repo/build_container/go2_apportation_orchestrator/build/lib/go2_apportation_orchestrator/skills
[1.976s] copying go2_apportation_orchestrator/skills/manipulation_skill_ros_client.py -> /workspace/repo/build_container/go2_apportation_orchestrator/build/lib/go2_apportation_orchestrator/skills
[1.976s] copying go2_apportation_orchestrator/skills/skill_bundle.py -> /workspace/repo/build_container/go2_apportation_orchestrator/build/lib/go2_apportation_orchestrator/skills
[1.976s] copying go2_apportation_orchestrator/skills/interfaces.py -> /workspace/repo/build_container/go2_apportation_orchestrator/build/lib/go2_apportation_orchestrator/skills
[1.977s] running install
[1.978s] running install_lib
[1.980s] creating /workspace/repo/install_container/go2_apportation_orchestrator/lib/python3.10/site-packages/go2_apportation_orchestrator
[1.980s] copying /workspace/repo/build_container/go2_apportation_orchestrator/build/lib/go2_apportation_orchestrator/transition_engine_pure.py -> /workspace/repo/install_container/go2_apportation_orchestrator/lib/python3.10/site-packages/go2_apportation_orchestrator
[1.981s] copying /workspace/repo/build_container/go2_apportation_orchestrator/build/lib/go2_apportation_orchestrator/state_contracts.py -> /workspace/repo/install_container/go2_apportation_orchestrator/lib/python3.10/site-packages/go2_apportation_orchestrator
[1.981s] copying /workspace/repo/build_container/go2_apportation_orchestrator/build/lib/go2_apportation_orchestrator/__init__.py -> /workspace/repo/install_container/go2_apportation_orchestrator/lib/python3.10/site-packages/go2_apportation_orchestrator
[1.981s] copying /workspace/repo/build_container/go2_apportation_orchestrator/build/lib/go2_apportation_orchestrator/transition_resolver.py -> /workspace/repo/install_container/go2_apportation_orchestrator/lib/python3.10/site-packages/go2_apportation_orchestrator
[1.986s] copying /workspace/repo/build_container/go2_apportation_orchestrator/build/lib/go2_apportation_orchestrator/orchestrator_runtime_core.py -> /workspace/repo/install_container/go2_apportation_orchestrator/lib/python3.10/site-packages/go2_apportation_orchestrator
[1.986s] copying /workspace/repo/build_container/go2_apportation_orchestrator/build/lib/go2_apportation_orchestrator/transition_spec.py -> /workspace/repo/install_container/go2_apportation_orchestrator/lib/python3.10/site-packages/go2_apportation_orchestrator
[1.986s] copying /workspace/repo/build_container/go2_apportation_orchestrator/build/lib/go2_apportation_orchestrator/transition_context.py -> /workspace/repo/install_container/go2_apportation_orchestrator/lib/python3.10/site-packages/go2_apportation_orchestrator
[1.987s] copying /workspace/repo/build_container/go2_apportation_orchestrator/build/lib/go2_apportation_orchestrator/orchestrator_node.py -> /workspace/repo/install_container/go2_apportation_orchestrator/lib/python3.10/site-packages/go2_apportation_orchestrator
[1.987s] creating /workspace/repo/install_container/go2_apportation_orchestrator/lib/python3.10/site-packages/go2_apportation_orchestrator/skills
[1.987s] copying /workspace/repo/build_container/go2_apportation_orchestrator/build/lib/go2_apportation_orchestrator/skills/nav2_skill_ros_client.py -> /workspace/repo/install_container/go2_apportation_orchestrator/lib/python3.10/site-packages/go2_apportation_orchestrator/skills
[1.987s] copying /workspace/repo/build_container/go2_apportation_orchestrator/build/lib/go2_apportation_orchestrator/skills/nav2_skill_real_client.py -> /workspace/repo/install_container/go2_apportation_orchestrator/lib/python3.10/site-packages/go2_apportation_orchestrator/skills
[1.987s] copying /workspace/repo/build_container/go2_apportation_orchestrator/build/lib/go2_apportation_orchestrator/skills/release_mode_constants.py -> /workspace/repo/install_container/go2_apportation_orchestrator/lib/python3.10/site-packages/go2_apportation_orchestrator/skills
[1.987s] copying /workspace/repo/build_container/go2_apportation_orchestrator/build/lib/go2_apportation_orchestrator/skills/nav2_skill_stub.py -> /workspace/repo/install_container/go2_apportation_orchestrator/lib/python3.10/site-packages/go2_apportation_orchestrator/skills
[1.988s] copying /workspace/repo/build_container/go2_apportation_orchestrator/build/lib/go2_apportation_orchestrator/skills/real_backend_placeholder.py -> /workspace/repo/install_container/go2_apportation_orchestrator/lib/python3.10/site-packages/go2_apportation_orchestrator/skills
[1.988s] copying /workspace/repo/build_container/go2_apportation_orchestrator/build/lib/go2_apportation_orchestrator/skills/__init__.py -> /workspace/repo/install_container/go2_apportation_orchestrator/lib/python3.10/site-packages/go2_apportation_orchestrator/skills
[1.988s] copying /workspace/repo/build_container/go2_apportation_orchestrator/build/lib/go2_apportation_orchestrator/skills/manipulation_skill_stub.py -> /workspace/repo/install_container/go2_apportation_orchestrator/lib/python3.10/site-packages/go2_apportation_orchestrator/skills
[1.988s] copying /workspace/repo/build_container/go2_apportation_orchestrator/build/lib/go2_apportation_orchestrator/skills/manipulation_skill_ros_client.py -> /workspace/repo/install_container/go2_apportation_orchestrator/lib/python3.10/site-packages/go2_apportation_orchestrator/skills
[1.988s] copying /workspace/repo/build_container/go2_apportation_orchestrator/build/lib/go2_apportation_orchestrator/skills/skill_bundle.py -> /workspace/repo/install_container/go2_apportation_orchestrator/lib/python3.10/site-packages/go2_apportation_orchestrator/skills
[1.988s] copying /workspace/repo/build_container/go2_apportation_orchestrator/build/lib/go2_apportation_orchestrator/skills/interfaces.py -> /workspace/repo/install_container/go2_apportation_orchestrator/lib/python3.10/site-packages/go2_apportation_orchestrator/skills
[1.988s] copying /workspace/repo/build_container/go2_apportation_orchestrator/build/lib/go2_apportation_orchestrator/action_token_dispatcher.py -> /workspace/repo/install_container/go2_apportation_orchestrator/lib/python3.10/site-packages/go2_apportation_orchestrator
[1.988s] copying /workspace/repo/build_container/go2_apportation_orchestrator/build/lib/go2_apportation_orchestrator/orchestrator_runtime_node.py -> /workspace/repo/install_container/go2_apportation_orchestrator/lib/python3.10/site-packages/go2_apportation_orchestrator
[1.988s] byte-compiling /workspace/repo/install_container/go2_apportation_orchestrator/lib/python3.10/site-packages/go2_apportation_orchestrator/transition_engine_pure.py to transition_engine_pure.cpython-310.pyc
[1.990s] byte-compiling /workspace/repo/install_container/go2_apportation_orchestrator/lib/python3.10/site-packages/go2_apportation_orchestrator/state_contracts.py to state_contracts.cpython-310.pyc
[1.991s] byte-compiling /workspace/repo/install_container/go2_apportation_orchestrator/lib/python3.10/site-packages/go2_apportation_orchestrator/__init__.py to __init__.cpython-310.pyc
[1.991s] byte-compiling /workspace/repo/install_container/go2_apportation_orchestrator/lib/python3.10/site-packages/go2_apportation_orchestrator/transition_resolver.py to transition_resolver.cpython-310.pyc
[1.993s] byte-compiling /workspace/repo/install_container/go2_apportation_orchestrator/lib/python3.10/site-packages/go2_apportation_orchestrator/orchestrator_runtime_core.py to orchestrator_runtime_core.cpython-310.pyc
[1.997s] byte-compiling /workspace/repo/install_container/go2_apportation_orchestrator/lib/python3.10/site-packages/go2_apportation_orchestrator/transition_spec.py to transition_spec.cpython-310.pyc
[2.003s] byte-compiling /workspace/repo/install_container/go2_apportation_orchestrator/lib/python3.10/site-packages/go2_apportation_orchestrator/transition_context.py to transition_context.cpython-310.pyc
[2.004s] byte-compiling /workspace/repo/install_container/go2_apportation_orchestrator/lib/python3.10/site-packages/go2_apportation_orchestrator/orchestrator_node.py to orchestrator_node.cpython-310.pyc
[2.005s] byte-compiling /workspace/repo/install_container/go2_apportation_orchestrator/lib/python3.10/site-packages/go2_apportation_orchestrator/skills/nav2_skill_ros_client.py to nav2_skill_ros_client.cpython-310.pyc
[2.006s] byte-compiling /workspace/repo/install_container/go2_apportation_orchestrator/lib/python3.10/site-packages/go2_apportation_orchestrator/skills/nav2_skill_real_client.py to nav2_skill_real_client.cpython-310.pyc
[2.010s] byte-compiling /workspace/repo/install_container/go2_apportation_orchestrator/lib/python3.10/site-packages/go2_apportation_orchestrator/skills/release_mode_constants.py to release_mode_constants.cpython-310.pyc
[2.011s] byte-compiling /workspace/repo/install_container/go2_apportation_orchestrator/lib/python3.10/site-packages/go2_apportation_orchestrator/skills/nav2_skill_stub.py to nav2_skill_stub.cpython-310.pyc
[2.012s] byte-compiling /workspace/repo/install_container/go2_apportation_orchestrator/lib/python3.10/site-packages/go2_apportation_orchestrator/skills/real_backend_placeholder.py to real_backend_placeholder.cpython-310.pyc
[2.013s] byte-compiling /workspace/repo/install_container/go2_apportation_orchestrator/lib/python3.10/site-packages/go2_apportation_orchestrator/skills/__init__.py to __init__.cpython-310.pyc
[2.013s] byte-compiling /workspace/repo/install_container/go2_apportation_orchestrator/lib/python3.10/site-packages/go2_apportation_orchestrator/skills/manipulation_skill_stub.py to manipulation_skill_stub.cpython-310.pyc
[2.014s] byte-compiling /workspace/repo/install_container/go2_apportation_orchestrator/lib/python3.10/site-packages/go2_apportation_orchestrator/skills/manipulation_skill_ros_client.py to manipulation_skill_ros_client.cpython-310.pyc
[2.016s] byte-compiling /workspace/repo/install_container/go2_apportation_orchestrator/lib/python3.10/site-packages/go2_apportation_orchestrator/skills/skill_bundle.py to skill_bundle.cpython-310.pyc
[2.017s] byte-compiling /workspace/repo/install_container/go2_apportation_orchestrator/lib/python3.10/site-packages/go2_apportation_orchestrator/skills/interfaces.py to interfaces.cpython-310.pyc
[2.018s] byte-compiling /workspace/repo/install_container/go2_apportation_orchestrator/lib/python3.10/site-packages/go2_apportation_orchestrator/action_token_dispatcher.py to action_token_dispatcher.cpython-310.pyc
[2.020s] byte-compiling /workspace/repo/install_container/go2_apportation_orchestrator/lib/python3.10/site-packages/go2_apportation_orchestrator/orchestrator_runtime_node.py to orchestrator_runtime_node.cpython-310.pyc
[2.022s] running install_data
[2.023s] creating /workspace/repo/install_container/go2_apportation_orchestrator/share/ament_index
[2.024s] creating /workspace/repo/install_container/go2_apportation_orchestrator/share/ament_index/resource_index
[2.024s] creating /workspace/repo/install_container/go2_apportation_orchestrator/share/ament_index/resource_index/packages
[2.025s] copying resource/go2_apportation_orchestrator -> /workspace/repo/install_container/go2_apportation_orchestrator/share/ament_index/resource_index/packages
[2.025s] copying package.xml -> /workspace/repo/install_container/go2_apportation_orchestrator/share/go2_apportation_orchestrator
[2.025s] creating /workspace/repo/install_container/go2_apportation_orchestrator/share/go2_apportation_orchestrator/behavior_trees
[2.025s] copying behavior_trees/mission_flow_stub.xml -> /workspace/repo/install_container/go2_apportation_orchestrator/share/go2_apportation_orchestrator/behavior_trees
[2.025s] running install_egg_info
[2.028s] Copying ../../build_container/go2_apportation_orchestrator/go2_apportation_orchestrator.egg-info to /workspace/repo/install_container/go2_apportation_orchestrator/lib/python3.10/site-packages/go2_apportation_orchestrator-0.0.0-py3.10.egg-info
[2.030s] running install_scripts
[2.077s] Installing orchestrator_runtime script to /workspace/repo/install_container/go2_apportation_orchestrator/lib/go2_apportation_orchestrator
[2.078s] Installing orchestrator_stub script to /workspace/repo/install_container/go2_apportation_orchestrator/lib/go2_apportation_orchestrator
[2.079s] writing list of installed files to '/workspace/repo/build_container/go2_apportation_orchestrator/install.log'
[2.159s] Invoked command in '/workspace/repo/src/go2_apportation_orchestrator' returned '0': CMAKE_PREFIX_PATH=/workspace/repo/install_container/go2_apportation_msgs LD_LIBRARY_PATH=/workspace/repo/install_container/go2_apportation_msgs/lib:${LD_LIBRARY_PATH} PKG_CONFIG_PATH=/workspace/repo/install_container/go2_apportation_msgs/lib/aarch64-linux-gnu/pkgconfig:/workspace/repo/install_container/go2_apportation_msgs/lib/pkgconfig PYTHONPATH=/workspace/repo/build_container/go2_apportation_orchestrator/prefix_override:/usr/lib/python3/dist-packages/colcon_core/task/python/colcon_distutils_commands:/workspace/repo/install_container/go2_apportation_orchestrator/lib/python3.10/site-packages:/workspace/repo/install_container/go2_apportation_msgs/local/lib/python3.10/dist-packages:${PYTHONPATH} ROS_PACKAGE_PATH=/workspace/repo/install_container/go2_apportation_msgs/share /usr/bin/python3 -W ignore:setup.py install is deprecated -W ignore:easy_install command is deprecated setup.py egg_info --egg-base ../../build_container/go2_apportation_orchestrator build --build-base /workspace/repo/build_container/go2_apportation_orchestrator/build install --record /workspace/repo/build_container/go2_apportation_orchestrator/install.log --single-version-externally-managed install_data
