[0.259s] DEBUG:colcon:Command line arguments: ['/usr/bin/colcon', '--log-base', 'log_diag2', 'build', '--build-base', 'build_diag2', '--install-base', 'install_diag2']
[0.259s] DEBUG:colcon:Parsed command line arguments: Namespace(log_base='log_diag2', log_level=None, verb_name='build', build_base='/workspace/repo/build_diag2', install_base='/workspace/repo/install_diag2', merge_install=False, symlink_install=False, test_result_base=None, continue_on_error=False, executor='parallel', parallel_workers=6, event_handlers=None, ignore_user_meta=False, metas=['./colcon.meta'], base_paths=['.'], packages_ignore=None, packages_ignore_regex=None, paths=None, packages_up_to=None, packages_up_to_regex=None, packages_above=None, packages_above_and_dependencies=None, packages_above_depth=None, packages_select_by_dep=None, packages_skip_by_dep=None, packages_skip_up_to=None, packages_select_build_failed=False, packages_skip_build_finished=False, packages_select_test_failures=False, packages_skip_test_passed=False, packages_select=None, packages_skip=None, packages_select_regex=None, packages_skip_regex=None, packages_start=None, packages_end=None, cmake_args=None, cmake_target=None, cmake_target_skip_unavailable=False, cmake_clean_cache=False, cmake_clean_first=False, cmake_force_configure=False, ament_cmake_args=None, catkin_cmake_args=None, catkin_skip_building_tests=False, mixin_files=None, mixin=None, verb_parser=<colcon_mixin.mixin.mixin_argument.MixinArgumentDecorator object at 0xffff923e1b40>, verb_extension=<colcon_core.verb.build.BuildVerb object at 0xffff92506920>, main=<bound method BuildVerb.main of <colcon_core.verb.build.BuildVerb object at 0xffff92506920>>, mixin_verb=('build',))
[0.507s] Level 1:colcon.colcon_core.package_discovery:discover_packages(colcon_meta) check parameters
[0.509s] INFO:colcon.colcon_metadata.package_discovery.colcon_meta:Using configuration from '/root/.colcon/metadata/default/Gazebo.meta'
[0.510s] INFO:colcon.colcon_metadata.package_discovery.colcon_meta:Using configuration from '/root/.colcon/metadata/default/fastdds.meta'
[0.511s] INFO:colcon.colcon_metadata.package_discovery.colcon_meta:Using configuration from '/root/.colcon/metadata/default/fastrtps.meta'
[0.511s] Level 1:colcon.colcon_core.package_discovery:discover_packages(recursive) check parameters
[0.511s] Level 1:colcon.colcon_core.package_discovery:discover_packages(ignore) check parameters
[0.511s] Level 1:colcon.colcon_core.package_discovery:discover_packages(path) check parameters
[0.511s] Level 1:colcon.colcon_core.package_discovery:discover_packages(colcon_meta) discover
[0.512s] Level 1:colcon.colcon_core.package_discovery:discover_packages(recursive) discover
[0.512s] INFO:colcon.colcon_core.package_discovery:Crawling recursively for packages in '/workspace/repo'
[0.512s] Level 1:colcon.colcon_core.package_identification:_identify(.) by extensions ['ignore', 'ignore_ament_install']
[0.512s] Level 1:colcon.colcon_core.package_identification:_identify(.) by extension 'ignore'
[0.512s] Level 1:colcon.colcon_core.package_identification:_identify(.) by extension 'ignore_ament_install'
[0.512s] Level 1:colcon.colcon_core.package_identification:_identify(.) by extensions ['colcon_pkg']
[0.513s] Level 1:colcon.colcon_core.package_identification:_identify(.) by extension 'colcon_pkg'
[0.513s] Level 1:colcon.colcon_core.package_identification:_identify(.) by extensions ['colcon_meta']
[0.513s] Level 1:colcon.colcon_core.package_identification:_identify(.) by extension 'colcon_meta'
[0.513s] Level 1:colcon.colcon_core.package_identification:_identify(.) by extensions ['ros']
[0.513s] Level 1:colcon.colcon_core.package_identification:_identify(.) by extension 'ros'
[0.538s] Level 1:colcon.colcon_core.package_identification:_identify(.) by extensions ['cmake', 'python']
[0.538s] Level 1:colcon.colcon_core.package_identification:_identify(.) by extension 'cmake'
[0.538s] Level 1:colcon.colcon_core.package_identification:_identify(.) by extension 'python'
[0.538s] Level 1:colcon.colcon_core.package_identification:_identify(.) by extensions ['python_setup_py']
[0.538s] Level 1:colcon.colcon_core.package_identification:_identify(.) by extension 'python_setup_py'
[0.539s] Level 1:colcon.colcon_core.package_identification:_identify(artifacts) by extensions ['ignore', 'ignore_ament_install']
[0.539s] Level 1:colcon.colcon_core.package_identification:_identify(artifacts) by extension 'ignore'
[0.539s] Level 1:colcon.colcon_core.package_identification:_identify(artifacts) by extension 'ignore_ament_install'
[0.539s] Level 1:colcon.colcon_core.package_identification:_identify(artifacts) by extensions ['colcon_pkg']
[0.539s] Level 1:colcon.colcon_core.package_identification:_identify(artifacts) by extension 'colcon_pkg'
[0.539s] Level 1:colcon.colcon_core.package_identification:_identify(artifacts) by extensions ['colcon_meta']
[0.540s] Level 1:colcon.colcon_core.package_identification:_identify(artifacts) by extension 'colcon_meta'
[0.540s] Level 1:colcon.colcon_core.package_identification:_identify(artifacts) by extensions ['ros']
[0.540s] Level 1:colcon.colcon_core.package_identification:_identify(artifacts) by extension 'ros'
[0.540s] Level 1:colcon.colcon_core.package_identification:_identify(artifacts) by extensions ['cmake', 'python']
[0.540s] Level 1:colcon.colcon_core.package_identification:_identify(artifacts) by extension 'cmake'
[0.540s] Level 1:colcon.colcon_core.package_identification:_identify(artifacts) by extension 'python'
[0.540s] Level 1:colcon.colcon_core.package_identification:_identify(artifacts) by extensions ['python_setup_py']
[0.540s] Level 1:colcon.colcon_core.package_identification:_identify(artifacts) by extension 'python_setup_py'
[0.540s] Level 1:colcon.colcon_core.package_identification:_identify(artifacts/checks) by extensions ['ignore', 'ignore_ament_install']
[0.541s] Level 1:colcon.colcon_core.package_identification:_identify(artifacts/checks) by extension 'ignore'
[0.541s] Level 1:colcon.colcon_core.package_identification:_identify(artifacts/checks) by extension 'ignore_ament_install'
[0.541s] Level 1:colcon.colcon_core.package_identification:_identify(artifacts/checks) by extensions ['colcon_pkg']
[0.541s] Level 1:colcon.colcon_core.package_identification:_identify(artifacts/checks) by extension 'colcon_pkg'
[0.541s] Level 1:colcon.colcon_core.package_identification:_identify(artifacts/checks) by extensions ['colcon_meta']
[0.541s] Level 1:colcon.colcon_core.package_identification:_identify(artifacts/checks) by extension 'colcon_meta'
[0.541s] Level 1:colcon.colcon_core.package_identification:_identify(artifacts/checks) by extensions ['ros']
[0.541s] Level 1:colcon.colcon_core.package_identification:_identify(artifacts/checks) by extension 'ros'
[0.541s] Level 1:colcon.colcon_core.package_identification:_identify(artifacts/checks) by extensions ['cmake', 'python']
[0.541s] Level 1:colcon.colcon_core.package_identification:_identify(artifacts/checks) by extension 'cmake'
[0.542s] Level 1:colcon.colcon_core.package_identification:_identify(artifacts/checks) by extension 'python'
[0.542s] Level 1:colcon.colcon_core.package_identification:_identify(artifacts/checks) by extensions ['python_setup_py']
[0.542s] Level 1:colcon.colcon_core.package_identification:_identify(artifacts/checks) by extension 'python_setup_py'
[0.542s] Level 1:colcon.colcon_core.package_identification:_identify(artifacts/checks/20260303_182530) by extensions ['ignore', 'ignore_ament_install']
[0.542s] Level 1:colcon.colcon_core.package_identification:_identify(artifacts/checks/20260303_182530) by extension 'ignore'
[0.542s] Level 1:colcon.colcon_core.package_identification:_identify(artifacts/checks/20260303_182530) by extension 'ignore_ament_install'
[0.542s] Level 1:colcon.colcon_core.package_identification:_identify(artifacts/checks/20260303_182530) by extensions ['colcon_pkg']
[0.542s] Level 1:colcon.colcon_core.package_identification:_identify(artifacts/checks/20260303_182530) by extension 'colcon_pkg'
[0.542s] Level 1:colcon.colcon_core.package_identification:_identify(artifacts/checks/20260303_182530) by extensions ['colcon_meta']
[0.543s] Level 1:colcon.colcon_core.package_identification:_identify(artifacts/checks/20260303_182530) by extension 'colcon_meta'
[0.543s] Level 1:colcon.colcon_core.package_identification:_identify(artifacts/checks/20260303_182530) by extensions ['ros']
[0.543s] Level 1:colcon.colcon_core.package_identification:_identify(artifacts/checks/20260303_182530) by extension 'ros'
[0.543s] Level 1:colcon.colcon_core.package_identification:_identify(artifacts/checks/20260303_182530) by extensions ['cmake', 'python']
[0.543s] Level 1:colcon.colcon_core.package_identification:_identify(artifacts/checks/20260303_182530) by extension 'cmake'
[0.543s] Level 1:colcon.colcon_core.package_identification:_identify(artifacts/checks/20260303_182530) by extension 'python'
[0.543s] Level 1:colcon.colcon_core.package_identification:_identify(artifacts/checks/20260303_182530) by extensions ['python_setup_py']
[0.543s] Level 1:colcon.colcon_core.package_identification:_identify(artifacts/checks/20260303_182530) by extension 'python_setup_py'
[0.543s] Level 1:colcon.colcon_core.package_identification:_identify(artifacts/checks/20260303_182614) by extensions ['ignore', 'ignore_ament_install']
[0.544s] Level 1:colcon.colcon_core.package_identification:_identify(artifacts/checks/20260303_182614) by extension 'ignore'
[0.544s] Level 1:colcon.colcon_core.package_identification:_identify(artifacts/checks/20260303_182614) by extension 'ignore_ament_install'
[0.544s] Level 1:colcon.colcon_core.package_identification:_identify(artifacts/checks/20260303_182614) by extensions ['colcon_pkg']
[0.544s] Level 1:colcon.colcon_core.package_identification:_identify(artifacts/checks/20260303_182614) by extension 'colcon_pkg'
[0.544s] Level 1:colcon.colcon_core.package_identification:_identify(artifacts/checks/20260303_182614) by extensions ['colcon_meta']
[0.544s] Level 1:colcon.colcon_core.package_identification:_identify(artifacts/checks/20260303_182614) by extension 'colcon_meta'
[0.544s] Level 1:colcon.colcon_core.package_identification:_identify(artifacts/checks/20260303_182614) by extensions ['ros']
[0.544s] Level 1:colcon.colcon_core.package_identification:_identify(artifacts/checks/20260303_182614) by extension 'ros'
[0.544s] Level 1:colcon.colcon_core.package_identification:_identify(artifacts/checks/20260303_182614) by extensions ['cmake', 'python']
[0.544s] Level 1:colcon.colcon_core.package_identification:_identify(artifacts/checks/20260303_182614) by extension 'cmake'
[0.545s] Level 1:colcon.colcon_core.package_identification:_identify(artifacts/checks/20260303_182614) by extension 'python'
[0.545s] Level 1:colcon.colcon_core.package_identification:_identify(artifacts/checks/20260303_182614) by extensions ['python_setup_py']
[0.545s] Level 1:colcon.colcon_core.package_identification:_identify(artifacts/checks/20260303_182614) by extension 'python_setup_py'
[0.545s] Level 1:colcon.colcon_core.package_identification:_identify(artifacts/checks/20260303_182717) by extensions ['ignore', 'ignore_ament_install']
[0.545s] Level 1:colcon.colcon_core.package_identification:_identify(artifacts/checks/20260303_182717) by extension 'ignore'
[0.545s] Level 1:colcon.colcon_core.package_identification:_identify(artifacts/checks/20260303_182717) by extension 'ignore_ament_install'
[0.545s] Level 1:colcon.colcon_core.package_identification:_identify(artifacts/checks/20260303_182717) by extensions ['colcon_pkg']
[0.545s] Level 1:colcon.colcon_core.package_identification:_identify(artifacts/checks/20260303_182717) by extension 'colcon_pkg'
[0.545s] Level 1:colcon.colcon_core.package_identification:_identify(artifacts/checks/20260303_182717) by extensions ['colcon_meta']
[0.545s] Level 1:colcon.colcon_core.package_identification:_identify(artifacts/checks/20260303_182717) by extension 'colcon_meta'
[0.546s] Level 1:colcon.colcon_core.package_identification:_identify(artifacts/checks/20260303_182717) by extensions ['ros']
[0.546s] Level 1:colcon.colcon_core.package_identification:_identify(artifacts/checks/20260303_182717) by extension 'ros'
[0.546s] Level 1:colcon.colcon_core.package_identification:_identify(artifacts/checks/20260303_182717) by extensions ['cmake', 'python']
[0.546s] Level 1:colcon.colcon_core.package_identification:_identify(artifacts/checks/20260303_182717) by extension 'cmake'
[0.546s] Level 1:colcon.colcon_core.package_identification:_identify(artifacts/checks/20260303_182717) by extension 'python'
[0.546s] Level 1:colcon.colcon_core.package_identification:_identify(artifacts/checks/20260303_182717) by extensions ['python_setup_py']
[0.546s] Level 1:colcon.colcon_core.package_identification:_identify(artifacts/checks/20260303_182717) by extension 'python_setup_py'
[0.546s] Level 1:colcon.colcon_core.package_identification:_identify(artifacts/checks/20260303_182757) by extensions ['ignore', 'ignore_ament_install']
[0.547s] Level 1:colcon.colcon_core.package_identification:_identify(artifacts/checks/20260303_182757) by extension 'ignore'
[0.547s] Level 1:colcon.colcon_core.package_identification:_identify(artifacts/checks/20260303_182757) by extension 'ignore_ament_install'
[0.547s] Level 1:colcon.colcon_core.package_identification:_identify(artifacts/checks/20260303_182757) by extensions ['colcon_pkg']
[0.547s] Level 1:colcon.colcon_core.package_identification:_identify(artifacts/checks/20260303_182757) by extension 'colcon_pkg'
[0.547s] Level 1:colcon.colcon_core.package_identification:_identify(artifacts/checks/20260303_182757) by extensions ['colcon_meta']
[0.547s] Level 1:colcon.colcon_core.package_identification:_identify(artifacts/checks/20260303_182757) by extension 'colcon_meta'
[0.547s] Level 1:colcon.colcon_core.package_identification:_identify(artifacts/checks/20260303_182757) by extensions ['ros']
[0.547s] Level 1:colcon.colcon_core.package_identification:_identify(artifacts/checks/20260303_182757) by extension 'ros'
[0.547s] Level 1:colcon.colcon_core.package_identification:_identify(artifacts/checks/20260303_182757) by extensions ['cmake', 'python']
[0.547s] Level 1:colcon.colcon_core.package_identification:_identify(artifacts/checks/20260303_182757) by extension 'cmake'
[0.548s] Level 1:colcon.colcon_core.package_identification:_identify(artifacts/checks/20260303_182757) by extension 'python'
[0.548s] Level 1:colcon.colcon_core.package_identification:_identify(artifacts/checks/20260303_182757) by extensions ['python_setup_py']
[0.548s] Level 1:colcon.colcon_core.package_identification:_identify(artifacts/checks/20260303_182757) by extension 'python_setup_py'
[0.548s] Level 1:colcon.colcon_core.package_identification:_identify(build) by extensions ['ignore', 'ignore_ament_install']
[0.548s] Level 1:colcon.colcon_core.package_identification:_identify(build) by extension 'ignore'
[0.548s] Level 1:colcon.colcon_core.package_identification:_identify(build) ignored
[0.548s] Level 1:colcon.colcon_core.package_identification:_identify(build_container) by extensions ['ignore', 'ignore_ament_install']
[0.549s] Level 1:colcon.colcon_core.package_identification:_identify(build_container) by extension 'ignore'
[0.549s] Level 1:colcon.colcon_core.package_identification:_identify(build_container) ignored
[0.549s] Level 1:colcon.colcon_core.package_identification:_identify(build_diag) by extensions ['ignore', 'ignore_ament_install']
[0.549s] Level 1:colcon.colcon_core.package_identification:_identify(build_diag) by extension 'ignore'
[0.549s] Level 1:colcon.colcon_core.package_identification:_identify(build_diag) ignored
[0.549s] Level 1:colcon.colcon_core.package_identification:_identify(build_diag2) by extensions ['ignore', 'ignore_ament_install']
[0.550s] Level 1:colcon.colcon_core.package_identification:_identify(build_diag2) by extension 'ignore'
[0.550s] Level 1:colcon.colcon_core.package_identification:_identify(build_diag2) ignored
[0.550s] Level 1:colcon.colcon_core.package_identification:_identify(config) by extensions ['ignore', 'ignore_ament_install']
[0.550s] Level 1:colcon.colcon_core.package_identification:_identify(config) by extension 'ignore'
[0.550s] Level 1:colcon.colcon_core.package_identification:_identify(config) by extension 'ignore_ament_install'
[0.550s] Level 1:colcon.colcon_core.package_identification:_identify(config) by extensions ['colcon_pkg']
[0.550s] Level 1:colcon.colcon_core.package_identification:_identify(config) by extension 'colcon_pkg'
[0.550s] Level 1:colcon.colcon_core.package_identification:_identify(config) by extensions ['colcon_meta']
[0.550s] Level 1:colcon.colcon_core.package_identification:_identify(config) by extension 'colcon_meta'
[0.551s] Level 1:colcon.colcon_core.package_identification:_identify(config) by extensions ['ros']
[0.551s] Level 1:colcon.colcon_core.package_identification:_identify(config) by extension 'ros'
[0.551s] Level 1:colcon.colcon_core.package_identification:_identify(config) by extensions ['cmake', 'python']
[0.551s] Level 1:colcon.colcon_core.package_identification:_identify(config) by extension 'cmake'
[0.551s] Level 1:colcon.colcon_core.package_identification:_identify(config) by extension 'python'
[0.551s] Level 1:colcon.colcon_core.package_identification:_identify(config) by extensions ['python_setup_py']
[0.551s] Level 1:colcon.colcon_core.package_identification:_identify(config) by extension 'python_setup_py'
[0.551s] Level 1:colcon.colcon_core.package_identification:_identify(docs) by extensions ['ignore', 'ignore_ament_install']
[0.552s] Level 1:colcon.colcon_core.package_identification:_identify(docs) by extension 'ignore'
[0.552s] Level 1:colcon.colcon_core.package_identification:_identify(docs) by extension 'ignore_ament_install'
[0.552s] Level 1:colcon.colcon_core.package_identification:_identify(docs) by extensions ['colcon_pkg']
[0.552s] Level 1:colcon.colcon_core.package_identification:_identify(docs) by extension 'colcon_pkg'
[0.552s] Level 1:colcon.colcon_core.package_identification:_identify(docs) by extensions ['colcon_meta']
[0.552s] Level 1:colcon.colcon_core.package_identification:_identify(docs) by extension 'colcon_meta'
[0.552s] Level 1:colcon.colcon_core.package_identification:_identify(docs) by extensions ['ros']
[0.552s] Level 1:colcon.colcon_core.package_identification:_identify(docs) by extension 'ros'
[0.552s] Level 1:colcon.colcon_core.package_identification:_identify(docs) by extensions ['cmake', 'python']
[0.552s] Level 1:colcon.colcon_core.package_identification:_identify(docs) by extension 'cmake'
[0.552s] Level 1:colcon.colcon_core.package_identification:_identify(docs) by extension 'python'
[0.553s] Level 1:colcon.colcon_core.package_identification:_identify(docs) by extensions ['python_setup_py']
[0.553s] Level 1:colcon.colcon_core.package_identification:_identify(docs) by extension 'python_setup_py'
[0.553s] Level 1:colcon.colcon_core.package_identification:_identify(install) by extensions ['ignore', 'ignore_ament_install']
[0.553s] Level 1:colcon.colcon_core.package_identification:_identify(install) by extension 'ignore'
[0.553s] Level 1:colcon.colcon_core.package_identification:_identify(install) ignored
[0.553s] Level 1:colcon.colcon_core.package_identification:_identify(install_container) by extensions ['ignore', 'ignore_ament_install']
[0.553s] Level 1:colcon.colcon_core.package_identification:_identify(install_container) by extension 'ignore'
[0.554s] Level 1:colcon.colcon_core.package_identification:_identify(install_container) ignored
[0.554s] Level 1:colcon.colcon_core.package_identification:_identify(install_diag) by extensions ['ignore', 'ignore_ament_install']
[0.554s] Level 1:colcon.colcon_core.package_identification:_identify(install_diag) by extension 'ignore'
[0.554s] Level 1:colcon.colcon_core.package_identification:_identify(install_diag) ignored
[0.554s] Level 1:colcon.colcon_core.package_identification:_identify(install_diag2) by extensions ['ignore', 'ignore_ament_install']
[0.554s] Level 1:colcon.colcon_core.package_identification:_identify(install_diag2) by extension 'ignore'
[0.554s] Level 1:colcon.colcon_core.package_identification:_identify(install_diag2) ignored
[0.555s] Level 1:colcon.colcon_core.package_identification:_identify(launch) by extensions ['ignore', 'ignore_ament_install']
[0.555s] Level 1:colcon.colcon_core.package_identification:_identify(launch) by extension 'ignore'
[0.555s] Level 1:colcon.colcon_core.package_identification:_identify(launch) by extension 'ignore_ament_install'
[0.555s] Level 1:colcon.colcon_core.package_identification:_identify(launch) by extensions ['colcon_pkg']
[0.555s] Level 1:colcon.colcon_core.package_identification:_identify(launch) by extension 'colcon_pkg'
[0.555s] Level 1:colcon.colcon_core.package_identification:_identify(launch) by extensions ['colcon_meta']
[0.555s] Level 1:colcon.colcon_core.package_identification:_identify(launch) by extension 'colcon_meta'
[0.555s] Level 1:colcon.colcon_core.package_identification:_identify(launch) by extensions ['ros']
[0.555s] Level 1:colcon.colcon_core.package_identification:_identify(launch) by extension 'ros'
[0.556s] Level 1:colcon.colcon_core.package_identification:_identify(launch) by extensions ['cmake', 'python']
[0.556s] Level 1:colcon.colcon_core.package_identification:_identify(launch) by extension 'cmake'
[0.556s] Level 1:colcon.colcon_core.package_identification:_identify(launch) by extension 'python'
[0.556s] Level 1:colcon.colcon_core.package_identification:_identify(launch) by extensions ['python_setup_py']
[0.556s] Level 1:colcon.colcon_core.package_identification:_identify(launch) by extension 'python_setup_py'
[0.556s] Level 1:colcon.colcon_core.package_identification:_identify(launch/__pycache__) by extensions ['ignore', 'ignore_ament_install']
[0.556s] Level 1:colcon.colcon_core.package_identification:_identify(launch/__pycache__) by extension 'ignore'
[0.556s] Level 1:colcon.colcon_core.package_identification:_identify(launch/__pycache__) by extension 'ignore_ament_install'
[0.556s] Level 1:colcon.colcon_core.package_identification:_identify(launch/__pycache__) by extensions ['colcon_pkg']
[0.556s] Level 1:colcon.colcon_core.package_identification:_identify(launch/__pycache__) by extension 'colcon_pkg'
[0.557s] Level 1:colcon.colcon_core.package_identification:_identify(launch/__pycache__) by extensions ['colcon_meta']
[0.557s] Level 1:colcon.colcon_core.package_identification:_identify(launch/__pycache__) by extension 'colcon_meta'
[0.557s] Level 1:colcon.colcon_core.package_identification:_identify(launch/__pycache__) by extensions ['ros']
[0.557s] Level 1:colcon.colcon_core.package_identification:_identify(launch/__pycache__) by extension 'ros'
[0.557s] Level 1:colcon.colcon_core.package_identification:_identify(launch/__pycache__) by extensions ['cmake', 'python']
[0.557s] Level 1:colcon.colcon_core.package_identification:_identify(launch/__pycache__) by extension 'cmake'
[0.557s] Level 1:colcon.colcon_core.package_identification:_identify(launch/__pycache__) by extension 'python'
[0.557s] Level 1:colcon.colcon_core.package_identification:_identify(launch/__pycache__) by extensions ['python_setup_py']
[0.557s] Level 1:colcon.colcon_core.package_identification:_identify(launch/__pycache__) by extension 'python_setup_py'
[0.557s] Level 1:colcon.colcon_core.package_identification:_identify(log) by extensions ['ignore', 'ignore_ament_install']
[0.558s] Level 1:colcon.colcon_core.package_identification:_identify(log) by extension 'ignore'
[0.558s] Level 1:colcon.colcon_core.package_identification:_identify(log) ignored
[0.558s] Level 1:colcon.colcon_core.package_identification:_identify(log_container) by extensions ['ignore', 'ignore_ament_install']
[0.558s] Level 1:colcon.colcon_core.package_identification:_identify(log_container) by extension 'ignore'
[0.558s] Level 1:colcon.colcon_core.package_identification:_identify(log_container) ignored
[0.558s] Level 1:colcon.colcon_core.package_identification:_identify(log_diag) by extensions ['ignore', 'ignore_ament_install']
[0.558s] Level 1:colcon.colcon_core.package_identification:_identify(log_diag) by extension 'ignore'
[0.559s] Level 1:colcon.colcon_core.package_identification:_identify(log_diag) ignored
[0.559s] Level 1:colcon.colcon_core.package_identification:_identify(log_diag2) by extensions ['ignore', 'ignore_ament_install']
[0.559s] Level 1:colcon.colcon_core.package_identification:_identify(log_diag2) by extension 'ignore'
[0.559s] Level 1:colcon.colcon_core.package_identification:_identify(log_diag2) ignored
[0.559s] Level 1:colcon.colcon_core.package_identification:_identify(scripts) by extensions ['ignore', 'ignore_ament_install']
[0.559s] Level 1:colcon.colcon_core.package_identification:_identify(scripts) by extension 'ignore'
[0.559s] Level 1:colcon.colcon_core.package_identification:_identify(scripts) by extension 'ignore_ament_install'
[0.560s] Level 1:colcon.colcon_core.package_identification:_identify(scripts) by extensions ['colcon_pkg']
[0.560s] Level 1:colcon.colcon_core.package_identification:_identify(scripts) by extension 'colcon_pkg'
[0.560s] Level 1:colcon.colcon_core.package_identification:_identify(scripts) by extensions ['colcon_meta']
[0.560s] Level 1:colcon.colcon_core.package_identification:_identify(scripts) by extension 'colcon_meta'
[0.560s] Level 1:colcon.colcon_core.package_identification:_identify(scripts) by extensions ['ros']
[0.560s] Level 1:colcon.colcon_core.package_identification:_identify(scripts) by extension 'ros'
[0.560s] Level 1:colcon.colcon_core.package_identification:_identify(scripts) by extensions ['cmake', 'python']
[0.560s] Level 1:colcon.colcon_core.package_identification:_identify(scripts) by extension 'cmake'
[0.560s] Level 1:colcon.colcon_core.package_identification:_identify(scripts) by extension 'python'
[0.560s] Level 1:colcon.colcon_core.package_identification:_identify(scripts) by extensions ['python_setup_py']
[0.560s] Level 1:colcon.colcon_core.package_identification:_identify(scripts) by extension 'python_setup_py'
[0.561s] Level 1:colcon.colcon_core.package_identification:_identify(scripts/bringup) by extensions ['ignore', 'ignore_ament_install']
[0.561s] Level 1:colcon.colcon_core.package_identification:_identify(scripts/bringup) by extension 'ignore'
[0.561s] Level 1:colcon.colcon_core.package_identification:_identify(scripts/bringup) by extension 'ignore_ament_install'
[0.561s] Level 1:colcon.colcon_core.package_identification:_identify(scripts/bringup) by extensions ['colcon_pkg']
[0.561s] Level 1:colcon.colcon_core.package_identification:_identify(scripts/bringup) by extension 'colcon_pkg'
[0.561s] Level 1:colcon.colcon_core.package_identification:_identify(scripts/bringup) by extensions ['colcon_meta']
[0.561s] Level 1:colcon.colcon_core.package_identification:_identify(scripts/bringup) by extension 'colcon_meta'
[0.561s] Level 1:colcon.colcon_core.package_identification:_identify(scripts/bringup) by extensions ['ros']
[0.561s] Level 1:colcon.colcon_core.package_identification:_identify(scripts/bringup) by extension 'ros'
[0.561s] Level 1:colcon.colcon_core.package_identification:_identify(scripts/bringup) by extensions ['cmake', 'python']
[0.562s] Level 1:colcon.colcon_core.package_identification:_identify(scripts/bringup) by extension 'cmake'
[0.562s] Level 1:colcon.colcon_core.package_identification:_identify(scripts/bringup) by extension 'python'
[0.562s] Level 1:colcon.colcon_core.package_identification:_identify(scripts/bringup) by extensions ['python_setup_py']
[0.562s] Level 1:colcon.colcon_core.package_identification:_identify(scripts/bringup) by extension 'python_setup_py'
[0.562s] Level 1:colcon.colcon_core.package_identification:_identify(scripts/docker) by extensions ['ignore', 'ignore_ament_install']
[0.562s] Level 1:colcon.colcon_core.package_identification:_identify(scripts/docker) by extension 'ignore'
[0.562s] Level 1:colcon.colcon_core.package_identification:_identify(scripts/docker) by extension 'ignore_ament_install'
[0.562s] Level 1:colcon.colcon_core.package_identification:_identify(scripts/docker) by extensions ['colcon_pkg']
[0.562s] Level 1:colcon.colcon_core.package_identification:_identify(scripts/docker) by extension 'colcon_pkg'
[0.562s] Level 1:colcon.colcon_core.package_identification:_identify(scripts/docker) by extensions ['colcon_meta']
[0.563s] Level 1:colcon.colcon_core.package_identification:_identify(scripts/docker) by extension 'colcon_meta'
[0.563s] Level 1:colcon.colcon_core.package_identification:_identify(scripts/docker) by extensions ['ros']
[0.563s] Level 1:colcon.colcon_core.package_identification:_identify(scripts/docker) by extension 'ros'
[0.563s] Level 1:colcon.colcon_core.package_identification:_identify(scripts/docker) by extensions ['cmake', 'python']
[0.563s] Level 1:colcon.colcon_core.package_identification:_identify(scripts/docker) by extension 'cmake'
[0.563s] Level 1:colcon.colcon_core.package_identification:_identify(scripts/docker) by extension 'python'
[0.563s] Level 1:colcon.colcon_core.package_identification:_identify(scripts/docker) by extensions ['python_setup_py']
[0.563s] Level 1:colcon.colcon_core.package_identification:_identify(scripts/docker) by extension 'python_setup_py'
[0.563s] Level 1:colcon.colcon_core.package_identification:_identify(scripts/rtabmap) by extensions ['ignore', 'ignore_ament_install']
[0.564s] Level 1:colcon.colcon_core.package_identification:_identify(scripts/rtabmap) by extension 'ignore'
[0.564s] Level 1:colcon.colcon_core.package_identification:_identify(scripts/rtabmap) by extension 'ignore_ament_install'
[0.564s] Level 1:colcon.colcon_core.package_identification:_identify(scripts/rtabmap) by extensions ['colcon_pkg']
[0.564s] Level 1:colcon.colcon_core.package_identification:_identify(scripts/rtabmap) by extension 'colcon_pkg'
[0.564s] Level 1:colcon.colcon_core.package_identification:_identify(scripts/rtabmap) by extensions ['colcon_meta']
[0.564s] Level 1:colcon.colcon_core.package_identification:_identify(scripts/rtabmap) by extension 'colcon_meta'
[0.564s] Level 1:colcon.colcon_core.package_identification:_identify(scripts/rtabmap) by extensions ['ros']
[0.564s] Level 1:colcon.colcon_core.package_identification:_identify(scripts/rtabmap) by extension 'ros'
[0.564s] Level 1:colcon.colcon_core.package_identification:_identify(scripts/rtabmap) by extensions ['cmake', 'python']
[0.564s] Level 1:colcon.colcon_core.package_identification:_identify(scripts/rtabmap) by extension 'cmake'
[0.564s] Level 1:colcon.colcon_core.package_identification:_identify(scripts/rtabmap) by extension 'python'
[0.564s] Level 1:colcon.colcon_core.package_identification:_identify(scripts/rtabmap) by extensions ['python_setup_py']
[0.565s] Level 1:colcon.colcon_core.package_identification:_identify(scripts/rtabmap) by extension 'python_setup_py'
[0.565s] Level 1:colcon.colcon_core.package_identification:_identify(src) by extensions ['ignore', 'ignore_ament_install']
[0.565s] Level 1:colcon.colcon_core.package_identification:_identify(src) by extension 'ignore'
[0.565s] Level 1:colcon.colcon_core.package_identification:_identify(src) by extension 'ignore_ament_install'
[0.565s] Level 1:colcon.colcon_core.package_identification:_identify(src) by extensions ['colcon_pkg']
[0.565s] Level 1:colcon.colcon_core.package_identification:_identify(src) by extension 'colcon_pkg'
[0.565s] Level 1:colcon.colcon_core.package_identification:_identify(src) by extensions ['colcon_meta']
[0.565s] Level 1:colcon.colcon_core.package_identification:_identify(src) by extension 'colcon_meta'
[0.565s] Level 1:colcon.colcon_core.package_identification:_identify(src) by extensions ['ros']
[0.565s] Level 1:colcon.colcon_core.package_identification:_identify(src) by extension 'ros'
[0.566s] Level 1:colcon.colcon_core.package_identification:_identify(src) by extensions ['cmake', 'python']
[0.566s] Level 1:colcon.colcon_core.package_identification:_identify(src) by extension 'cmake'
[0.566s] Level 1:colcon.colcon_core.package_identification:_identify(src) by extension 'python'
[0.566s] Level 1:colcon.colcon_core.package_identification:_identify(src) by extensions ['python_setup_py']
[0.566s] Level 1:colcon.colcon_core.package_identification:_identify(src) by extension 'python_setup_py'
[0.566s] Level 1:colcon.colcon_core.package_identification:_identify(src/go2_apportation_mocks) by extensions ['ignore', 'ignore_ament_install']
[0.566s] Level 1:colcon.colcon_core.package_identification:_identify(src/go2_apportation_mocks) by extension 'ignore'
[0.566s] Level 1:colcon.colcon_core.package_identification:_identify(src/go2_apportation_mocks) by extension 'ignore_ament_install'
[0.566s] Level 1:colcon.colcon_core.package_identification:_identify(src/go2_apportation_mocks) by extensions ['colcon_pkg']
[0.567s] Level 1:colcon.colcon_core.package_identification:_identify(src/go2_apportation_mocks) by extension 'colcon_pkg'
[0.567s] Level 1:colcon.colcon_core.package_identification:_identify(src/go2_apportation_mocks) by extensions ['colcon_meta']
[0.567s] Level 1:colcon.colcon_core.package_identification:_identify(src/go2_apportation_mocks) by extension 'colcon_meta'
[0.567s] Level 1:colcon.colcon_core.package_identification:_identify(src/go2_apportation_mocks) by extensions ['ros']
[0.567s] Level 1:colcon.colcon_core.package_identification:_identify(src/go2_apportation_mocks) by extension 'ros'
[0.572s] DEBUG:colcon.colcon_core.package_identification:Package 'src/go2_apportation_mocks' with type 'ros.ament_python' and name 'go2_apportation_mocks'
[0.572s] Level 1:colcon.colcon_core.package_identification:_identify(src/go2_apportation_msgs) by extensions ['ignore', 'ignore_ament_install']
[0.572s] Level 1:colcon.colcon_core.package_identification:_identify(src/go2_apportation_msgs) by extension 'ignore'
[0.573s] Level 1:colcon.colcon_core.package_identification:_identify(src/go2_apportation_msgs) by extension 'ignore_ament_install'
[0.573s] Level 1:colcon.colcon_core.package_identification:_identify(src/go2_apportation_msgs) by extensions ['colcon_pkg']
[0.573s] Level 1:colcon.colcon_core.package_identification:_identify(src/go2_apportation_msgs) by extension 'colcon_pkg'
[0.573s] Level 1:colcon.colcon_core.package_identification:_identify(src/go2_apportation_msgs) by extensions ['colcon_meta']
[0.573s] Level 1:colcon.colcon_core.package_identification:_identify(src/go2_apportation_msgs) by extension 'colcon_meta'
[0.573s] Level 1:colcon.colcon_core.package_identification:_identify(src/go2_apportation_msgs) by extensions ['ros']
[0.573s] Level 1:colcon.colcon_core.package_identification:_identify(src/go2_apportation_msgs) by extension 'ros'
[0.575s] DEBUG:colcon.colcon_core.package_identification:Package 'src/go2_apportation_msgs' with type 'ros.catkin' and name 'go2_apportation_msgs'
[0.575s] Level 1:colcon.colcon_core.package_identification:_identify(src/go2_apportation_orchestrator) by extensions ['ignore', 'ignore_ament_install']
[0.575s] Level 1:colcon.colcon_core.package_identification:_identify(src/go2_apportation_orchestrator) by extension 'ignore'
[0.575s] Level 1:colcon.colcon_core.package_identification:_identify(src/go2_apportation_orchestrator) by extension 'ignore_ament_install'
[0.575s] Level 1:colcon.colcon_core.package_identification:_identify(src/go2_apportation_orchestrator) by extensions ['colcon_pkg']
[0.575s] Level 1:colcon.colcon_core.package_identification:_identify(src/go2_apportation_orchestrator) by extension 'colcon_pkg'
[0.575s] Level 1:colcon.colcon_core.package_identification:_identify(src/go2_apportation_orchestrator) by extensions ['colcon_meta']
[0.576s] Level 1:colcon.colcon_core.package_identification:_identify(src/go2_apportation_orchestrator) by extension 'colcon_meta'
[0.576s] Level 1:colcon.colcon_core.package_identification:_identify(src/go2_apportation_orchestrator) by extensions ['ros']
[0.576s] Level 1:colcon.colcon_core.package_identification:_identify(src/go2_apportation_orchestrator) by extension 'ros'
[0.577s] DEBUG:colcon.colcon_core.package_identification:Package 'src/go2_apportation_orchestrator' with type 'ros.ament_python' and name 'go2_apportation_orchestrator'
[0.577s] Level 1:colcon.colcon_core.package_identification:_identify(src/go2_tf_tools) by extensions ['ignore', 'ignore_ament_install']
[0.577s] Level 1:colcon.colcon_core.package_identification:_identify(src/go2_tf_tools) by extension 'ignore'
[0.577s] Level 1:colcon.colcon_core.package_identification:_identify(src/go2_tf_tools) by extension 'ignore_ament_install'
[0.577s] Level 1:colcon.colcon_core.package_identification:_identify(src/go2_tf_tools) by extensions ['colcon_pkg']
[0.577s] Level 1:colcon.colcon_core.package_identification:_identify(src/go2_tf_tools) by extension 'colcon_pkg'
[0.577s] Level 1:colcon.colcon_core.package_identification:_identify(src/go2_tf_tools) by extensions ['colcon_meta']
[0.577s] Level 1:colcon.colcon_core.package_identification:_identify(src/go2_tf_tools) by extension 'colcon_meta'
[0.578s] Level 1:colcon.colcon_core.package_identification:_identify(src/go2_tf_tools) by extensions ['ros']
[0.578s] Level 1:colcon.colcon_core.package_identification:_identify(src/go2_tf_tools) by extension 'ros'
[0.579s] DEBUG:colcon.colcon_core.package_identification:Package 'src/go2_tf_tools' with type 'ros.ament_python' and name 'go2_tf_tools'
[0.579s] Level 1:colcon.colcon_core.package_identification:_identify(tests) by extensions ['ignore', 'ignore_ament_install']
[0.579s] Level 1:colcon.colcon_core.package_identification:_identify(tests) by extension 'ignore'
[0.579s] Level 1:colcon.colcon_core.package_identification:_identify(tests) by extension 'ignore_ament_install'
[0.579s] Level 1:colcon.colcon_core.package_identification:_identify(tests) by extensions ['colcon_pkg']
[0.579s] Level 1:colcon.colcon_core.package_identification:_identify(tests) by extension 'colcon_pkg'
[0.579s] Level 1:colcon.colcon_core.package_identification:_identify(tests) by extensions ['colcon_meta']
[0.579s] Level 1:colcon.colcon_core.package_identification:_identify(tests) by extension 'colcon_meta'
[0.580s] Level 1:colcon.colcon_core.package_identification:_identify(tests) by extensions ['ros']
[0.580s] Level 1:colcon.colcon_core.package_identification:_identify(tests) by extension 'ros'
[0.580s] Level 1:colcon.colcon_core.package_identification:_identify(tests) by extensions ['cmake', 'python']
[0.580s] Level 1:colcon.colcon_core.package_identification:_identify(tests) by extension 'cmake'
[0.580s] Level 1:colcon.colcon_core.package_identification:_identify(tests) by extension 'python'
[0.580s] Level 1:colcon.colcon_core.package_identification:_identify(tests) by extensions ['python_setup_py']
[0.580s] Level 1:colcon.colcon_core.package_identification:_identify(tests) by extension 'python_setup_py'
[0.580s] Level 1:colcon.colcon_core.package_identification:_identify(tests/__pycache__) by extensions ['ignore', 'ignore_ament_install']
[0.580s] Level 1:colcon.colcon_core.package_identification:_identify(tests/__pycache__) by extension 'ignore'
[0.581s] Level 1:colcon.colcon_core.package_identification:_identify(tests/__pycache__) by extension 'ignore_ament_install'
[0.581s] Level 1:colcon.colcon_core.package_identification:_identify(tests/__pycache__) by extensions ['colcon_pkg']
[0.581s] Level 1:colcon.colcon_core.package_identification:_identify(tests/__pycache__) by extension 'colcon_pkg'
[0.581s] Level 1:colcon.colcon_core.package_identification:_identify(tests/__pycache__) by extensions ['colcon_meta']
[0.581s] Level 1:colcon.colcon_core.package_identification:_identify(tests/__pycache__) by extension 'colcon_meta'
[0.581s] Level 1:colcon.colcon_core.package_identification:_identify(tests/__pycache__) by extensions ['ros']
[0.581s] Level 1:colcon.colcon_core.package_identification:_identify(tests/__pycache__) by extension 'ros'
[0.581s] Level 1:colcon.colcon_core.package_identification:_identify(tests/__pycache__) by extensions ['cmake', 'python']
[0.581s] Level 1:colcon.colcon_core.package_identification:_identify(tests/__pycache__) by extension 'cmake'
[0.581s] Level 1:colcon.colcon_core.package_identification:_identify(tests/__pycache__) by extension 'python'
[0.581s] Level 1:colcon.colcon_core.package_identification:_identify(tests/__pycache__) by extensions ['python_setup_py']
[0.582s] Level 1:colcon.colcon_core.package_identification:_identify(tests/__pycache__) by extension 'python_setup_py'
[0.582s] Level 1:colcon.colcon_core.package_discovery:discover_packages(recursive) using defaults
[0.582s] Level 1:colcon.colcon_core.package_discovery:discover_packages(ignore) discover
[0.582s] Level 1:colcon.colcon_core.package_discovery:discover_packages(ignore) using defaults
[0.582s] Level 1:colcon.colcon_core.package_discovery:discover_packages(path) discover
[0.582s] Level 1:colcon.colcon_core.package_discovery:discover_packages(path) using defaults
[0.627s] Level 5:colcon.colcon_core.verb:set package 'go2_apportation_msgs' build argument 'cmake_args' from command line to 'None'
[0.627s] Level 5:colcon.colcon_core.verb:set package 'go2_apportation_msgs' build argument 'cmake_target' from command line to 'None'
[0.627s] Level 5:colcon.colcon_core.verb:set package 'go2_apportation_msgs' build argument 'cmake_target_skip_unavailable' from command line to 'False'
[0.627s] Level 5:colcon.colcon_core.verb:set package 'go2_apportation_msgs' build argument 'cmake_clean_cache' from command line to 'False'
[0.627s] Level 5:colcon.colcon_core.verb:set package 'go2_apportation_msgs' build argument 'cmake_clean_first' from command line to 'False'
[0.627s] Level 5:colcon.colcon_core.verb:set package 'go2_apportation_msgs' build argument 'cmake_force_configure' from command line to 'False'
[0.627s] Level 5:colcon.colcon_core.verb:set package 'go2_apportation_msgs' build argument 'ament_cmake_args' from command line to 'None'
[0.627s] Level 5:colcon.colcon_core.verb:set package 'go2_apportation_msgs' build argument 'catkin_cmake_args' from command line to 'None'
[0.628s] Level 5:colcon.colcon_core.verb:set package 'go2_apportation_msgs' build argument 'catkin_skip_building_tests' from command line to 'False'
[0.628s] DEBUG:colcon.colcon_core.verb:Building package 'go2_apportation_msgs' with the following arguments: {'ament_cmake_args': None, 'build_base': '/workspace/repo/build_diag2/go2_apportation_msgs', 'catkin_cmake_args': None, 'catkin_skip_building_tests': False, 'cmake_args': None, 'cmake_clean_cache': False, 'cmake_clean_first': False, 'cmake_force_configure': False, 'cmake_target': None, 'cmake_target_skip_unavailable': False, 'install_base': '/workspace/repo/install_diag2/go2_apportation_msgs', 'merge_install': False, 'path': '/workspace/repo/src/go2_apportation_msgs', 'symlink_install': False, 'test_result_base': None}
[0.628s] Level 5:colcon.colcon_core.verb:set package 'go2_tf_tools' build argument 'cmake_args' from command line to 'None'
[0.628s] Level 5:colcon.colcon_core.verb:set package 'go2_tf_tools' build argument 'cmake_target' from command line to 'None'
[0.628s] Level 5:colcon.colcon_core.verb:set package 'go2_tf_tools' build argument 'cmake_target_skip_unavailable' from command line to 'False'
[0.628s] Level 5:colcon.colcon_core.verb:set package 'go2_tf_tools' build argument 'cmake_clean_cache' from command line to 'False'
[0.629s] Level 5:colcon.colcon_core.verb:set package 'go2_tf_tools' build argument 'cmake_clean_first' from command line to 'False'
[0.629s] Level 5:colcon.colcon_core.verb:set package 'go2_tf_tools' build argument 'cmake_force_configure' from command line to 'False'
[0.629s] Level 5:colcon.colcon_core.verb:set package 'go2_tf_tools' build argument 'ament_cmake_args' from command line to 'None'
[0.629s] Level 5:colcon.colcon_core.verb:set package 'go2_tf_tools' build argument 'catkin_cmake_args' from command line to 'None'
[0.629s] Level 5:colcon.colcon_core.verb:set package 'go2_tf_tools' build argument 'catkin_skip_building_tests' from command line to 'False'
[0.629s] DEBUG:colcon.colcon_core.verb:Building package 'go2_tf_tools' with the following arguments: {'ament_cmake_args': None, 'build_base': '/workspace/repo/build_diag2/go2_tf_tools', 'catkin_cmake_args': None, 'catkin_skip_building_tests': False, 'cmake_args': None, 'cmake_clean_cache': False, 'cmake_clean_first': False, 'cmake_force_configure': False, 'cmake_target': None, 'cmake_target_skip_unavailable': False, 'install_base': '/workspace/repo/install_diag2/go2_tf_tools', 'merge_install': False, 'path': '/workspace/repo/src/go2_tf_tools', 'symlink_install': False, 'test_result_base': None}
[0.629s] Level 5:colcon.colcon_core.verb:set package 'go2_apportation_mocks' build argument 'cmake_args' from command line to 'None'
[0.629s] Level 5:colcon.colcon_core.verb:set package 'go2_apportation_mocks' build argument 'cmake_target' from command line to 'None'
[0.630s] Level 5:colcon.colcon_core.verb:set package 'go2_apportation_mocks' build argument 'cmake_target_skip_unavailable' from command line to 'False'
[0.630s] Level 5:colcon.colcon_core.verb:set package 'go2_apportation_mocks' build argument 'cmake_clean_cache' from command line to 'False'
[0.630s] Level 5:colcon.colcon_core.verb:set package 'go2_apportation_mocks' build argument 'cmake_clean_first' from command line to 'False'
[0.630s] Level 5:colcon.colcon_core.verb:set package 'go2_apportation_mocks' build argument 'cmake_force_configure' from command line to 'False'
[0.630s] Level 5:colcon.colcon_core.verb:set package 'go2_apportation_mocks' build argument 'ament_cmake_args' from command line to 'None'
[0.630s] Level 5:colcon.colcon_core.verb:set package 'go2_apportation_mocks' build argument 'catkin_cmake_args' from command line to 'None'
[0.630s] Level 5:colcon.colcon_core.verb:set package 'go2_apportation_mocks' build argument 'catkin_skip_building_tests' from command line to 'False'
[0.630s] DEBUG:colcon.colcon_core.verb:Building package 'go2_apportation_mocks' with the following arguments: {'ament_cmake_args': None, 'build_base': '/workspace/repo/build_diag2/go2_apportation_mocks', 'catkin_cmake_args': None, 'catkin_skip_building_tests': False, 'cmake_args': None, 'cmake_clean_cache': False, 'cmake_clean_first': False, 'cmake_force_configure': False, 'cmake_target': None, 'cmake_target_skip_unavailable': False, 'install_base': '/workspace/repo/install_diag2/go2_apportation_mocks', 'merge_install': False, 'path': '/workspace/repo/src/go2_apportation_mocks', 'symlink_install': False, 'test_result_base': None}
[0.631s] Level 5:colcon.colcon_core.verb:set package 'go2_apportation_orchestrator' build argument 'cmake_args' from command line to 'None'
[0.631s] Level 5:colcon.colcon_core.verb:set package 'go2_apportation_orchestrator' build argument 'cmake_target' from command line to 'None'
[0.631s] Level 5:colcon.colcon_core.verb:set package 'go2_apportation_orchestrator' build argument 'cmake_target_skip_unavailable' from command line to 'False'
[0.631s] Level 5:colcon.colcon_core.verb:set package 'go2_apportation_orchestrator' build argument 'cmake_clean_cache' from command line to 'False'
[0.631s] Level 5:colcon.colcon_core.verb:set package 'go2_apportation_orchestrator' build argument 'cmake_clean_first' from command line to 'False'
[0.631s] Level 5:colcon.colcon_core.verb:set package 'go2_apportation_orchestrator' build argument 'cmake_force_configure' from command line to 'False'
[0.631s] Level 5:colcon.colcon_core.verb:set package 'go2_apportation_orchestrator' build argument 'ament_cmake_args' from command line to 'None'
[0.631s] Level 5:colcon.colcon_core.verb:set package 'go2_apportation_orchestrator' build argument 'catkin_cmake_args' from command line to 'None'
[0.631s] Level 5:colcon.colcon_core.verb:set package 'go2_apportation_orchestrator' build argument 'catkin_skip_building_tests' from command line to 'False'
[0.631s] DEBUG:colcon.colcon_core.verb:Building package 'go2_apportation_orchestrator' with the following arguments: {'ament_cmake_args': None, 'build_base': '/workspace/repo/build_diag2/go2_apportation_orchestrator', 'catkin_cmake_args': None, 'catkin_skip_building_tests': False, 'cmake_args': None, 'cmake_clean_cache': False, 'cmake_clean_first': False, 'cmake_force_configure': False, 'cmake_target': None, 'cmake_target_skip_unavailable': False, 'install_base': '/workspace/repo/install_diag2/go2_apportation_orchestrator', 'merge_install': False, 'path': '/workspace/repo/src/go2_apportation_orchestrator', 'symlink_install': False, 'test_result_base': None}
[0.631s] INFO:colcon.colcon_core.executor:Executing jobs using 'parallel' executor
[0.634s] DEBUG:colcon.colcon_parallel_executor.executor.parallel:run_until_complete
[0.635s] INFO:colcon.colcon_ros.task.catkin.build:Building ROS package in '/workspace/repo/src/go2_apportation_msgs' with build type 'catkin'
[0.635s] INFO:colcon.colcon_cmake.task.cmake.build:Building CMake package in '/workspace/repo/src/go2_apportation_msgs'
[0.640s] INFO:colcon.colcon_core.plugin_system:Skipping extension 'colcon_core.shell.bat': Not used on non-Windows systems
[0.640s] INFO:colcon.colcon_core.shell:Skip shell extension 'powershell' for command environment: Not usable outside of PowerShell
[0.640s] DEBUG:colcon.colcon_core.shell:Skip shell extension 'dsv' for command environment
[0.650s] INFO:colcon.colcon_ros.task.ament_python.build:Building ROS package in '/workspace/repo/src/go2_tf_tools' with build type 'ament_python'
[0.650s] Level 1:colcon.colcon_core.shell:create_environment_hook('go2_tf_tools', 'ament_prefix_path')
[0.651s] INFO:colcon.colcon_core.shell:Creating environment hook '/workspace/repo/install_diag2/go2_tf_tools/share/go2_tf_tools/hook/ament_prefix_path.ps1'
[0.653s] INFO:colcon.colcon_core.shell:Creating environment descriptor '/workspace/repo/install_diag2/go2_tf_tools/share/go2_tf_tools/hook/ament_prefix_path.dsv'
[0.653s] INFO:colcon.colcon_core.shell:Creating environment hook '/workspace/repo/install_diag2/go2_tf_tools/share/go2_tf_tools/hook/ament_prefix_path.sh'
[0.655s] INFO:colcon.colcon_core.shell:Skip shell extension 'powershell' for command environment: Not usable outside of PowerShell
[0.655s] DEBUG:colcon.colcon_core.shell:Skip shell extension 'dsv' for command environment
[0.666s] DEBUG:colcon.colcon_core.event_handler.log_command:Invoking command in '/workspace/repo/build_diag2/go2_apportation_msgs': /usr/bin/cmake /workspace/repo/src/go2_apportation_msgs -DCATKIN_INSTALL_INTO_PREFIX_ROOT=0 -DCMAKE_INSTALL_PREFIX=/workspace/repo/install_diag2/go2_apportation_msgs
[1.106s] INFO:colcon.colcon_core.task.python.build:Building Python package in '/workspace/repo/src/go2_tf_tools'
[1.107s] INFO:colcon.colcon_core.shell:Skip shell extension 'powershell' for command environment: Not usable outside of PowerShell
[1.107s] DEBUG:colcon.colcon_core.shell:Skip shell extension 'dsv' for command environment
[1.735s] DEBUG:colcon.colcon_core.event_handler.log_command:Invoking command in '/workspace/repo/src/go2_tf_tools': PYTHONPATH=/workspace/repo/build_diag2/go2_tf_tools/prefix_override:/usr/lib/python3/dist-packages/colcon_core/task/python/colcon_distutils_commands:/workspace/repo/install_diag2/go2_tf_tools/lib/python3.10/site-packages:${PYTHONPATH} /usr/bin/python3 -W ignore:setup.py install is deprecated -W ignore:easy_install command is deprecated setup.py egg_info --egg-base ../../build_diag2/go2_tf_tools build --build-base /workspace/repo/build_diag2/go2_tf_tools/build install --record /workspace/repo/build_diag2/go2_tf_tools/install.log --single-version-externally-managed install_data
[2.267s] DEBUG:colcon.colcon_core.event_handler.log_command:Invoked command in '/workspace/repo/src/go2_tf_tools' returned '0': PYTHONPATH=/workspace/repo/build_diag2/go2_tf_tools/prefix_override:/usr/lib/python3/dist-packages/colcon_core/task/python/colcon_distutils_commands:/workspace/repo/install_diag2/go2_tf_tools/lib/python3.10/site-packages:${PYTHONPATH} /usr/bin/python3 -W ignore:setup.py install is deprecated -W ignore:easy_install command is deprecated setup.py egg_info --egg-base ../../build_diag2/go2_tf_tools build --build-base /workspace/repo/build_diag2/go2_tf_tools/build install --record /workspace/repo/build_diag2/go2_tf_tools/install.log --single-version-externally-managed install_data
[2.272s] Level 1:colcon.colcon_core.environment:checking '/workspace/repo/install_diag2/go2_tf_tools' for CMake module files
[2.273s] Level 1:colcon.colcon_core.environment:checking '/workspace/repo/install_diag2/go2_tf_tools' for CMake config files
[2.274s] Level 1:colcon.colcon_core.environment:checking '/workspace/repo/install_diag2/go2_tf_tools/lib'
[2.275s] Level 1:colcon.colcon_core.environment:checking '/workspace/repo/install_diag2/go2_tf_tools/bin'
[2.275s] Level 1:colcon.colcon_core.environment:checking '/workspace/repo/install_diag2/go2_tf_tools/lib/pkgconfig/go2_tf_tools.pc'
[2.275s] Level 1:colcon.colcon_core.environment:checking '/workspace/repo/install_diag2/go2_tf_tools/lib/python3.10/site-packages'
[2.276s] Level 1:colcon.colcon_core.shell:create_environment_hook('go2_tf_tools', 'pythonpath')
[2.276s] INFO:colcon.colcon_core.shell:Creating environment hook '/workspace/repo/install_diag2/go2_tf_tools/share/go2_tf_tools/hook/pythonpath.ps1'
[2.277s] INFO:colcon.colcon_core.shell:Creating environment descriptor '/workspace/repo/install_diag2/go2_tf_tools/share/go2_tf_tools/hook/pythonpath.dsv'
[2.278s] INFO:colcon.colcon_core.shell:Creating environment hook '/workspace/repo/install_diag2/go2_tf_tools/share/go2_tf_tools/hook/pythonpath.sh'
[2.280s] Level 1:colcon.colcon_core.environment:checking '/workspace/repo/install_diag2/go2_tf_tools/bin'
[2.280s] Level 1:colcon.colcon_core.environment:create_environment_scripts_only(go2_tf_tools)
[2.281s] INFO:colcon.colcon_core.shell:Creating package script '/workspace/repo/install_diag2/go2_tf_tools/share/go2_tf_tools/package.ps1'
[2.283s] INFO:colcon.colcon_core.shell:Creating package descriptor '/workspace/repo/install_diag2/go2_tf_tools/share/go2_tf_tools/package.dsv'
[2.284s] INFO:colcon.colcon_core.shell:Creating package script '/workspace/repo/install_diag2/go2_tf_tools/share/go2_tf_tools/package.sh'
[2.286s] INFO:colcon.colcon_core.shell:Creating package script '/workspace/repo/install_diag2/go2_tf_tools/share/go2_tf_tools/package.bash'
[2.288s] INFO:colcon.colcon_core.shell:Creating package script '/workspace/repo/install_diag2/go2_tf_tools/share/go2_tf_tools/package.zsh'
[2.289s] Level 1:colcon.colcon_core.environment:create_file_with_runtime_dependencies(/workspace/repo/install_diag2/go2_tf_tools/share/colcon-core/packages/go2_tf_tools)
[4.034s] DEBUG:colcon.colcon_core.event_handler.log_command:Invoked command in '/workspace/repo/build_diag2/go2_apportation_msgs' returned '0': /usr/bin/cmake /workspace/repo/src/go2_apportation_msgs -DCATKIN_INSTALL_INTO_PREFIX_ROOT=0 -DCMAKE_INSTALL_PREFIX=/workspace/repo/install_diag2/go2_apportation_msgs
[4.037s] DEBUG:colcon.colcon_core.event_handler.log_command:Invoking command in '/workspace/repo/build_diag2/go2_apportation_msgs': /usr/bin/cmake --build /workspace/repo/build_diag2/go2_apportation_msgs -- -j6 -l6
[16.986s] DEBUG:colcon.colcon_core.event_handler.log_command:Invoked command in '/workspace/repo/build_diag2/go2_apportation_msgs' returned '0': /usr/bin/cmake --build /workspace/repo/build_diag2/go2_apportation_msgs -- -j6 -l6
[17.005s] DEBUG:colcon.colcon_core.event_handler.log_command:Invoking command in '/workspace/repo/build_diag2/go2_apportation_msgs': /usr/bin/cmake --install /workspace/repo/build_diag2/go2_apportation_msgs
[17.203s] DEBUG:colcon.colcon_core.event_handler.log_command:Invoked command in '/workspace/repo/build_diag2/go2_apportation_msgs' returned '0': /usr/bin/cmake --install /workspace/repo/build_diag2/go2_apportation_msgs
[17.204s] Level 1:colcon.colcon_core.shell:create_environment_hook('go2_apportation_msgs', 'ros_package_path')
[17.205s] INFO:colcon.colcon_core.shell:Creating environment hook '/workspace/repo/install_diag2/go2_apportation_msgs/share/go2_apportation_msgs/hook/ros_package_path.ps1'
[17.206s] INFO:colcon.colcon_core.shell:Creating environment descriptor '/workspace/repo/install_diag2/go2_apportation_msgs/share/go2_apportation_msgs/hook/ros_package_path.dsv'
[17.207s] INFO:colcon.colcon_core.shell:Creating environment hook '/workspace/repo/install_diag2/go2_apportation_msgs/share/go2_apportation_msgs/hook/ros_package_path.sh'
[17.208s] Level 1:colcon.colcon_ros.task.catkin:checking '/workspace/repo/install_diag2/go2_apportation_msgs/local/lib/python3.10/dist-packages'
[17.208s] Level 1:colcon.colcon_core.shell:create_environment_hook('go2_apportation_msgs', 'catkin_pythonpath')
[17.208s] INFO:colcon.colcon_core.shell:Creating environment hook '/workspace/repo/install_diag2/go2_apportation_msgs/share/go2_apportation_msgs/hook/catkin_pythonpath.ps1'
[17.209s] INFO:colcon.colcon_core.shell:Creating environment descriptor '/workspace/repo/install_diag2/go2_apportation_msgs/share/go2_apportation_msgs/hook/catkin_pythonpath.dsv'
[17.210s] INFO:colcon.colcon_core.shell:Creating environment hook '/workspace/repo/install_diag2/go2_apportation_msgs/share/go2_apportation_msgs/hook/catkin_pythonpath.sh'
[17.210s] Level 1:colcon.colcon_core.shell:create_environment_hook('go2_apportation_msgs', 'pkg_config_path')
[17.211s] INFO:colcon.colcon_core.shell:Creating environment hook '/workspace/repo/install_diag2/go2_apportation_msgs/share/go2_apportation_msgs/hook/pkg_config_path.ps1'
[17.212s] INFO:colcon.colcon_core.shell:Creating environment descriptor '/workspace/repo/install_diag2/go2_apportation_msgs/share/go2_apportation_msgs/hook/pkg_config_path.dsv'
[17.212s] INFO:colcon.colcon_core.shell:Creating environment hook '/workspace/repo/install_diag2/go2_apportation_msgs/share/go2_apportation_msgs/hook/pkg_config_path.sh'
[17.216s] Level 1:colcon.colcon_core.shell:create_environment_hook('go2_apportation_msgs', 'pkg_config_path_multiarch')
[17.217s] INFO:colcon.colcon_core.shell:Creating environment hook '/workspace/repo/install_diag2/go2_apportation_msgs/share/go2_apportation_msgs/hook/pkg_config_path_multiarch.ps1'
[17.217s] INFO:colcon.colcon_core.shell:Creating environment descriptor '/workspace/repo/install_diag2/go2_apportation_msgs/share/go2_apportation_msgs/hook/pkg_config_path_multiarch.dsv'
[17.218s] INFO:colcon.colcon_core.shell:Creating environment hook '/workspace/repo/install_diag2/go2_apportation_msgs/share/go2_apportation_msgs/hook/pkg_config_path_multiarch.sh'
[17.220s] Level 1:colcon.colcon_core.environment:create_environment_scripts_only(go2_apportation_msgs)
[17.221s] Level 1:colcon.colcon_core.environment:checking '/workspace/repo/install_diag2/go2_apportation_msgs' for CMake module files
[17.222s] Level 1:colcon.colcon_core.environment:checking '/workspace/repo/install_diag2/go2_apportation_msgs' for CMake config files
[17.223s] Level 1:colcon.colcon_core.shell:create_environment_hook('go2_apportation_msgs', 'cmake_prefix_path')
[17.224s] INFO:colcon.colcon_core.shell:Creating environment hook '/workspace/repo/install_diag2/go2_apportation_msgs/share/go2_apportation_msgs/hook/cmake_prefix_path.ps1'
[17.225s] INFO:colcon.colcon_core.shell:Creating environment descriptor '/workspace/repo/install_diag2/go2_apportation_msgs/share/go2_apportation_msgs/hook/cmake_prefix_path.dsv'
[17.226s] INFO:colcon.colcon_core.shell:Creating environment hook '/workspace/repo/install_diag2/go2_apportation_msgs/share/go2_apportation_msgs/hook/cmake_prefix_path.sh'
[17.227s] Level 1:colcon.colcon_core.environment:checking '/workspace/repo/install_diag2/go2_apportation_msgs/lib'
[17.227s] Level 1:colcon.colcon_core.shell:create_environment_hook('go2_apportation_msgs', 'ld_library_path_lib')
[17.227s] INFO:colcon.colcon_core.shell:Creating environment hook '/workspace/repo/install_diag2/go2_apportation_msgs/share/go2_apportation_msgs/hook/ld_library_path_lib.ps1'
[17.228s] INFO:colcon.colcon_core.shell:Creating environment descriptor '/workspace/repo/install_diag2/go2_apportation_msgs/share/go2_apportation_msgs/hook/ld_library_path_lib.dsv'
[17.229s] INFO:colcon.colcon_core.shell:Creating environment hook '/workspace/repo/install_diag2/go2_apportation_msgs/share/go2_apportation_msgs/hook/ld_library_path_lib.sh'
[17.229s] Level 1:colcon.colcon_core.environment:checking '/workspace/repo/install_diag2/go2_apportation_msgs/bin'
[17.230s] Level 1:colcon.colcon_core.environment:checking '/workspace/repo/install_diag2/go2_apportation_msgs/lib/pkgconfig/go2_apportation_msgs.pc'
[17.230s] Level 1:colcon.colcon_core.environment:checking '/workspace/repo/install_diag2/go2_apportation_msgs/lib/python3.10/site-packages'
[17.231s] Level 1:colcon.colcon_core.environment:checking '/workspace/repo/install_diag2/go2_apportation_msgs/bin'
[17.232s] INFO:colcon.colcon_core.shell:Creating package script '/workspace/repo/install_diag2/go2_apportation_msgs/share/go2_apportation_msgs/package.ps1'
[17.233s] INFO:colcon.colcon_core.shell:Creating package descriptor '/workspace/repo/install_diag2/go2_apportation_msgs/share/go2_apportation_msgs/package.dsv'
[17.234s] INFO:colcon.colcon_core.shell:Creating package script '/workspace/repo/install_diag2/go2_apportation_msgs/share/go2_apportation_msgs/package.sh'
[17.235s] INFO:colcon.colcon_core.shell:Creating package script '/workspace/repo/install_diag2/go2_apportation_msgs/share/go2_apportation_msgs/package.bash'
[17.236s] INFO:colcon.colcon_core.shell:Creating package script '/workspace/repo/install_diag2/go2_apportation_msgs/share/go2_apportation_msgs/package.zsh'
[17.237s] Level 1:colcon.colcon_core.environment:create_file_with_runtime_dependencies(/workspace/repo/install_diag2/go2_apportation_msgs/share/colcon-core/packages/go2_apportation_msgs)
[17.238s] INFO:colcon.colcon_ros.task.ament_python.build:Building ROS package in '/workspace/repo/src/go2_apportation_mocks' with build type 'ament_python'
[17.238s] Level 1:colcon.colcon_core.shell:create_environment_hook('go2_apportation_mocks', 'ament_prefix_path')
[17.239s] INFO:colcon.colcon_core.shell:Creating environment hook '/workspace/repo/install_diag2/go2_apportation_mocks/share/go2_apportation_mocks/hook/ament_prefix_path.ps1'
[17.241s] INFO:colcon.colcon_core.shell:Creating environment descriptor '/workspace/repo/install_diag2/go2_apportation_mocks/share/go2_apportation_mocks/hook/ament_prefix_path.dsv'
[17.241s] INFO:colcon.colcon_core.shell:Creating environment hook '/workspace/repo/install_diag2/go2_apportation_mocks/share/go2_apportation_mocks/hook/ament_prefix_path.sh'
[17.242s] INFO:colcon.colcon_core.shell:Skip shell extension 'powershell' for command environment: Not usable outside of PowerShell
[17.242s] DEBUG:colcon.colcon_core.shell:Skip shell extension 'dsv' for command environment
[17.247s] INFO:colcon.colcon_ros.task.ament_python.build:Building ROS package in '/workspace/repo/src/go2_apportation_orchestrator' with build type 'ament_python'
[17.247s] Level 1:colcon.colcon_core.shell:create_environment_hook('go2_apportation_orchestrator', 'ament_prefix_path')
[17.248s] INFO:colcon.colcon_core.shell:Creating environment hook '/workspace/repo/install_diag2/go2_apportation_orchestrator/share/go2_apportation_orchestrator/hook/ament_prefix_path.ps1'
[17.249s] INFO:colcon.colcon_core.shell:Creating environment descriptor '/workspace/repo/install_diag2/go2_apportation_orchestrator/share/go2_apportation_orchestrator/hook/ament_prefix_path.dsv'
[17.250s] INFO:colcon.colcon_core.shell:Creating environment hook '/workspace/repo/install_diag2/go2_apportation_orchestrator/share/go2_apportation_orchestrator/hook/ament_prefix_path.sh'
[17.251s] INFO:colcon.colcon_core.shell:Skip shell extension 'powershell' for command environment: Not usable outside of PowerShell
[17.251s] DEBUG:colcon.colcon_core.shell:Skip shell extension 'dsv' for command environment
[17.677s] INFO:colcon.colcon_core.task.python.build:Building Python package in '/workspace/repo/src/go2_apportation_mocks'
[17.678s] INFO:colcon.colcon_core.shell:Skip shell extension 'powershell' for command environment: Not usable outside of PowerShell
[17.678s] DEBUG:colcon.colcon_core.shell:Skip shell extension 'dsv' for command environment
[18.119s] INFO:colcon.colcon_core.task.python.build:Building Python package in '/workspace/repo/src/go2_apportation_orchestrator'
[18.120s] INFO:colcon.colcon_core.shell:Skip shell extension 'powershell' for command environment: Not usable outside of PowerShell
[18.120s] DEBUG:colcon.colcon_core.shell:Skip shell extension 'dsv' for command environment
[18.754s] DEBUG:colcon.colcon_core.event_handler.log_command:Invoking command in '/workspace/repo/src/go2_apportation_orchestrator': CMAKE_PREFIX_PATH=/workspace/repo/install_diag2/go2_apportation_msgs LD_LIBRARY_PATH=/workspace/repo/install_diag2/go2_apportation_msgs/lib:${LD_LIBRARY_PATH} PKG_CONFIG_PATH=/workspace/repo/install_diag2/go2_apportation_msgs/lib/aarch64-linux-gnu/pkgconfig:/workspace/repo/install_diag2/go2_apportation_msgs/lib/pkgconfig PYTHONPATH=/workspace/repo/build_diag2/go2_apportation_orchestrator/prefix_override:/usr/lib/python3/dist-packages/colcon_core/task/python/colcon_distutils_commands:/workspace/repo/install_diag2/go2_apportation_orchestrator/lib/python3.10/site-packages:/workspace/repo/install_diag2/go2_apportation_msgs/local/lib/python3.10/dist-packages:${PYTHONPATH} ROS_PACKAGE_PATH=/workspace/repo/install_diag2/go2_apportation_msgs/share /usr/bin/python3 -W ignore:setup.py install is deprecated -W ignore:easy_install command is deprecated setup.py egg_info --egg-base ../../build_diag2/go2_apportation_orchestrator build --build-base /workspace/repo/build_diag2/go2_apportation_orchestrator/build install --record /workspace/repo/build_diag2/go2_apportation_orchestrator/install.log --single-version-externally-managed install_data
[18.784s] DEBUG:colcon.colcon_core.event_handler.log_command:Invoking command in '/workspace/repo/src/go2_apportation_mocks': CMAKE_PREFIX_PATH=/workspace/repo/install_diag2/go2_apportation_msgs LD_LIBRARY_PATH=/workspace/repo/install_diag2/go2_apportation_msgs/lib:${LD_LIBRARY_PATH} PKG_CONFIG_PATH=/workspace/repo/install_diag2/go2_apportation_msgs/lib/aarch64-linux-gnu/pkgconfig:/workspace/repo/install_diag2/go2_apportation_msgs/lib/pkgconfig PYTHONPATH=/workspace/repo/build_diag2/go2_apportation_mocks/prefix_override:/usr/lib/python3/dist-packages/colcon_core/task/python/colcon_distutils_commands:/workspace/repo/install_diag2/go2_apportation_mocks/lib/python3.10/site-packages:/workspace/repo/install_diag2/go2_apportation_msgs/local/lib/python3.10/dist-packages:${PYTHONPATH} ROS_PACKAGE_PATH=/workspace/repo/install_diag2/go2_apportation_msgs/share /usr/bin/python3 -W ignore:setup.py install is deprecated -W ignore:easy_install command is deprecated setup.py egg_info --egg-base ../../build_diag2/go2_apportation_mocks build --build-base /workspace/repo/build_diag2/go2_apportation_mocks/build install --record /workspace/repo/build_diag2/go2_apportation_mocks/install.log --single-version-externally-managed install_data
[19.309s] Level 1:colcon.colcon_core.environment:checking '/workspace/repo/install_diag2/go2_apportation_mocks' for CMake module files
[19.310s] DEBUG:colcon.colcon_core.event_handler.log_command:Invoked command in '/workspace/repo/src/go2_apportation_mocks' returned '0': CMAKE_PREFIX_PATH=/workspace/repo/install_diag2/go2_apportation_msgs LD_LIBRARY_PATH=/workspace/repo/install_diag2/go2_apportation_msgs/lib:${LD_LIBRARY_PATH} PKG_CONFIG_PATH=/workspace/repo/install_diag2/go2_apportation_msgs/lib/aarch64-linux-gnu/pkgconfig:/workspace/repo/install_diag2/go2_apportation_msgs/lib/pkgconfig PYTHONPATH=/workspace/repo/build_diag2/go2_apportation_mocks/prefix_override:/usr/lib/python3/dist-packages/colcon_core/task/python/colcon_distutils_commands:/workspace/repo/install_diag2/go2_apportation_mocks/lib/python3.10/site-packages:/workspace/repo/install_diag2/go2_apportation_msgs/local/lib/python3.10/dist-packages:${PYTHONPATH} ROS_PACKAGE_PATH=/workspace/repo/install_diag2/go2_apportation_msgs/share /usr/bin/python3 -W ignore:setup.py install is deprecated -W ignore:easy_install command is deprecated setup.py egg_info --egg-base ../../build_diag2/go2_apportation_mocks build --build-base /workspace/repo/build_diag2/go2_apportation_mocks/build install --record /workspace/repo/build_diag2/go2_apportation_mocks/install.log --single-version-externally-managed install_data
[19.311s] Level 1:colcon.colcon_core.environment:checking '/workspace/repo/install_diag2/go2_apportation_mocks' for CMake config files
[19.312s] Level 1:colcon.colcon_core.environment:checking '/workspace/repo/install_diag2/go2_apportation_mocks/lib'
[19.312s] Level 1:colcon.colcon_core.environment:checking '/workspace/repo/install_diag2/go2_apportation_mocks/bin'
[19.312s] Level 1:colcon.colcon_core.environment:checking '/workspace/repo/install_diag2/go2_apportation_mocks/lib/pkgconfig/go2_apportation_mocks.pc'
[19.313s] Level 1:colcon.colcon_core.environment:checking '/workspace/repo/install_diag2/go2_apportation_mocks/lib/python3.10/site-packages'
[19.313s] Level 1:colcon.colcon_core.shell:create_environment_hook('go2_apportation_mocks', 'pythonpath')
[19.314s] INFO:colcon.colcon_core.shell:Creating environment hook '/workspace/repo/install_diag2/go2_apportation_mocks/share/go2_apportation_mocks/hook/pythonpath.ps1'
[19.315s] INFO:colcon.colcon_core.shell:Creating environment descriptor '/workspace/repo/install_diag2/go2_apportation_mocks/share/go2_apportation_mocks/hook/pythonpath.dsv'
[19.316s] INFO:colcon.colcon_core.shell:Creating environment hook '/workspace/repo/install_diag2/go2_apportation_mocks/share/go2_apportation_mocks/hook/pythonpath.sh'
[19.317s] Level 1:colcon.colcon_core.environment:checking '/workspace/repo/install_diag2/go2_apportation_mocks/bin'
[19.318s] Level 1:colcon.colcon_core.environment:create_environment_scripts_only(go2_apportation_mocks)
[19.318s] INFO:colcon.colcon_core.shell:Creating package script '/workspace/repo/install_diag2/go2_apportation_mocks/share/go2_apportation_mocks/package.ps1'
[19.320s] INFO:colcon.colcon_core.shell:Creating package descriptor '/workspace/repo/install_diag2/go2_apportation_mocks/share/go2_apportation_mocks/package.dsv'
[19.321s] INFO:colcon.colcon_core.shell:Creating package script '/workspace/repo/install_diag2/go2_apportation_mocks/share/go2_apportation_mocks/package.sh'
[19.322s] INFO:colcon.colcon_core.shell:Creating package script '/workspace/repo/install_diag2/go2_apportation_mocks/share/go2_apportation_mocks/package.bash'
[19.322s] INFO:colcon.colcon_core.shell:Creating package script '/workspace/repo/install_diag2/go2_apportation_mocks/share/go2_apportation_mocks/package.zsh'
[19.323s] Level 1:colcon.colcon_core.environment:create_file_with_runtime_dependencies(/workspace/repo/install_diag2/go2_apportation_mocks/share/colcon-core/packages/go2_apportation_mocks)
[19.339s] Level 1:colcon.colcon_core.environment:checking '/workspace/repo/install_diag2/go2_apportation_orchestrator' for CMake module files
[19.340s] DEBUG:colcon.colcon_core.event_handler.log_command:Invoked command in '/workspace/repo/src/go2_apportation_orchestrator' returned '0': CMAKE_PREFIX_PATH=/workspace/repo/install_diag2/go2_apportation_msgs LD_LIBRARY_PATH=/workspace/repo/install_diag2/go2_apportation_msgs/lib:${LD_LIBRARY_PATH} PKG_CONFIG_PATH=/workspace/repo/install_diag2/go2_apportation_msgs/lib/aarch64-linux-gnu/pkgconfig:/workspace/repo/install_diag2/go2_apportation_msgs/lib/pkgconfig PYTHONPATH=/workspace/repo/build_diag2/go2_apportation_orchestrator/prefix_override:/usr/lib/python3/dist-packages/colcon_core/task/python/colcon_distutils_commands:/workspace/repo/install_diag2/go2_apportation_orchestrator/lib/python3.10/site-packages:/workspace/repo/install_diag2/go2_apportation_msgs/local/lib/python3.10/dist-packages:${PYTHONPATH} ROS_PACKAGE_PATH=/workspace/repo/install_diag2/go2_apportation_msgs/share /usr/bin/python3 -W ignore:setup.py install is deprecated -W ignore:easy_install command is deprecated setup.py egg_info --egg-base ../../build_diag2/go2_apportation_orchestrator build --build-base /workspace/repo/build_diag2/go2_apportation_orchestrator/build install --record /workspace/repo/build_diag2/go2_apportation_orchestrator/install.log --single-version-externally-managed install_data
[19.341s] Level 1:colcon.colcon_core.environment:checking '/workspace/repo/install_diag2/go2_apportation_orchestrator' for CMake config files
[19.343s] Level 1:colcon.colcon_core.environment:checking '/workspace/repo/install_diag2/go2_apportation_orchestrator/lib'
[19.343s] Level 1:colcon.colcon_core.environment:checking '/workspace/repo/install_diag2/go2_apportation_orchestrator/bin'
[19.343s] Level 1:colcon.colcon_core.environment:checking '/workspace/repo/install_diag2/go2_apportation_orchestrator/lib/pkgconfig/go2_apportation_orchestrator.pc'
[19.344s] Level 1:colcon.colcon_core.environment:checking '/workspace/repo/install_diag2/go2_apportation_orchestrator/lib/python3.10/site-packages'
[19.344s] Level 1:colcon.colcon_core.shell:create_environment_hook('go2_apportation_orchestrator', 'pythonpath')
[19.345s] INFO:colcon.colcon_core.shell:Creating environment hook '/workspace/repo/install_diag2/go2_apportation_orchestrator/share/go2_apportation_orchestrator/hook/pythonpath.ps1'
[19.346s] INFO:colcon.colcon_core.shell:Creating environment descriptor '/workspace/repo/install_diag2/go2_apportation_orchestrator/share/go2_apportation_orchestrator/hook/pythonpath.dsv'
[19.347s] INFO:colcon.colcon_core.shell:Creating environment hook '/workspace/repo/install_diag2/go2_apportation_orchestrator/share/go2_apportation_orchestrator/hook/pythonpath.sh'
[19.349s] Level 1:colcon.colcon_core.environment:checking '/workspace/repo/install_diag2/go2_apportation_orchestrator/bin'
[19.349s] Level 1:colcon.colcon_core.environment:create_environment_scripts_only(go2_apportation_orchestrator)
[19.350s] INFO:colcon.colcon_core.shell:Creating package script '/workspace/repo/install_diag2/go2_apportation_orchestrator/share/go2_apportation_orchestrator/package.ps1'
[19.351s] INFO:colcon.colcon_core.shell:Creating package descriptor '/workspace/repo/install_diag2/go2_apportation_orchestrator/share/go2_apportation_orchestrator/package.dsv'
[19.352s] INFO:colcon.colcon_core.shell:Creating package script '/workspace/repo/install_diag2/go2_apportation_orchestrator/share/go2_apportation_orchestrator/package.sh'
[19.353s] INFO:colcon.colcon_core.shell:Creating package script '/workspace/repo/install_diag2/go2_apportation_orchestrator/share/go2_apportation_orchestrator/package.bash'
[19.354s] INFO:colcon.colcon_core.shell:Creating package script '/workspace/repo/install_diag2/go2_apportation_orchestrator/share/go2_apportation_orchestrator/package.zsh'
[19.354s] Level 1:colcon.colcon_core.environment:create_file_with_runtime_dependencies(/workspace/repo/install_diag2/go2_apportation_orchestrator/share/colcon-core/packages/go2_apportation_orchestrator)
[19.355s] DEBUG:colcon.colcon_parallel_executor.executor.parallel:closing loop
[19.356s] DEBUG:colcon.colcon_parallel_executor.executor.parallel:loop closed
[19.356s] DEBUG:colcon.colcon_parallel_executor.executor.parallel:run_until_complete finished with '0'
[19.356s] DEBUG:colcon.colcon_core.event_reactor:joining thread
[19.368s] INFO:colcon.colcon_core.plugin_system:Skipping extension 'colcon_notification.desktop_notification.notify_send': Could not find 'notify-send'
[19.369s] INFO:colcon.colcon_core.plugin_system:Skipping extension 'colcon_notification.desktop_notification.terminal_notifier': Not used on non-Darwin systems
[19.369s] INFO:colcon.colcon_core.plugin_system:Skipping extension 'colcon_notification.desktop_notification.win32': Not used on non-Windows systems
[19.369s] INFO:colcon.colcon_notification.desktop_notification:Sending desktop notification using 'notify2'
[19.369s] DEBUG:colcon.colcon_notification.desktop_notification.notify2:Failed to initialize notify2: org.freedesktop.DBus.Error.NotSupported: Unable to autolaunch a dbus-daemon without a $DISPLAY for X11
[19.369s] DEBUG:colcon.colcon_core.event_reactor:joined thread
[19.370s] INFO:colcon.colcon_core.shell:Creating prefix script '/workspace/repo/install_diag2/local_setup.ps1'
[19.373s] INFO:colcon.colcon_core.shell:Creating prefix util module '/workspace/repo/install_diag2/_local_setup_util_ps1.py'
[19.376s] INFO:colcon.colcon_core.shell:Creating prefix chain script '/workspace/repo/install_diag2/setup.ps1'
[19.378s] INFO:colcon.colcon_core.shell:Creating prefix script '/workspace/repo/install_diag2/local_setup.sh'
[19.379s] INFO:colcon.colcon_core.shell:Creating prefix util module '/workspace/repo/install_diag2/_local_setup_util_sh.py'
[19.380s] INFO:colcon.colcon_core.shell:Creating prefix chain script '/workspace/repo/install_diag2/setup.sh'
[19.382s] INFO:colcon.colcon_core.shell:Creating prefix script '/workspace/repo/install_diag2/local_setup.bash'
[19.383s] INFO:colcon.colcon_core.shell:Creating prefix chain script '/workspace/repo/install_diag2/setup.bash'
[19.385s] INFO:colcon.colcon_core.shell:Creating prefix script '/workspace/repo/install_diag2/local_setup.zsh'
[19.386s] INFO:colcon.colcon_core.shell:Creating prefix chain script '/workspace/repo/install_diag2/setup.zsh'
