[0.000000] (-) TimerEvent: {}
[0.000709] (go2_apportation_msgs) JobQueued: {'identifier': 'go2_apportation_msgs', 'dependencies': OrderedDict()}
[0.001026] (go2_description) JobQueued: {'identifier': 'go2_description', 'dependencies': OrderedDict()}
[0.001243] (go2_tf_tools) JobQueued: {'identifier': 'go2_tf_tools', 'dependencies': OrderedDict()}
[0.001344] (go2_apportation_mocks) JobQueued: {'identifier': 'go2_apportation_mocks', 'dependencies': OrderedDict([('go2_apportation_msgs', '/workspace/repo/install_container/go2_apportation_msgs')])}
[0.001527] (go2_apportation_orchestrator) JobQueued: {'identifier': 'go2_apportation_orchestrator', 'dependencies': OrderedDict([('go2_apportation_msgs', '/workspace/repo/install_container/go2_apportation_msgs')])}
[0.001635] (go2_apportation_msgs) JobStarted: {'identifier': 'go2_apportation_msgs'}
[0.016169] (go2_description) JobStarted: {'identifier': 'go2_description'}
[0.023220] (go2_tf_tools) JobStarted: {'identifier': 'go2_tf_tools'}
[0.037932] (go2_apportation_msgs) JobProgress: {'identifier': 'go2_apportation_msgs', 'progress': 'cmake'}
[0.039863] (go2_apportation_msgs) JobProgress: {'identifier': 'go2_apportation_msgs', 'progress': 'build'}
[0.041115] (go2_apportation_msgs) Command: {'cmd': ['/usr/bin/cmake', '--build', '/workspace/repo/build_container/go2_apportation_msgs', '--', '-j6', '-l6'], 'cwd': '/workspace/repo/build_container/go2_apportation_msgs', 'env': OrderedDict([('HOSTNAME', 'ubuntu'), ('SHLVL', '0'), ('LD_LIBRARY_PATH', '/opt/ros/humble/lib/aarch64-linux-gnu:/opt/ros/humble/lib'), ('HOME', '/tmp'), ('ROS_PYTHON_VERSION', '3'), ('ROS_DISTRO', 'humble'), ('_', '/usr/bin/colcon'), ('ROS_VERSION', '2'), ('ROS_LOCALHOST_ONLY', '0'), ('PATH', '/opt/ros/humble/bin:/usr/local/sbin:/usr/local/bin:/usr/sbin:/usr/bin:/sbin:/bin'), ('LANG', 'C.UTF-8'), ('AMENT_PREFIX_PATH', '/opt/ros/humble'), ('PWD', '/workspace/repo/build_container/go2_apportation_msgs'), ('LC_ALL', 'C.UTF-8'), ('PYTHONPATH', '/opt/ros/humble/lib/python3.10/site-packages:/opt/ros/humble/local/lib/python3.10/dist-packages'), ('COLCON', '1')]), 'shell': False}
[0.044236] (go2_description) JobProgress: {'identifier': 'go2_description', 'progress': 'cmake'}
[0.045024] (go2_description) JobProgress: {'identifier': 'go2_description', 'progress': 'build'}
[0.045602] (go2_description) Command: {'cmd': ['/usr/bin/cmake', '--build', '/workspace/repo/build_container/go2_description', '--', '-j6', '-l6'], 'cwd': '/workspace/repo/build_container/go2_description', 'env': OrderedDict([('HOSTNAME', 'ubuntu'), ('SHLVL', '0'), ('LD_LIBRARY_PATH', '/opt/ros/humble/lib/aarch64-linux-gnu:/opt/ros/humble/lib'), ('HOME', '/tmp'), ('ROS_PYTHON_VERSION', '3'), ('ROS_DISTRO', 'humble'), ('_', '/usr/bin/colcon'), ('ROS_VERSION', '2'), ('ROS_LOCALHOST_ONLY', '0'), ('PATH', '/opt/ros/humble/bin:/usr/local/sbin:/usr/local/bin:/usr/sbin:/usr/bin:/sbin:/bin'), ('LANG', 'C.UTF-8'), ('AMENT_PREFIX_PATH', '/opt/ros/humble'), ('PWD', '/workspace/repo/build_container/go2_description'), ('LC_ALL', 'C.UTF-8'), ('PYTHONPATH', '/opt/ros/humble/lib/python3.10/site-packages:/opt/ros/humble/local/lib/python3.10/dist-packages'), ('COLCON', '1'), ('CMAKE_PREFIX_PATH', '/opt/ros/humble')]), 'shell': False}
[0.098974] (-) TimerEvent: {}
[0.203402] (-) TimerEvent: {}
[0.303893] (-) TimerEvent: {}
[0.404257] (-) TimerEvent: {}
[0.504885] (-) TimerEvent: {}
[0.508639] (go2_apportation_msgs) StdoutLine: {'line': b'[  1%] Built target go2_apportation_msgs__cpp\n'}
[0.509010] (go2_apportation_msgs) StdoutLine: {'line': b'[  1%] Built target ament_cmake_python_copy_go2_apportation_msgs\n'}
[0.509179] (go2_apportation_msgs) StdoutLine: {'line': b'[ 12%] Built target go2_apportation_msgs__rosidl_generator_c\n'}
[0.509947] (go2_apportation_msgs) StdoutLine: {'line': b'[ 25%] Built target go2_apportation_msgs__rosidl_typesupport_introspection_cpp\n'}
[0.510129] (go2_apportation_msgs) StdoutLine: {'line': b'[ 35%] Built target go2_apportation_msgs__rosidl_typesupport_cpp\n'}
[0.510275] (go2_apportation_msgs) StdoutLine: {'line': b'[ 57%] Built target go2_apportation_msgs__rosidl_typesupport_introspection_c\n'}
[0.510440] (go2_apportation_msgs) StdoutLine: {'line': b'[ 57%] Built target go2_apportation_msgs__rosidl_typesupport_fastrtps_cpp\n'}
[0.510572] (go2_apportation_msgs) StdoutLine: {'line': b'[ 69%] Built target go2_apportation_msgs__rosidl_typesupport_fastrtps_c\n'}
[0.510699] (go2_apportation_msgs) StdoutLine: {'line': b'[ 80%] Built target go2_apportation_msgs__rosidl_typesupport_c\n'}
[0.510820] (go2_apportation_msgs) StdoutLine: {'line': b'[ 80%] Built target go2_apportation_msgs\n'}
[0.510937] (go2_apportation_msgs) StdoutLine: {'line': b'[ 81%] Built target go2_apportation_msgs__py\n'}
[0.511053] (go2_apportation_msgs) StdoutLine: {'line': b'[ 91%] Built target go2_apportation_msgs__rosidl_generator_py\n'}
[0.511168] (go2_apportation_msgs) StdoutLine: {'line': b'[100%] Built target go2_apportation_msgs__rosidl_typesupport_c__pyext\n'}
[0.511283] (go2_apportation_msgs) StdoutLine: {'line': b'[100%] Built target go2_apportation_msgs__rosidl_typesupport_fastrtps_c__pyext\n'}
[0.511397] (go2_apportation_msgs) StdoutLine: {'line': b'[100%] Built target go2_apportation_msgs__rosidl_typesupport_introspection_c__pyext\n'}
[0.511516] (go2_description) CommandEnded: {'returncode': 0}
[0.513330] (go2_description) JobProgress: {'identifier': 'go2_description', 'progress': 'install'}
[0.529540] (go2_description) Command: {'cmd': ['/usr/bin/cmake', '--install', '/workspace/repo/build_container/go2_description'], 'cwd': '/workspace/repo/build_container/go2_description', 'env': OrderedDict([('HOSTNAME', 'ubuntu'), ('SHLVL', '0'), ('LD_LIBRARY_PATH', '/opt/ros/humble/lib/aarch64-linux-gnu:/opt/ros/humble/lib'), ('HOME', '/tmp'), ('ROS_PYTHON_VERSION', '3'), ('ROS_DISTRO', 'humble'), ('_', '/usr/bin/colcon'), ('ROS_VERSION', '2'), ('ROS_LOCALHOST_ONLY', '0'), ('PATH', '/opt/ros/humble/bin:/usr/local/sbin:/usr/local/bin:/usr/sbin:/usr/bin:/sbin:/bin'), ('LANG', 'C.UTF-8'), ('AMENT_PREFIX_PATH', '/opt/ros/humble'), ('PWD', '/workspace/repo/build_container/go2_description'), ('LC_ALL', 'C.UTF-8'), ('PYTHONPATH', '/opt/ros/humble/lib/python3.10/site-packages:/opt/ros/humble/local/lib/python3.10/dist-packages'), ('COLCON', '1'), ('CMAKE_PREFIX_PATH', '/opt/ros/humble')]), 'shell': False}
[0.544648] (go2_description) StdoutLine: {'line': b'-- Install configuration: ""\n'}
[0.545976] (go2_description) StdoutLine: {'line': b'-- Up-to-date: /workspace/repo/install_container/go2_description/share/go2_description/urdf\n'}
[0.546239] (go2_description) StdoutLine: {'line': b'-- Up-to-date: /workspace/repo/install_container/go2_description/share/go2_description/urdf/go2.urdf\n'}
[0.546398] (go2_description) StdoutLine: {'line': b'-- Up-to-date: /workspace/repo/install_container/go2_description/share/go2_description/meshes\n'}
[0.546531] (go2_description) StdoutLine: {'line': b'-- Up-to-date: /workspace/repo/install_container/go2_description/share/go2_description/meshes/hip.dae\n'}
[0.546658] (go2_description) StdoutLine: {'line': b'-- Up-to-date: /workspace/repo/install_container/go2_description/share/go2_description/meshes/calf_mirror.dae\n'}
[0.546781] (go2_description) StdoutLine: {'line': b'-- Up-to-date: /workspace/repo/install_container/go2_description/share/go2_description/meshes/thigh.dae\n'}
[0.546901] (go2_description) StdoutLine: {'line': b'-- Up-to-date: /workspace/repo/install_container/go2_description/share/go2_description/meshes/trunk.dae\n'}
[0.547020] (go2_description) StdoutLine: {'line': b'-- Up-to-date: /workspace/repo/install_container/go2_description/share/go2_description/meshes/foot.dae\n'}
[0.547137] (go2_description) StdoutLine: {'line': b'-- Up-to-date: /workspace/repo/install_container/go2_description/share/go2_description/meshes/calf.dae\n'}
[0.547252] (go2_description) StdoutLine: {'line': b'-- Up-to-date: /workspace/repo/install_container/go2_description/share/go2_description/meshes/thigh_mirror.dae\n'}
[0.547370] (go2_description) StdoutLine: {'line': b'-- Up-to-date: /workspace/repo/install_container/go2_description/share/go2_description/dae\n'}
[0.547485] (go2_description) StdoutLine: {'line': b'-- Up-to-date: /workspace/repo/install_container/go2_description/share/go2_description/dae/hip.dae\n'}
[0.547653] (go2_description) StdoutLine: {'line': b'-- Up-to-date: /workspace/repo/install_container/go2_description/share/go2_description/dae/calf_mirror.dae\n'}
[0.547778] (go2_description) StdoutLine: {'line': b'-- Up-to-date: /workspace/repo/install_container/go2_description/share/go2_description/dae/base.dae\n'}
[0.547899] (go2_description) StdoutLine: {'line': b'-- Up-to-date: /workspace/repo/install_container/go2_description/share/go2_description/dae/thigh.dae\n'}
[0.548214] (go2_description) StdoutLine: {'line': b'-- Up-to-date: /workspace/repo/install_container/go2_description/share/go2_description/dae/foot.dae\n'}
[0.548630] (go2_description) StdoutLine: {'line': b'-- Up-to-date: /workspace/repo/install_container/go2_description/share/go2_description/dae/calf.dae\n'}
[0.548783] (go2_description) StdoutLine: {'line': b'-- Up-to-date: /workspace/repo/install_container/go2_description/share/go2_description/dae/thigh_mirror.dae\n'}
[0.548912] (go2_description) StdoutLine: {'line': b'-- Up-to-date: /workspace/repo/install_container/go2_description/share/go2_description/xacro\n'}
[0.549086] (go2_description) StdoutLine: {'line': b'-- Up-to-date: /workspace/repo/install_container/go2_description/share/go2_description/xacro/materials.xacro\n'}
[0.549216] (go2_description) StdoutLine: {'line': b'-- Up-to-date: /workspace/repo/install_container/go2_description/share/go2_description/xacro/robot.xacro\n'}
[0.549337] (go2_description) StdoutLine: {'line': b'-- Up-to-date: /workspace/repo/install_container/go2_description/share/go2_description/xacro/transmission.xacro\n'}
[0.549584] (go2_description) StdoutLine: {'line': b'-- Up-to-date: /workspace/repo/install_container/go2_description/share/go2_description/xacro/const.xacro\n'}
[0.549711] (go2_description) StdoutLine: {'line': b'-- Up-to-date: /workspace/repo/install_container/go2_description/share/go2_description/xacro/gazebo.xacro\n'}
[0.549833] (go2_description) StdoutLine: {'line': b'-- Up-to-date: /workspace/repo/install_container/go2_description/share/go2_description/xacro/leg.xacro\n'}
[0.549954] (go2_description) StdoutLine: {'line': b'-- Up-to-date: /workspace/repo/install_container/go2_description/share/go2_description/launch\n'}
[0.550072] (go2_description) StdoutLine: {'line': b'-- Up-to-date: /workspace/repo/install_container/go2_description/share/go2_description/launch/base_link_bridge.launch.py\n'}
[0.550190] (go2_description) StdoutLine: {'line': b'-- Up-to-date: /workspace/repo/install_container/go2_description/share/go2_description/launch/__pycache__\n'}
[0.550306] (go2_description) StdoutLine: {'line': b'-- Up-to-date: /workspace/repo/install_container/go2_description/share/go2_description/launch/__pycache__/robot_state_publisher.launch.cpython-38.pyc\n'}
[0.551681] (go2_description) StdoutLine: {'line': b'-- Up-to-date: /workspace/repo/install_container/go2_description/share/go2_description/launch/__pycache__/base_link_bridge.launch.cpython-38.pyc\n'}
[0.552214] (go2_description) StdoutLine: {'line': b'-- Up-to-date: /workspace/repo/install_container/go2_description/share/go2_description/launch/robot_state_publisher.launch.py\n'}
[0.552463] (go2_description) StdoutLine: {'line': b'-- Up-to-date: /workspace/repo/install_container/go2_description/share/ament_index/resource_index/package_run_dependencies/go2_description\n'}
[0.552717] (go2_description) StdoutLine: {'line': b'-- Up-to-date: /workspace/repo/install_container/go2_description/share/ament_index/resource_index/parent_prefix_path/go2_description\n'}
[0.552850] (go2_description) StdoutLine: {'line': b'-- Up-to-date: /workspace/repo/install_container/go2_description/share/go2_description/environment/ament_prefix_path.sh\n'}
[0.552996] (go2_description) StdoutLine: {'line': b'-- Up-to-date: /workspace/repo/install_container/go2_description/share/go2_description/environment/ament_prefix_path.dsv\n'}
[0.553116] (go2_description) StdoutLine: {'line': b'-- Up-to-date: /workspace/repo/install_container/go2_description/share/go2_description/environment/path.sh\n'}
[0.553270] (go2_description) StdoutLine: {'line': b'-- Up-to-date: /workspace/repo/install_container/go2_description/share/go2_description/environment/path.dsv\n'}
[0.553441] (go2_description) StdoutLine: {'line': b'-- Up-to-date: /workspace/repo/install_container/go2_description/share/go2_description/local_setup.bash\n'}
[0.553613] (go2_description) StdoutLine: {'line': b'-- Up-to-date: /workspace/repo/install_container/go2_description/share/go2_description/local_setup.sh\n'}
[0.553743] (go2_description) StdoutLine: {'line': b'-- Up-to-date: /workspace/repo/install_container/go2_description/share/go2_description/local_setup.zsh\n'}
[0.553859] (go2_description) StdoutLine: {'line': b'-- Up-to-date: /workspace/repo/install_container/go2_description/share/go2_description/local_setup.dsv\n'}
[0.553973] (go2_description) StdoutLine: {'line': b'-- Installing: /workspace/repo/install_container/go2_description/share/go2_description/package.dsv\n'}
[0.554808] (go2_description) StdoutLine: {'line': b'-- Up-to-date: /workspace/repo/install_container/go2_description/share/ament_index/resource_index/packages/go2_description\n'}
[0.556129] (go2_description) StdoutLine: {'line': b'-- Up-to-date: /workspace/repo/install_container/go2_description/share/go2_description/cmake/go2_descriptionConfig.cmake\n'}
[0.556308] (go2_description) StdoutLine: {'line': b'-- Up-to-date: /workspace/repo/install_container/go2_description/share/go2_description/cmake/go2_descriptionConfig-version.cmake\n'}
[0.556448] (go2_description) StdoutLine: {'line': b'-- Up-to-date: /workspace/repo/install_container/go2_description/share/go2_description/package.xml\n'}
[0.556578] (go2_description) CommandEnded: {'returncode': 0}
[0.605027] (-) TimerEvent: {}
[0.618551] (go2_description) JobEnded: {'identifier': 'go2_description', 'rc': 0}
[0.643886] (go2_apportation_msgs) StdoutLine: {'line': b'running egg_info\n'}
[0.645331] (go2_apportation_msgs) StdoutLine: {'line': b'writing go2_apportation_msgs.egg-info/PKG-INFO\n'}
[0.645936] (go2_apportation_msgs) StdoutLine: {'line': b'writing dependency_links to go2_apportation_msgs.egg-info/dependency_links.txt\n'}
[0.646349] (go2_apportation_msgs) StdoutLine: {'line': b'writing top-level names to go2_apportation_msgs.egg-info/top_level.txt\n'}
[0.651689] (go2_apportation_msgs) StdoutLine: {'line': b"reading manifest file 'go2_apportation_msgs.egg-info/SOURCES.txt'\n"}
[0.652988] (go2_apportation_msgs) StdoutLine: {'line': b"writing manifest file 'go2_apportation_msgs.egg-info/SOURCES.txt'\n"}
[0.705193] (-) TimerEvent: {}
[0.722370] (go2_apportation_msgs) StdoutLine: {'line': b'[100%] Built target ament_cmake_python_build_go2_apportation_msgs_egg\n'}
[0.745312] (go2_apportation_msgs) CommandEnded: {'returncode': 0}
[0.747864] (go2_apportation_msgs) JobProgress: {'identifier': 'go2_apportation_msgs', 'progress': 'install'}
[0.748757] (go2_apportation_msgs) Command: {'cmd': ['/usr/bin/cmake', '--install', '/workspace/repo/build_container/go2_apportation_msgs'], 'cwd': '/workspace/repo/build_container/go2_apportation_msgs', 'env': OrderedDict([('HOSTNAME', 'ubuntu'), ('SHLVL', '0'), ('LD_LIBRARY_PATH', '/opt/ros/humble/lib/aarch64-linux-gnu:/opt/ros/humble/lib'), ('HOME', '/tmp'), ('ROS_PYTHON_VERSION', '3'), ('ROS_DISTRO', 'humble'), ('_', '/usr/bin/colcon'), ('ROS_VERSION', '2'), ('ROS_LOCALHOST_ONLY', '0'), ('PATH', '/opt/ros/humble/bin:/usr/local/sbin:/usr/local/bin:/usr/sbin:/usr/bin:/sbin:/bin'), ('LANG', 'C.UTF-8'), ('AMENT_PREFIX_PATH', '/opt/ros/humble'), ('PWD', '/workspace/repo/build_container/go2_apportation_msgs'), ('LC_ALL', 'C.UTF-8'), ('PYTHONPATH', '/opt/ros/humble/lib/python3.10/site-packages:/opt/ros/humble/local/lib/python3.10/dist-packages'), ('COLCON', '1')]), 'shell': False}
[0.765245] (go2_apportation_msgs) StdoutLine: {'line': b'-- Install configuration: ""\n'}
[0.765889] (go2_apportation_msgs) StdoutLine: {'line': b'-- Up-to-date: /workspace/repo/install_container/go2_apportation_msgs/share/ament_index/resource_index/rosidl_interfaces/go2_apportation_msgs\n'}
[0.766481] (go2_apportation_msgs) StdoutLine: {'line': b'-- Up-to-date: /workspace/repo/install_container/go2_apportation_msgs/include/go2_apportation_msgs/go2_apportation_msgs\n'}
[0.766956] (go2_apportation_msgs) StdoutLine: {'line': b'-- Up-to-date: /workspace/repo/install_container/go2_apportation_msgs/include/go2_apportation_msgs/go2_apportation_msgs/msg\n'}
[0.767359] (go2_apportation_msgs) StdoutLine: {'line': b'-- Up-to-date: /workspace/repo/install_container/go2_apportation_msgs/include/go2_apportation_msgs/go2_apportation_msgs/msg/detection3_d_array.h\n'}
[0.767812] (go2_apportation_msgs) StdoutLine: {'line': b'-- Up-to-date: /workspace/repo/install_container/go2_apportation_msgs/include/go2_apportation_msgs/go2_apportation_msgs/msg/rosidl_generator_c__visibility_control.h\n'}
[0.767951] (go2_apportation_msgs) StdoutLine: {'line': b'-- Up-to-date: /workspace/repo/install_container/go2_apportation_msgs/include/go2_apportation_msgs/go2_apportation_msgs/msg/detail\n'}
[0.768074] (go2_apportation_msgs) StdoutLine: {'line': b'-- Up-to-date: /workspace/repo/install_container/go2_apportation_msgs/include/go2_apportation_msgs/go2_apportation_msgs/msg/detail/detection3_d_array__functions.h\n'}
[0.768281] (go2_apportation_msgs) StdoutLine: {'line': b'-- Up-to-date: /workspace/repo/install_container/go2_apportation_msgs/include/go2_apportation_msgs/go2_apportation_msgs/msg/detail/detection3_d_array__functions.c\n'}
[0.768401] (go2_apportation_msgs) StdoutLine: {'line': b'-- Up-to-date: /workspace/repo/install_container/go2_apportation_msgs/include/go2_apportation_msgs/go2_apportation_msgs/msg/detail/detection3_d_array__type_support.h\n'}
[0.768861] (go2_apportation_msgs) StdoutLine: {'line': b'-- Up-to-date: /workspace/repo/install_container/go2_apportation_msgs/include/go2_apportation_msgs/go2_apportation_msgs/msg/detail/object_state__type_support.h\n'}
[0.769326] (go2_apportation_msgs) StdoutLine: {'line': b'-- Up-to-date: /workspace/repo/install_container/go2_apportation_msgs/include/go2_apportation_msgs/go2_apportation_msgs/msg/detail/throw_status__struct.h\n'}
[0.769579] (go2_apportation_msgs) StdoutLine: {'line': b'-- Up-to-date: /workspace/repo/install_container/go2_apportation_msgs/include/go2_apportation_msgs/go2_apportation_msgs/msg/detail/object_state__struct.h\n'}
[0.769738] (go2_apportation_msgs) StdoutLine: {'line': b'-- Up-to-date: /workspace/repo/install_container/go2_apportation_msgs/include/go2_apportation_msgs/go2_apportation_msgs/msg/detail/throw_status__functions.h\n'}
[0.769909] (go2_apportation_msgs) StdoutLine: {'line': b'-- Up-to-date: /workspace/repo/install_container/go2_apportation_msgs/include/go2_apportation_msgs/go2_apportation_msgs/msg/detail/throw_status__functions.c\n'}
[0.770045] (go2_apportation_msgs) StdoutLine: {'line': b'-- Up-to-date: /workspace/repo/install_container/go2_apportation_msgs/include/go2_apportation_msgs/go2_apportation_msgs/msg/detail/object_state__functions.h\n'}
[0.770170] (go2_apportation_msgs) StdoutLine: {'line': b'-- Up-to-date: /workspace/repo/install_container/go2_apportation_msgs/include/go2_apportation_msgs/go2_apportation_msgs/msg/detail/throw_status__type_support.h\n'}
[0.770291] (go2_apportation_msgs) StdoutLine: {'line': b'-- Up-to-date: /workspace/repo/install_container/go2_apportation_msgs/include/go2_apportation_msgs/go2_apportation_msgs/msg/detail/detection3_d__struct.h\n'}
[0.770409] (go2_apportation_msgs) StdoutLine: {'line': b'-- Up-to-date: /workspace/repo/install_container/go2_apportation_msgs/include/go2_apportation_msgs/go2_apportation_msgs/msg/detail/detection3_d__functions.h\n'}
[0.770579] (go2_apportation_msgs) StdoutLine: {'line': b'-- Up-to-date: /workspace/repo/install_container/go2_apportation_msgs/include/go2_apportation_msgs/go2_apportation_msgs/msg/detail/object_state__functions.c\n'}
[0.770707] (go2_apportation_msgs) StdoutLine: {'line': b'-- Up-to-date: /workspace/repo/install_container/go2_apportation_msgs/include/go2_apportation_msgs/go2_apportation_msgs/msg/detail/detection3_d__type_support.h\n'}
[0.770858] (go2_apportation_msgs) StdoutLine: {'line': b'-- Up-to-date: /workspace/repo/install_container/go2_apportation_msgs/include/go2_apportation_msgs/go2_apportation_msgs/msg/detail/detection3_d_array__struct.h\n'}
[0.770984] (go2_apportation_msgs) StdoutLine: {'line': b'-- Up-to-date: /workspace/repo/install_container/go2_apportation_msgs/include/go2_apportation_msgs/go2_apportation_msgs/msg/detail/detection3_d__functions.c\n'}
[0.771108] (go2_apportation_msgs) StdoutLine: {'line': b'-- Up-to-date: /workspace/repo/install_container/go2_apportation_msgs/include/go2_apportation_msgs/go2_apportation_msgs/msg/throw_status.h\n'}
[0.771233] (go2_apportation_msgs) StdoutLine: {'line': b'-- Up-to-date: /workspace/repo/install_container/go2_apportation_msgs/include/go2_apportation_msgs/go2_apportation_msgs/msg/detection3_d.h\n'}
[0.771353] (go2_apportation_msgs) StdoutLine: {'line': b'-- Up-to-date: /workspace/repo/install_container/go2_apportation_msgs/include/go2_apportation_msgs/go2_apportation_msgs/msg/object_state.h\n'}
[0.771470] (go2_apportation_msgs) StdoutLine: {'line': b'-- Up-to-date: /workspace/repo/install_container/go2_apportation_msgs/include/go2_apportation_msgs/go2_apportation_msgs/srv\n'}
[0.771585] (go2_apportation_msgs) StdoutLine: {'line': b'-- Up-to-date: /workspace/repo/install_container/go2_apportation_msgs/include/go2_apportation_msgs/go2_apportation_msgs/srv/release_object.h\n'}
[0.771698] (go2_apportation_msgs) StdoutLine: {'line': b'-- Up-to-date: /workspace/repo/install_container/go2_apportation_msgs/include/go2_apportation_msgs/go2_apportation_msgs/srv/detail\n'}
[0.771810] (go2_apportation_msgs) StdoutLine: {'line': b'-- Up-to-date: /workspace/repo/install_container/go2_apportation_msgs/include/go2_apportation_msgs/go2_apportation_msgs/srv/detail/release_object__functions.c\n'}
[0.771925] (go2_apportation_msgs) StdoutLine: {'line': b'-- Up-to-date: /workspace/repo/install_container/go2_apportation_msgs/include/go2_apportation_msgs/go2_apportation_msgs/srv/detail/release_object__functions.h\n'}
[0.772037] (go2_apportation_msgs) StdoutLine: {'line': b'-- Up-to-date: /workspace/repo/install_container/go2_apportation_msgs/include/go2_apportation_msgs/go2_apportation_msgs/srv/detail/release_object__struct.h\n'}
[0.772153] (go2_apportation_msgs) StdoutLine: {'line': b'-- Up-to-date: /workspace/repo/install_container/go2_apportation_msgs/include/go2_apportation_msgs/go2_apportation_msgs/srv/detail/release_object__type_support.h\n'}
[0.772263] (go2_apportation_msgs) StdoutLine: {'line': b'-- Up-to-date: /workspace/repo/install_container/go2_apportation_msgs/include/go2_apportation_msgs/go2_apportation_msgs/action\n'}
[0.772378] (go2_apportation_msgs) StdoutLine: {'line': b'-- Up-to-date: /workspace/repo/install_container/go2_apportation_msgs/include/go2_apportation_msgs/go2_apportation_msgs/action/pick_object.h\n'}
[0.772492] (go2_apportation_msgs) StdoutLine: {'line': b'-- Up-to-date: /workspace/repo/install_container/go2_apportation_msgs/include/go2_apportation_msgs/go2_apportation_msgs/action/detail\n'}
[0.772606] (go2_apportation_msgs) StdoutLine: {'line': b'-- Up-to-date: /workspace/repo/install_container/go2_apportation_msgs/include/go2_apportation_msgs/go2_apportation_msgs/action/detail/pick_object__type_support.h\n'}
[0.772719] (go2_apportation_msgs) StdoutLine: {'line': b'-- Up-to-date: /workspace/repo/install_container/go2_apportation_msgs/include/go2_apportation_msgs/go2_apportation_msgs/action/detail/pick_object__functions.h\n'}
[0.772835] (go2_apportation_msgs) StdoutLine: {'line': b'-- Up-to-date: /workspace/repo/install_container/go2_apportation_msgs/include/go2_apportation_msgs/go2_apportation_msgs/action/detail/pick_object__struct.h\n'}
[0.772950] (go2_apportation_msgs) StdoutLine: {'line': b'-- Up-to-date: /workspace/repo/install_container/go2_apportation_msgs/include/go2_apportation_msgs/go2_apportation_msgs/action/detail/pick_object__functions.c\n'}
[0.773086] (go2_apportation_msgs) StdoutLine: {'line': b'-- Up-to-date: /workspace/repo/install_container/go2_apportation_msgs/share/go2_apportation_msgs/environment/library_path.sh\n'}
[0.773237] (go2_apportation_msgs) StdoutLine: {'line': b'-- Up-to-date: /workspace/repo/install_container/go2_apportation_msgs/share/go2_apportation_msgs/environment/library_path.dsv\n'}
[0.773371] (go2_apportation_msgs) StdoutLine: {'line': b'-- Up-to-date: /workspace/repo/install_container/go2_apportation_msgs/lib/libgo2_apportation_msgs__rosidl_generator_c.so\n'}
[0.773503] (go2_apportation_msgs) StdoutLine: {'line': b'-- Up-to-date: /workspace/repo/install_container/go2_apportation_msgs/include/go2_apportation_msgs/go2_apportation_msgs\n'}
[0.773620] (go2_apportation_msgs) StdoutLine: {'line': b'-- Up-to-date: /workspace/repo/install_container/go2_apportation_msgs/include/go2_apportation_msgs/go2_apportation_msgs/msg\n'}
[0.773739] (go2_apportation_msgs) StdoutLine: {'line': b'-- Up-to-date: /workspace/repo/install_container/go2_apportation_msgs/include/go2_apportation_msgs/go2_apportation_msgs/msg/rosidl_typesupport_fastrtps_c__visibility_control.h\n'}
[0.773857] (go2_apportation_msgs) StdoutLine: {'line': b'-- Up-to-date: /workspace/repo/install_container/go2_apportation_msgs/include/go2_apportation_msgs/go2_apportation_msgs/msg/detail\n'}
[0.774013] (go2_apportation_msgs) StdoutLine: {'line': b'-- Up-to-date: /workspace/repo/install_container/go2_apportation_msgs/include/go2_apportation_msgs/go2_apportation_msgs/msg/detail/object_state__rosidl_typesupport_fastrtps_c.h\n'}
[0.774141] (go2_apportation_msgs) StdoutLine: {'line': b'-- Up-to-date: /workspace/repo/install_container/go2_apportation_msgs/include/go2_apportation_msgs/go2_apportation_msgs/msg/detail/detection3_d__rosidl_typesupport_fastrtps_c.h\n'}
[0.774261] (go2_apportation_msgs) StdoutLine: {'line': b'-- Up-to-date: /workspace/repo/install_container/go2_apportation_msgs/include/go2_apportation_msgs/go2_apportation_msgs/msg/detail/throw_status__rosidl_typesupport_fastrtps_c.h\n'}
[0.774383] (go2_apportation_msgs) StdoutLine: {'line': b'-- Up-to-date: /workspace/repo/install_container/go2_apportation_msgs/include/go2_apportation_msgs/go2_apportation_msgs/msg/detail/detection3_d_array__rosidl_typesupport_fastrtps_c.h\n'}
[0.774504] (go2_apportation_msgs) StdoutLine: {'line': b'-- Up-to-date: /workspace/repo/install_container/go2_apportation_msgs/include/go2_apportation_msgs/go2_apportation_msgs/srv\n'}
[0.774618] (go2_apportation_msgs) StdoutLine: {'line': b'-- Up-to-date: /workspace/repo/install_container/go2_apportation_msgs/include/go2_apportation_msgs/go2_apportation_msgs/srv/detail\n'}
[0.774732] (go2_apportation_msgs) StdoutLine: {'line': b'-- Up-to-date: /workspace/repo/install_container/go2_apportation_msgs/include/go2_apportation_msgs/go2_apportation_msgs/srv/detail/release_object__rosidl_typesupport_fastrtps_c.h\n'}
[0.774847] (go2_apportation_msgs) StdoutLine: {'line': b'-- Up-to-date: /workspace/repo/install_container/go2_apportation_msgs/include/go2_apportation_msgs/go2_apportation_msgs/action\n'}
[0.775798] (go2_apportation_msgs) StdoutLine: {'line': b'-- Up-to-date: /workspace/repo/install_container/go2_apportation_msgs/include/go2_apportation_msgs/go2_apportation_msgs/action/detail\n'}
[0.776222] (go2_apportation_msgs) StdoutLine: {'line': b'-- Up-to-date: /workspace/repo/install_container/go2_apportation_msgs/include/go2_apportation_msgs/go2_apportation_msgs/action/detail/pick_object__rosidl_typesupport_fastrtps_c.h\n'}
[0.776375] (go2_apportation_msgs) StdoutLine: {'line': b'-- Up-to-date: /workspace/repo/install_container/go2_apportation_msgs/lib/libgo2_apportation_msgs__rosidl_typesupport_fastrtps_c.so\n'}
[0.776500] (go2_apportation_msgs) StdoutLine: {'line': b'-- Up-to-date: /workspace/repo/install_container/go2_apportation_msgs/include/go2_apportation_msgs/go2_apportation_msgs\n'}
[0.776625] (go2_apportation_msgs) StdoutLine: {'line': b'-- Up-to-date: /workspace/repo/install_container/go2_apportation_msgs/include/go2_apportation_msgs/go2_apportation_msgs/msg\n'}
[0.776744] (go2_apportation_msgs) StdoutLine: {'line': b'-- Up-to-date: /workspace/repo/install_container/go2_apportation_msgs/include/go2_apportation_msgs/go2_apportation_msgs/msg/detail\n'}
[0.776895] (go2_apportation_msgs) StdoutLine: {'line': b'-- Up-to-date: /workspace/repo/install_container/go2_apportation_msgs/include/go2_apportation_msgs/go2_apportation_msgs/msg/detail/object_state__rosidl_typesupport_introspection_c.h\n'}
[0.777025] (go2_apportation_msgs) StdoutLine: {'line': b'-- Up-to-date: /workspace/repo/install_container/go2_apportation_msgs/include/go2_apportation_msgs/go2_apportation_msgs/msg/detail/detection3_d_array__rosidl_typesupport_introspection_c.h\n'}
[0.777146] (go2_apportation_msgs) StdoutLine: {'line': b'-- Up-to-date: /workspace/repo/install_container/go2_apportation_msgs/include/go2_apportation_msgs/go2_apportation_msgs/msg/detail/throw_status__type_support.c\n'}
[0.777264] (go2_apportation_msgs) StdoutLine: {'line': b'-- Up-to-date: /workspace/repo/install_container/go2_apportation_msgs/include/go2_apportation_msgs/go2_apportation_msgs/msg/detail/throw_status__rosidl_typesupport_introspection_c.h\n'}
[0.777434] (go2_apportation_msgs) StdoutLine: {'line': b'-- Up-to-date: /workspace/repo/install_container/go2_apportation_msgs/include/go2_apportation_msgs/go2_apportation_msgs/msg/detail/detection3_d__type_support.c\n'}
[0.777579] (go2_apportation_msgs) StdoutLine: {'line': b'-- Up-to-date: /workspace/repo/install_container/go2_apportation_msgs/include/go2_apportation_msgs/go2_apportation_msgs/msg/detail/detection3_d__rosidl_typesupport_introspection_c.h\n'}
[0.777713] (go2_apportation_msgs) StdoutLine: {'line': b'-- Up-to-date: /workspace/repo/install_container/go2_apportation_msgs/include/go2_apportation_msgs/go2_apportation_msgs/msg/detail/detection3_d_array__type_support.c\n'}
[0.777837] (go2_apportation_msgs) StdoutLine: {'line': b'-- Up-to-date: /workspace/repo/install_container/go2_apportation_msgs/include/go2_apportation_msgs/go2_apportation_msgs/msg/detail/object_state__type_support.c\n'}
[0.777962] (go2_apportation_msgs) StdoutLine: {'line': b'-- Up-to-date: /workspace/repo/install_container/go2_apportation_msgs/include/go2_apportation_msgs/go2_apportation_msgs/msg/rosidl_typesupport_introspection_c__visibility_control.h\n'}
[0.778087] (go2_apportation_msgs) StdoutLine: {'line': b'-- Up-to-date: /workspace/repo/install_container/go2_apportation_msgs/include/go2_apportation_msgs/go2_apportation_msgs/srv\n'}
[0.778212] (go2_apportation_msgs) StdoutLine: {'line': b'-- Up-to-date: /workspace/repo/install_container/go2_apportation_msgs/include/go2_apportation_msgs/go2_apportation_msgs/srv/detail\n'}
[0.778329] (go2_apportation_msgs) StdoutLine: {'line': b'-- Up-to-date: /workspace/repo/install_container/go2_apportation_msgs/include/go2_apportation_msgs/go2_apportation_msgs/srv/detail/release_object__rosidl_typesupport_introspection_c.h\n'}
[0.778480] (go2_apportation_msgs) StdoutLine: {'line': b'-- Up-to-date: /workspace/repo/install_container/go2_apportation_msgs/include/go2_apportation_msgs/go2_apportation_msgs/srv/detail/release_object__type_support.c\n'}
[0.778608] (go2_apportation_msgs) StdoutLine: {'line': b'-- Up-to-date: /workspace/repo/install_container/go2_apportation_msgs/include/go2_apportation_msgs/go2_apportation_msgs/action\n'}
[0.778726] (go2_apportation_msgs) StdoutLine: {'line': b'-- Up-to-date: /workspace/repo/install_container/go2_apportation_msgs/include/go2_apportation_msgs/go2_apportation_msgs/action/detail\n'}
[0.778841] (go2_apportation_msgs) StdoutLine: {'line': b'-- Up-to-date: /workspace/repo/install_container/go2_apportation_msgs/include/go2_apportation_msgs/go2_apportation_msgs/action/detail/pick_object__rosidl_typesupport_introspection_c.h\n'}
[0.778955] (go2_apportation_msgs) StdoutLine: {'line': b'-- Up-to-date: /workspace/repo/install_container/go2_apportation_msgs/include/go2_apportation_msgs/go2_apportation_msgs/action/detail/pick_object__type_support.c\n'}
[0.779071] (go2_apportation_msgs) StdoutLine: {'line': b'-- Up-to-date: /workspace/repo/install_container/go2_apportation_msgs/lib/libgo2_apportation_msgs__rosidl_typesupport_introspection_c.so\n'}
[0.779781] (go2_apportation_msgs) StdoutLine: {'line': b'-- Up-to-date: /workspace/repo/install_container/go2_apportation_msgs/lib/libgo2_apportation_msgs__rosidl_typesupport_c.so\n'}
[0.780637] (go2_apportation_msgs) StdoutLine: {'line': b'-- Up-to-date: /workspace/repo/install_container/go2_apportation_msgs/include/go2_apportation_msgs/go2_apportation_msgs\n'}
[0.780786] (go2_apportation_msgs) StdoutLine: {'line': b'-- Up-to-date: /workspace/repo/install_container/go2_apportation_msgs/include/go2_apportation_msgs/go2_apportation_msgs/msg\n'}
[0.780918] (go2_apportation_msgs) StdoutLine: {'line': b'-- Up-to-date: /workspace/repo/install_container/go2_apportation_msgs/include/go2_apportation_msgs/go2_apportation_msgs/msg/detection3_d.hpp\n'}
[0.781048] (go2_apportation_msgs) StdoutLine: {'line': b'-- Up-to-date: /workspace/repo/install_container/go2_apportation_msgs/include/go2_apportation_msgs/go2_apportation_msgs/msg/detection3_d_array.hpp\n'}
[0.781168] (go2_apportation_msgs) StdoutLine: {'line': b'-- Up-to-date: /workspace/repo/install_container/go2_apportation_msgs/include/go2_apportation_msgs/go2_apportation_msgs/msg/detail\n'}
[0.781285] (go2_apportation_msgs) StdoutLine: {'line': b'-- Up-to-date: /workspace/repo/install_container/go2_apportation_msgs/include/go2_apportation_msgs/go2_apportation_msgs/msg/detail/detection3_d_array__type_support.hpp\n'}
[0.781457] (go2_apportation_msgs) StdoutLine: {'line': b'-- Up-to-date: /workspace/repo/install_container/go2_apportation_msgs/include/go2_apportation_msgs/go2_apportation_msgs/msg/detail/detection3_d__type_support.hpp\n'}
[0.781590] (go2_apportation_msgs) StdoutLine: {'line': b'-- Up-to-date: /workspace/repo/install_container/go2_apportation_msgs/include/go2_apportation_msgs/go2_apportation_msgs/msg/detail/throw_status__type_support.hpp\n'}
[0.781719] (go2_apportation_msgs) StdoutLine: {'line': b'-- Up-to-date: /workspace/repo/install_container/go2_apportation_msgs/include/go2_apportation_msgs/go2_apportation_msgs/msg/detail/detection3_d_array__builder.hpp\n'}
[0.781839] (go2_apportation_msgs) StdoutLine: {'line': b'-- Up-to-date: /workspace/repo/install_container/go2_apportation_msgs/include/go2_apportation_msgs/go2_apportation_msgs/msg/detail/throw_status__struct.hpp\n'}
[0.781957] (go2_apportation_msgs) StdoutLine: {'line': b'-- Up-to-date: /workspace/repo/install_container/go2_apportation_msgs/include/go2_apportation_msgs/go2_apportation_msgs/msg/detail/detection3_d__builder.hpp\n'}
[0.782108] (go2_apportation_msgs) StdoutLine: {'line': b'-- Up-to-date: /workspace/repo/install_container/go2_apportation_msgs/include/go2_apportation_msgs/go2_apportation_msgs/msg/detail/object_state__type_support.hpp\n'}
[0.782240] (go2_apportation_msgs) StdoutLine: {'line': b'-- Up-to-date: /workspace/repo/install_container/go2_apportation_msgs/include/go2_apportation_msgs/go2_apportation_msgs/msg/detail/detection3_d__struct.hpp\n'}
[0.782362] (go2_apportation_msgs) StdoutLine: {'line': b'-- Up-to-date: /workspace/repo/install_container/go2_apportation_msgs/include/go2_apportation_msgs/go2_apportation_msgs/msg/detail/detection3_d_array__traits.hpp\n'}
[0.782490] (go2_apportation_msgs) StdoutLine: {'line': b'-- Up-to-date: /workspace/repo/install_container/go2_apportation_msgs/include/go2_apportation_msgs/go2_apportation_msgs/msg/detail/throw_status__traits.hpp\n'}
[0.782613] (go2_apportation_msgs) StdoutLine: {'line': b'-- Up-to-date: /workspace/repo/install_container/go2_apportation_msgs/include/go2_apportation_msgs/go2_apportation_msgs/msg/detail/object_state__builder.hpp\n'}
[0.782737] (go2_apportation_msgs) StdoutLine: {'line': b'-- Up-to-date: /workspace/repo/install_container/go2_apportation_msgs/include/go2_apportation_msgs/go2_apportation_msgs/msg/detail/detection3_d_array__struct.hpp\n'}
[0.782860] (go2_apportation_msgs) StdoutLine: {'line': b'-- Up-to-date: /workspace/repo/install_container/go2_apportation_msgs/include/go2_apportation_msgs/go2_apportation_msgs/msg/detail/object_state__struct.hpp\n'}
[0.782979] (go2_apportation_msgs) StdoutLine: {'line': b'-- Up-to-date: /workspace/repo/install_container/go2_apportation_msgs/include/go2_apportation_msgs/go2_apportation_msgs/msg/detail/detection3_d__traits.hpp\n'}
[0.783124] (go2_apportation_msgs) StdoutLine: {'line': b'-- Up-to-date: /workspace/repo/install_container/go2_apportation_msgs/include/go2_apportation_msgs/go2_apportation_msgs/msg/detail/throw_status__builder.hpp\n'}
[0.783243] (go2_apportation_msgs) StdoutLine: {'line': b'-- Up-to-date: /workspace/repo/install_container/go2_apportation_msgs/include/go2_apportation_msgs/go2_apportation_msgs/msg/detail/object_state__traits.hpp\n'}
[0.783394] (go2_apportation_msgs) StdoutLine: {'line': b'-- Up-to-date: /workspace/repo/install_container/go2_apportation_msgs/include/go2_apportation_msgs/go2_apportation_msgs/msg/object_state.hpp\n'}
[0.783514] (go2_apportation_msgs) StdoutLine: {'line': b'-- Up-to-date: /workspace/repo/install_container/go2_apportation_msgs/include/go2_apportation_msgs/go2_apportation_msgs/msg/throw_status.hpp\n'}
[0.783635] (go2_apportation_msgs) StdoutLine: {'line': b'-- Up-to-date: /workspace/repo/install_container/go2_apportation_msgs/include/go2_apportation_msgs/go2_apportation_msgs/msg/rosidl_generator_cpp__visibility_control.hpp\n'}
[0.783754] (go2_apportation_msgs) StdoutLine: {'line': b'-- Up-to-date: /workspace/repo/install_container/go2_apportation_msgs/include/go2_apportation_msgs/go2_apportation_msgs/srv\n'}
[0.783872] (go2_apportation_msgs) StdoutLine: {'line': b'-- Up-to-date: /workspace/repo/install_container/go2_apportation_msgs/include/go2_apportation_msgs/go2_apportation_msgs/srv/release_object.hpp\n'}
[0.783991] (go2_apportation_msgs) StdoutLine: {'line': b'-- Up-to-date: /workspace/repo/install_container/go2_apportation_msgs/include/go2_apportation_msgs/go2_apportation_msgs/srv/detail\n'}
[0.784111] (go2_apportation_msgs) StdoutLine: {'line': b'-- Up-to-date: /workspace/repo/install_container/go2_apportation_msgs/include/go2_apportation_msgs/go2_apportation_msgs/srv/detail/release_object__builder.hpp\n'}
[0.784229] (go2_apportation_msgs) StdoutLine: {'line': b'-- Up-to-date: /workspace/repo/install_container/go2_apportation_msgs/include/go2_apportation_msgs/go2_apportation_msgs/srv/detail/release_object__type_support.hpp\n'}
[0.784350] (go2_apportation_msgs) StdoutLine: {'line': b'-- Up-to-date: /workspace/repo/install_container/go2_apportation_msgs/include/go2_apportation_msgs/go2_apportation_msgs/srv/detail/release_object__traits.hpp\n'}
[0.784465] (go2_apportation_msgs) StdoutLine: {'line': b'-- Up-to-date: /workspace/repo/install_container/go2_apportation_msgs/include/go2_apportation_msgs/go2_apportation_msgs/srv/detail/release_object__struct.hpp\n'}
[0.784577] (go2_apportation_msgs) StdoutLine: {'line': b'-- Up-to-date: /workspace/repo/install_container/go2_apportation_msgs/include/go2_apportation_msgs/go2_apportation_msgs/action\n'}
[0.784691] (go2_apportation_msgs) StdoutLine: {'line': b'-- Up-to-date: /workspace/repo/install_container/go2_apportation_msgs/include/go2_apportation_msgs/go2_apportation_msgs/action/detail\n'}
[0.784805] (go2_apportation_msgs) StdoutLine: {'line': b'-- Up-to-date: /workspace/repo/install_container/go2_apportation_msgs/include/go2_apportation_msgs/go2_apportation_msgs/action/detail/pick_object__traits.hpp\n'}
[0.784918] (go2_apportation_msgs) StdoutLine: {'line': b'-- Up-to-date: /workspace/repo/install_container/go2_apportation_msgs/include/go2_apportation_msgs/go2_apportation_msgs/action/detail/pick_object__builder.hpp\n'}
[0.785031] (go2_apportation_msgs) StdoutLine: {'line': b'-- Up-to-date: /workspace/repo/install_container/go2_apportation_msgs/include/go2_apportation_msgs/go2_apportation_msgs/action/detail/pick_object__struct.hpp\n'}
[0.785176] (go2_apportation_msgs) StdoutLine: {'line': b'-- Up-to-date: /workspace/repo/install_container/go2_apportation_msgs/include/go2_apportation_msgs/go2_apportation_msgs/action/detail/pick_object__type_support.hpp\n'}
[0.785898] (go2_apportation_msgs) StdoutLine: {'line': b'-- Up-to-date: /workspace/repo/install_container/go2_apportation_msgs/include/go2_apportation_msgs/go2_apportation_msgs/action/pick_object.hpp\n'}
[0.786087] (go2_apportation_msgs) StdoutLine: {'line': b'-- Up-to-date: /workspace/repo/install_container/go2_apportation_msgs/include/go2_apportation_msgs/go2_apportation_msgs\n'}
[0.786223] (go2_apportation_msgs) StdoutLine: {'line': b'-- Up-to-date: /workspace/repo/install_container/go2_apportation_msgs/include/go2_apportation_msgs/go2_apportation_msgs/msg\n'}
[0.786347] (go2_apportation_msgs) StdoutLine: {'line': b'-- Up-to-date: /workspace/repo/install_container/go2_apportation_msgs/include/go2_apportation_msgs/go2_apportation_msgs/msg/rosidl_typesupport_fastrtps_cpp__visibility_control.h\n'}
[0.786467] (go2_apportation_msgs) StdoutLine: {'line': b'-- Up-to-date: /workspace/repo/install_container/go2_apportation_msgs/include/go2_apportation_msgs/go2_apportation_msgs/msg/detail\n'}
[0.786585] (go2_apportation_msgs) StdoutLine: {'line': b'-- Up-to-date: /workspace/repo/install_container/go2_apportation_msgs/include/go2_apportation_msgs/go2_apportation_msgs/msg/detail/detection3_d__rosidl_typesupport_fastrtps_cpp.hpp\n'}
[0.786705] (go2_apportation_msgs) StdoutLine: {'line': b'-- Up-to-date: /workspace/repo/install_container/go2_apportation_msgs/include/go2_apportation_msgs/go2_apportation_msgs/msg/detail/object_state__rosidl_typesupport_fastrtps_cpp.hpp\n'}
[0.786821] (go2_apportation_msgs) StdoutLine: {'line': b'-- Up-to-date: /workspace/repo/install_container/go2_apportation_msgs/include/go2_apportation_msgs/go2_apportation_msgs/msg/detail/dds_fastrtps\n'}
[0.786937] (go2_apportation_msgs) StdoutLine: {'line': b'-- Up-to-date: /workspace/repo/install_container/go2_apportation_msgs/include/go2_apportation_msgs/go2_apportation_msgs/msg/detail/throw_status__rosidl_typesupport_fastrtps_cpp.hpp\n'}
[0.787050] (go2_apportation_msgs) StdoutLine: {'line': b'-- Up-to-date: /workspace/repo/install_container/go2_apportation_msgs/include/go2_apportation_msgs/go2_apportation_msgs/msg/detail/detection3_d_array__rosidl_typesupport_fastrtps_cpp.hpp\n'}
[0.787216] (go2_apportation_msgs) StdoutLine: {'line': b'-- Up-to-date: /workspace/repo/install_container/go2_apportation_msgs/include/go2_apportation_msgs/go2_apportation_msgs/srv\n'}
[0.787333] (go2_apportation_msgs) StdoutLine: {'line': b'-- Up-to-date: /workspace/repo/install_container/go2_apportation_msgs/include/go2_apportation_msgs/go2_apportation_msgs/srv/detail\n'}
[0.787444] (go2_apportation_msgs) StdoutLine: {'line': b'-- Up-to-date: /workspace/repo/install_container/go2_apportation_msgs/include/go2_apportation_msgs/go2_apportation_msgs/srv/detail/release_object__rosidl_typesupport_fastrtps_cpp.hpp\n'}
[0.787557] (go2_apportation_msgs) StdoutLine: {'line': b'-- Up-to-date: /workspace/repo/install_container/go2_apportation_msgs/include/go2_apportation_msgs/go2_apportation_msgs/srv/detail/dds_fastrtps\n'}
[0.787670] (go2_apportation_msgs) StdoutLine: {'line': b'-- Up-to-date: /workspace/repo/install_container/go2_apportation_msgs/include/go2_apportation_msgs/go2_apportation_msgs/action\n'}
[0.787783] (go2_apportation_msgs) StdoutLine: {'line': b'-- Up-to-date: /workspace/repo/install_container/go2_apportation_msgs/include/go2_apportation_msgs/go2_apportation_msgs/action/detail\n'}
[0.787898] (go2_apportation_msgs) StdoutLine: {'line': b'-- Up-to-date: /workspace/repo/install_container/go2_apportation_msgs/include/go2_apportation_msgs/go2_apportation_msgs/action/detail/dds_fastrtps\n'}
[0.788012] (go2_apportation_msgs) StdoutLine: {'line': b'-- Up-to-date: /workspace/repo/install_container/go2_apportation_msgs/include/go2_apportation_msgs/go2_apportation_msgs/action/detail/pick_object__rosidl_typesupport_fastrtps_cpp.hpp\n'}
[0.788236] (go2_apportation_msgs) StdoutLine: {'line': b'-- Up-to-date: /workspace/repo/install_container/go2_apportation_msgs/lib/libgo2_apportation_msgs__rosidl_typesupport_fastrtps_cpp.so\n'}
[0.788387] (go2_apportation_msgs) StdoutLine: {'line': b'-- Up-to-date: /workspace/repo/install_container/go2_apportation_msgs/include/go2_apportation_msgs/go2_apportation_msgs\n'}
[0.788509] (go2_apportation_msgs) StdoutLine: {'line': b'-- Up-to-date: /workspace/repo/install_container/go2_apportation_msgs/include/go2_apportation_msgs/go2_apportation_msgs/msg\n'}
[0.788655] (go2_apportation_msgs) StdoutLine: {'line': b'-- Up-to-date: /workspace/repo/install_container/go2_apportation_msgs/include/go2_apportation_msgs/go2_apportation_msgs/msg/detail\n'}
[0.788775] (go2_apportation_msgs) StdoutLine: {'line': b'-- Up-to-date: /workspace/repo/install_container/go2_apportation_msgs/include/go2_apportation_msgs/go2_apportation_msgs/msg/detail/throw_status__type_support.cpp\n'}
[0.788895] (go2_apportation_msgs) StdoutLine: {'line': b'-- Up-to-date: /workspace/repo/install_container/go2_apportation_msgs/include/go2_apportation_msgs/go2_apportation_msgs/msg/detail/detection3_d__rosidl_typesupport_introspection_cpp.hpp\n'}
[0.789015] (go2_apportation_msgs) StdoutLine: {'line': b'-- Up-to-date: /workspace/repo/install_container/go2_apportation_msgs/include/go2_apportation_msgs/go2_apportation_msgs/msg/detail/object_state__type_support.cpp\n'}
[0.789148] (go2_apportation_msgs) StdoutLine: {'line': b'-- Up-to-date: /workspace/repo/install_container/go2_apportation_msgs/include/go2_apportation_msgs/go2_apportation_msgs/msg/detail/object_state__rosidl_typesupport_introspection_cpp.hpp\n'}
[0.789264] (go2_apportation_msgs) StdoutLine: {'line': b'-- Up-to-date: /workspace/repo/install_container/go2_apportation_msgs/include/go2_apportation_msgs/go2_apportation_msgs/msg/detail/detection3_d_array__type_support.cpp\n'}
[0.789412] (go2_apportation_msgs) StdoutLine: {'line': b'-- Up-to-date: /workspace/repo/install_container/go2_apportation_msgs/include/go2_apportation_msgs/go2_apportation_msgs/msg/detail/detection3_d__type_support.cpp\n'}
[0.789531] (go2_apportation_msgs) StdoutLine: {'line': b'-- Up-to-date: /workspace/repo/install_container/go2_apportation_msgs/include/go2_apportation_msgs/go2_apportation_msgs/msg/detail/throw_status__rosidl_typesupport_introspection_cpp.hpp\n'}
[0.791097] (go2_apportation_msgs) StdoutLine: {'line': b'-- Up-to-date: /workspace/repo/install_container/go2_apportation_msgs/include/go2_apportation_msgs/go2_apportation_msgs/msg/detail/detection3_d_array__rosidl_typesupport_introspection_cpp.hpp\n'}
[0.791264] (go2_apportation_msgs) StdoutLine: {'line': b'-- Up-to-date: /workspace/repo/install_container/go2_apportation_msgs/include/go2_apportation_msgs/go2_apportation_msgs/srv\n'}
[0.791418] (go2_apportation_msgs) StdoutLine: {'line': b'-- Up-to-date: /workspace/repo/install_container/go2_apportation_msgs/include/go2_apportation_msgs/go2_apportation_msgs/srv/detail\n'}
[0.791540] (go2_apportation_msgs) StdoutLine: {'line': b'-- Up-to-date: /workspace/repo/install_container/go2_apportation_msgs/include/go2_apportation_msgs/go2_apportation_msgs/srv/detail/release_object__type_support.cpp\n'}
[0.791658] (go2_apportation_msgs) StdoutLine: {'line': b'-- Up-to-date: /workspace/repo/install_container/go2_apportation_msgs/include/go2_apportation_msgs/go2_apportation_msgs/srv/detail/release_object__rosidl_typesupport_introspection_cpp.hpp\n'}
[0.791775] (go2_apportation_msgs) StdoutLine: {'line': b'-- Up-to-date: /workspace/repo/install_container/go2_apportation_msgs/include/go2_apportation_msgs/go2_apportation_msgs/action\n'}
[0.791892] (go2_apportation_msgs) StdoutLine: {'line': b'-- Up-to-date: /workspace/repo/install_container/go2_apportation_msgs/include/go2_apportation_msgs/go2_apportation_msgs/action/detail\n'}
[0.792006] (go2_apportation_msgs) StdoutLine: {'line': b'-- Up-to-date: /workspace/repo/install_container/go2_apportation_msgs/include/go2_apportation_msgs/go2_apportation_msgs/action/detail/pick_object__rosidl_typesupport_introspection_cpp.hpp\n'}
[0.792170] (go2_apportation_msgs) StdoutLine: {'line': b'-- Up-to-date: /workspace/repo/install_container/go2_apportation_msgs/include/go2_apportation_msgs/go2_apportation_msgs/action/detail/pick_object__type_support.cpp\n'}
[0.792293] (go2_apportation_msgs) StdoutLine: {'line': b'-- Up-to-date: /workspace/repo/install_container/go2_apportation_msgs/lib/libgo2_apportation_msgs__rosidl_typesupport_introspection_cpp.so\n'}
[0.792433] (go2_apportation_msgs) StdoutLine: {'line': b'-- Up-to-date: /workspace/repo/install_container/go2_apportation_msgs/lib/libgo2_apportation_msgs__rosidl_typesupport_cpp.so\n'}
[0.792554] (go2_apportation_msgs) StdoutLine: {'line': b'-- Up-to-date: /workspace/repo/install_container/go2_apportation_msgs/share/go2_apportation_msgs/environment/pythonpath.sh\n'}
[0.792672] (go2_apportation_msgs) StdoutLine: {'line': b'-- Up-to-date: /workspace/repo/install_container/go2_apportation_msgs/share/go2_apportation_msgs/environment/pythonpath.dsv\n'}
[0.792791] (go2_apportation_msgs) StdoutLine: {'line': b'-- Up-to-date: /workspace/repo/install_container/go2_apportation_msgs/local/lib/python3.10/dist-packages/go2_apportation_msgs-0.0.0-py3.10.egg-info\n'}
[0.792914] (go2_apportation_msgs) StdoutLine: {'line': b'-- Installing: /workspace/repo/install_container/go2_apportation_msgs/local/lib/python3.10/dist-packages/go2_apportation_msgs-0.0.0-py3.10.egg-info/top_level.txt\n'}
[0.793032] (go2_apportation_msgs) StdoutLine: {'line': b'-- Installing: /workspace/repo/install_container/go2_apportation_msgs/local/lib/python3.10/dist-packages/go2_apportation_msgs-0.0.0-py3.10.egg-info/PKG-INFO\n'}
[0.793148] (go2_apportation_msgs) StdoutLine: {'line': b'-- Installing: /workspace/repo/install_container/go2_apportation_msgs/local/lib/python3.10/dist-packages/go2_apportation_msgs-0.0.0-py3.10.egg-info/dependency_links.txt\n'}
[0.793260] (go2_apportation_msgs) StdoutLine: {'line': b'-- Installing: /workspace/repo/install_container/go2_apportation_msgs/local/lib/python3.10/dist-packages/go2_apportation_msgs-0.0.0-py3.10.egg-info/SOURCES.txt\n'}
[0.793449] (go2_apportation_msgs) StdoutLine: {'line': b'-- Up-to-date: /workspace/repo/install_container/go2_apportation_msgs/local/lib/python3.10/dist-packages/go2_apportation_msgs\n'}
[0.793613] (go2_apportation_msgs) StdoutLine: {'line': b'-- Up-to-date: /workspace/repo/install_container/go2_apportation_msgs/local/lib/python3.10/dist-packages/go2_apportation_msgs/_go2_apportation_msgs_s.ep.rosidl_typesupport_c.c\n'}
[0.793736] (go2_apportation_msgs) StdoutLine: {'line': b'-- Up-to-date: /workspace/repo/install_container/go2_apportation_msgs/local/lib/python3.10/dist-packages/go2_apportation_msgs/go2_apportation_msgs_s__rosidl_typesupport_c.cpython-310-aarch64-linux-gnu.so\n'}
[0.793878] (go2_apportation_msgs) StdoutLine: {'line': b'-- Up-to-date: /workspace/repo/install_container/go2_apportation_msgs/local/lib/python3.10/dist-packages/go2_apportation_msgs/_go2_apportation_msgs_s.ep.rosidl_typesupport_fastrtps_c.c\n'}
[0.794002] (go2_apportation_msgs) StdoutLine: {'line': b'-- Up-to-date: /workspace/repo/install_container/go2_apportation_msgs/local/lib/python3.10/dist-packages/go2_apportation_msgs/__init__.py\n'}
[0.794122] (go2_apportation_msgs) StdoutLine: {'line': b'-- Up-to-date: /workspace/repo/install_container/go2_apportation_msgs/local/lib/python3.10/dist-packages/go2_apportation_msgs/msg\n'}
[0.794243] (go2_apportation_msgs) StdoutLine: {'line': b'-- Up-to-date: /workspace/repo/install_container/go2_apportation_msgs/local/lib/python3.10/dist-packages/go2_apportation_msgs/msg/_throw_status_s.c\n'}
[0.794363] (go2_apportation_msgs) StdoutLine: {'line': b'-- Up-to-date: /workspace/repo/install_container/go2_apportation_msgs/local/lib/python3.10/dist-packages/go2_apportation_msgs/msg/_detection3_d_array.py\n'}
[0.794480] (go2_apportation_msgs) StdoutLine: {'line': b'-- Up-to-date: /workspace/repo/install_container/go2_apportation_msgs/local/lib/python3.10/dist-packages/go2_apportation_msgs/msg/_detection3_d_array_s.c\n'}
[0.794596] (go2_apportation_msgs) StdoutLine: {'line': b'-- Up-to-date: /workspace/repo/install_container/go2_apportation_msgs/local/lib/python3.10/dist-packages/go2_apportation_msgs/msg/_throw_status.py\n'}
[0.794713] (go2_apportation_msgs) StdoutLine: {'line': b'-- Up-to-date: /workspace/repo/install_container/go2_apportation_msgs/local/lib/python3.10/dist-packages/go2_apportation_msgs/msg/__init__.py\n'}
[0.794827] (go2_apportation_msgs) StdoutLine: {'line': b'-- Up-to-date: /workspace/repo/install_container/go2_apportation_msgs/local/lib/python3.10/dist-packages/go2_apportation_msgs/msg/_detection3_d.py\n'}
[0.794964] (go2_apportation_msgs) StdoutLine: {'line': b'-- Up-to-date: /workspace/repo/install_container/go2_apportation_msgs/local/lib/python3.10/dist-packages/go2_apportation_msgs/msg/_object_state.py\n'}
[0.795083] (go2_apportation_msgs) StdoutLine: {'line': b'-- Up-to-date: /workspace/repo/install_container/go2_apportation_msgs/local/lib/python3.10/dist-packages/go2_apportation_msgs/msg/_detection3_d_s.c\n'}
[0.795199] (go2_apportation_msgs) StdoutLine: {'line': b'-- Up-to-date: /workspace/repo/install_container/go2_apportation_msgs/local/lib/python3.10/dist-packages/go2_apportation_msgs/msg/_object_state_s.c\n'}
[0.795314] (go2_apportation_msgs) StdoutLine: {'line': b'-- Up-to-date: /workspace/repo/install_container/go2_apportation_msgs/local/lib/python3.10/dist-packages/go2_apportation_msgs/go2_apportation_msgs_s__rosidl_typesupport_fastrtps_c.cpython-310-aarch64-linux-gnu.so\n'}
[0.795433] (go2_apportation_msgs) StdoutLine: {'line': b'-- Up-to-date: /workspace/repo/install_container/go2_apportation_msgs/local/lib/python3.10/dist-packages/go2_apportation_msgs/srv\n'}
[0.795595] (go2_apportation_msgs) StdoutLine: {'line': b'-- Up-to-date: /workspace/repo/install_container/go2_apportation_msgs/local/lib/python3.10/dist-packages/go2_apportation_msgs/srv/_release_object_s.c\n'}
[0.795713] (go2_apportation_msgs) StdoutLine: {'line': b'-- Up-to-date: /workspace/repo/install_container/go2_apportation_msgs/local/lib/python3.10/dist-packages/go2_apportation_msgs/srv/_release_object.py\n'}
[0.795825] (go2_apportation_msgs) StdoutLine: {'line': b'-- Up-to-date: /workspace/repo/install_container/go2_apportation_msgs/local/lib/python3.10/dist-packages/go2_apportation_msgs/srv/__init__.py\n'}
[0.795940] (go2_apportation_msgs) StdoutLine: {'line': b'-- Up-to-date: /workspace/repo/install_container/go2_apportation_msgs/local/lib/python3.10/dist-packages/go2_apportation_msgs/libgo2_apportation_msgs__rosidl_generator_py.so\n'}
[0.796055] (go2_apportation_msgs) StdoutLine: {'line': b'-- Up-to-date: /workspace/repo/install_container/go2_apportation_msgs/local/lib/python3.10/dist-packages/go2_apportation_msgs/_go2_apportation_msgs_s.ep.rosidl_typesupport_introspection_c.c\n'}
[0.796166] (go2_apportation_msgs) StdoutLine: {'line': b'-- Up-to-date: /workspace/repo/install_container/go2_apportation_msgs/local/lib/python3.10/dist-packages/go2_apportation_msgs/go2_apportation_msgs_s__rosidl_typesupport_introspection_c.cpython-310-aarch64-linux-gnu.so\n'}
[0.796278] (go2_apportation_msgs) StdoutLine: {'line': b'-- Up-to-date: /workspace/repo/install_container/go2_apportation_msgs/local/lib/python3.10/dist-packages/go2_apportation_msgs/action\n'}
[0.796387] (go2_apportation_msgs) StdoutLine: {'line': b'-- Up-to-date: /workspace/repo/install_container/go2_apportation_msgs/local/lib/python3.10/dist-packages/go2_apportation_msgs/action/_pick_object.py\n'}
[0.796501] (go2_apportation_msgs) StdoutLine: {'line': b'-- Up-to-date: /workspace/repo/install_container/go2_apportation_msgs/local/lib/python3.10/dist-packages/go2_apportation_msgs/action/__init__.py\n'}
[0.796614] (go2_apportation_msgs) StdoutLine: {'line': b'-- Up-to-date: /workspace/repo/install_container/go2_apportation_msgs/local/lib/python3.10/dist-packages/go2_apportation_msgs/action/_pick_object_s.c\n'}
[0.805413] (-) TimerEvent: {}
[0.884229] (go2_apportation_msgs) StdoutLine: {'line': b"Listing '/workspace/repo/install_container/go2_apportation_msgs/local/lib/python3.10/dist-packages/go2_apportation_msgs'...\n"}
[0.884686] (go2_apportation_msgs) StdoutLine: {'line': b"Listing '/workspace/repo/install_container/go2_apportation_msgs/local/lib/python3.10/dist-packages/go2_apportation_msgs/action'...\n"}
[0.885075] (go2_apportation_msgs) StdoutLine: {'line': b"Listing '/workspace/repo/install_container/go2_apportation_msgs/local/lib/python3.10/dist-packages/go2_apportation_msgs/msg'...\n"}
[0.885245] (go2_apportation_msgs) StdoutLine: {'line': b"Listing '/workspace/repo/install_container/go2_apportation_msgs/local/lib/python3.10/dist-packages/go2_apportation_msgs/srv'...\n"}
[0.897940] (go2_apportation_msgs) StdoutLine: {'line': b'-- Up-to-date: /workspace/repo/install_container/go2_apportation_msgs/local/lib/python3.10/dist-packages/go2_apportation_msgs/go2_apportation_msgs_s__rosidl_typesupport_fastrtps_c.cpython-310-aarch64-linux-gnu.so\n'}
[0.898522] (go2_apportation_msgs) StdoutLine: {'line': b'-- Up-to-date: /workspace/repo/install_container/go2_apportation_msgs/local/lib/python3.10/dist-packages/go2_apportation_msgs/go2_apportation_msgs_s__rosidl_typesupport_introspection_c.cpython-310-aarch64-linux-gnu.so\n'}
[0.899262] (go2_apportation_msgs) StdoutLine: {'line': b'-- Up-to-date: /workspace/repo/install_container/go2_apportation_msgs/local/lib/python3.10/dist-packages/go2_apportation_msgs/go2_apportation_msgs_s__rosidl_typesupport_c.cpython-310-aarch64-linux-gnu.so\n'}
[0.900135] (go2_apportation_msgs) StdoutLine: {'line': b'-- Up-to-date: /workspace/repo/install_container/go2_apportation_msgs/lib/libgo2_apportation_msgs__rosidl_generator_py.so\n'}
[0.900904] (go2_apportation_msgs) StdoutLine: {'line': b'-- Up-to-date: /workspace/repo/install_container/go2_apportation_msgs/share/go2_apportation_msgs/msg/Detection3D.idl\n'}
[0.901633] (go2_apportation_msgs) StdoutLine: {'line': b'-- Up-to-date: /workspace/repo/install_container/go2_apportation_msgs/share/go2_apportation_msgs/msg/Detection3DArray.idl\n'}
[0.901792] (go2_apportation_msgs) StdoutLine: {'line': b'-- Up-to-date: /workspace/repo/install_container/go2_apportation_msgs/share/go2_apportation_msgs/msg/ObjectState.idl\n'}
[0.901929] (go2_apportation_msgs) StdoutLine: {'line': b'-- Up-to-date: /workspace/repo/install_container/go2_apportation_msgs/share/go2_apportation_msgs/msg/ThrowStatus.idl\n'}
[0.902187] (go2_apportation_msgs) StdoutLine: {'line': b'-- Up-to-date: /workspace/repo/install_container/go2_apportation_msgs/share/go2_apportation_msgs/action/PickObject.idl\n'}
[0.902328] (go2_apportation_msgs) StdoutLine: {'line': b'-- Up-to-date: /workspace/repo/install_container/go2_apportation_msgs/share/go2_apportation_msgs/srv/ReleaseObject.idl\n'}
[0.902736] (go2_apportation_msgs) StdoutLine: {'line': b'-- Up-to-date: /workspace/repo/install_container/go2_apportation_msgs/share/go2_apportation_msgs/msg/Detection3D.msg\n'}
[0.903067] (go2_apportation_msgs) StdoutLine: {'line': b'-- Up-to-date: /workspace/repo/install_container/go2_apportation_msgs/share/go2_apportation_msgs/msg/Detection3DArray.msg\n'}
[0.903432] (go2_apportation_msgs) StdoutLine: {'line': b'-- Up-to-date: /workspace/repo/install_container/go2_apportation_msgs/share/go2_apportation_msgs/msg/ObjectState.msg\n'}
[0.909595] (-) TimerEvent: {}
[0.909681] (go2_apportation_msgs) StdoutLine: {'line': b'-- Up-to-date: /workspace/repo/install_container/go2_apportation_msgs/share/go2_apportation_msgs/msg/ThrowStatus.msg\n'}
[0.909928] (go2_apportation_msgs) StdoutLine: {'line': b'-- Up-to-date: /workspace/repo/install_container/go2_apportation_msgs/share/go2_apportation_msgs/action/PickObject.action\n'}
[0.910082] (go2_apportation_msgs) StdoutLine: {'line': b'-- Up-to-date: /workspace/repo/install_container/go2_apportation_msgs/share/go2_apportation_msgs/srv/ReleaseObject.srv\n'}
[0.910217] (go2_apportation_msgs) StdoutLine: {'line': b'-- Up-to-date: /workspace/repo/install_container/go2_apportation_msgs/share/go2_apportation_msgs/srv/ReleaseObject_Request.msg\n'}
[0.910344] (go2_apportation_msgs) StdoutLine: {'line': b'-- Up-to-date: /workspace/repo/install_container/go2_apportation_msgs/share/go2_apportation_msgs/srv/ReleaseObject_Response.msg\n'}
[0.910469] (go2_apportation_msgs) StdoutLine: {'line': b'-- Up-to-date: /workspace/repo/install_container/go2_apportation_msgs/share/ament_index/resource_index/package_run_dependencies/go2_apportation_msgs\n'}
[0.910595] (go2_apportation_msgs) StdoutLine: {'line': b'-- Up-to-date: /workspace/repo/install_container/go2_apportation_msgs/share/ament_index/resource_index/parent_prefix_path/go2_apportation_msgs\n'}
[0.910737] (go2_apportation_msgs) StdoutLine: {'line': b'-- Up-to-date: /workspace/repo/install_container/go2_apportation_msgs/share/go2_apportation_msgs/environment/ament_prefix_path.sh\n'}
[0.910858] (go2_apportation_msgs) StdoutLine: {'line': b'-- Up-to-date: /workspace/repo/install_container/go2_apportation_msgs/share/go2_apportation_msgs/environment/ament_prefix_path.dsv\n'}
[0.910977] (go2_apportation_msgs) StdoutLine: {'line': b'-- Up-to-date: /workspace/repo/install_container/go2_apportation_msgs/share/go2_apportation_msgs/environment/path.sh\n'}
[0.911096] (go2_apportation_msgs) StdoutLine: {'line': b'-- Up-to-date: /workspace/repo/install_container/go2_apportation_msgs/share/go2_apportation_msgs/environment/path.dsv\n'}
[0.911752] (go2_apportation_msgs) StdoutLine: {'line': b'-- Up-to-date: /workspace/repo/install_container/go2_apportation_msgs/share/go2_apportation_msgs/local_setup.bash\n'}
[0.911949] (go2_apportation_msgs) StdoutLine: {'line': b'-- Up-to-date: /workspace/repo/install_container/go2_apportation_msgs/share/go2_apportation_msgs/local_setup.sh\n'}
[0.912099] (go2_apportation_msgs) StdoutLine: {'line': b'-- Up-to-date: /workspace/repo/install_container/go2_apportation_msgs/share/go2_apportation_msgs/local_setup.zsh\n'}
[0.912246] (go2_apportation_msgs) StdoutLine: {'line': b'-- Up-to-date: /workspace/repo/install_container/go2_apportation_msgs/share/go2_apportation_msgs/local_setup.dsv\n'}
[0.912379] (go2_apportation_msgs) StdoutLine: {'line': b'-- Installing: /workspace/repo/install_container/go2_apportation_msgs/share/go2_apportation_msgs/package.dsv\n'}
[0.912502] (go2_apportation_msgs) StdoutLine: {'line': b'-- Up-to-date: /workspace/repo/install_container/go2_apportation_msgs/share/ament_index/resource_index/packages/go2_apportation_msgs\n'}
[0.912625] (go2_apportation_msgs) StdoutLine: {'line': b'-- Up-to-date: /workspace/repo/install_container/go2_apportation_msgs/share/go2_apportation_msgs/cmake/export_go2_apportation_msgs__rosidl_generator_cExport.cmake\n'}
[0.912743] (go2_apportation_msgs) StdoutLine: {'line': b'-- Up-to-date: /workspace/repo/install_container/go2_apportation_msgs/share/go2_apportation_msgs/cmake/export_go2_apportation_msgs__rosidl_generator_cExport-noconfig.cmake\n'}
[0.912862] (go2_apportation_msgs) StdoutLine: {'line': b'-- Up-to-date: /workspace/repo/install_container/go2_apportation_msgs/share/go2_apportation_msgs/cmake/export_go2_apportation_msgs__rosidl_typesupport_fastrtps_cExport.cmake\n'}
[0.912979] (go2_apportation_msgs) StdoutLine: {'line': b'-- Up-to-date: /workspace/repo/install_container/go2_apportation_msgs/share/go2_apportation_msgs/cmake/export_go2_apportation_msgs__rosidl_typesupport_fastrtps_cExport-noconfig.cmake\n'}
[0.913100] (go2_apportation_msgs) StdoutLine: {'line': b'-- Up-to-date: /workspace/repo/install_container/go2_apportation_msgs/share/go2_apportation_msgs/cmake/go2_apportation_msgs__rosidl_typesupport_introspection_cExport.cmake\n'}
[0.913219] (go2_apportation_msgs) StdoutLine: {'line': b'-- Up-to-date: /workspace/repo/install_container/go2_apportation_msgs/share/go2_apportation_msgs/cmake/go2_apportation_msgs__rosidl_typesupport_introspection_cExport-noconfig.cmake\n'}
[0.913335] (go2_apportation_msgs) StdoutLine: {'line': b'-- Up-to-date: /workspace/repo/install_container/go2_apportation_msgs/share/go2_apportation_msgs/cmake/go2_apportation_msgs__rosidl_typesupport_cExport.cmake\n'}
[0.913482] (go2_apportation_msgs) StdoutLine: {'line': b'-- Up-to-date: /workspace/repo/install_container/go2_apportation_msgs/share/go2_apportation_msgs/cmake/go2_apportation_msgs__rosidl_typesupport_cExport-noconfig.cmake\n'}
[0.913602] (go2_apportation_msgs) StdoutLine: {'line': b'-- Up-to-date: /workspace/repo/install_container/go2_apportation_msgs/share/go2_apportation_msgs/cmake/export_go2_apportation_msgs__rosidl_generator_cppExport.cmake\n'}
[0.913717] (go2_apportation_msgs) StdoutLine: {'line': b'-- Up-to-date: /workspace/repo/install_container/go2_apportation_msgs/share/go2_apportation_msgs/cmake/export_go2_apportation_msgs__rosidl_typesupport_fastrtps_cppExport.cmake\n'}
[0.913871] (go2_apportation_msgs) StdoutLine: {'line': b'-- Up-to-date: /workspace/repo/install_container/go2_apportation_msgs/share/go2_apportation_msgs/cmake/export_go2_apportation_msgs__rosidl_typesupport_fastrtps_cppExport-noconfig.cmake\n'}
[0.914001] (go2_apportation_msgs) StdoutLine: {'line': b'-- Up-to-date: /workspace/repo/install_container/go2_apportation_msgs/share/go2_apportation_msgs/cmake/go2_apportation_msgs__rosidl_typesupport_introspection_cppExport.cmake\n'}
[0.914121] (go2_apportation_msgs) StdoutLine: {'line': b'-- Up-to-date: /workspace/repo/install_container/go2_apportation_msgs/share/go2_apportation_msgs/cmake/go2_apportation_msgs__rosidl_typesupport_introspection_cppExport-noconfig.cmake\n'}
[0.914275] (go2_apportation_msgs) StdoutLine: {'line': b'-- Up-to-date: /workspace/repo/install_container/go2_apportation_msgs/share/go2_apportation_msgs/cmake/go2_apportation_msgs__rosidl_typesupport_cppExport.cmake\n'}
[0.914399] (go2_apportation_msgs) StdoutLine: {'line': b'-- Up-to-date: /workspace/repo/install_container/go2_apportation_msgs/share/go2_apportation_msgs/cmake/go2_apportation_msgs__rosidl_typesupport_cppExport-noconfig.cmake\n'}
[0.914521] (go2_apportation_msgs) StdoutLine: {'line': b'-- Up-to-date: /workspace/repo/install_container/go2_apportation_msgs/share/go2_apportation_msgs/cmake/export_go2_apportation_msgs__rosidl_generator_pyExport.cmake\n'}
[0.914640] (go2_apportation_msgs) StdoutLine: {'line': b'-- Up-to-date: /workspace/repo/install_container/go2_apportation_msgs/share/go2_apportation_msgs/cmake/export_go2_apportation_msgs__rosidl_generator_pyExport-noconfig.cmake\n'}
[0.914757] (go2_apportation_msgs) StdoutLine: {'line': b'-- Up-to-date: /workspace/repo/install_container/go2_apportation_msgs/share/go2_apportation_msgs/cmake/rosidl_cmake-extras.cmake\n'}
[0.914875] (go2_apportation_msgs) StdoutLine: {'line': b'-- Up-to-date: /workspace/repo/install_container/go2_apportation_msgs/share/go2_apportation_msgs/cmake/ament_cmake_export_dependencies-extras.cmake\n'}
[0.914993] (go2_apportation_msgs) StdoutLine: {'line': b'-- Up-to-date: /workspace/repo/install_container/go2_apportation_msgs/share/go2_apportation_msgs/cmake/ament_cmake_export_include_directories-extras.cmake\n'}
[0.915135] (go2_apportation_msgs) StdoutLine: {'line': b'-- Up-to-date: /workspace/repo/install_container/go2_apportation_msgs/share/go2_apportation_msgs/cmake/ament_cmake_export_libraries-extras.cmake\n'}
[0.915259] (go2_apportation_msgs) StdoutLine: {'line': b'-- Up-to-date: /workspace/repo/install_container/go2_apportation_msgs/share/go2_apportation_msgs/cmake/ament_cmake_export_targets-extras.cmake\n'}
[0.915379] (go2_apportation_msgs) StdoutLine: {'line': b'-- Up-to-date: /workspace/repo/install_container/go2_apportation_msgs/share/go2_apportation_msgs/cmake/rosidl_cmake_export_typesupport_targets-extras.cmake\n'}
[0.915501] (go2_apportation_msgs) StdoutLine: {'line': b'-- Up-to-date: /workspace/repo/install_container/go2_apportation_msgs/share/go2_apportation_msgs/cmake/rosidl_cmake_export_typesupport_libraries-extras.cmake\n'}
[0.915619] (go2_apportation_msgs) StdoutLine: {'line': b'-- Up-to-date: /workspace/repo/install_container/go2_apportation_msgs/share/go2_apportation_msgs/cmake/go2_apportation_msgsConfig.cmake\n'}
[0.915739] (go2_apportation_msgs) StdoutLine: {'line': b'-- Up-to-date: /workspace/repo/install_container/go2_apportation_msgs/share/go2_apportation_msgs/cmake/go2_apportation_msgsConfig-version.cmake\n'}
[0.915856] (go2_apportation_msgs) StdoutLine: {'line': b'-- Up-to-date: /workspace/repo/install_container/go2_apportation_msgs/share/go2_apportation_msgs/package.xml\n'}
[0.932211] (go2_apportation_msgs) CommandEnded: {'returncode': 0}
[0.968143] (go2_apportation_msgs) JobEnded: {'identifier': 'go2_apportation_msgs', 'rc': 0}
[0.970078] (go2_apportation_mocks) JobStarted: {'identifier': 'go2_apportation_mocks'}
[0.980854] (go2_apportation_orchestrator) JobStarted: {'identifier': 'go2_apportation_orchestrator'}
[1.013072] (-) TimerEvent: {}
[1.113472] (-) TimerEvent: {}
[1.213913] (-) TimerEvent: {}
[1.314372] (-) TimerEvent: {}
[1.414882] (-) TimerEvent: {}
[1.515391] (-) TimerEvent: {}
[1.615849] (-) TimerEvent: {}
[1.716315] (-) TimerEvent: {}
[1.816768] (-) TimerEvent: {}
[1.887725] (go2_tf_tools) Command: {'cmd': ['/usr/bin/python3', '-W', 'ignore:setup.py install is deprecated', '-W', 'ignore:easy_install command is deprecated', 'setup.py', 'egg_info', '--egg-base', '../../build_container/go2_tf_tools', 'build', '--build-base', '/workspace/repo/build_container/go2_tf_tools/build', 'install', '--record', '/workspace/repo/build_container/go2_tf_tools/install.log', '--single-version-externally-managed', 'install_data'], 'cwd': '/workspace/repo/src/go2_tf_tools', 'env': {'HOSTNAME': 'ubuntu', 'SHLVL': '0', 'LD_LIBRARY_PATH': '/opt/ros/humble/lib/aarch64-linux-gnu:/opt/ros/humble/lib', 'HOME': '/tmp', 'ROS_PYTHON_VERSION': '3', 'ROS_DISTRO': 'humble', '_': '/usr/bin/colcon', 'ROS_VERSION': '2', 'ROS_LOCALHOST_ONLY': '0', 'PATH': '/opt/ros/humble/bin:/usr/local/sbin:/usr/local/bin:/usr/sbin:/usr/bin:/sbin:/bin', 'LANG': 'C.UTF-8', 'AMENT_PREFIX_PATH': '/opt/ros/humble', 'PWD': '/workspace/repo/build_container/go2_tf_tools', 'LC_ALL': 'C.UTF-8', 'PYTHONPATH': '/workspace/repo/build_container/go2_tf_tools/prefix_override:/usr/lib/python3/dist-packages/colcon_core/task/python/colcon_distutils_commands:/workspace/repo/install_container/go2_tf_tools/lib/python3.10/site-packages:/opt/ros/humble/lib/python3.10/site-packages:/opt/ros/humble/local/lib/python3.10/dist-packages', 'COLCON': '1'}, 'shell': False}
[1.916941] (-) TimerEvent: {}
[2.017409] (-) TimerEvent: {}
[2.117793] (-) TimerEvent: {}
[2.218167] (-) TimerEvent: {}
[2.318543] (-) TimerEvent: {}
[2.319100] (go2_tf_tools) StdoutLine: {'line': b'running egg_info\n'}
[2.320655] (go2_tf_tools) StdoutLine: {'line': b'writing ../../build_container/go2_tf_tools/go2_tf_tools.egg-info/PKG-INFO\n'}
[2.321298] (go2_tf_tools) StdoutLine: {'line': b'writing dependency_links to ../../build_container/go2_tf_tools/go2_tf_tools.egg-info/dependency_links.txt\n'}
[2.321802] (go2_tf_tools) StdoutLine: {'line': b'writing entry points to ../../build_container/go2_tf_tools/go2_tf_tools.egg-info/entry_points.txt\n'}
[2.322120] (go2_tf_tools) StdoutLine: {'line': b'writing requirements to ../../build_container/go2_tf_tools/go2_tf_tools.egg-info/requires.txt\n'}
[2.322364] (go2_tf_tools) StdoutLine: {'line': b'writing top-level names to ../../build_container/go2_tf_tools/go2_tf_tools.egg-info/top_level.txt\n'}
[2.326183] (go2_tf_tools) StdoutLine: {'line': b"reading manifest file '../../build_container/go2_tf_tools/go2_tf_tools.egg-info/SOURCES.txt'\n"}
[2.327724] (go2_tf_tools) StdoutLine: {'line': b"writing manifest file '../../build_container/go2_tf_tools/go2_tf_tools.egg-info/SOURCES.txt'\n"}
[2.328050] (go2_tf_tools) StdoutLine: {'line': b'running build\n'}
[2.328195] (go2_tf_tools) StdoutLine: {'line': b'running build_py\n'}
[2.328724] (go2_tf_tools) StdoutLine: {'line': b'running install\n'}
[2.329464] (go2_tf_tools) StdoutLine: {'line': b'running install_lib\n'}
[2.332496] (go2_tf_tools) StdoutLine: {'line': b'running install_data\n'}
[2.332774] (go2_tf_tools) StdoutLine: {'line': b'running install_egg_info\n'}
[2.336632] (go2_tf_tools) StdoutLine: {'line': b"removing '/workspace/repo/install_container/go2_tf_tools/lib/python3.10/site-packages/go2_tf_tools-0.0.0-py3.10.egg-info' (and everything under it)\n"}
[2.337437] (go2_tf_tools) StdoutLine: {'line': b'Copying ../../build_container/go2_tf_tools/go2_tf_tools.egg-info to /workspace/repo/install_container/go2_tf_tools/lib/python3.10/site-packages/go2_tf_tools-0.0.0-py3.10.egg-info\n'}
[2.339655] (go2_tf_tools) StdoutLine: {'line': b'running install_scripts\n'}
[2.389669] (go2_tf_tools) StdoutLine: {'line': b'Installing odom_to_tf_broadcaster script to /workspace/repo/install_container/go2_tf_tools/lib/go2_tf_tools\n'}
[2.390642] (go2_tf_tools) StdoutLine: {'line': b"writing list of installed files to '/workspace/repo/build_container/go2_tf_tools/install.log'\n"}
[2.418702] (-) TimerEvent: {}
[2.478976] (go2_tf_tools) CommandEnded: {'returncode': 0}
[2.497556] (go2_tf_tools) JobEnded: {'identifier': 'go2_tf_tools', 'rc': 0}
[2.500479] (go2_apportation_mocks) Command: {'cmd': ['/usr/bin/python3', '-W', 'ignore:setup.py install is deprecated', '-W', 'ignore:easy_install command is deprecated', 'setup.py', 'egg_info', '--egg-base', '../../build_container/go2_apportation_mocks', 'build', '--build-base', '/workspace/repo/build_container/go2_apportation_mocks/build', 'install', '--record', '/workspace/repo/build_container/go2_apportation_mocks/install.log', '--single-version-externally-managed', 'install_data'], 'cwd': '/workspace/repo/src/go2_apportation_mocks', 'env': {'HOSTNAME': 'ubuntu', 'ROS_PACKAGE_PATH': '/workspace/repo/install_container/go2_apportation_msgs/share', 'SHLVL': '0', 'LD_LIBRARY_PATH': '/workspace/repo/install_container/go2_apportation_msgs/lib:/opt/ros/humble/lib/aarch64-linux-gnu:/opt/ros/humble/lib', 'HOME': '/tmp', 'ROS_PYTHON_VERSION': '3', 'ROS_DISTRO': 'humble', '_': '/usr/bin/colcon', 'ROS_VERSION': '2', 'PKG_CONFIG_PATH': '/workspace/repo/install_container/go2_apportation_msgs/lib/aarch64-linux-gnu/pkgconfig:/workspace/repo/install_container/go2_apportation_msgs/lib/pkgconfig', 'ROS_LOCALHOST_ONLY': '0', 'PATH': '/opt/ros/humble/bin:/usr/local/sbin:/usr/local/bin:/usr/sbin:/usr/bin:/sbin:/bin', 'LANG': 'C.UTF-8', 'AMENT_PREFIX_PATH': '/opt/ros/humble', 'PWD': '/workspace/repo/build_container/go2_apportation_mocks', 'LC_ALL': 'C.UTF-8', 'PYTHONPATH': '/workspace/repo/build_container/go2_apportation_mocks/prefix_override:/usr/lib/python3/dist-packages/colcon_core/task/python/colcon_distutils_commands:/workspace/repo/install_container/go2_apportation_mocks/lib/python3.10/site-packages:/workspace/repo/install_container/go2_apportation_msgs/local/lib/python3.10/dist-packages:/opt/ros/humble/lib/python3.10/site-packages:/opt/ros/humble/local/lib/python3.10/dist-packages', 'COLCON': '1', 'CMAKE_PREFIX_PATH': '/workspace/repo/install_container/go2_apportation_msgs'}, 'shell': False}
[2.518871] (-) TimerEvent: {}
[2.537017] (go2_apportation_orchestrator) Command: {'cmd': ['/usr/bin/python3', '-W', 'ignore:setup.py install is deprecated', '-W', 'ignore:easy_install command is deprecated', 'setup.py', 'egg_info', '--egg-base', '../../build_container/go2_apportation_orchestrator', 'build', '--build-base', '/workspace/repo/build_container/go2_apportation_orchestrator/build', 'install', '--record', '/workspace/repo/build_container/go2_apportation_orchestrator/install.log', '--single-version-externally-managed', 'install_data'], 'cwd': '/workspace/repo/src/go2_apportation_orchestrator', 'env': {'HOSTNAME': 'ubuntu', 'ROS_PACKAGE_PATH': '/workspace/repo/install_container/go2_apportation_msgs/share', 'SHLVL': '0', 'LD_LIBRARY_PATH': '/workspace/repo/install_container/go2_apportation_msgs/lib:/opt/ros/humble/lib/aarch64-linux-gnu:/opt/ros/humble/lib', 'HOME': '/tmp', 'ROS_PYTHON_VERSION': '3', 'ROS_DISTRO': 'humble', '_': '/usr/bin/colcon', 'ROS_VERSION': '2', 'PKG_CONFIG_PATH': '/workspace/repo/install_container/go2_apportation_msgs/lib/aarch64-linux-gnu/pkgconfig:/workspace/repo/install_container/go2_apportation_msgs/lib/pkgconfig', 'ROS_LOCALHOST_ONLY': '0', 'PATH': '/opt/ros/humble/bin:/usr/local/sbin:/usr/local/bin:/usr/sbin:/usr/bin:/sbin:/bin', 'LANG': 'C.UTF-8', 'AMENT_PREFIX_PATH': '/opt/ros/humble', 'PWD': '/workspace/repo/build_container/go2_apportation_orchestrator', 'LC_ALL': 'C.UTF-8', 'PYTHONPATH': '/workspace/repo/build_container/go2_apportation_orchestrator/prefix_override:/usr/lib/python3/dist-packages/colcon_core/task/python/colcon_distutils_commands:/workspace/repo/install_container/go2_apportation_orchestrator/lib/python3.10/site-packages:/workspace/repo/install_container/go2_apportation_msgs/local/lib/python3.10/dist-packages:/opt/ros/humble/lib/python3.10/site-packages:/opt/ros/humble/local/lib/python3.10/dist-packages', 'COLCON': '1', 'CMAKE_PREFIX_PATH': '/workspace/repo/install_container/go2_apportation_msgs'}, 'shell': False}
[2.619023] (-) TimerEvent: {}
[2.719401] (-) TimerEvent: {}
[2.819762] (-) TimerEvent: {}
[2.893755] (go2_apportation_mocks) StdoutLine: {'line': b'running egg_info\n'}
[2.895341] (go2_apportation_mocks) StdoutLine: {'line': b'writing ../../build_container/go2_apportation_mocks/go2_apportation_mocks.egg-info/PKG-INFO\n'}
[2.897147] (go2_apportation_mocks) StdoutLine: {'line': b'writing dependency_links to ../../build_container/go2_apportation_mocks/go2_apportation_mocks.egg-info/dependency_links.txt\n'}
[2.897406] (go2_apportation_mocks) StdoutLine: {'line': b'writing entry points to ../../build_container/go2_apportation_mocks/go2_apportation_mocks.egg-info/entry_points.txt\n'}
[2.897567] (go2_apportation_mocks) StdoutLine: {'line': b'writing requirements to ../../build_container/go2_apportation_mocks/go2_apportation_mocks.egg-info/requires.txt\n'}
[2.897706] (go2_apportation_mocks) StdoutLine: {'line': b'writing top-level names to ../../build_container/go2_apportation_mocks/go2_apportation_mocks.egg-info/top_level.txt\n'}
[2.900381] (go2_apportation_mocks) StdoutLine: {'line': b"reading manifest file '../../build_container/go2_apportation_mocks/go2_apportation_mocks.egg-info/SOURCES.txt'\n"}
[2.901992] (go2_apportation_mocks) StdoutLine: {'line': b"writing manifest file '../../build_container/go2_apportation_mocks/go2_apportation_mocks.egg-info/SOURCES.txt'\n"}
[2.902290] (go2_apportation_mocks) StdoutLine: {'line': b'running build\n'}
[2.902425] (go2_apportation_mocks) StdoutLine: {'line': b'running build_py\n'}
[2.903140] (go2_apportation_mocks) StdoutLine: {'line': b'running install\n'}
[2.903772] (go2_apportation_mocks) StdoutLine: {'line': b'running install_lib\n'}
[2.906865] (go2_apportation_mocks) StdoutLine: {'line': b'running install_data\n'}
[2.907169] (go2_apportation_mocks) StdoutLine: {'line': b'running install_egg_info\n'}
[2.910780] (go2_apportation_mocks) StdoutLine: {'line': b"removing '/workspace/repo/install_container/go2_apportation_mocks/lib/python3.10/site-packages/go2_apportation_mocks-0.0.0-py3.10.egg-info' (and everything under it)\n"}
[2.911514] (go2_apportation_mocks) StdoutLine: {'line': b'Copying ../../build_container/go2_apportation_mocks/go2_apportation_mocks.egg-info to /workspace/repo/install_container/go2_apportation_mocks/lib/python3.10/site-packages/go2_apportation_mocks-0.0.0-py3.10.egg-info\n'}
[2.913791] (go2_apportation_mocks) StdoutLine: {'line': b'running install_scripts\n'}
[2.919915] (-) TimerEvent: {}
[2.939949] (go2_apportation_orchestrator) StdoutLine: {'line': b'running egg_info\n'}
[2.941192] (go2_apportation_orchestrator) StdoutLine: {'line': b'writing ../../build_container/go2_apportation_orchestrator/go2_apportation_orchestrator.egg-info/PKG-INFO\n'}
[2.941811] (go2_apportation_orchestrator) StdoutLine: {'line': b'writing dependency_links to ../../build_container/go2_apportation_orchestrator/go2_apportation_orchestrator.egg-info/dependency_links.txt\n'}
[2.942222] (go2_apportation_orchestrator) StdoutLine: {'line': b'writing entry points to ../../build_container/go2_apportation_orchestrator/go2_apportation_orchestrator.egg-info/entry_points.txt\n'}
[2.942551] (go2_apportation_orchestrator) StdoutLine: {'line': b'writing requirements to ../../build_container/go2_apportation_orchestrator/go2_apportation_orchestrator.egg-info/requires.txt\n'}
[2.942823] (go2_apportation_orchestrator) StdoutLine: {'line': b'writing top-level names to ../../build_container/go2_apportation_orchestrator/go2_apportation_orchestrator.egg-info/top_level.txt\n'}
[2.946911] (go2_apportation_orchestrator) StdoutLine: {'line': b"reading manifest file '../../build_container/go2_apportation_orchestrator/go2_apportation_orchestrator.egg-info/SOURCES.txt'\n"}
[2.949485] (go2_apportation_orchestrator) StdoutLine: {'line': b"writing manifest file '../../build_container/go2_apportation_orchestrator/go2_apportation_orchestrator.egg-info/SOURCES.txt'\n"}
[2.949968] (go2_apportation_orchestrator) StdoutLine: {'line': b'running build\n'}
[2.950152] (go2_apportation_orchestrator) StdoutLine: {'line': b'running build_py\n'}
[2.953140] (go2_apportation_orchestrator) StdoutLine: {'line': b'running install\n'}
[2.953963] (go2_apportation_orchestrator) StdoutLine: {'line': b'running install_lib\n'}
[2.959539] (go2_apportation_mocks) StdoutLine: {'line': b'Installing mock_manipulation_server script to /workspace/repo/install_container/go2_apportation_mocks/lib/go2_apportation_mocks\n'}
[2.960191] (go2_apportation_orchestrator) StdoutLine: {'line': b'running install_data\n'}
[2.960449] (go2_apportation_mocks) StdoutLine: {'line': b'Installing mock_nav2_server script to /workspace/repo/install_container/go2_apportation_mocks/lib/go2_apportation_mocks\n'}
[2.960612] (go2_apportation_orchestrator) StdoutLine: {'line': b'running install_egg_info\n'}
[2.960748] (go2_apportation_mocks) StdoutLine: {'line': b"writing list of installed files to '/workspace/repo/build_container/go2_apportation_mocks/install.log'\n"}
[2.963954] (go2_apportation_orchestrator) StdoutLine: {'line': b"removing '/workspace/repo/install_container/go2_apportation_orchestrator/lib/python3.10/site-packages/go2_apportation_orchestrator-0.0.0-py3.10.egg-info' (and everything under it)\n"}
[2.964637] (go2_apportation_orchestrator) StdoutLine: {'line': b'Copying ../../build_container/go2_apportation_orchestrator/go2_apportation_orchestrator.egg-info to /workspace/repo/install_container/go2_apportation_orchestrator/lib/python3.10/site-packages/go2_apportation_orchestrator-0.0.0-py3.10.egg-info\n'}
[2.966799] (go2_apportation_orchestrator) StdoutLine: {'line': b'running install_scripts\n'}
[3.011455] (go2_apportation_orchestrator) StdoutLine: {'line': b'Installing orchestrator_runtime script to /workspace/repo/install_container/go2_apportation_orchestrator/lib/go2_apportation_orchestrator\n'}
[3.012021] (go2_apportation_orchestrator) StdoutLine: {'line': b'Installing orchestrator_stub script to /workspace/repo/install_container/go2_apportation_orchestrator/lib/go2_apportation_orchestrator\n'}
[3.013132] (go2_apportation_orchestrator) StdoutLine: {'line': b"writing list of installed files to '/workspace/repo/build_container/go2_apportation_orchestrator/install.log'\n"}
[3.020123] (-) TimerEvent: {}
[3.027399] (go2_apportation_mocks) CommandEnded: {'returncode': 0}
[3.048494] (go2_apportation_mocks) JobEnded: {'identifier': 'go2_apportation_mocks', 'rc': 0}
[3.083299] (go2_apportation_orchestrator) CommandEnded: {'returncode': 0}
[3.103628] (go2_apportation_orchestrator) JobEnded: {'identifier': 'go2_apportation_orchestrator', 'rc': 0}
[3.105658] (-) EventReactorShutdown: {}
