[3.219s] Invoking command in '/workspace/repo/src/go2_tf_tools': PYTHONPATH=/workspace/repo/build_container/go2_tf_tools/prefix_override:/usr/lib/python3/dist-packages/colcon_core/task/python/colcon_distutils_commands:/workspace/repo/install_container/go2_tf_tools/lib/python3.10/site-packages:${PYTHONPATH} /usr/bin/python3 -W ignore:setup.py install is deprecated -W ignore:easy_install command is deprecated setup.py egg_info --egg-base ../../build_container/go2_tf_tools build --build-base /workspace/repo/build_container/go2_tf_tools/build install --record /workspace/repo/build_container/go2_tf_tools/install.log --single-version-externally-managed install_data
[4.501s] running egg_info
[4.501s] writing ../../build_container/go2_tf_tools/go2_tf_tools.egg-info/PKG-INFO
[4.501s] writing dependency_links to ../../build_container/go2_tf_tools/go2_tf_tools.egg-info/dependency_links.txt
[4.501s] writing entry points to ../../build_container/go2_tf_tools/go2_tf_tools.egg-info/entry_points.txt
[4.501s] writing requirements to ../../build_container/go2_tf_tools/go2_tf_tools.egg-info/requires.txt
[4.501s] writing top-level names to ../../build_container/go2_tf_tools/go2_tf_tools.egg-info/top_level.txt
[4.501s] reading manifest file '../../build_container/go2_tf_tools/go2_tf_tools.egg-info/SOURCES.txt'
[4.502s] writing manifest file '../../build_container/go2_tf_tools/go2_tf_tools.egg-info/SOURCES.txt'
[4.502s] running build
[4.502s] running build_py
[4.502s] running install
[4.502s] running install_lib
[4.502s] running install_data
[4.502s] running install_egg_info
[4.502s] removing '/workspace/repo/install_container/go2_tf_tools/lib/python3.10/site-packages/go2_tf_tools-0.0.0-py3.10.egg-info' (and everything under it)
[4.502s] Copying ../../build_container/go2_tf_tools/go2_tf_tools.egg-info to /workspace/repo/install_container/go2_tf_tools/lib/python3.10/site-packages/go2_tf_tools-0.0.0-py3.10.egg-info
[4.503s] running install_scripts
[4.503s] Installing odom_to_tf_broadcaster script to /workspace/repo/install_container/go2_tf_tools/lib/go2_tf_tools
[4.503s] writing list of installed files to '/workspace/repo/build_container/go2_tf_tools/install.log'
[4.532s] Invoked command in '/workspace/repo/src/go2_tf_tools' returned '0': PYTHONPATH=/workspace/repo/build_container/go2_tf_tools/prefix_override:/usr/lib/python3/dist-packages/colcon_core/task/python/colcon_distutils_commands:/workspace/repo/install_container/go2_tf_tools/lib/python3.10/site-packages:${PYTHONPATH} /usr/bin/python3 -W ignore:setup.py install is deprecated -W ignore:easy_install command is deprecated setup.py egg_info --egg-base ../../build_container/go2_tf_tools build --build-base /workspace/repo/build_container/go2_tf_tools/build install --record /workspace/repo/build_container/go2_tf_tools/install.log --single-version-externally-managed install_data
