[0.356s] DEBUG:colcon:Command line arguments: ['/usr/bin/colcon', '--log-base', 'log_container', 'build', '--build-base', 'build_container', '--install-base', 'install_container']
[0.356s] DEBUG:colcon:Parsed command line arguments: Namespace(log_base='log_container', log_level=None, verb_name='build', build_base='/workspace/repo/build_container', install_base='/workspace/repo/install_container', merge_install=False, symlink_install=False, test_result_base=None, continue_on_error=False, executor='parallel', parallel_workers=6, event_handlers=None, ignore_user_meta=False, metas=['./colcon.meta'], base_paths=['.'], packages_ignore=None, packages_ignore_regex=None, paths=None, packages_up_to=None, packages_up_to_regex=None, packages_above=None, packages_above_and_dependencies=None, packages_above_depth=None, packages_select_by_dep=None, packages_skip_by_dep=None, packages_skip_up_to=None, packages_select_build_failed=False, packages_skip_build_finished=False, packages_select_test_failures=False, packages_skip_test_passed=False, packages_select=None, packages_skip=None, packages_select_regex=None, packages_skip_regex=None, packages_start=None, packages_end=None, cmake_args=None, cmake_target=None, cmake_target_skip_unavailable=False, cmake_clean_cache=False, cmake_clean_first=False, cmake_force_configure=False, ament_cmake_args=None, catkin_cmake_args=None, catkin_skip_building_tests=False, mixin_files=None, mixin=None, verb_parser=<colcon_mixin.mixin.mixin_argument.MixinArgumentDecorator object at 0xffff81dd1b10>, verb_extension=<colcon_core.verb.build.BuildVerb object at 0xffff81ef68f0>, main=<bound method BuildVerb.main of <colcon_core.verb.build.BuildVerb object at 0xffff81ef68f0>>, mixin_verb=('build',))
[0.658s] Level 1:colcon.colcon_core.package_discovery:discover_packages(colcon_meta) check parameters
[0.658s] Level 1:colcon.colcon_core.package_discovery:discover_packages(recursive) check parameters
[0.659s] Level 1:colcon.colcon_core.package_discovery:discover_packages(ignore) check parameters
[0.659s] Level 1:colcon.colcon_core.package_discovery:discover_packages(path) check parameters
[0.659s] Level 1:colcon.colcon_core.package_discovery:discover_packages(colcon_meta) discover
[0.659s] Level 1:colcon.colcon_core.package_discovery:discover_packages(recursive) discover
[0.659s] INFO:colcon.colcon_core.package_discovery:Crawling recursively for packages in '/workspace/repo'
[0.659s] Level 1:colcon.colcon_core.package_identification:_identify(.) by extensions ['ignore', 'ignore_ament_install']
[0.660s] Level 1:colcon.colcon_core.package_identification:_identify(.) by extension 'ignore'
[0.660s] Level 1:colcon.colcon_core.package_identification:_identify(.) by extension 'ignore_ament_install'
[0.660s] Level 1:colcon.colcon_core.package_identification:_identify(.) by extensions ['colcon_pkg']
[0.660s] Level 1:colcon.colcon_core.package_identification:_identify(.) by extension 'colcon_pkg'
[0.660s] Level 1:colcon.colcon_core.package_identification:_identify(.) by extensions ['colcon_meta']
[0.660s] Level 1:colcon.colcon_core.package_identification:_identify(.) by extension 'colcon_meta'
[0.660s] Level 1:colcon.colcon_core.package_identification:_identify(.) by extensions ['ros']
[0.660s] Level 1:colcon.colcon_core.package_identification:_identify(.) by extension 'ros'
[0.688s] Level 1:colcon.colcon_core.package_identification:_identify(.) by extensions ['cmake', 'python']
[0.689s] Level 1:colcon.colcon_core.package_identification:_identify(.) by extension 'cmake'
[0.689s] Level 1:colcon.colcon_core.package_identification:_identify(.) by extension 'python'
[0.689s] Level 1:colcon.colcon_core.package_identification:_identify(.) by extensions ['python_setup_py']
[0.689s] Level 1:colcon.colcon_core.package_identification:_identify(.) by extension 'python_setup_py'
[0.689s] Level 1:colcon.colcon_core.package_identification:_identify(artifacts) by extensions ['ignore', 'ignore_ament_install']
[0.690s] Level 1:colcon.colcon_core.package_identification:_identify(artifacts) by extension 'ignore'
[0.690s] Level 1:colcon.colcon_core.package_identification:_identify(artifacts) by extension 'ignore_ament_install'
[0.690s] Level 1:colcon.colcon_core.package_identification:_identify(artifacts) by extensions ['colcon_pkg']
[0.690s] Level 1:colcon.colcon_core.package_identification:_identify(artifacts) by extension 'colcon_pkg'
[0.690s] Level 1:colcon.colcon_core.package_identification:_identify(artifacts) by extensions ['colcon_meta']
[0.690s] Level 1:colcon.colcon_core.package_identification:_identify(artifacts) by extension 'colcon_meta'
[0.690s] Level 1:colcon.colcon_core.package_identification:_identify(artifacts) by extensions ['ros']
[0.690s] Level 1:colcon.colcon_core.package_identification:_identify(artifacts) by extension 'ros'
[0.691s] Level 1:colcon.colcon_core.package_identification:_identify(artifacts) by extensions ['cmake', 'python']
[0.691s] Level 1:colcon.colcon_core.package_identification:_identify(artifacts) by extension 'cmake'
[0.691s] Level 1:colcon.colcon_core.package_identification:_identify(artifacts) by extension 'python'
[0.691s] Level 1:colcon.colcon_core.package_identification:_identify(artifacts) by extensions ['python_setup_py']
[0.691s] Level 1:colcon.colcon_core.package_identification:_identify(artifacts) by extension 'python_setup_py'
[0.691s] Level 1:colcon.colcon_core.package_identification:_identify(artifacts/checks) by extensions ['ignore', 'ignore_ament_install']
[0.691s] Level 1:colcon.colcon_core.package_identification:_identify(artifacts/checks) by extension 'ignore'
[0.692s] Level 1:colcon.colcon_core.package_identification:_identify(artifacts/checks) by extension 'ignore_ament_install'
[0.692s] Level 1:colcon.colcon_core.package_identification:_identify(artifacts/checks) by extensions ['colcon_pkg']
[0.692s] Level 1:colcon.colcon_core.package_identification:_identify(artifacts/checks) by extension 'colcon_pkg'
[0.692s] Level 1:colcon.colcon_core.package_identification:_identify(artifacts/checks) by extensions ['colcon_meta']
[0.692s] Level 1:colcon.colcon_core.package_identification:_identify(artifacts/checks) by extension 'colcon_meta'
[0.692s] Level 1:colcon.colcon_core.package_identification:_identify(artifacts/checks) by extensions ['ros']
[0.692s] Level 1:colcon.colcon_core.package_identification:_identify(artifacts/checks) by extension 'ros'
[0.692s] Level 1:colcon.colcon_core.package_identification:_identify(artifacts/checks) by extensions ['cmake', 'python']
[0.692s] Level 1:colcon.colcon_core.package_identification:_identify(artifacts/checks) by extension 'cmake'
[0.693s] Level 1:colcon.colcon_core.package_identification:_identify(artifacts/checks) by extension 'python'
[0.693s] Level 1:colcon.colcon_core.package_identification:_identify(artifacts/checks) by extensions ['python_setup_py']
[0.693s] Level 1:colcon.colcon_core.package_identification:_identify(artifacts/checks) by extension 'python_setup_py'
[0.693s] Level 1:colcon.colcon_core.package_identification:_identify(artifacts/checks/20260303_182530) by extensions ['ignore', 'ignore_ament_install']
[0.693s] Level 1:colcon.colcon_core.package_identification:_identify(artifacts/checks/20260303_182530) by extension 'ignore'
[0.693s] Level 1:colcon.colcon_core.package_identification:_identify(artifacts/checks/20260303_182530) by extension 'ignore_ament_install'
[0.693s] Level 1:colcon.colcon_core.package_identification:_identify(artifacts/checks/20260303_182530) by extensions ['colcon_pkg']
[0.693s] Level 1:colcon.colcon_core.package_identification:_identify(artifacts/checks/20260303_182530) by extension 'colcon_pkg'
[0.694s] Level 1:colcon.colcon_core.package_identification:_identify(artifacts/checks/20260303_182530) by extensions ['colcon_meta']
[0.694s] Level 1:colcon.colcon_core.package_identification:_identify(artifacts/checks/20260303_182530) by extension 'colcon_meta'
[0.694s] Level 1:colcon.colcon_core.package_identification:_identify(artifacts/checks/20260303_182530) by extensions ['ros']
[0.694s] Level 1:colcon.colcon_core.package_identification:_identify(artifacts/checks/20260303_182530) by extension 'ros'
[0.694s] Level 1:colcon.colcon_core.package_identification:_identify(artifacts/checks/20260303_182530) by extensions ['cmake', 'python']
[0.694s] Level 1:colcon.colcon_core.package_identification:_identify(artifacts/checks/20260303_182530) by extension 'cmake'
[0.694s] Level 1:colcon.colcon_core.package_identification:_identify(artifacts/checks/20260303_182530) by extension 'python'
[0.694s] Level 1:colcon.colcon_core.package_identification:_identify(artifacts/checks/20260303_182530) by extensions ['python_setup_py']
[0.694s] Level 1:colcon.colcon_core.package_identification:_identify(artifacts/checks/20260303_182530) by extension 'python_setup_py'
[0.695s] Level 1:colcon.colcon_core.package_identification:_identify(artifacts/checks/20260303_182614) by extensions ['ignore', 'ignore_ament_install']
[0.695s] Level 1:colcon.colcon_core.package_identification:_identify(artifacts/checks/20260303_182614) by extension 'ignore'
[0.695s] Level 1:colcon.colcon_core.package_identification:_identify(artifacts/checks/20260303_182614) by extension 'ignore_ament_install'
[0.695s] Level 1:colcon.colcon_core.package_identification:_identify(artifacts/checks/20260303_182614) by extensions ['colcon_pkg']
[0.695s] Level 1:colcon.colcon_core.package_identification:_identify(artifacts/checks/20260303_182614) by extension 'colcon_pkg'
[0.695s] Level 1:colcon.colcon_core.package_identification:_identify(artifacts/checks/20260303_182614) by extensions ['colcon_meta']
[0.695s] Level 1:colcon.colcon_core.package_identification:_identify(artifacts/checks/20260303_182614) by extension 'colcon_meta'
[0.695s] Level 1:colcon.colcon_core.package_identification:_identify(artifacts/checks/20260303_182614) by extensions ['ros']
[0.695s] Level 1:colcon.colcon_core.package_identification:_identify(artifacts/checks/20260303_182614) by extension 'ros'
[0.696s] Level 1:colcon.colcon_core.package_identification:_identify(artifacts/checks/20260303_182614) by extensions ['cmake', 'python']
[0.696s] Level 1:colcon.colcon_core.package_identification:_identify(artifacts/checks/20260303_182614) by extension 'cmake'
[0.696s] Level 1:colcon.colcon_core.package_identification:_identify(artifacts/checks/20260303_182614) by extension 'python'
[0.696s] Level 1:colcon.colcon_core.package_identification:_identify(artifacts/checks/20260303_182614) by extensions ['python_setup_py']
[0.696s] Level 1:colcon.colcon_core.package_identification:_identify(artifacts/checks/20260303_182614) by extension 'python_setup_py'
[0.696s] Level 1:colcon.colcon_core.package_identification:_identify(artifacts/checks/20260303_182717) by extensions ['ignore', 'ignore_ament_install']
[0.696s] Level 1:colcon.colcon_core.package_identification:_identify(artifacts/checks/20260303_182717) by extension 'ignore'
[0.697s] Level 1:colcon.colcon_core.package_identification:_identify(artifacts/checks/20260303_182717) by extension 'ignore_ament_install'
[0.697s] Level 1:colcon.colcon_core.package_identification:_identify(artifacts/checks/20260303_182717) by extensions ['colcon_pkg']
[0.697s] Level 1:colcon.colcon_core.package_identification:_identify(artifacts/checks/20260303_182717) by extension 'colcon_pkg'
[0.697s] Level 1:colcon.colcon_core.package_identification:_identify(artifacts/checks/20260303_182717) by extensions ['colcon_meta']
[0.697s] Level 1:colcon.colcon_core.package_identification:_identify(artifacts/checks/20260303_182717) by extension 'colcon_meta'
[0.697s] Level 1:colcon.colcon_core.package_identification:_identify(artifacts/checks/20260303_182717) by extensions ['ros']
[0.697s] Level 1:colcon.colcon_core.package_identification:_identify(artifacts/checks/20260303_182717) by extension 'ros'
[0.697s] Level 1:colcon.colcon_core.package_identification:_identify(artifacts/checks/20260303_182717) by extensions ['cmake', 'python']
[0.697s] Level 1:colcon.colcon_core.package_identification:_identify(artifacts/checks/20260303_182717) by extension 'cmake'
[0.698s] Level 1:colcon.colcon_core.package_identification:_identify(artifacts/checks/20260303_182717) by extension 'python'
[0.698s] Level 1:colcon.colcon_core.package_identification:_identify(artifacts/checks/20260303_182717) by extensions ['python_setup_py']
[0.698s] Level 1:colcon.colcon_core.package_identification:_identify(artifacts/checks/20260303_182717) by extension 'python_setup_py'
[0.698s] Level 1:colcon.colcon_core.package_identification:_identify(artifacts/checks/20260303_182757) by extensions ['ignore', 'ignore_ament_install']
[0.698s] Level 1:colcon.colcon_core.package_identification:_identify(artifacts/checks/20260303_182757) by extension 'ignore'
[0.698s] Level 1:colcon.colcon_core.package_identification:_identify(artifacts/checks/20260303_182757) by extension 'ignore_ament_install'
[0.698s] Level 1:colcon.colcon_core.package_identification:_identify(artifacts/checks/20260303_182757) by extensions ['colcon_pkg']
[0.698s] Level 1:colcon.colcon_core.package_identification:_identify(artifacts/checks/20260303_182757) by extension 'colcon_pkg'
[0.699s] Level 1:colcon.colcon_core.package_identification:_identify(artifacts/checks/20260303_182757) by extensions ['colcon_meta']
[0.699s] Level 1:colcon.colcon_core.package_identification:_identify(artifacts/checks/20260303_182757) by extension 'colcon_meta'
[0.699s] Level 1:colcon.colcon_core.package_identification:_identify(artifacts/checks/20260303_182757) by extensions ['ros']
[0.699s] Level 1:colcon.colcon_core.package_identification:_identify(artifacts/checks/20260303_182757) by extension 'ros'
[0.699s] Level 1:colcon.colcon_core.package_identification:_identify(artifacts/checks/20260303_182757) by extensions ['cmake', 'python']
[0.699s] Level 1:colcon.colcon_core.package_identification:_identify(artifacts/checks/20260303_182757) by extension 'cmake'
[0.699s] Level 1:colcon.colcon_core.package_identification:_identify(artifacts/checks/20260303_182757) by extension 'python'
[0.699s] Level 1:colcon.colcon_core.package_identification:_identify(artifacts/checks/20260303_182757) by extensions ['python_setup_py']
[0.699s] Level 1:colcon.colcon_core.package_identification:_identify(artifacts/checks/20260303_182757) by extension 'python_setup_py'
[0.700s] Level 1:colcon.colcon_core.package_identification:_identify(artifacts/checks/20260303_184343) by extensions ['ignore', 'ignore_ament_install']
[0.700s] Level 1:colcon.colcon_core.package_identification:_identify(artifacts/checks/20260303_184343) by extension 'ignore'
[0.700s] Level 1:colcon.colcon_core.package_identification:_identify(artifacts/checks/20260303_184343) by extension 'ignore_ament_install'
[0.700s] Level 1:colcon.colcon_core.package_identification:_identify(artifacts/checks/20260303_184343) by extensions ['colcon_pkg']
[0.700s] Level 1:colcon.colcon_core.package_identification:_identify(artifacts/checks/20260303_184343) by extension 'colcon_pkg'
[0.700s] Level 1:colcon.colcon_core.package_identification:_identify(artifacts/checks/20260303_184343) by extensions ['colcon_meta']
[0.700s] Level 1:colcon.colcon_core.package_identification:_identify(artifacts/checks/20260303_184343) by extension 'colcon_meta'
[0.700s] Level 1:colcon.colcon_core.package_identification:_identify(artifacts/checks/20260303_184343) by extensions ['ros']
[0.700s] Level 1:colcon.colcon_core.package_identification:_identify(artifacts/checks/20260303_184343) by extension 'ros'
[0.701s] Level 1:colcon.colcon_core.package_identification:_identify(artifacts/checks/20260303_184343) by extensions ['cmake', 'python']
[0.701s] Level 1:colcon.colcon_core.package_identification:_identify(artifacts/checks/20260303_184343) by extension 'cmake'
[0.701s] Level 1:colcon.colcon_core.package_identification:_identify(artifacts/checks/20260303_184343) by extension 'python'
[0.701s] Level 1:colcon.colcon_core.package_identification:_identify(artifacts/checks/20260303_184343) by extensions ['python_setup_py']
[0.701s] Level 1:colcon.colcon_core.package_identification:_identify(artifacts/checks/20260303_184343) by extension 'python_setup_py'
[0.701s] Level 1:colcon.colcon_core.package_identification:_identify(artifacts/checks/20260303_184647) by extensions ['ignore', 'ignore_ament_install']
[0.701s] Level 1:colcon.colcon_core.package_identification:_identify(artifacts/checks/20260303_184647) by extension 'ignore'
[0.701s] Level 1:colcon.colcon_core.package_identification:_identify(artifacts/checks/20260303_184647) by extension 'ignore_ament_install'
[0.702s] Level 1:colcon.colcon_core.package_identification:_identify(artifacts/checks/20260303_184647) by extensions ['colcon_pkg']
[0.702s] Level 1:colcon.colcon_core.package_identification:_identify(artifacts/checks/20260303_184647) by extension 'colcon_pkg'
[0.702s] Level 1:colcon.colcon_core.package_identification:_identify(artifacts/checks/20260303_184647) by extensions ['colcon_meta']
[0.702s] Level 1:colcon.colcon_core.package_identification:_identify(artifacts/checks/20260303_184647) by extension 'colcon_meta'
[0.702s] Level 1:colcon.colcon_core.package_identification:_identify(artifacts/checks/20260303_184647) by extensions ['ros']
[0.702s] Level 1:colcon.colcon_core.package_identification:_identify(artifacts/checks/20260303_184647) by extension 'ros'
[0.702s] Level 1:colcon.colcon_core.package_identification:_identify(artifacts/checks/20260303_184647) by extensions ['cmake', 'python']
[0.702s] Level 1:colcon.colcon_core.package_identification:_identify(artifacts/checks/20260303_184647) by extension 'cmake'
[0.702s] Level 1:colcon.colcon_core.package_identification:_identify(artifacts/checks/20260303_184647) by extension 'python'
[0.703s] Level 1:colcon.colcon_core.package_identification:_identify(artifacts/checks/20260303_184647) by extensions ['python_setup_py']
[0.703s] Level 1:colcon.colcon_core.package_identification:_identify(artifacts/checks/20260303_184647) by extension 'python_setup_py'
[0.703s] Level 1:colcon.colcon_core.package_identification:_identify(artifacts/checks/20260304_163810) by extensions ['ignore', 'ignore_ament_install']
[0.703s] Level 1:colcon.colcon_core.package_identification:_identify(artifacts/checks/20260304_163810) by extension 'ignore'
[0.703s] Level 1:colcon.colcon_core.package_identification:_identify(artifacts/checks/20260304_163810) by extension 'ignore_ament_install'
[0.703s] Level 1:colcon.colcon_core.package_identification:_identify(artifacts/checks/20260304_163810) by extensions ['colcon_pkg']
[0.703s] Level 1:colcon.colcon_core.package_identification:_identify(artifacts/checks/20260304_163810) by extension 'colcon_pkg'
[0.703s] Level 1:colcon.colcon_core.package_identification:_identify(artifacts/checks/20260304_163810) by extensions ['colcon_meta']
[0.703s] Level 1:colcon.colcon_core.package_identification:_identify(artifacts/checks/20260304_163810) by extension 'colcon_meta'
[0.704s] Level 1:colcon.colcon_core.package_identification:_identify(artifacts/checks/20260304_163810) by extensions ['ros']
[0.704s] Level 1:colcon.colcon_core.package_identification:_identify(artifacts/checks/20260304_163810) by extension 'ros'
[0.704s] Level 1:colcon.colcon_core.package_identification:_identify(artifacts/checks/20260304_163810) by extensions ['cmake', 'python']
[0.704s] Level 1:colcon.colcon_core.package_identification:_identify(artifacts/checks/20260304_163810) by extension 'cmake'
[0.704s] Level 1:colcon.colcon_core.package_identification:_identify(artifacts/checks/20260304_163810) by extension 'python'
[0.704s] Level 1:colcon.colcon_core.package_identification:_identify(artifacts/checks/20260304_163810) by extensions ['python_setup_py']
[0.704s] Level 1:colcon.colcon_core.package_identification:_identify(artifacts/checks/20260304_163810) by extension 'python_setup_py'
[0.704s] Level 1:colcon.colcon_core.package_identification:_identify(build) by extensions ['ignore', 'ignore_ament_install']
[0.705s] Level 1:colcon.colcon_core.package_identification:_identify(build) by extension 'ignore'
[0.705s] Level 1:colcon.colcon_core.package_identification:_identify(build) ignored
[0.705s] Level 1:colcon.colcon_core.package_identification:_identify(build_container) by extensions ['ignore', 'ignore_ament_install']
[0.705s] Level 1:colcon.colcon_core.package_identification:_identify(build_container) by extension 'ignore'
[0.705s] Level 1:colcon.colcon_core.package_identification:_identify(build_container) ignored
[0.705s] Level 1:colcon.colcon_core.package_identification:_identify(build_diag) by extensions ['ignore', 'ignore_ament_install']
[0.706s] Level 1:colcon.colcon_core.package_identification:_identify(build_diag) by extension 'ignore'
[0.706s] Level 1:colcon.colcon_core.package_identification:_identify(build_diag) ignored
[0.706s] Level 1:colcon.colcon_core.package_identification:_identify(build_diag2) by extensions ['ignore', 'ignore_ament_install']
[0.706s] Level 1:colcon.colcon_core.package_identification:_identify(build_diag2) by extension 'ignore'
[0.706s] Level 1:colcon.colcon_core.package_identification:_identify(build_diag2) ignored
[0.706s] Level 1:colcon.colcon_core.package_identification:_identify(config) by extensions ['ignore', 'ignore_ament_install']
[0.707s] Level 1:colcon.colcon_core.package_identification:_identify(config) by extension 'ignore'
[0.707s] Level 1:colcon.colcon_core.package_identification:_identify(config) by extension 'ignore_ament_install'
[0.707s] Level 1:colcon.colcon_core.package_identification:_identify(config) by extensions ['colcon_pkg']
[0.707s] Level 1:colcon.colcon_core.package_identification:_identify(config) by extension 'colcon_pkg'
[0.707s] Level 1:colcon.colcon_core.package_identification:_identify(config) by extensions ['colcon_meta']
[0.707s] Level 1:colcon.colcon_core.package_identification:_identify(config) by extension 'colcon_meta'
[0.707s] Level 1:colcon.colcon_core.package_identification:_identify(config) by extensions ['ros']
[0.707s] Level 1:colcon.colcon_core.package_identification:_identify(config) by extension 'ros'
[0.707s] Level 1:colcon.colcon_core.package_identification:_identify(config) by extensions ['cmake', 'python']
[0.707s] Level 1:colcon.colcon_core.package_identification:_identify(config) by extension 'cmake'
[0.708s] Level 1:colcon.colcon_core.package_identification:_identify(config) by extension 'python'
[0.708s] Level 1:colcon.colcon_core.package_identification:_identify(config) by extensions ['python_setup_py']
[0.708s] Level 1:colcon.colcon_core.package_identification:_identify(config) by extension 'python_setup_py'
[0.708s] Level 1:colcon.colcon_core.package_identification:_identify(docs) by extensions ['ignore', 'ignore_ament_install']
[0.708s] Level 1:colcon.colcon_core.package_identification:_identify(docs) by extension 'ignore'
[0.708s] Level 1:colcon.colcon_core.package_identification:_identify(docs) by extension 'ignore_ament_install'
[0.708s] Level 1:colcon.colcon_core.package_identification:_identify(docs) by extensions ['colcon_pkg']
[0.708s] Level 1:colcon.colcon_core.package_identification:_identify(docs) by extension 'colcon_pkg'
[0.708s] Level 1:colcon.colcon_core.package_identification:_identify(docs) by extensions ['colcon_meta']
[0.709s] Level 1:colcon.colcon_core.package_identification:_identify(docs) by extension 'colcon_meta'
[0.709s] Level 1:colcon.colcon_core.package_identification:_identify(docs) by extensions ['ros']
[0.709s] Level 1:colcon.colcon_core.package_identification:_identify(docs) by extension 'ros'
[0.709s] Level 1:colcon.colcon_core.package_identification:_identify(docs) by extensions ['cmake', 'python']
[0.709s] Level 1:colcon.colcon_core.package_identification:_identify(docs) by extension 'cmake'
[0.709s] Level 1:colcon.colcon_core.package_identification:_identify(docs) by extension 'python'
[0.709s] Level 1:colcon.colcon_core.package_identification:_identify(docs) by extensions ['python_setup_py']
[0.709s] Level 1:colcon.colcon_core.package_identification:_identify(docs) by extension 'python_setup_py'
[0.710s] Level 1:colcon.colcon_core.package_identification:_identify(install) by extensions ['ignore', 'ignore_ament_install']
[0.710s] Level 1:colcon.colcon_core.package_identification:_identify(install) by extension 'ignore'
[0.710s] Level 1:colcon.colcon_core.package_identification:_identify(install) ignored
[0.710s] Level 1:colcon.colcon_core.package_identification:_identify(install_container) by extensions ['ignore', 'ignore_ament_install']
[0.710s] Level 1:colcon.colcon_core.package_identification:_identify(install_container) by extension 'ignore'
[0.710s] Level 1:colcon.colcon_core.package_identification:_identify(install_container) ignored
[0.710s] Level 1:colcon.colcon_core.package_identification:_identify(install_diag) by extensions ['ignore', 'ignore_ament_install']
[0.711s] Level 1:colcon.colcon_core.package_identification:_identify(install_diag) by extension 'ignore'
[0.711s] Level 1:colcon.colcon_core.package_identification:_identify(install_diag) ignored
[0.711s] Level 1:colcon.colcon_core.package_identification:_identify(install_diag2) by extensions ['ignore', 'ignore_ament_install']
[0.711s] Level 1:colcon.colcon_core.package_identification:_identify(install_diag2) by extension 'ignore'
[0.711s] Level 1:colcon.colcon_core.package_identification:_identify(install_diag2) ignored
[0.711s] Level 1:colcon.colcon_core.package_identification:_identify(launch) by extensions ['ignore', 'ignore_ament_install']
[0.711s] Level 1:colcon.colcon_core.package_identification:_identify(launch) by extension 'ignore'
[0.712s] Level 1:colcon.colcon_core.package_identification:_identify(launch) by extension 'ignore_ament_install'
[0.712s] Level 1:colcon.colcon_core.package_identification:_identify(launch) by extensions ['colcon_pkg']
[0.712s] Level 1:colcon.colcon_core.package_identification:_identify(launch) by extension 'colcon_pkg'
[0.712s] Level 1:colcon.colcon_core.package_identification:_identify(launch) by extensions ['colcon_meta']
[0.712s] Level 1:colcon.colcon_core.package_identification:_identify(launch) by extension 'colcon_meta'
[0.712s] Level 1:colcon.colcon_core.package_identification:_identify(launch) by extensions ['ros']
[0.712s] Level 1:colcon.colcon_core.package_identification:_identify(launch) by extension 'ros'
[0.712s] Level 1:colcon.colcon_core.package_identification:_identify(launch) by extensions ['cmake', 'python']
[0.712s] Level 1:colcon.colcon_core.package_identification:_identify(launch) by extension 'cmake'
[0.712s] Level 1:colcon.colcon_core.package_identification:_identify(launch) by extension 'python'
[0.713s] Level 1:colcon.colcon_core.package_identification:_identify(launch) by extensions ['python_setup_py']
[0.713s] Level 1:colcon.colcon_core.package_identification:_identify(launch) by extension 'python_setup_py'
[0.713s] Level 1:colcon.colcon_core.package_identification:_identify(launch/__pycache__) by extensions ['ignore', 'ignore_ament_install']
[0.713s] Level 1:colcon.colcon_core.package_identification:_identify(launch/__pycache__) by extension 'ignore'
[0.713s] Level 1:colcon.colcon_core.package_identification:_identify(launch/__pycache__) by extension 'ignore_ament_install'
[0.713s] Level 1:colcon.colcon_core.package_identification:_identify(launch/__pycache__) by extensions ['colcon_pkg']
[0.713s] Level 1:colcon.colcon_core.package_identification:_identify(launch/__pycache__) by extension 'colcon_pkg'
[0.714s] Level 1:colcon.colcon_core.package_identification:_identify(launch/__pycache__) by extensions ['colcon_meta']
[0.714s] Level 1:colcon.colcon_core.package_identification:_identify(launch/__pycache__) by extension 'colcon_meta'
[0.714s] Level 1:colcon.colcon_core.package_identification:_identify(launch/__pycache__) by extensions ['ros']
[0.714s] Level 1:colcon.colcon_core.package_identification:_identify(launch/__pycache__) by extension 'ros'
[0.714s] Level 1:colcon.colcon_core.package_identification:_identify(launch/__pycache__) by extensions ['cmake', 'python']
[0.714s] Level 1:colcon.colcon_core.package_identification:_identify(launch/__pycache__) by extension 'cmake'
[0.714s] Level 1:colcon.colcon_core.package_identification:_identify(launch/__pycache__) by extension 'python'
[0.714s] Level 1:colcon.colcon_core.package_identification:_identify(launch/__pycache__) by extensions ['python_setup_py']
[0.714s] Level 1:colcon.colcon_core.package_identification:_identify(launch/__pycache__) by extension 'python_setup_py'
[0.715s] Level 1:colcon.colcon_core.package_identification:_identify(log) by extensions ['ignore', 'ignore_ament_install']
[0.715s] Level 1:colcon.colcon_core.package_identification:_identify(log) by extension 'ignore'
[0.715s] Level 1:colcon.colcon_core.package_identification:_identify(log) ignored
[0.715s] Level 1:colcon.colcon_core.package_identification:_identify(log_container) by extensions ['ignore', 'ignore_ament_install']
[0.715s] Level 1:colcon.colcon_core.package_identification:_identify(log_container) by extension 'ignore'
[0.715s] Level 1:colcon.colcon_core.package_identification:_identify(log_container) ignored
[0.715s] Level 1:colcon.colcon_core.package_identification:_identify(log_diag) by extensions ['ignore', 'ignore_ament_install']
[0.716s] Level 1:colcon.colcon_core.package_identification:_identify(log_diag) by extension 'ignore'
[0.716s] Level 1:colcon.colcon_core.package_identification:_identify(log_diag) ignored
[0.716s] Level 1:colcon.colcon_core.package_identification:_identify(log_diag2) by extensions ['ignore', 'ignore_ament_install']
[0.716s] Level 1:colcon.colcon_core.package_identification:_identify(log_diag2) by extension 'ignore'
[0.716s] Level 1:colcon.colcon_core.package_identification:_identify(log_diag2) ignored
[0.716s] Level 1:colcon.colcon_core.package_identification:_identify(scripts) by extensions ['ignore', 'ignore_ament_install']
[0.717s] Level 1:colcon.colcon_core.package_identification:_identify(scripts) by extension 'ignore'
[0.717s] Level 1:colcon.colcon_core.package_identification:_identify(scripts) by extension 'ignore_ament_install'
[0.717s] Level 1:colcon.colcon_core.package_identification:_identify(scripts) by extensions ['colcon_pkg']
[0.717s] Level 1:colcon.colcon_core.package_identification:_identify(scripts) by extension 'colcon_pkg'
[0.717s] Level 1:colcon.colcon_core.package_identification:_identify(scripts) by extensions ['colcon_meta']
[0.717s] Level 1:colcon.colcon_core.package_identification:_identify(scripts) by extension 'colcon_meta'
[0.717s] Level 1:colcon.colcon_core.package_identification:_identify(scripts) by extensions ['ros']
[0.717s] Level 1:colcon.colcon_core.package_identification:_identify(scripts) by extension 'ros'
[0.717s] Level 1:colcon.colcon_core.package_identification:_identify(scripts) by extensions ['cmake', 'python']
[0.718s] Level 1:colcon.colcon_core.package_identification:_identify(scripts) by extension 'cmake'
[0.718s] Level 1:colcon.colcon_core.package_identification:_identify(scripts) by extension 'python'
[0.718s] Level 1:colcon.colcon_core.package_identification:_identify(scripts) by extensions ['python_setup_py']
[0.718s] Level 1:colcon.colcon_core.package_identification:_identify(scripts) by extension 'python_setup_py'
[0.718s] Level 1:colcon.colcon_core.package_identification:_identify(scripts/bringup) by extensions ['ignore', 'ignore_ament_install']
[0.718s] Level 1:colcon.colcon_core.package_identification:_identify(scripts/bringup) by extension 'ignore'
[0.718s] Level 1:colcon.colcon_core.package_identification:_identify(scripts/bringup) by extension 'ignore_ament_install'
[0.718s] Level 1:colcon.colcon_core.package_identification:_identify(scripts/bringup) by extensions ['colcon_pkg']
[0.718s] Level 1:colcon.colcon_core.package_identification:_identify(scripts/bringup) by extension 'colcon_pkg'
[0.719s] Level 1:colcon.colcon_core.package_identification:_identify(scripts/bringup) by extensions ['colcon_meta']
[0.719s] Level 1:colcon.colcon_core.package_identification:_identify(scripts/bringup) by extension 'colcon_meta'
[0.719s] Level 1:colcon.colcon_core.package_identification:_identify(scripts/bringup) by extensions ['ros']
[0.719s] Level 1:colcon.colcon_core.package_identification:_identify(scripts/bringup) by extension 'ros'
[0.719s] Level 1:colcon.colcon_core.package_identification:_identify(scripts/bringup) by extensions ['cmake', 'python']
[0.719s] Level 1:colcon.colcon_core.package_identification:_identify(scripts/bringup) by extension 'cmake'
[0.719s] Level 1:colcon.colcon_core.package_identification:_identify(scripts/bringup) by extension 'python'
[0.719s] Level 1:colcon.colcon_core.package_identification:_identify(scripts/bringup) by extensions ['python_setup_py']
[0.719s] Level 1:colcon.colcon_core.package_identification:_identify(scripts/bringup) by extension 'python_setup_py'
[0.720s] Level 1:colcon.colcon_core.package_identification:_identify(scripts/docker) by extensions ['ignore', 'ignore_ament_install']
[0.720s] Level 1:colcon.colcon_core.package_identification:_identify(scripts/docker) by extension 'ignore'
[0.720s] Level 1:colcon.colcon_core.package_identification:_identify(scripts/docker) by extension 'ignore_ament_install'
[0.720s] Level 1:colcon.colcon_core.package_identification:_identify(scripts/docker) by extensions ['colcon_pkg']
[0.720s] Level 1:colcon.colcon_core.package_identification:_identify(scripts/docker) by extension 'colcon_pkg'
[0.720s] Level 1:colcon.colcon_core.package_identification:_identify(scripts/docker) by extensions ['colcon_meta']
[0.720s] Level 1:colcon.colcon_core.package_identification:_identify(scripts/docker) by extension 'colcon_meta'
[0.720s] Level 1:colcon.colcon_core.package_identification:_identify(scripts/docker) by extensions ['ros']
[0.720s] Level 1:colcon.colcon_core.package_identification:_identify(scripts/docker) by extension 'ros'
[0.721s] Level 1:colcon.colcon_core.package_identification:_identify(scripts/docker) by extensions ['cmake', 'python']
[0.721s] Level 1:colcon.colcon_core.package_identification:_identify(scripts/docker) by extension 'cmake'
[0.721s] Level 1:colcon.colcon_core.package_identification:_identify(scripts/docker) by extension 'python'
[0.721s] Level 1:colcon.colcon_core.package_identification:_identify(scripts/docker) by extensions ['python_setup_py']
[0.721s] Level 1:colcon.colcon_core.package_identification:_identify(scripts/docker) by extension 'python_setup_py'
[0.721s] Level 1:colcon.colcon_core.package_identification:_identify(scripts/rtabmap) by extensions ['ignore', 'ignore_ament_install']
[0.721s] Level 1:colcon.colcon_core.package_identification:_identify(scripts/rtabmap) by extension 'ignore'
[0.721s] Level 1:colcon.colcon_core.package_identification:_identify(scripts/rtabmap) by extension 'ignore_ament_install'
[0.722s] Level 1:colcon.colcon_core.package_identification:_identify(scripts/rtabmap) by extensions ['colcon_pkg']
[0.722s] Level 1:colcon.colcon_core.package_identification:_identify(scripts/rtabmap) by extension 'colcon_pkg'
[0.722s] Level 1:colcon.colcon_core.package_identification:_identify(scripts/rtabmap) by extensions ['colcon_meta']
[0.722s] Level 1:colcon.colcon_core.package_identification:_identify(scripts/rtabmap) by extension 'colcon_meta'
[0.722s] Level 1:colcon.colcon_core.package_identification:_identify(scripts/rtabmap) by extensions ['ros']
[0.722s] Level 1:colcon.colcon_core.package_identification:_identify(scripts/rtabmap) by extension 'ros'
[0.722s] Level 1:colcon.colcon_core.package_identification:_identify(scripts/rtabmap) by extensions ['cmake', 'python']
[0.722s] Level 1:colcon.colcon_core.package_identification:_identify(scripts/rtabmap) by extension 'cmake'
[0.722s] Level 1:colcon.colcon_core.package_identification:_identify(scripts/rtabmap) by extension 'python'
[0.722s] Level 1:colcon.colcon_core.package_identification:_identify(scripts/rtabmap) by extensions ['python_setup_py']
[0.722s] Level 1:colcon.colcon_core.package_identification:_identify(scripts/rtabmap) by extension 'python_setup_py'
[0.723s] Level 1:colcon.colcon_core.package_identification:_identify(src) by extensions ['ignore', 'ignore_ament_install']
[0.723s] Level 1:colcon.colcon_core.package_identification:_identify(src) by extension 'ignore'
[0.723s] Level 1:colcon.colcon_core.package_identification:_identify(src) by extension 'ignore_ament_install'
[0.723s] Level 1:colcon.colcon_core.package_identification:_identify(src) by extensions ['colcon_pkg']
[0.723s] Level 1:colcon.colcon_core.package_identification:_identify(src) by extension 'colcon_pkg'
[0.723s] Level 1:colcon.colcon_core.package_identification:_identify(src) by extensions ['colcon_meta']
[0.723s] Level 1:colcon.colcon_core.package_identification:_identify(src) by extension 'colcon_meta'
[0.723s] Level 1:colcon.colcon_core.package_identification:_identify(src) by extensions ['ros']
[0.724s] Level 1:colcon.colcon_core.package_identification:_identify(src) by extension 'ros'
[0.724s] Level 1:colcon.colcon_core.package_identification:_identify(src) by extensions ['cmake', 'python']
[0.724s] Level 1:colcon.colcon_core.package_identification:_identify(src) by extension 'cmake'
[0.724s] Level 1:colcon.colcon_core.package_identification:_identify(src) by extension 'python'
[0.724s] Level 1:colcon.colcon_core.package_identification:_identify(src) by extensions ['python_setup_py']
[0.724s] Level 1:colcon.colcon_core.package_identification:_identify(src) by extension 'python_setup_py'
[0.724s] Level 1:colcon.colcon_core.package_identification:_identify(src/go2_apportation_mocks) by extensions ['ignore', 'ignore_ament_install']
[0.724s] Level 1:colcon.colcon_core.package_identification:_identify(src/go2_apportation_mocks) by extension 'ignore'
[0.725s] Level 1:colcon.colcon_core.package_identification:_identify(src/go2_apportation_mocks) by extension 'ignore_ament_install'
[0.725s] Level 1:colcon.colcon_core.package_identification:_identify(src/go2_apportation_mocks) by extensions ['colcon_pkg']
[0.725s] Level 1:colcon.colcon_core.package_identification:_identify(src/go2_apportation_mocks) by extension 'colcon_pkg'
[0.725s] Level 1:colcon.colcon_core.package_identification:_identify(src/go2_apportation_mocks) by extensions ['colcon_meta']
[0.725s] Level 1:colcon.colcon_core.package_identification:_identify(src/go2_apportation_mocks) by extension 'colcon_meta'
[0.725s] Level 1:colcon.colcon_core.package_identification:_identify(src/go2_apportation_mocks) by extensions ['ros']
[0.725s] Level 1:colcon.colcon_core.package_identification:_identify(src/go2_apportation_mocks) by extension 'ros'
[0.731s] DEBUG:colcon.colcon_core.package_identification:Package 'src/go2_apportation_mocks' with type 'ros.ament_python' and name 'go2_apportation_mocks'
[0.731s] Level 1:colcon.colcon_core.package_identification:_identify(src/go2_apportation_msgs) by extensions ['ignore', 'ignore_ament_install']
[0.731s] Level 1:colcon.colcon_core.package_identification:_identify(src/go2_apportation_msgs) by extension 'ignore'
[0.732s] Level 1:colcon.colcon_core.package_identification:_identify(src/go2_apportation_msgs) by extension 'ignore_ament_install'
[0.732s] Level 1:colcon.colcon_core.package_identification:_identify(src/go2_apportation_msgs) by extensions ['colcon_pkg']
[0.732s] Level 1:colcon.colcon_core.package_identification:_identify(src/go2_apportation_msgs) by extension 'colcon_pkg'
[0.732s] Level 1:colcon.colcon_core.package_identification:_identify(src/go2_apportation_msgs) by extensions ['colcon_meta']
[0.732s] Level 1:colcon.colcon_core.package_identification:_identify(src/go2_apportation_msgs) by extension 'colcon_meta'
[0.732s] Level 1:colcon.colcon_core.package_identification:_identify(src/go2_apportation_msgs) by extensions ['ros']
[0.732s] Level 1:colcon.colcon_core.package_identification:_identify(src/go2_apportation_msgs) by extension 'ros'
[0.734s] DEBUG:colcon.colcon_core.package_identification:Package 'src/go2_apportation_msgs' with type 'ros.catkin' and name 'go2_apportation_msgs'
[0.734s] Level 1:colcon.colcon_core.package_identification:_identify(src/go2_apportation_orchestrator) by extensions ['ignore', 'ignore_ament_install']
[0.735s] Level 1:colcon.colcon_core.package_identification:_identify(src/go2_apportation_orchestrator) by extension 'ignore'
[0.735s] Level 1:colcon.colcon_core.package_identification:_identify(src/go2_apportation_orchestrator) by extension 'ignore_ament_install'
[0.735s] Level 1:colcon.colcon_core.package_identification:_identify(src/go2_apportation_orchestrator) by extensions ['colcon_pkg']
[0.735s] Level 1:colcon.colcon_core.package_identification:_identify(src/go2_apportation_orchestrator) by extension 'colcon_pkg'
[0.735s] Level 1:colcon.colcon_core.package_identification:_identify(src/go2_apportation_orchestrator) by extensions ['colcon_meta']
[0.735s] Level 1:colcon.colcon_core.package_identification:_identify(src/go2_apportation_orchestrator) by extension 'colcon_meta'
[0.735s] Level 1:colcon.colcon_core.package_identification:_identify(src/go2_apportation_orchestrator) by extensions ['ros']
[0.735s] Level 1:colcon.colcon_core.package_identification:_identify(src/go2_apportation_orchestrator) by extension 'ros'
[0.736s] DEBUG:colcon.colcon_core.package_identification:Package 'src/go2_apportation_orchestrator' with type 'ros.ament_python' and name 'go2_apportation_orchestrator'
[0.737s] Level 1:colcon.colcon_core.package_identification:_identify(src/go2_tf_tools) by extensions ['ignore', 'ignore_ament_install']
[0.737s] Level 1:colcon.colcon_core.package_identification:_identify(src/go2_tf_tools) by extension 'ignore'
[0.737s] Level 1:colcon.colcon_core.package_identification:_identify(src/go2_tf_tools) by extension 'ignore_ament_install'
[0.737s] Level 1:colcon.colcon_core.package_identification:_identify(src/go2_tf_tools) by extensions ['colcon_pkg']
[0.737s] Level 1:colcon.colcon_core.package_identification:_identify(src/go2_tf_tools) by extension 'colcon_pkg'
[0.737s] Level 1:colcon.colcon_core.package_identification:_identify(src/go2_tf_tools) by extensions ['colcon_meta']
[0.737s] Level 1:colcon.colcon_core.package_identification:_identify(src/go2_tf_tools) by extension 'colcon_meta'
[0.738s] Level 1:colcon.colcon_core.package_identification:_identify(src/go2_tf_tools) by extensions ['ros']
[0.738s] Level 1:colcon.colcon_core.package_identification:_identify(src/go2_tf_tools) by extension 'ros'
[0.739s] DEBUG:colcon.colcon_core.package_identification:Package 'src/go2_tf_tools' with type 'ros.ament_python' and name 'go2_tf_tools'
[0.739s] Level 1:colcon.colcon_core.package_identification:_identify(tests) by extensions ['ignore', 'ignore_ament_install']
[0.739s] Level 1:colcon.colcon_core.package_identification:_identify(tests) by extension 'ignore'
[0.739s] Level 1:colcon.colcon_core.package_identification:_identify(tests) by extension 'ignore_ament_install'
[0.739s] Level 1:colcon.colcon_core.package_identification:_identify(tests) by extensions ['colcon_pkg']
[0.739s] Level 1:colcon.colcon_core.package_identification:_identify(tests) by extension 'colcon_pkg'
[0.739s] Level 1:colcon.colcon_core.package_identification:_identify(tests) by extensions ['colcon_meta']
[0.740s] Level 1:colcon.colcon_core.package_identification:_identify(tests) by extension 'colcon_meta'
[0.740s] Level 1:colcon.colcon_core.package_identification:_identify(tests) by extensions ['ros']
[0.740s] Level 1:colcon.colcon_core.package_identification:_identify(tests) by extension 'ros'
[0.740s] Level 1:colcon.colcon_core.package_identification:_identify(tests) by extensions ['cmake', 'python']
[0.740s] Level 1:colcon.colcon_core.package_identification:_identify(tests) by extension 'cmake'
[0.740s] Level 1:colcon.colcon_core.package_identification:_identify(tests) by extension 'python'
[0.740s] Level 1:colcon.colcon_core.package_identification:_identify(tests) by extensions ['python_setup_py']
[0.740s] Level 1:colcon.colcon_core.package_identification:_identify(tests) by extension 'python_setup_py'
[0.741s] Level 1:colcon.colcon_core.package_identification:_identify(tests/__pycache__) by extensions ['ignore', 'ignore_ament_install']
[0.741s] Level 1:colcon.colcon_core.package_identification:_identify(tests/__pycache__) by extension 'ignore'
[0.741s] Level 1:colcon.colcon_core.package_identification:_identify(tests/__pycache__) by extension 'ignore_ament_install'
[0.741s] Level 1:colcon.colcon_core.package_identification:_identify(tests/__pycache__) by extensions ['colcon_pkg']
[0.741s] Level 1:colcon.colcon_core.package_identification:_identify(tests/__pycache__) by extension 'colcon_pkg'
[0.741s] Level 1:colcon.colcon_core.package_identification:_identify(tests/__pycache__) by extensions ['colcon_meta']
[0.741s] Level 1:colcon.colcon_core.package_identification:_identify(tests/__pycache__) by extension 'colcon_meta'
[0.741s] Level 1:colcon.colcon_core.package_identification:_identify(tests/__pycache__) by extensions ['ros']
[0.741s] Level 1:colcon.colcon_core.package_identification:_identify(tests/__pycache__) by extension 'ros'
[0.742s] Level 1:colcon.colcon_core.package_identification:_identify(tests/__pycache__) by extensions ['cmake', 'python']
[0.742s] Level 1:colcon.colcon_core.package_identification:_identify(tests/__pycache__) by extension 'cmake'
[0.742s] Level 1:colcon.colcon_core.package_identification:_identify(tests/__pycache__) by extension 'python'
[0.742s] Level 1:colcon.colcon_core.package_identification:_identify(tests/__pycache__) by extensions ['python_setup_py']
[0.742s] Level 1:colcon.colcon_core.package_identification:_identify(tests/__pycache__) by extension 'python_setup_py'
[0.742s] Level 1:colcon.colcon_core.package_discovery:discover_packages(recursive) using defaults
[0.742s] Level 1:colcon.colcon_core.package_discovery:discover_packages(ignore) discover
[0.742s] Level 1:colcon.colcon_core.package_discovery:discover_packages(ignore) using defaults
[0.742s] Level 1:colcon.colcon_core.package_discovery:discover_packages(path) discover
[0.742s] Level 1:colcon.colcon_core.package_discovery:discover_packages(path) using defaults
[0.799s] Level 5:colcon.colcon_core.verb:set package 'go2_apportation_msgs' build argument 'cmake_args' from command line to 'None'
[0.800s] Level 5:colcon.colcon_core.verb:set package 'go2_apportation_msgs' build argument 'cmake_target' from command line to 'None'
[0.800s] Level 5:colcon.colcon_core.verb:set package 'go2_apportation_msgs' build argument 'cmake_target_skip_unavailable' from command line to 'False'
[0.800s] Level 5:colcon.colcon_core.verb:set package 'go2_apportation_msgs' build argument 'cmake_clean_cache' from command line to 'False'
[0.800s] Level 5:colcon.colcon_core.verb:set package 'go2_apportation_msgs' build argument 'cmake_clean_first' from command line to 'False'
[0.800s] Level 5:colcon.colcon_core.verb:set package 'go2_apportation_msgs' build argument 'cmake_force_configure' from command line to 'False'
[0.800s] Level 5:colcon.colcon_core.verb:set package 'go2_apportation_msgs' build argument 'ament_cmake_args' from command line to 'None'
[0.800s] Level 5:colcon.colcon_core.verb:set package 'go2_apportation_msgs' build argument 'catkin_cmake_args' from command line to 'None'
[0.800s] Level 5:colcon.colcon_core.verb:set package 'go2_apportation_msgs' build argument 'catkin_skip_building_tests' from command line to 'False'
[0.800s] DEBUG:colcon.colcon_core.verb:Building package 'go2_apportation_msgs' with the following arguments: {'ament_cmake_args': None, 'build_base': '/workspace/repo/build_container/go2_apportation_msgs', 'catkin_cmake_args': None, 'catkin_skip_building_tests': False, 'cmake_args': None, 'cmake_clean_cache': False, 'cmake_clean_first': False, 'cmake_force_configure': False, 'cmake_target': None, 'cmake_target_skip_unavailable': False, 'install_base': '/workspace/repo/install_container/go2_apportation_msgs', 'merge_install': False, 'path': '/workspace/repo/src/go2_apportation_msgs', 'symlink_install': False, 'test_result_base': None}
[0.801s] Level 5:colcon.colcon_core.verb:set package 'go2_tf_tools' build argument 'cmake_args' from command line to 'None'
[0.801s] Level 5:colcon.colcon_core.verb:set package 'go2_tf_tools' build argument 'cmake_target' from command line to 'None'
[0.801s] Level 5:colcon.colcon_core.verb:set package 'go2_tf_tools' build argument 'cmake_target_skip_unavailable' from command line to 'False'
[0.801s] Level 5:colcon.colcon_core.verb:set package 'go2_tf_tools' build argument 'cmake_clean_cache' from command line to 'False'
[0.801s] Level 5:colcon.colcon_core.verb:set package 'go2_tf_tools' build argument 'cmake_clean_first' from command line to 'False'
[0.801s] Level 5:colcon.colcon_core.verb:set package 'go2_tf_tools' build argument 'cmake_force_configure' from command line to 'False'
[0.801s] Level 5:colcon.colcon_core.verb:set package 'go2_tf_tools' build argument 'ament_cmake_args' from command line to 'None'
[0.801s] Level 5:colcon.colcon_core.verb:set package 'go2_tf_tools' build argument 'catkin_cmake_args' from command line to 'None'
[0.801s] Level 5:colcon.colcon_core.verb:set package 'go2_tf_tools' build argument 'catkin_skip_building_tests' from command line to 'False'
[0.802s] DEBUG:colcon.colcon_core.verb:Building package 'go2_tf_tools' with the following arguments: {'ament_cmake_args': None, 'build_base': '/workspace/repo/build_container/go2_tf_tools', 'catkin_cmake_args': None, 'catkin_skip_building_tests': False, 'cmake_args': None, 'cmake_clean_cache': False, 'cmake_clean_first': False, 'cmake_force_configure': False, 'cmake_target': None, 'cmake_target_skip_unavailable': False, 'install_base': '/workspace/repo/install_container/go2_tf_tools', 'merge_install': False, 'path': '/workspace/repo/src/go2_tf_tools', 'symlink_install': False, 'test_result_base': None}
[0.802s] Level 5:colcon.colcon_core.verb:set package 'go2_apportation_mocks' build argument 'cmake_args' from command line to 'None'
[0.802s] Level 5:colcon.colcon_core.verb:set package 'go2_apportation_mocks' build argument 'cmake_target' from command line to 'None'
[0.802s] Level 5:colcon.colcon_core.verb:set package 'go2_apportation_mocks' build argument 'cmake_target_skip_unavailable' from command line to 'False'
[0.802s] Level 5:colcon.colcon_core.verb:set package 'go2_apportation_mocks' build argument 'cmake_clean_cache' from command line to 'False'
[0.802s] Level 5:colcon.colcon_core.verb:set package 'go2_apportation_mocks' build argument 'cmake_clean_first' from command line to 'False'
[0.803s] Level 5:colcon.colcon_core.verb:set package 'go2_apportation_mocks' build argument 'cmake_force_configure' from command line to 'False'
[0.803s] Level 5:colcon.colcon_core.verb:set package 'go2_apportation_mocks' build argument 'ament_cmake_args' from command line to 'None'
[0.803s] Level 5:colcon.colcon_core.verb:set package 'go2_apportation_mocks' build argument 'catkin_cmake_args' from command line to 'None'
[0.803s] Level 5:colcon.colcon_core.verb:set package 'go2_apportation_mocks' build argument 'catkin_skip_building_tests' from command line to 'False'
[0.803s] DEBUG:colcon.colcon_core.verb:Building package 'go2_apportation_mocks' with the following arguments: {'ament_cmake_args': None, 'build_base': '/workspace/repo/build_container/go2_apportation_mocks', 'catkin_cmake_args': None, 'catkin_skip_building_tests': False, 'cmake_args': None, 'cmake_clean_cache': False, 'cmake_clean_first': False, 'cmake_force_configure': False, 'cmake_target': None, 'cmake_target_skip_unavailable': False, 'install_base': '/workspace/repo/install_container/go2_apportation_mocks', 'merge_install': False, 'path': '/workspace/repo/src/go2_apportation_mocks', 'symlink_install': False, 'test_result_base': None}
[0.803s] Level 5:colcon.colcon_core.verb:set package 'go2_apportation_orchestrator' build argument 'cmake_args' from command line to 'None'
[0.803s] Level 5:colcon.colcon_core.verb:set package 'go2_apportation_orchestrator' build argument 'cmake_target' from command line to 'None'
[0.804s] Level 5:colcon.colcon_core.verb:set package 'go2_apportation_orchestrator' build argument 'cmake_target_skip_unavailable' from command line to 'False'
[0.804s] Level 5:colcon.colcon_core.verb:set package 'go2_apportation_orchestrator' build argument 'cmake_clean_cache' from command line to 'False'
[0.804s] Level 5:colcon.colcon_core.verb:set package 'go2_apportation_orchestrator' build argument 'cmake_clean_first' from command line to 'False'
[0.804s] Level 5:colcon.colcon_core.verb:set package 'go2_apportation_orchestrator' build argument 'cmake_force_configure' from command line to 'False'
[0.804s] Level 5:colcon.colcon_core.verb:set package 'go2_apportation_orchestrator' build argument 'ament_cmake_args' from command line to 'None'
[0.804s] Level 5:colcon.colcon_core.verb:set package 'go2_apportation_orchestrator' build argument 'catkin_cmake_args' from command line to 'None'
[0.804s] Level 5:colcon.colcon_core.verb:set package 'go2_apportation_orchestrator' build argument 'catkin_skip_building_tests' from command line to 'False'
[0.804s] DEBUG:colcon.colcon_core.verb:Building package 'go2_apportation_orchestrator' with the following arguments: {'ament_cmake_args': None, 'build_base': '/workspace/repo/build_container/go2_apportation_orchestrator', 'catkin_cmake_args': None, 'catkin_skip_building_tests': False, 'cmake_args': None, 'cmake_clean_cache': False, 'cmake_clean_first': False, 'cmake_force_configure': False, 'cmake_target': None, 'cmake_target_skip_unavailable': False, 'install_base': '/workspace/repo/install_container/go2_apportation_orchestrator', 'merge_install': False, 'path': '/workspace/repo/src/go2_apportation_orchestrator', 'symlink_install': False, 'test_result_base': None}
[0.804s] INFO:colcon.colcon_core.executor:Executing jobs using 'parallel' executor
[0.807s] DEBUG:colcon.colcon_parallel_executor.executor.parallel:run_until_complete
[0.807s] INFO:colcon.colcon_ros.task.catkin.build:Building ROS package in '/workspace/repo/src/go2_apportation_msgs' with build type 'catkin'
[0.808s] INFO:colcon.colcon_cmake.task.cmake.build:Building CMake package in '/workspace/repo/src/go2_apportation_msgs'
[0.815s] INFO:colcon.colcon_core.plugin_system:Skipping extension 'colcon_core.shell.bat': Not used on non-Windows systems
[0.815s] INFO:colcon.colcon_core.shell:Skip shell extension 'powershell' for command environment: Not usable outside of PowerShell
[0.815s] DEBUG:colcon.colcon_core.shell:Skip shell extension 'dsv' for command environment
[0.826s] INFO:colcon.colcon_ros.task.ament_python.build:Building ROS package in '/workspace/repo/src/go2_tf_tools' with build type 'ament_python'
[0.826s] Level 1:colcon.colcon_core.shell:create_environment_hook('go2_tf_tools', 'ament_prefix_path')
[0.827s] INFO:colcon.colcon_core.shell:Creating environment hook '/workspace/repo/install_container/go2_tf_tools/share/go2_tf_tools/hook/ament_prefix_path.ps1'
[0.829s] INFO:colcon.colcon_core.shell:Creating environment descriptor '/workspace/repo/install_container/go2_tf_tools/share/go2_tf_tools/hook/ament_prefix_path.dsv'
[0.831s] INFO:colcon.colcon_core.shell:Creating environment hook '/workspace/repo/install_container/go2_tf_tools/share/go2_tf_tools/hook/ament_prefix_path.sh'
[0.834s] INFO:colcon.colcon_core.shell:Skip shell extension 'powershell' for command environment: Not usable outside of PowerShell
[0.834s] DEBUG:colcon.colcon_core.shell:Skip shell extension 'dsv' for command environment
[0.848s] DEBUG:colcon.colcon_core.event_handler.log_command:Invoking command in '/workspace/repo/build_container/go2_apportation_msgs': /usr/bin/cmake --build /workspace/repo/build_container/go2_apportation_msgs -- -j6 -l6
[1.298s] INFO:colcon.colcon_core.task.python.build:Building Python package in '/workspace/repo/src/go2_tf_tools'
[1.299s] INFO:colcon.colcon_core.shell:Skip shell extension 'powershell' for command environment: Not usable outside of PowerShell
[1.299s] DEBUG:colcon.colcon_core.shell:Skip shell extension 'dsv' for command environment
[1.600s] DEBUG:colcon.colcon_core.event_handler.log_command:Invoked command in '/workspace/repo/build_container/go2_apportation_msgs' returned '0': /usr/bin/cmake --build /workspace/repo/build_container/go2_apportation_msgs -- -j6 -l6
[1.624s] DEBUG:colcon.colcon_core.event_handler.log_command:Invoking command in '/workspace/repo/build_container/go2_apportation_msgs': /usr/bin/cmake --install /workspace/repo/build_container/go2_apportation_msgs
[1.773s] DEBUG:colcon.colcon_core.event_handler.log_command:Invoked command in '/workspace/repo/build_container/go2_apportation_msgs' returned '0': /usr/bin/cmake --install /workspace/repo/build_container/go2_apportation_msgs
[1.774s] Level 1:colcon.colcon_core.shell:create_environment_hook('go2_apportation_msgs', 'ros_package_path')
[1.775s] INFO:colcon.colcon_core.shell:Creating environment hook '/workspace/repo/install_container/go2_apportation_msgs/share/go2_apportation_msgs/hook/ros_package_path.ps1'
[1.776s] INFO:colcon.colcon_core.shell:Creating environment descriptor '/workspace/repo/install_container/go2_apportation_msgs/share/go2_apportation_msgs/hook/ros_package_path.dsv'
[1.777s] INFO:colcon.colcon_core.shell:Creating environment hook '/workspace/repo/install_container/go2_apportation_msgs/share/go2_apportation_msgs/hook/ros_package_path.sh'
[1.778s] Level 1:colcon.colcon_ros.task.catkin:checking '/workspace/repo/install_container/go2_apportation_msgs/local/lib/python3.10/dist-packages'
[1.778s] Level 1:colcon.colcon_core.shell:create_environment_hook('go2_apportation_msgs', 'catkin_pythonpath')
[1.779s] INFO:colcon.colcon_core.shell:Creating environment hook '/workspace/repo/install_container/go2_apportation_msgs/share/go2_apportation_msgs/hook/catkin_pythonpath.ps1'
[1.779s] INFO:colcon.colcon_core.shell:Creating environment descriptor '/workspace/repo/install_container/go2_apportation_msgs/share/go2_apportation_msgs/hook/catkin_pythonpath.dsv'
[1.780s] INFO:colcon.colcon_core.shell:Creating environment hook '/workspace/repo/install_container/go2_apportation_msgs/share/go2_apportation_msgs/hook/catkin_pythonpath.sh'
[1.781s] Level 1:colcon.colcon_core.shell:create_environment_hook('go2_apportation_msgs', 'pkg_config_path')
[1.781s] INFO:colcon.colcon_core.shell:Creating environment hook '/workspace/repo/install_container/go2_apportation_msgs/share/go2_apportation_msgs/hook/pkg_config_path.ps1'
[1.782s] INFO:colcon.colcon_core.shell:Creating environment descriptor '/workspace/repo/install_container/go2_apportation_msgs/share/go2_apportation_msgs/hook/pkg_config_path.dsv'
[1.783s] INFO:colcon.colcon_core.shell:Creating environment hook '/workspace/repo/install_container/go2_apportation_msgs/share/go2_apportation_msgs/hook/pkg_config_path.sh'
[1.790s] Level 1:colcon.colcon_core.shell:create_environment_hook('go2_apportation_msgs', 'pkg_config_path_multiarch')
[1.790s] INFO:colcon.colcon_core.shell:Creating environment hook '/workspace/repo/install_container/go2_apportation_msgs/share/go2_apportation_msgs/hook/pkg_config_path_multiarch.ps1'
[1.792s] INFO:colcon.colcon_core.shell:Creating environment descriptor '/workspace/repo/install_container/go2_apportation_msgs/share/go2_apportation_msgs/hook/pkg_config_path_multiarch.dsv'
[1.793s] INFO:colcon.colcon_core.shell:Creating environment hook '/workspace/repo/install_container/go2_apportation_msgs/share/go2_apportation_msgs/hook/pkg_config_path_multiarch.sh'
[1.796s] Level 1:colcon.colcon_core.environment:create_environment_scripts_only(go2_apportation_msgs)
[1.805s] Level 1:colcon.colcon_core.environment:checking '/workspace/repo/install_container/go2_apportation_msgs' for CMake module files
[1.806s] Level 1:colcon.colcon_core.environment:checking '/workspace/repo/install_container/go2_apportation_msgs' for CMake config files
[1.808s] Level 1:colcon.colcon_core.shell:create_environment_hook('go2_apportation_msgs', 'cmake_prefix_path')
[1.809s] INFO:colcon.colcon_core.shell:Creating environment hook '/workspace/repo/install_container/go2_apportation_msgs/share/go2_apportation_msgs/hook/cmake_prefix_path.ps1'
[1.810s] INFO:colcon.colcon_core.shell:Creating environment descriptor '/workspace/repo/install_container/go2_apportation_msgs/share/go2_apportation_msgs/hook/cmake_prefix_path.dsv'
[1.811s] INFO:colcon.colcon_core.shell:Creating environment hook '/workspace/repo/install_container/go2_apportation_msgs/share/go2_apportation_msgs/hook/cmake_prefix_path.sh'
[1.812s] Level 1:colcon.colcon_core.environment:checking '/workspace/repo/install_container/go2_apportation_msgs/lib'
[1.812s] Level 1:colcon.colcon_core.shell:create_environment_hook('go2_apportation_msgs', 'ld_library_path_lib')
[1.813s] INFO:colcon.colcon_core.shell:Creating environment hook '/workspace/repo/install_container/go2_apportation_msgs/share/go2_apportation_msgs/hook/ld_library_path_lib.ps1'
[1.814s] INFO:colcon.colcon_core.shell:Creating environment descriptor '/workspace/repo/install_container/go2_apportation_msgs/share/go2_apportation_msgs/hook/ld_library_path_lib.dsv'
[1.815s] INFO:colcon.colcon_core.shell:Creating environment hook '/workspace/repo/install_container/go2_apportation_msgs/share/go2_apportation_msgs/hook/ld_library_path_lib.sh'
[1.816s] Level 1:colcon.colcon_core.environment:checking '/workspace/repo/install_container/go2_apportation_msgs/bin'
[1.816s] Level 1:colcon.colcon_core.environment:checking '/workspace/repo/install_container/go2_apportation_msgs/lib/pkgconfig/go2_apportation_msgs.pc'
[1.816s] Level 1:colcon.colcon_core.environment:checking '/workspace/repo/install_container/go2_apportation_msgs/lib/python3.10/site-packages'
[1.817s] Level 1:colcon.colcon_core.environment:checking '/workspace/repo/install_container/go2_apportation_msgs/bin'
[1.818s] INFO:colcon.colcon_core.shell:Creating package script '/workspace/repo/install_container/go2_apportation_msgs/share/go2_apportation_msgs/package.ps1'
[1.820s] INFO:colcon.colcon_core.shell:Creating package descriptor '/workspace/repo/install_container/go2_apportation_msgs/share/go2_apportation_msgs/package.dsv'
[1.822s] INFO:colcon.colcon_core.shell:Creating package script '/workspace/repo/install_container/go2_apportation_msgs/share/go2_apportation_msgs/package.sh'
[1.825s] INFO:colcon.colcon_core.shell:Creating package script '/workspace/repo/install_container/go2_apportation_msgs/share/go2_apportation_msgs/package.bash'
[1.827s] INFO:colcon.colcon_core.shell:Creating package script '/workspace/repo/install_container/go2_apportation_msgs/share/go2_apportation_msgs/package.zsh'
[1.829s] Level 1:colcon.colcon_core.environment:create_file_with_runtime_dependencies(/workspace/repo/install_container/go2_apportation_msgs/share/colcon-core/packages/go2_apportation_msgs)
[1.830s] INFO:colcon.colcon_ros.task.ament_python.build:Building ROS package in '/workspace/repo/src/go2_apportation_mocks' with build type 'ament_python'
[1.831s] Level 1:colcon.colcon_core.shell:create_environment_hook('go2_apportation_mocks', 'ament_prefix_path')
[1.832s] INFO:colcon.colcon_core.shell:Creating environment hook '/workspace/repo/install_container/go2_apportation_mocks/share/go2_apportation_mocks/hook/ament_prefix_path.ps1'
[1.833s] INFO:colcon.colcon_core.shell:Creating environment descriptor '/workspace/repo/install_container/go2_apportation_mocks/share/go2_apportation_mocks/hook/ament_prefix_path.dsv'
[1.834s] INFO:colcon.colcon_core.shell:Creating environment hook '/workspace/repo/install_container/go2_apportation_mocks/share/go2_apportation_mocks/hook/ament_prefix_path.sh'
[1.835s] INFO:colcon.colcon_core.shell:Skip shell extension 'powershell' for command environment: Not usable outside of PowerShell
[1.835s] DEBUG:colcon.colcon_core.shell:Skip shell extension 'dsv' for command environment
[1.840s] INFO:colcon.colcon_ros.task.ament_python.build:Building ROS package in '/workspace/repo/src/go2_apportation_orchestrator' with build type 'ament_python'
[1.841s] Level 1:colcon.colcon_core.shell:create_environment_hook('go2_apportation_orchestrator', 'ament_prefix_path')
[1.841s] INFO:colcon.colcon_core.shell:Creating environment hook '/workspace/repo/install_container/go2_apportation_orchestrator/share/go2_apportation_orchestrator/hook/ament_prefix_path.ps1'
[1.842s] INFO:colcon.colcon_core.shell:Creating environment descriptor '/workspace/repo/install_container/go2_apportation_orchestrator/share/go2_apportation_orchestrator/hook/ament_prefix_path.dsv'
[1.843s] INFO:colcon.colcon_core.shell:Creating environment hook '/workspace/repo/install_container/go2_apportation_orchestrator/share/go2_apportation_orchestrator/hook/ament_prefix_path.sh'
[1.844s] INFO:colcon.colcon_core.shell:Skip shell extension 'powershell' for command environment: Not usable outside of PowerShell
[1.844s] DEBUG:colcon.colcon_core.shell:Skip shell extension 'dsv' for command environment
[2.284s] INFO:colcon.colcon_core.task.python.build:Building Python package in '/workspace/repo/src/go2_apportation_mocks'
[2.285s] INFO:colcon.colcon_core.shell:Skip shell extension 'powershell' for command environment: Not usable outside of PowerShell
[2.285s] DEBUG:colcon.colcon_core.shell:Skip shell extension 'dsv' for command environment
[2.728s] INFO:colcon.colcon_core.task.python.build:Building Python package in '/workspace/repo/src/go2_apportation_orchestrator'
[2.729s] INFO:colcon.colcon_core.shell:Skip shell extension 'powershell' for command environment: Not usable outside of PowerShell
[2.729s] DEBUG:colcon.colcon_core.shell:Skip shell extension 'dsv' for command environment
[2.743s] DEBUG:colcon.colcon_core.event_handler.log_command:Invoking command in '/workspace/repo/src/go2_tf_tools': PYTHONPATH=/workspace/repo/build_container/go2_tf_tools/prefix_override:/usr/lib/python3/dist-packages/colcon_core/task/python/colcon_distutils_commands:/workspace/repo/install_container/go2_tf_tools/lib/python3.10/site-packages:${PYTHONPATH} /usr/bin/python3 -W ignore:setup.py install is deprecated -W ignore:easy_install command is deprecated setup.py egg_info --egg-base ../../build_container/go2_tf_tools build --build-base /workspace/repo/build_container/go2_tf_tools/build install --record /workspace/repo/build_container/go2_tf_tools/install.log --single-version-externally-managed install_data
[3.306s] Level 1:colcon.colcon_core.environment:checking '/workspace/repo/install_container/go2_tf_tools' for CMake module files
[3.307s] DEBUG:colcon.colcon_core.event_handler.log_command:Invoked command in '/workspace/repo/src/go2_tf_tools' returned '0': PYTHONPATH=/workspace/repo/build_container/go2_tf_tools/prefix_override:/usr/lib/python3/dist-packages/colcon_core/task/python/colcon_distutils_commands:/workspace/repo/install_container/go2_tf_tools/lib/python3.10/site-packages:${PYTHONPATH} /usr/bin/python3 -W ignore:setup.py install is deprecated -W ignore:easy_install command is deprecated setup.py egg_info --egg-base ../../build_container/go2_tf_tools build --build-base /workspace/repo/build_container/go2_tf_tools/build install --record /workspace/repo/build_container/go2_tf_tools/install.log --single-version-externally-managed install_data
[3.308s] Level 1:colcon.colcon_core.environment:checking '/workspace/repo/install_container/go2_tf_tools' for CMake config files
[3.309s] Level 1:colcon.colcon_core.environment:checking '/workspace/repo/install_container/go2_tf_tools/lib'
[3.310s] Level 1:colcon.colcon_core.environment:checking '/workspace/repo/install_container/go2_tf_tools/bin'
[3.310s] Level 1:colcon.colcon_core.environment:checking '/workspace/repo/install_container/go2_tf_tools/lib/pkgconfig/go2_tf_tools.pc'
[3.310s] Level 1:colcon.colcon_core.environment:checking '/workspace/repo/install_container/go2_tf_tools/lib/python3.10/site-packages'
[3.311s] Level 1:colcon.colcon_core.shell:create_environment_hook('go2_tf_tools', 'pythonpath')
[3.311s] INFO:colcon.colcon_core.shell:Creating environment hook '/workspace/repo/install_container/go2_tf_tools/share/go2_tf_tools/hook/pythonpath.ps1'
[3.313s] INFO:colcon.colcon_core.shell:Creating environment descriptor '/workspace/repo/install_container/go2_tf_tools/share/go2_tf_tools/hook/pythonpath.dsv'
[3.314s] INFO:colcon.colcon_core.shell:Creating environment hook '/workspace/repo/install_container/go2_tf_tools/share/go2_tf_tools/hook/pythonpath.sh'
[3.316s] Level 1:colcon.colcon_core.environment:checking '/workspace/repo/install_container/go2_tf_tools/bin'
[3.316s] Level 1:colcon.colcon_core.environment:create_environment_scripts_only(go2_tf_tools)
[3.316s] INFO:colcon.colcon_core.shell:Creating package script '/workspace/repo/install_container/go2_tf_tools/share/go2_tf_tools/package.ps1'
[3.318s] INFO:colcon.colcon_core.shell:Creating package descriptor '/workspace/repo/install_container/go2_tf_tools/share/go2_tf_tools/package.dsv'
[3.319s] INFO:colcon.colcon_core.shell:Creating package script '/workspace/repo/install_container/go2_tf_tools/share/go2_tf_tools/package.sh'
[3.320s] INFO:colcon.colcon_core.shell:Creating package script '/workspace/repo/install_container/go2_tf_tools/share/go2_tf_tools/package.bash'
[3.321s] INFO:colcon.colcon_core.shell:Creating package script '/workspace/repo/install_container/go2_tf_tools/share/go2_tf_tools/package.zsh'
[3.322s] Level 1:colcon.colcon_core.environment:create_file_with_runtime_dependencies(/workspace/repo/install_container/go2_tf_tools/share/colcon-core/packages/go2_tf_tools)
[3.366s] DEBUG:colcon.colcon_core.event_handler.log_command:Invoking command in '/workspace/repo/src/go2_apportation_orchestrator': CMAKE_PREFIX_PATH=/workspace/repo/install_container/go2_apportation_msgs LD_LIBRARY_PATH=/workspace/repo/install_container/go2_apportation_msgs/lib:${LD_LIBRARY_PATH} PKG_CONFIG_PATH=/workspace/repo/install_container/go2_apportation_msgs/lib/aarch64-linux-gnu/pkgconfig:/workspace/repo/install_container/go2_apportation_msgs/lib/pkgconfig PYTHONPATH=/workspace/repo/build_container/go2_apportation_orchestrator/prefix_override:/usr/lib/python3/dist-packages/colcon_core/task/python/colcon_distutils_commands:/workspace/repo/install_container/go2_apportation_orchestrator/lib/python3.10/site-packages:/workspace/repo/install_container/go2_apportation_msgs/local/lib/python3.10/dist-packages:${PYTHONPATH} ROS_PACKAGE_PATH=/workspace/repo/install_container/go2_apportation_msgs/share /usr/bin/python3 -W ignore:setup.py install is deprecated -W ignore:easy_install command is deprecated setup.py egg_info --egg-base ../../build_container/go2_apportation_orchestrator build --build-base /workspace/repo/build_container/go2_apportation_orchestrator/build install --record /workspace/repo/build_container/go2_apportation_orchestrator/install.log --single-version-externally-managed install_data
[3.387s] DEBUG:colcon.colcon_core.event_handler.log_command:Invoking command in '/workspace/repo/src/go2_apportation_mocks': CMAKE_PREFIX_PATH=/workspace/repo/install_container/go2_apportation_msgs LD_LIBRARY_PATH=/workspace/repo/install_container/go2_apportation_msgs/lib:${LD_LIBRARY_PATH} PKG_CONFIG_PATH=/workspace/repo/install_container/go2_apportation_msgs/lib/aarch64-linux-gnu/pkgconfig:/workspace/repo/install_container/go2_apportation_msgs/lib/pkgconfig PYTHONPATH=/workspace/repo/build_container/go2_apportation_mocks/prefix_override:/usr/lib/python3/dist-packages/colcon_core/task/python/colcon_distutils_commands:/workspace/repo/install_container/go2_apportation_mocks/lib/python3.10/site-packages:/workspace/repo/install_container/go2_apportation_msgs/local/lib/python3.10/dist-packages:${PYTHONPATH} ROS_PACKAGE_PATH=/workspace/repo/install_container/go2_apportation_msgs/share /usr/bin/python3 -W ignore:setup.py install is deprecated -W ignore:easy_install command is deprecated setup.py egg_info --egg-base ../../build_container/go2_apportation_mocks build --build-base /workspace/repo/build_container/go2_apportation_mocks/build install --record /workspace/repo/build_container/go2_apportation_mocks/install.log --single-version-externally-managed install_data
[3.938s] Level 1:colcon.colcon_core.environment:checking '/workspace/repo/install_container/go2_apportation_mocks' for CMake module files
[3.939s] DEBUG:colcon.colcon_core.event_handler.log_command:Invoked command in '/workspace/repo/src/go2_apportation_mocks' returned '0': CMAKE_PREFIX_PATH=/workspace/repo/install_container/go2_apportation_msgs LD_LIBRARY_PATH=/workspace/repo/install_container/go2_apportation_msgs/lib:${LD_LIBRARY_PATH} PKG_CONFIG_PATH=/workspace/repo/install_container/go2_apportation_msgs/lib/aarch64-linux-gnu/pkgconfig:/workspace/repo/install_container/go2_apportation_msgs/lib/pkgconfig PYTHONPATH=/workspace/repo/build_container/go2_apportation_mocks/prefix_override:/usr/lib/python3/dist-packages/colcon_core/task/python/colcon_distutils_commands:/workspace/repo/install_container/go2_apportation_mocks/lib/python3.10/site-packages:/workspace/repo/install_container/go2_apportation_msgs/local/lib/python3.10/dist-packages:${PYTHONPATH} ROS_PACKAGE_PATH=/workspace/repo/install_container/go2_apportation_msgs/share /usr/bin/python3 -W ignore:setup.py install is deprecated -W ignore:easy_install command is deprecated setup.py egg_info --egg-base ../../build_container/go2_apportation_mocks build --build-base /workspace/repo/build_container/go2_apportation_mocks/build install --record /workspace/repo/build_container/go2_apportation_mocks/install.log --single-version-externally-managed install_data
[3.940s] Level 1:colcon.colcon_core.environment:checking '/workspace/repo/install_container/go2_apportation_mocks' for CMake config files
[3.942s] Level 1:colcon.colcon_core.environment:checking '/workspace/repo/install_container/go2_apportation_mocks/lib'
[3.942s] Level 1:colcon.colcon_core.environment:checking '/workspace/repo/install_container/go2_apportation_mocks/bin'
[3.942s] Level 1:colcon.colcon_core.environment:checking '/workspace/repo/install_container/go2_apportation_mocks/lib/pkgconfig/go2_apportation_mocks.pc'
[3.943s] Level 1:colcon.colcon_core.environment:checking '/workspace/repo/install_container/go2_apportation_mocks/lib/python3.10/site-packages'
[3.943s] Level 1:colcon.colcon_core.shell:create_environment_hook('go2_apportation_mocks', 'pythonpath')
[3.943s] INFO:colcon.colcon_core.shell:Creating environment hook '/workspace/repo/install_container/go2_apportation_mocks/share/go2_apportation_mocks/hook/pythonpath.ps1'
[3.945s] INFO:colcon.colcon_core.shell:Creating environment descriptor '/workspace/repo/install_container/go2_apportation_mocks/share/go2_apportation_mocks/hook/pythonpath.dsv'
[3.946s] INFO:colcon.colcon_core.shell:Creating environment hook '/workspace/repo/install_container/go2_apportation_mocks/share/go2_apportation_mocks/hook/pythonpath.sh'
[3.947s] Level 1:colcon.colcon_core.environment:checking '/workspace/repo/install_container/go2_apportation_mocks/bin'
[3.947s] Level 1:colcon.colcon_core.environment:create_environment_scripts_only(go2_apportation_mocks)
[3.948s] INFO:colcon.colcon_core.shell:Creating package script '/workspace/repo/install_container/go2_apportation_mocks/share/go2_apportation_mocks/package.ps1'
[3.949s] INFO:colcon.colcon_core.shell:Creating package descriptor '/workspace/repo/install_container/go2_apportation_mocks/share/go2_apportation_mocks/package.dsv'
[3.951s] INFO:colcon.colcon_core.shell:Creating package script '/workspace/repo/install_container/go2_apportation_mocks/share/go2_apportation_mocks/package.sh'
[3.952s] INFO:colcon.colcon_core.shell:Creating package script '/workspace/repo/install_container/go2_apportation_mocks/share/go2_apportation_mocks/package.bash'
[3.953s] INFO:colcon.colcon_core.shell:Creating package script '/workspace/repo/install_container/go2_apportation_mocks/share/go2_apportation_mocks/package.zsh'
[3.954s] Level 1:colcon.colcon_core.environment:create_file_with_runtime_dependencies(/workspace/repo/install_container/go2_apportation_mocks/share/colcon-core/packages/go2_apportation_mocks)
[3.963s] Level 1:colcon.colcon_core.environment:checking '/workspace/repo/install_container/go2_apportation_orchestrator' for CMake module files
[3.964s] DEBUG:colcon.colcon_core.event_handler.log_command:Invoked command in '/workspace/repo/src/go2_apportation_orchestrator' returned '0': CMAKE_PREFIX_PATH=/workspace/repo/install_container/go2_apportation_msgs LD_LIBRARY_PATH=/workspace/repo/install_container/go2_apportation_msgs/lib:${LD_LIBRARY_PATH} PKG_CONFIG_PATH=/workspace/repo/install_container/go2_apportation_msgs/lib/aarch64-linux-gnu/pkgconfig:/workspace/repo/install_container/go2_apportation_msgs/lib/pkgconfig PYTHONPATH=/workspace/repo/build_container/go2_apportation_orchestrator/prefix_override:/usr/lib/python3/dist-packages/colcon_core/task/python/colcon_distutils_commands:/workspace/repo/install_container/go2_apportation_orchestrator/lib/python3.10/site-packages:/workspace/repo/install_container/go2_apportation_msgs/local/lib/python3.10/dist-packages:${PYTHONPATH} ROS_PACKAGE_PATH=/workspace/repo/install_container/go2_apportation_msgs/share /usr/bin/python3 -W ignore:setup.py install is deprecated -W ignore:easy_install command is deprecated setup.py egg_info --egg-base ../../build_container/go2_apportation_orchestrator build --build-base /workspace/repo/build_container/go2_apportation_orchestrator/build install --record /workspace/repo/build_container/go2_apportation_orchestrator/install.log --single-version-externally-managed install_data
[3.965s] Level 1:colcon.colcon_core.environment:checking '/workspace/repo/install_container/go2_apportation_orchestrator' for CMake config files
[3.967s] Level 1:colcon.colcon_core.environment:checking '/workspace/repo/install_container/go2_apportation_orchestrator/lib'
[3.967s] Level 1:colcon.colcon_core.environment:checking '/workspace/repo/install_container/go2_apportation_orchestrator/bin'
[3.967s] Level 1:colcon.colcon_core.environment:checking '/workspace/repo/install_container/go2_apportation_orchestrator/lib/pkgconfig/go2_apportation_orchestrator.pc'
[3.968s] Level 1:colcon.colcon_core.environment:checking '/workspace/repo/install_container/go2_apportation_orchestrator/lib/python3.10/site-packages'
[3.968s] Level 1:colcon.colcon_core.shell:create_environment_hook('go2_apportation_orchestrator', 'pythonpath')
[3.969s] INFO:colcon.colcon_core.shell:Creating environment hook '/workspace/repo/install_container/go2_apportation_orchestrator/share/go2_apportation_orchestrator/hook/pythonpath.ps1'
[3.970s] INFO:colcon.colcon_core.shell:Creating environment descriptor '/workspace/repo/install_container/go2_apportation_orchestrator/share/go2_apportation_orchestrator/hook/pythonpath.dsv'
[3.971s] INFO:colcon.colcon_core.shell:Creating environment hook '/workspace/repo/install_container/go2_apportation_orchestrator/share/go2_apportation_orchestrator/hook/pythonpath.sh'
[3.973s] Level 1:colcon.colcon_core.environment:checking '/workspace/repo/install_container/go2_apportation_orchestrator/bin'
[3.974s] Level 1:colcon.colcon_core.environment:create_environment_scripts_only(go2_apportation_orchestrator)
[3.974s] INFO:colcon.colcon_core.shell:Creating package script '/workspace/repo/install_container/go2_apportation_orchestrator/share/go2_apportation_orchestrator/package.ps1'
[3.976s] INFO:colcon.colcon_core.shell:Creating package descriptor '/workspace/repo/install_container/go2_apportation_orchestrator/share/go2_apportation_orchestrator/package.dsv'
[3.977s] INFO:colcon.colcon_core.shell:Creating package script '/workspace/repo/install_container/go2_apportation_orchestrator/share/go2_apportation_orchestrator/package.sh'
[3.978s] INFO:colcon.colcon_core.shell:Creating package script '/workspace/repo/install_container/go2_apportation_orchestrator/share/go2_apportation_orchestrator/package.bash'
[3.979s] INFO:colcon.colcon_core.shell:Creating package script '/workspace/repo/install_container/go2_apportation_orchestrator/share/go2_apportation_orchestrator/package.zsh'
[3.980s] Level 1:colcon.colcon_core.environment:create_file_with_runtime_dependencies(/workspace/repo/install_container/go2_apportation_orchestrator/share/colcon-core/packages/go2_apportation_orchestrator)
[3.980s] DEBUG:colcon.colcon_parallel_executor.executor.parallel:closing loop
[3.981s] DEBUG:colcon.colcon_parallel_executor.executor.parallel:loop closed
[3.981s] DEBUG:colcon.colcon_parallel_executor.executor.parallel:run_until_complete finished with '0'
[3.982s] DEBUG:colcon.colcon_core.event_reactor:joining thread
[4.003s] INFO:colcon.colcon_core.plugin_system:Skipping extension 'colcon_notification.desktop_notification.notify_send': Could not find 'notify-send'
[4.004s] INFO:colcon.colcon_core.plugin_system:Skipping extension 'colcon_notification.desktop_notification.terminal_notifier': Not used on non-Darwin systems
[4.004s] INFO:colcon.colcon_core.plugin_system:Skipping extension 'colcon_notification.desktop_notification.win32': Not used on non-Windows systems
[4.004s] INFO:colcon.colcon_notification.desktop_notification:Sending desktop notification using 'notify2'
[4.004s] DEBUG:colcon.colcon_notification.desktop_notification.notify2:Failed to initialize notify2: org.freedesktop.DBus.Error.NotSupported: Unable to autolaunch a dbus-daemon without a $DISPLAY for X11
[4.004s] DEBUG:colcon.colcon_core.event_reactor:joined thread
[4.005s] INFO:colcon.colcon_core.shell:Creating prefix script '/workspace/repo/install_container/local_setup.ps1'
[4.007s] INFO:colcon.colcon_core.shell:Creating prefix util module '/workspace/repo/install_container/_local_setup_util_ps1.py'
[4.011s] INFO:colcon.colcon_core.shell:Creating prefix chain script '/workspace/repo/install_container/setup.ps1'
[4.014s] INFO:colcon.colcon_core.shell:Creating prefix script '/workspace/repo/install_container/local_setup.sh'
[4.016s] INFO:colcon.colcon_core.shell:Creating prefix util module '/workspace/repo/install_container/_local_setup_util_sh.py'
[4.017s] INFO:colcon.colcon_core.shell:Creating prefix chain script '/workspace/repo/install_container/setup.sh'
[4.020s] INFO:colcon.colcon_core.shell:Creating prefix script '/workspace/repo/install_container/local_setup.bash'
[4.021s] INFO:colcon.colcon_core.shell:Creating prefix chain script '/workspace/repo/install_container/setup.bash'
[4.023s] INFO:colcon.colcon_core.shell:Creating prefix script '/workspace/repo/install_container/local_setup.zsh'
[4.025s] INFO:colcon.colcon_core.shell:Creating prefix chain script '/workspace/repo/install_container/setup.zsh'
